[2025-05-25T19:33:19.918-0500] {processor.py:157} INFO - Started process (PID=85332) to work on /Users/afsaruddinmohammed/state_analysis/.venv/lib/python3.11/site-packages/airflow/example_dags/subdags/subdag.py
[2025-05-25T19:33:19.920-0500] {processor.py:826} INFO - Processing file /Users/afsaruddinmohammed/state_analysis/.venv/lib/python3.11/site-packages/airflow/example_dags/subdags/subdag.py for tasks to queue
[2025-05-25T19:33:19.920-0500] {logging_mixin.py:150} INFO - [2025-05-25T19:33:19.920-0500] {dagbag.py:541} INFO - Filling up the DagBag from /Users/afsaruddinmohammed/state_analysis/.venv/lib/python3.11/site-packages/airflow/example_dags/subdags/subdag.py
[2025-05-25T19:33:19.920-0500] {processor.py:838} WARNING - No viable dags retrieved from /Users/afsaruddinmohammed/state_analysis/.venv/lib/python3.11/site-packages/airflow/example_dags/subdags/subdag.py
[2025-05-25T19:33:20.182-0500] {processor.py:179} INFO - Processing /Users/afsaruddinmohammed/state_analysis/.venv/lib/python3.11/site-packages/airflow/example_dags/subdags/subdag.py took 0.265 seconds
[2025-05-25T19:34:47.485-0500] {processor.py:157} INFO - Started process (PID=85404) to work on /Users/afsaruddinmohammed/state_analysis/.venv/lib/python3.11/site-packages/airflow/example_dags/subdags/subdag.py
[2025-05-25T19:34:47.487-0500] {processor.py:826} INFO - Processing file /Users/afsaruddinmohammed/state_analysis/.venv/lib/python3.11/site-packages/airflow/example_dags/subdags/subdag.py for tasks to queue
[2025-05-25T19:34:47.487-0500] {logging_mixin.py:150} INFO - [2025-05-25T19:34:47.487-0500] {dagbag.py:541} INFO - Filling up the DagBag from /Users/afsaruddinmohammed/state_analysis/.venv/lib/python3.11/site-packages/airflow/example_dags/subdags/subdag.py
[2025-05-25T19:34:47.488-0500] {processor.py:838} WARNING - No viable dags retrieved from /Users/afsaruddinmohammed/state_analysis/.venv/lib/python3.11/site-packages/airflow/example_dags/subdags/subdag.py
[2025-05-25T19:34:47.763-0500] {processor.py:179} INFO - Processing /Users/afsaruddinmohammed/state_analysis/.venv/lib/python3.11/site-packages/airflow/example_dags/subdags/subdag.py took 0.279 seconds
[2025-05-25T19:35:36.651-0500] {processor.py:157} INFO - Started process (PID=85439) to work on /Users/afsaruddinmohammed/state_analysis/.venv/lib/python3.11/site-packages/airflow/example_dags/subdags/subdag.py
[2025-05-25T19:35:36.653-0500] {processor.py:826} INFO - Processing file /Users/afsaruddinmohammed/state_analysis/.venv/lib/python3.11/site-packages/airflow/example_dags/subdags/subdag.py for tasks to queue
[2025-05-25T19:35:36.653-0500] {logging_mixin.py:150} INFO - [2025-05-25T19:35:36.653-0500] {dagbag.py:541} INFO - Filling up the DagBag from /Users/afsaruddinmohammed/state_analysis/.venv/lib/python3.11/site-packages/airflow/example_dags/subdags/subdag.py
[2025-05-25T19:35:36.654-0500] {processor.py:838} WARNING - No viable dags retrieved from /Users/afsaruddinmohammed/state_analysis/.venv/lib/python3.11/site-packages/airflow/example_dags/subdags/subdag.py
[2025-05-25T19:35:36.933-0500] {processor.py:179} INFO - Processing /Users/afsaruddinmohammed/state_analysis/.venv/lib/python3.11/site-packages/airflow/example_dags/subdags/subdag.py took 0.283 seconds
[2025-05-25T19:36:20.639-0500] {processor.py:157} INFO - Started process (PID=85468) to work on /Users/afsaruddinmohammed/state_analysis/.venv/lib/python3.11/site-packages/airflow/example_dags/subdags/subdag.py
[2025-05-25T19:36:20.641-0500] {processor.py:826} INFO - Processing file /Users/afsaruddinmohammed/state_analysis/.venv/lib/python3.11/site-packages/airflow/example_dags/subdags/subdag.py for tasks to queue
[2025-05-25T19:36:20.641-0500] {logging_mixin.py:150} INFO - [2025-05-25T19:36:20.641-0500] {dagbag.py:541} INFO - Filling up the DagBag from /Users/afsaruddinmohammed/state_analysis/.venv/lib/python3.11/site-packages/airflow/example_dags/subdags/subdag.py
[2025-05-25T19:36:20.642-0500] {processor.py:838} WARNING - No viable dags retrieved from /Users/afsaruddinmohammed/state_analysis/.venv/lib/python3.11/site-packages/airflow/example_dags/subdags/subdag.py
[2025-05-25T19:36:20.911-0500] {processor.py:179} INFO - Processing /Users/afsaruddinmohammed/state_analysis/.venv/lib/python3.11/site-packages/airflow/example_dags/subdags/subdag.py took 0.272 seconds
[2025-05-25T19:37:06.190-0500] {processor.py:157} INFO - Started process (PID=85508) to work on /Users/afsaruddinmohammed/state_analysis/.venv/lib/python3.11/site-packages/airflow/example_dags/subdags/subdag.py
[2025-05-25T19:37:06.195-0500] {processor.py:826} INFO - Processing file /Users/afsaruddinmohammed/state_analysis/.venv/lib/python3.11/site-packages/airflow/example_dags/subdags/subdag.py for tasks to queue
[2025-05-25T19:37:06.195-0500] {logging_mixin.py:150} INFO - [2025-05-25T19:37:06.195-0500] {dagbag.py:541} INFO - Filling up the DagBag from /Users/afsaruddinmohammed/state_analysis/.venv/lib/python3.11/site-packages/airflow/example_dags/subdags/subdag.py
[2025-05-25T19:37:06.200-0500] {processor.py:838} WARNING - No viable dags retrieved from /Users/afsaruddinmohammed/state_analysis/.venv/lib/python3.11/site-packages/airflow/example_dags/subdags/subdag.py
[2025-05-25T19:37:06.477-0500] {processor.py:179} INFO - Processing /Users/afsaruddinmohammed/state_analysis/.venv/lib/python3.11/site-packages/airflow/example_dags/subdags/subdag.py took 0.288 seconds
[2025-05-25T19:37:50.782-0500] {processor.py:157} INFO - Started process (PID=85543) to work on /Users/afsaruddinmohammed/state_analysis/.venv/lib/python3.11/site-packages/airflow/example_dags/subdags/subdag.py
[2025-05-25T19:37:50.784-0500] {processor.py:826} INFO - Processing file /Users/afsaruddinmohammed/state_analysis/.venv/lib/python3.11/site-packages/airflow/example_dags/subdags/subdag.py for tasks to queue
[2025-05-25T19:37:50.784-0500] {logging_mixin.py:150} INFO - [2025-05-25T19:37:50.784-0500] {dagbag.py:541} INFO - Filling up the DagBag from /Users/afsaruddinmohammed/state_analysis/.venv/lib/python3.11/site-packages/airflow/example_dags/subdags/subdag.py
[2025-05-25T19:37:50.785-0500] {processor.py:838} WARNING - No viable dags retrieved from /Users/afsaruddinmohammed/state_analysis/.venv/lib/python3.11/site-packages/airflow/example_dags/subdags/subdag.py
[2025-05-25T19:37:51.041-0500] {processor.py:179} INFO - Processing /Users/afsaruddinmohammed/state_analysis/.venv/lib/python3.11/site-packages/airflow/example_dags/subdags/subdag.py took 0.260 seconds
[2025-05-25T19:38:39.298-0500] {processor.py:157} INFO - Started process (PID=85587) to work on /Users/afsaruddinmohammed/state_analysis/.venv/lib/python3.11/site-packages/airflow/example_dags/subdags/subdag.py
[2025-05-25T19:38:39.300-0500] {processor.py:826} INFO - Processing file /Users/afsaruddinmohammed/state_analysis/.venv/lib/python3.11/site-packages/airflow/example_dags/subdags/subdag.py for tasks to queue
[2025-05-25T19:38:39.300-0500] {logging_mixin.py:150} INFO - [2025-05-25T19:38:39.300-0500] {dagbag.py:541} INFO - Filling up the DagBag from /Users/afsaruddinmohammed/state_analysis/.venv/lib/python3.11/site-packages/airflow/example_dags/subdags/subdag.py
[2025-05-25T19:38:39.302-0500] {processor.py:838} WARNING - No viable dags retrieved from /Users/afsaruddinmohammed/state_analysis/.venv/lib/python3.11/site-packages/airflow/example_dags/subdags/subdag.py
[2025-05-25T19:38:39.562-0500] {processor.py:179} INFO - Processing /Users/afsaruddinmohammed/state_analysis/.venv/lib/python3.11/site-packages/airflow/example_dags/subdags/subdag.py took 0.264 seconds
[2025-05-25T19:39:29.186-0500] {processor.py:157} INFO - Started process (PID=85625) to work on /Users/afsaruddinmohammed/state_analysis/.venv/lib/python3.11/site-packages/airflow/example_dags/subdags/subdag.py
[2025-05-25T19:39:29.188-0500] {processor.py:826} INFO - Processing file /Users/afsaruddinmohammed/state_analysis/.venv/lib/python3.11/site-packages/airflow/example_dags/subdags/subdag.py for tasks to queue
[2025-05-25T19:39:29.188-0500] {logging_mixin.py:150} INFO - [2025-05-25T19:39:29.188-0500] {dagbag.py:541} INFO - Filling up the DagBag from /Users/afsaruddinmohammed/state_analysis/.venv/lib/python3.11/site-packages/airflow/example_dags/subdags/subdag.py
[2025-05-25T19:39:29.189-0500] {processor.py:838} WARNING - No viable dags retrieved from /Users/afsaruddinmohammed/state_analysis/.venv/lib/python3.11/site-packages/airflow/example_dags/subdags/subdag.py
[2025-05-25T19:39:29.450-0500] {processor.py:179} INFO - Processing /Users/afsaruddinmohammed/state_analysis/.venv/lib/python3.11/site-packages/airflow/example_dags/subdags/subdag.py took 0.264 seconds
[2025-05-25T19:40:13.367-0500] {processor.py:157} INFO - Started process (PID=85654) to work on /Users/afsaruddinmohammed/state_analysis/.venv/lib/python3.11/site-packages/airflow/example_dags/subdags/subdag.py
[2025-05-25T19:40:13.369-0500] {processor.py:826} INFO - Processing file /Users/afsaruddinmohammed/state_analysis/.venv/lib/python3.11/site-packages/airflow/example_dags/subdags/subdag.py for tasks to queue
[2025-05-25T19:40:13.370-0500] {logging_mixin.py:150} INFO - [2025-05-25T19:40:13.370-0500] {dagbag.py:541} INFO - Filling up the DagBag from /Users/afsaruddinmohammed/state_analysis/.venv/lib/python3.11/site-packages/airflow/example_dags/subdags/subdag.py
[2025-05-25T19:40:13.371-0500] {processor.py:838} WARNING - No viable dags retrieved from /Users/afsaruddinmohammed/state_analysis/.venv/lib/python3.11/site-packages/airflow/example_dags/subdags/subdag.py
[2025-05-25T19:40:13.655-0500] {processor.py:179} INFO - Processing /Users/afsaruddinmohammed/state_analysis/.venv/lib/python3.11/site-packages/airflow/example_dags/subdags/subdag.py took 0.289 seconds
[2025-05-25T19:41:00.323-0500] {processor.py:157} INFO - Started process (PID=85686) to work on /Users/afsaruddinmohammed/state_analysis/.venv/lib/python3.11/site-packages/airflow/example_dags/subdags/subdag.py
[2025-05-25T19:41:00.325-0500] {processor.py:826} INFO - Processing file /Users/afsaruddinmohammed/state_analysis/.venv/lib/python3.11/site-packages/airflow/example_dags/subdags/subdag.py for tasks to queue
[2025-05-25T19:41:00.325-0500] {logging_mixin.py:150} INFO - [2025-05-25T19:41:00.325-0500] {dagbag.py:541} INFO - Filling up the DagBag from /Users/afsaruddinmohammed/state_analysis/.venv/lib/python3.11/site-packages/airflow/example_dags/subdags/subdag.py
[2025-05-25T19:41:00.326-0500] {processor.py:838} WARNING - No viable dags retrieved from /Users/afsaruddinmohammed/state_analysis/.venv/lib/python3.11/site-packages/airflow/example_dags/subdags/subdag.py
[2025-05-25T19:41:00.591-0500] {processor.py:179} INFO - Processing /Users/afsaruddinmohammed/state_analysis/.venv/lib/python3.11/site-packages/airflow/example_dags/subdags/subdag.py took 0.268 seconds
[2025-05-25T19:41:50.000-0500] {processor.py:157} INFO - Started process (PID=85733) to work on /Users/afsaruddinmohammed/state_analysis/.venv/lib/python3.11/site-packages/airflow/example_dags/subdags/subdag.py
[2025-05-25T19:41:50.002-0500] {processor.py:826} INFO - Processing file /Users/afsaruddinmohammed/state_analysis/.venv/lib/python3.11/site-packages/airflow/example_dags/subdags/subdag.py for tasks to queue
[2025-05-25T19:41:50.002-0500] {logging_mixin.py:150} INFO - [2025-05-25T19:41:50.002-0500] {dagbag.py:541} INFO - Filling up the DagBag from /Users/afsaruddinmohammed/state_analysis/.venv/lib/python3.11/site-packages/airflow/example_dags/subdags/subdag.py
[2025-05-25T19:41:50.003-0500] {processor.py:838} WARNING - No viable dags retrieved from /Users/afsaruddinmohammed/state_analysis/.venv/lib/python3.11/site-packages/airflow/example_dags/subdags/subdag.py
[2025-05-25T19:41:50.286-0500] {processor.py:179} INFO - Processing /Users/afsaruddinmohammed/state_analysis/.venv/lib/python3.11/site-packages/airflow/example_dags/subdags/subdag.py took 0.287 seconds
