[2025-05-25T19:33:30.971-0500] {processor.py:157} INFO - Started process (PID=85335) to work on /Users/afsaruddinmohammed/state_analysis/.venv/lib/python3.11/site-packages/airflow/example_dags/plugins/event_listener.py
[2025-05-25T19:33:30.972-0500] {processor.py:826} INFO - Processing file /Users/afsaruddinmohammed/state_analysis/.venv/lib/python3.11/site-packages/airflow/example_dags/plugins/event_listener.py for tasks to queue
[2025-05-25T19:33:30.972-0500] {logging_mixin.py:150} INFO - [2025-05-25T19:33:30.972-0500] {dagbag.py:541} INFO - Filling up the DagBag from /Users/afsaruddinmohammed/state_analysis/.venv/lib/python3.11/site-packages/airflow/example_dags/plugins/event_listener.py
[2025-05-25T19:33:30.973-0500] {processor.py:838} WARNING - No viable dags retrieved from /Users/afsaruddinmohammed/state_analysis/.venv/lib/python3.11/site-packages/airflow/example_dags/plugins/event_listener.py
[2025-05-25T19:33:31.229-0500] {processor.py:179} INFO - Processing /Users/afsaruddinmohammed/state_analysis/.venv/lib/python3.11/site-packages/airflow/example_dags/plugins/event_listener.py took 0.259 seconds
[2025-05-25T19:34:52.431-0500] {processor.py:157} INFO - Started process (PID=85407) to work on /Users/afsaruddinmohammed/state_analysis/.venv/lib/python3.11/site-packages/airflow/example_dags/plugins/event_listener.py
[2025-05-25T19:34:52.432-0500] {processor.py:826} INFO - Processing file /Users/afsaruddinmohammed/state_analysis/.venv/lib/python3.11/site-packages/airflow/example_dags/plugins/event_listener.py for tasks to queue
[2025-05-25T19:34:52.433-0500] {logging_mixin.py:150} INFO - [2025-05-25T19:34:52.433-0500] {dagbag.py:541} INFO - Filling up the DagBag from /Users/afsaruddinmohammed/state_analysis/.venv/lib/python3.11/site-packages/airflow/example_dags/plugins/event_listener.py
[2025-05-25T19:34:52.433-0500] {processor.py:838} WARNING - No viable dags retrieved from /Users/afsaruddinmohammed/state_analysis/.venv/lib/python3.11/site-packages/airflow/example_dags/plugins/event_listener.py
[2025-05-25T19:34:52.692-0500] {processor.py:179} INFO - Processing /Users/afsaruddinmohammed/state_analysis/.venv/lib/python3.11/site-packages/airflow/example_dags/plugins/event_listener.py took 0.261 seconds
[2025-05-25T19:35:40.620-0500] {processor.py:157} INFO - Started process (PID=85443) to work on /Users/afsaruddinmohammed/state_analysis/.venv/lib/python3.11/site-packages/airflow/example_dags/plugins/event_listener.py
[2025-05-25T19:35:40.622-0500] {processor.py:826} INFO - Processing file /Users/afsaruddinmohammed/state_analysis/.venv/lib/python3.11/site-packages/airflow/example_dags/plugins/event_listener.py for tasks to queue
[2025-05-25T19:35:40.622-0500] {logging_mixin.py:150} INFO - [2025-05-25T19:35:40.622-0500] {dagbag.py:541} INFO - Filling up the DagBag from /Users/afsaruddinmohammed/state_analysis/.venv/lib/python3.11/site-packages/airflow/example_dags/plugins/event_listener.py
[2025-05-25T19:35:40.622-0500] {processor.py:838} WARNING - No viable dags retrieved from /Users/afsaruddinmohammed/state_analysis/.venv/lib/python3.11/site-packages/airflow/example_dags/plugins/event_listener.py
[2025-05-25T19:35:40.912-0500] {processor.py:179} INFO - Processing /Users/afsaruddinmohammed/state_analysis/.venv/lib/python3.11/site-packages/airflow/example_dags/plugins/event_listener.py took 0.293 seconds
[2025-05-25T19:36:26.697-0500] {processor.py:157} INFO - Started process (PID=85473) to work on /Users/afsaruddinmohammed/state_analysis/.venv/lib/python3.11/site-packages/airflow/example_dags/plugins/event_listener.py
[2025-05-25T19:36:26.699-0500] {processor.py:826} INFO - Processing file /Users/afsaruddinmohammed/state_analysis/.venv/lib/python3.11/site-packages/airflow/example_dags/plugins/event_listener.py for tasks to queue
[2025-05-25T19:36:26.699-0500] {logging_mixin.py:150} INFO - [2025-05-25T19:36:26.699-0500] {dagbag.py:541} INFO - Filling up the DagBag from /Users/afsaruddinmohammed/state_analysis/.venv/lib/python3.11/site-packages/airflow/example_dags/plugins/event_listener.py
[2025-05-25T19:36:26.699-0500] {processor.py:838} WARNING - No viable dags retrieved from /Users/afsaruddinmohammed/state_analysis/.venv/lib/python3.11/site-packages/airflow/example_dags/plugins/event_listener.py
[2025-05-25T19:36:26.962-0500] {processor.py:179} INFO - Processing /Users/afsaruddinmohammed/state_analysis/.venv/lib/python3.11/site-packages/airflow/example_dags/plugins/event_listener.py took 0.266 seconds
[2025-05-25T19:37:12.105-0500] {processor.py:157} INFO - Started process (PID=85512) to work on /Users/afsaruddinmohammed/state_analysis/.venv/lib/python3.11/site-packages/airflow/example_dags/plugins/event_listener.py
[2025-05-25T19:37:12.106-0500] {processor.py:826} INFO - Processing file /Users/afsaruddinmohammed/state_analysis/.venv/lib/python3.11/site-packages/airflow/example_dags/plugins/event_listener.py for tasks to queue
[2025-05-25T19:37:12.107-0500] {logging_mixin.py:150} INFO - [2025-05-25T19:37:12.107-0500] {dagbag.py:541} INFO - Filling up the DagBag from /Users/afsaruddinmohammed/state_analysis/.venv/lib/python3.11/site-packages/airflow/example_dags/plugins/event_listener.py
[2025-05-25T19:37:12.107-0500] {processor.py:838} WARNING - No viable dags retrieved from /Users/afsaruddinmohammed/state_analysis/.venv/lib/python3.11/site-packages/airflow/example_dags/plugins/event_listener.py
[2025-05-25T19:37:12.431-0500] {processor.py:179} INFO - Processing /Users/afsaruddinmohammed/state_analysis/.venv/lib/python3.11/site-packages/airflow/example_dags/plugins/event_listener.py took 0.327 seconds
[2025-05-25T19:37:55.395-0500] {processor.py:157} INFO - Started process (PID=85549) to work on /Users/afsaruddinmohammed/state_analysis/.venv/lib/python3.11/site-packages/airflow/example_dags/plugins/event_listener.py
[2025-05-25T19:37:55.397-0500] {processor.py:826} INFO - Processing file /Users/afsaruddinmohammed/state_analysis/.venv/lib/python3.11/site-packages/airflow/example_dags/plugins/event_listener.py for tasks to queue
[2025-05-25T19:37:55.397-0500] {logging_mixin.py:150} INFO - [2025-05-25T19:37:55.397-0500] {dagbag.py:541} INFO - Filling up the DagBag from /Users/afsaruddinmohammed/state_analysis/.venv/lib/python3.11/site-packages/airflow/example_dags/plugins/event_listener.py
[2025-05-25T19:37:55.397-0500] {processor.py:838} WARNING - No viable dags retrieved from /Users/afsaruddinmohammed/state_analysis/.venv/lib/python3.11/site-packages/airflow/example_dags/plugins/event_listener.py
[2025-05-25T19:37:55.652-0500] {processor.py:179} INFO - Processing /Users/afsaruddinmohammed/state_analysis/.venv/lib/python3.11/site-packages/airflow/example_dags/plugins/event_listener.py took 0.258 seconds
[2025-05-25T19:38:45.070-0500] {processor.py:157} INFO - Started process (PID=85590) to work on /Users/afsaruddinmohammed/state_analysis/.venv/lib/python3.11/site-packages/airflow/example_dags/plugins/event_listener.py
[2025-05-25T19:38:45.071-0500] {processor.py:826} INFO - Processing file /Users/afsaruddinmohammed/state_analysis/.venv/lib/python3.11/site-packages/airflow/example_dags/plugins/event_listener.py for tasks to queue
[2025-05-25T19:38:45.072-0500] {logging_mixin.py:150} INFO - [2025-05-25T19:38:45.072-0500] {dagbag.py:541} INFO - Filling up the DagBag from /Users/afsaruddinmohammed/state_analysis/.venv/lib/python3.11/site-packages/airflow/example_dags/plugins/event_listener.py
[2025-05-25T19:38:45.072-0500] {processor.py:838} WARNING - No viable dags retrieved from /Users/afsaruddinmohammed/state_analysis/.venv/lib/python3.11/site-packages/airflow/example_dags/plugins/event_listener.py
[2025-05-25T19:38:45.345-0500] {processor.py:179} INFO - Processing /Users/afsaruddinmohammed/state_analysis/.venv/lib/python3.11/site-packages/airflow/example_dags/plugins/event_listener.py took 0.276 seconds
[2025-05-25T19:39:34.272-0500] {processor.py:157} INFO - Started process (PID=85628) to work on /Users/afsaruddinmohammed/state_analysis/.venv/lib/python3.11/site-packages/airflow/example_dags/plugins/event_listener.py
[2025-05-25T19:39:34.274-0500] {processor.py:826} INFO - Processing file /Users/afsaruddinmohammed/state_analysis/.venv/lib/python3.11/site-packages/airflow/example_dags/plugins/event_listener.py for tasks to queue
[2025-05-25T19:39:34.274-0500] {logging_mixin.py:150} INFO - [2025-05-25T19:39:34.274-0500] {dagbag.py:541} INFO - Filling up the DagBag from /Users/afsaruddinmohammed/state_analysis/.venv/lib/python3.11/site-packages/airflow/example_dags/plugins/event_listener.py
[2025-05-25T19:39:34.274-0500] {processor.py:838} WARNING - No viable dags retrieved from /Users/afsaruddinmohammed/state_analysis/.venv/lib/python3.11/site-packages/airflow/example_dags/plugins/event_listener.py
[2025-05-25T19:39:34.531-0500] {processor.py:179} INFO - Processing /Users/afsaruddinmohammed/state_analysis/.venv/lib/python3.11/site-packages/airflow/example_dags/plugins/event_listener.py took 0.260 seconds
[2025-05-25T19:40:19.041-0500] {processor.py:157} INFO - Started process (PID=85658) to work on /Users/afsaruddinmohammed/state_analysis/.venv/lib/python3.11/site-packages/airflow/example_dags/plugins/event_listener.py
[2025-05-25T19:40:19.043-0500] {processor.py:826} INFO - Processing file /Users/afsaruddinmohammed/state_analysis/.venv/lib/python3.11/site-packages/airflow/example_dags/plugins/event_listener.py for tasks to queue
[2025-05-25T19:40:19.043-0500] {logging_mixin.py:150} INFO - [2025-05-25T19:40:19.043-0500] {dagbag.py:541} INFO - Filling up the DagBag from /Users/afsaruddinmohammed/state_analysis/.venv/lib/python3.11/site-packages/airflow/example_dags/plugins/event_listener.py
[2025-05-25T19:40:19.044-0500] {processor.py:838} WARNING - No viable dags retrieved from /Users/afsaruddinmohammed/state_analysis/.venv/lib/python3.11/site-packages/airflow/example_dags/plugins/event_listener.py
[2025-05-25T19:40:19.297-0500] {processor.py:179} INFO - Processing /Users/afsaruddinmohammed/state_analysis/.venv/lib/python3.11/site-packages/airflow/example_dags/plugins/event_listener.py took 0.256 seconds
[2025-05-25T19:41:06.038-0500] {processor.py:157} INFO - Started process (PID=85690) to work on /Users/afsaruddinmohammed/state_analysis/.venv/lib/python3.11/site-packages/airflow/example_dags/plugins/event_listener.py
[2025-05-25T19:41:06.040-0500] {processor.py:826} INFO - Processing file /Users/afsaruddinmohammed/state_analysis/.venv/lib/python3.11/site-packages/airflow/example_dags/plugins/event_listener.py for tasks to queue
[2025-05-25T19:41:06.040-0500] {logging_mixin.py:150} INFO - [2025-05-25T19:41:06.040-0500] {dagbag.py:541} INFO - Filling up the DagBag from /Users/afsaruddinmohammed/state_analysis/.venv/lib/python3.11/site-packages/airflow/example_dags/plugins/event_listener.py
[2025-05-25T19:41:06.040-0500] {processor.py:838} WARNING - No viable dags retrieved from /Users/afsaruddinmohammed/state_analysis/.venv/lib/python3.11/site-packages/airflow/example_dags/plugins/event_listener.py
[2025-05-25T19:41:06.347-0500] {processor.py:179} INFO - Processing /Users/afsaruddinmohammed/state_analysis/.venv/lib/python3.11/site-packages/airflow/example_dags/plugins/event_listener.py took 0.310 seconds
