[2025-05-25T19:33:29.247-0500] {processor.py:157} INFO - Started process (PID=85334) to work on /Users/afsaruddinmohammed/state_analysis/.venv/lib/python3.11/site-packages/airflow/example_dags/plugins/listener_plugin.py
[2025-05-25T19:33:29.249-0500] {processor.py:826} INFO - Processing file /Users/afsaruddinmohammed/state_analysis/.venv/lib/python3.11/site-packages/airflow/example_dags/plugins/listener_plugin.py for tasks to queue
[2025-05-25T19:33:29.249-0500] {logging_mixin.py:150} INFO - [2025-05-25T19:33:29.249-0500] {dagbag.py:541} INFO - Filling up the DagBag from /Users/afsaruddinmohammed/state_analysis/.venv/lib/python3.11/site-packages/airflow/example_dags/plugins/listener_plugin.py
[2025-05-25T19:33:29.251-0500] {processor.py:838} WARNING - No viable dags retrieved from /Users/afsaruddinmohammed/state_analysis/.venv/lib/python3.11/site-packages/airflow/example_dags/plugins/listener_plugin.py
[2025-05-25T19:33:29.509-0500] {processor.py:179} INFO - Processing /Users/afsaruddinmohammed/state_analysis/.venv/lib/python3.11/site-packages/airflow/example_dags/plugins/listener_plugin.py took 0.262 seconds
[2025-05-25T19:34:51.442-0500] {processor.py:157} INFO - Started process (PID=85406) to work on /Users/afsaruddinmohammed/state_analysis/.venv/lib/python3.11/site-packages/airflow/example_dags/plugins/listener_plugin.py
[2025-05-25T19:34:51.444-0500] {processor.py:826} INFO - Processing file /Users/afsaruddinmohammed/state_analysis/.venv/lib/python3.11/site-packages/airflow/example_dags/plugins/listener_plugin.py for tasks to queue
[2025-05-25T19:34:51.444-0500] {logging_mixin.py:150} INFO - [2025-05-25T19:34:51.444-0500] {dagbag.py:541} INFO - Filling up the DagBag from /Users/afsaruddinmohammed/state_analysis/.venv/lib/python3.11/site-packages/airflow/example_dags/plugins/listener_plugin.py
[2025-05-25T19:34:51.445-0500] {processor.py:838} WARNING - No viable dags retrieved from /Users/afsaruddinmohammed/state_analysis/.venv/lib/python3.11/site-packages/airflow/example_dags/plugins/listener_plugin.py
[2025-05-25T19:34:51.720-0500] {processor.py:179} INFO - Processing /Users/afsaruddinmohammed/state_analysis/.venv/lib/python3.11/site-packages/airflow/example_dags/plugins/listener_plugin.py took 0.279 seconds
[2025-05-25T19:35:39.625-0500] {processor.py:157} INFO - Started process (PID=85442) to work on /Users/afsaruddinmohammed/state_analysis/.venv/lib/python3.11/site-packages/airflow/example_dags/plugins/listener_plugin.py
[2025-05-25T19:35:39.627-0500] {processor.py:826} INFO - Processing file /Users/afsaruddinmohammed/state_analysis/.venv/lib/python3.11/site-packages/airflow/example_dags/plugins/listener_plugin.py for tasks to queue
[2025-05-25T19:35:39.627-0500] {logging_mixin.py:150} INFO - [2025-05-25T19:35:39.627-0500] {dagbag.py:541} INFO - Filling up the DagBag from /Users/afsaruddinmohammed/state_analysis/.venv/lib/python3.11/site-packages/airflow/example_dags/plugins/listener_plugin.py
[2025-05-25T19:35:39.629-0500] {processor.py:838} WARNING - No viable dags retrieved from /Users/afsaruddinmohammed/state_analysis/.venv/lib/python3.11/site-packages/airflow/example_dags/plugins/listener_plugin.py
[2025-05-25T19:35:39.902-0500] {processor.py:179} INFO - Processing /Users/afsaruddinmohammed/state_analysis/.venv/lib/python3.11/site-packages/airflow/example_dags/plugins/listener_plugin.py took 0.278 seconds
[2025-05-25T19:36:24.927-0500] {processor.py:157} INFO - Started process (PID=85471) to work on /Users/afsaruddinmohammed/state_analysis/.venv/lib/python3.11/site-packages/airflow/example_dags/plugins/listener_plugin.py
[2025-05-25T19:36:24.929-0500] {processor.py:826} INFO - Processing file /Users/afsaruddinmohammed/state_analysis/.venv/lib/python3.11/site-packages/airflow/example_dags/plugins/listener_plugin.py for tasks to queue
[2025-05-25T19:36:24.929-0500] {logging_mixin.py:150} INFO - [2025-05-25T19:36:24.929-0500] {dagbag.py:541} INFO - Filling up the DagBag from /Users/afsaruddinmohammed/state_analysis/.venv/lib/python3.11/site-packages/airflow/example_dags/plugins/listener_plugin.py
[2025-05-25T19:36:24.930-0500] {processor.py:838} WARNING - No viable dags retrieved from /Users/afsaruddinmohammed/state_analysis/.venv/lib/python3.11/site-packages/airflow/example_dags/plugins/listener_plugin.py
[2025-05-25T19:36:25.201-0500] {processor.py:179} INFO - Processing /Users/afsaruddinmohammed/state_analysis/.venv/lib/python3.11/site-packages/airflow/example_dags/plugins/listener_plugin.py took 0.274 seconds
[2025-05-25T19:37:10.186-0500] {processor.py:157} INFO - Started process (PID=85511) to work on /Users/afsaruddinmohammed/state_analysis/.venv/lib/python3.11/site-packages/airflow/example_dags/plugins/listener_plugin.py
[2025-05-25T19:37:10.188-0500] {processor.py:826} INFO - Processing file /Users/afsaruddinmohammed/state_analysis/.venv/lib/python3.11/site-packages/airflow/example_dags/plugins/listener_plugin.py for tasks to queue
[2025-05-25T19:37:10.188-0500] {logging_mixin.py:150} INFO - [2025-05-25T19:37:10.188-0500] {dagbag.py:541} INFO - Filling up the DagBag from /Users/afsaruddinmohammed/state_analysis/.venv/lib/python3.11/site-packages/airflow/example_dags/plugins/listener_plugin.py
[2025-05-25T19:37:10.190-0500] {processor.py:838} WARNING - No viable dags retrieved from /Users/afsaruddinmohammed/state_analysis/.venv/lib/python3.11/site-packages/airflow/example_dags/plugins/listener_plugin.py
[2025-05-25T19:37:10.528-0500] {processor.py:179} INFO - Processing /Users/afsaruddinmohammed/state_analysis/.venv/lib/python3.11/site-packages/airflow/example_dags/plugins/listener_plugin.py took 0.343 seconds
[2025-05-25T19:37:54.659-0500] {processor.py:157} INFO - Started process (PID=85548) to work on /Users/afsaruddinmohammed/state_analysis/.venv/lib/python3.11/site-packages/airflow/example_dags/plugins/listener_plugin.py
[2025-05-25T19:37:54.661-0500] {processor.py:826} INFO - Processing file /Users/afsaruddinmohammed/state_analysis/.venv/lib/python3.11/site-packages/airflow/example_dags/plugins/listener_plugin.py for tasks to queue
[2025-05-25T19:37:54.661-0500] {logging_mixin.py:150} INFO - [2025-05-25T19:37:54.661-0500] {dagbag.py:541} INFO - Filling up the DagBag from /Users/afsaruddinmohammed/state_analysis/.venv/lib/python3.11/site-packages/airflow/example_dags/plugins/listener_plugin.py
[2025-05-25T19:37:54.663-0500] {processor.py:838} WARNING - No viable dags retrieved from /Users/afsaruddinmohammed/state_analysis/.venv/lib/python3.11/site-packages/airflow/example_dags/plugins/listener_plugin.py
[2025-05-25T19:37:54.921-0500] {processor.py:179} INFO - Processing /Users/afsaruddinmohammed/state_analysis/.venv/lib/python3.11/site-packages/airflow/example_dags/plugins/listener_plugin.py took 0.262 seconds
[2025-05-25T19:38:43.219-0500] {processor.py:157} INFO - Started process (PID=85589) to work on /Users/afsaruddinmohammed/state_analysis/.venv/lib/python3.11/site-packages/airflow/example_dags/plugins/listener_plugin.py
[2025-05-25T19:38:43.221-0500] {processor.py:826} INFO - Processing file /Users/afsaruddinmohammed/state_analysis/.venv/lib/python3.11/site-packages/airflow/example_dags/plugins/listener_plugin.py for tasks to queue
[2025-05-25T19:38:43.221-0500] {logging_mixin.py:150} INFO - [2025-05-25T19:38:43.221-0500] {dagbag.py:541} INFO - Filling up the DagBag from /Users/afsaruddinmohammed/state_analysis/.venv/lib/python3.11/site-packages/airflow/example_dags/plugins/listener_plugin.py
[2025-05-25T19:38:43.223-0500] {processor.py:838} WARNING - No viable dags retrieved from /Users/afsaruddinmohammed/state_analysis/.venv/lib/python3.11/site-packages/airflow/example_dags/plugins/listener_plugin.py
[2025-05-25T19:38:43.539-0500] {processor.py:179} INFO - Processing /Users/afsaruddinmohammed/state_analysis/.venv/lib/python3.11/site-packages/airflow/example_dags/plugins/listener_plugin.py took 0.320 seconds
[2025-05-25T19:39:32.503-0500] {processor.py:157} INFO - Started process (PID=85627) to work on /Users/afsaruddinmohammed/state_analysis/.venv/lib/python3.11/site-packages/airflow/example_dags/plugins/listener_plugin.py
[2025-05-25T19:39:32.507-0500] {processor.py:826} INFO - Processing file /Users/afsaruddinmohammed/state_analysis/.venv/lib/python3.11/site-packages/airflow/example_dags/plugins/listener_plugin.py for tasks to queue
[2025-05-25T19:39:32.507-0500] {logging_mixin.py:150} INFO - [2025-05-25T19:39:32.507-0500] {dagbag.py:541} INFO - Filling up the DagBag from /Users/afsaruddinmohammed/state_analysis/.venv/lib/python3.11/site-packages/airflow/example_dags/plugins/listener_plugin.py
[2025-05-25T19:39:32.508-0500] {processor.py:838} WARNING - No viable dags retrieved from /Users/afsaruddinmohammed/state_analysis/.venv/lib/python3.11/site-packages/airflow/example_dags/plugins/listener_plugin.py
[2025-05-25T19:39:32.777-0500] {processor.py:179} INFO - Processing /Users/afsaruddinmohammed/state_analysis/.venv/lib/python3.11/site-packages/airflow/example_dags/plugins/listener_plugin.py took 0.275 seconds
[2025-05-25T19:40:17.300-0500] {processor.py:157} INFO - Started process (PID=85657) to work on /Users/afsaruddinmohammed/state_analysis/.venv/lib/python3.11/site-packages/airflow/example_dags/plugins/listener_plugin.py
[2025-05-25T19:40:17.302-0500] {processor.py:826} INFO - Processing file /Users/afsaruddinmohammed/state_analysis/.venv/lib/python3.11/site-packages/airflow/example_dags/plugins/listener_plugin.py for tasks to queue
[2025-05-25T19:40:17.302-0500] {logging_mixin.py:150} INFO - [2025-05-25T19:40:17.302-0500] {dagbag.py:541} INFO - Filling up the DagBag from /Users/afsaruddinmohammed/state_analysis/.venv/lib/python3.11/site-packages/airflow/example_dags/plugins/listener_plugin.py
[2025-05-25T19:40:17.304-0500] {processor.py:838} WARNING - No viable dags retrieved from /Users/afsaruddinmohammed/state_analysis/.venv/lib/python3.11/site-packages/airflow/example_dags/plugins/listener_plugin.py
[2025-05-25T19:40:17.558-0500] {processor.py:179} INFO - Processing /Users/afsaruddinmohammed/state_analysis/.venv/lib/python3.11/site-packages/airflow/example_dags/plugins/listener_plugin.py took 0.259 seconds
[2025-05-25T19:41:04.282-0500] {processor.py:157} INFO - Started process (PID=85689) to work on /Users/afsaruddinmohammed/state_analysis/.venv/lib/python3.11/site-packages/airflow/example_dags/plugins/listener_plugin.py
[2025-05-25T19:41:04.284-0500] {processor.py:826} INFO - Processing file /Users/afsaruddinmohammed/state_analysis/.venv/lib/python3.11/site-packages/airflow/example_dags/plugins/listener_plugin.py for tasks to queue
[2025-05-25T19:41:04.284-0500] {logging_mixin.py:150} INFO - [2025-05-25T19:41:04.284-0500] {dagbag.py:541} INFO - Filling up the DagBag from /Users/afsaruddinmohammed/state_analysis/.venv/lib/python3.11/site-packages/airflow/example_dags/plugins/listener_plugin.py
[2025-05-25T19:41:04.286-0500] {processor.py:838} WARNING - No viable dags retrieved from /Users/afsaruddinmohammed/state_analysis/.venv/lib/python3.11/site-packages/airflow/example_dags/plugins/listener_plugin.py
[2025-05-25T19:41:04.546-0500] {processor.py:179} INFO - Processing /Users/afsaruddinmohammed/state_analysis/.venv/lib/python3.11/site-packages/airflow/example_dags/plugins/listener_plugin.py took 0.264 seconds
