[2025-05-25T19:33:21.901-0500] {processor.py:157} INFO - Started process (PID=85333) to work on /Users/afsaruddinmohammed/state_analysis/.venv/lib/python3.11/site-packages/airflow/example_dags/plugins/workday.py
[2025-05-25T19:33:21.902-0500] {processor.py:826} INFO - Processing file /Users/afsaruddinmohammed/state_analysis/.venv/lib/python3.11/site-packages/airflow/example_dags/plugins/workday.py for tasks to queue
[2025-05-25T19:33:21.902-0500] {logging_mixin.py:150} INFO - [2025-05-25T19:33:21.902-0500] {dagbag.py:541} INFO - Filling up the DagBag from /Users/afsaruddinmohammed/state_analysis/.venv/lib/python3.11/site-packages/airflow/example_dags/plugins/workday.py
[2025-05-25T19:33:28.401-0500] {processor.py:838} WARNING - No viable dags retrieved from /Users/afsaruddinmohammed/state_analysis/.venv/lib/python3.11/site-packages/airflow/example_dags/plugins/workday.py
[2025-05-25T19:33:28.696-0500] {processor.py:179} INFO - Processing /Users/afsaruddinmohammed/state_analysis/.venv/lib/python3.11/site-packages/airflow/example_dags/plugins/workday.py took 6.796 seconds
[2025-05-25T19:34:49.278-0500] {processor.py:157} INFO - Started process (PID=85405) to work on /Users/afsaruddinmohammed/state_analysis/.venv/lib/python3.11/site-packages/airflow/example_dags/plugins/workday.py
[2025-05-25T19:34:49.280-0500] {processor.py:826} INFO - Processing file /Users/afsaruddinmohammed/state_analysis/.venv/lib/python3.11/site-packages/airflow/example_dags/plugins/workday.py for tasks to queue
[2025-05-25T19:34:49.280-0500] {logging_mixin.py:150} INFO - [2025-05-25T19:34:49.280-0500] {dagbag.py:541} INFO - Filling up the DagBag from /Users/afsaruddinmohammed/state_analysis/.venv/lib/python3.11/site-packages/airflow/example_dags/plugins/workday.py
[2025-05-25T19:34:49.641-0500] {processor.py:838} WARNING - No viable dags retrieved from /Users/afsaruddinmohammed/state_analysis/.venv/lib/python3.11/site-packages/airflow/example_dags/plugins/workday.py
[2025-05-25T19:34:49.916-0500] {processor.py:179} INFO - Processing /Users/afsaruddinmohammed/state_analysis/.venv/lib/python3.11/site-packages/airflow/example_dags/plugins/workday.py took 0.638 seconds
[2025-05-25T19:35:38.453-0500] {processor.py:157} INFO - Started process (PID=85441) to work on /Users/afsaruddinmohammed/state_analysis/.venv/lib/python3.11/site-packages/airflow/example_dags/plugins/workday.py
[2025-05-25T19:35:38.455-0500] {processor.py:826} INFO - Processing file /Users/afsaruddinmohammed/state_analysis/.venv/lib/python3.11/site-packages/airflow/example_dags/plugins/workday.py for tasks to queue
[2025-05-25T19:35:38.455-0500] {logging_mixin.py:150} INFO - [2025-05-25T19:35:38.455-0500] {dagbag.py:541} INFO - Filling up the DagBag from /Users/afsaruddinmohammed/state_analysis/.venv/lib/python3.11/site-packages/airflow/example_dags/plugins/workday.py
[2025-05-25T19:35:38.786-0500] {processor.py:838} WARNING - No viable dags retrieved from /Users/afsaruddinmohammed/state_analysis/.venv/lib/python3.11/site-packages/airflow/example_dags/plugins/workday.py
[2025-05-25T19:35:39.067-0500] {processor.py:179} INFO - Processing /Users/afsaruddinmohammed/state_analysis/.venv/lib/python3.11/site-packages/airflow/example_dags/plugins/workday.py took 0.615 seconds
[2025-05-25T19:36:22.477-0500] {processor.py:157} INFO - Started process (PID=85469) to work on /Users/afsaruddinmohammed/state_analysis/.venv/lib/python3.11/site-packages/airflow/example_dags/plugins/workday.py
[2025-05-25T19:36:22.479-0500] {processor.py:826} INFO - Processing file /Users/afsaruddinmohammed/state_analysis/.venv/lib/python3.11/site-packages/airflow/example_dags/plugins/workday.py for tasks to queue
[2025-05-25T19:36:22.479-0500] {logging_mixin.py:150} INFO - [2025-05-25T19:36:22.479-0500] {dagbag.py:541} INFO - Filling up the DagBag from /Users/afsaruddinmohammed/state_analysis/.venv/lib/python3.11/site-packages/airflow/example_dags/plugins/workday.py
[2025-05-25T19:36:22.929-0500] {processor.py:838} WARNING - No viable dags retrieved from /Users/afsaruddinmohammed/state_analysis/.venv/lib/python3.11/site-packages/airflow/example_dags/plugins/workday.py
[2025-05-25T19:36:23.329-0500] {processor.py:179} INFO - Processing /Users/afsaruddinmohammed/state_analysis/.venv/lib/python3.11/site-packages/airflow/example_dags/plugins/workday.py took 0.853 seconds
[2025-05-25T19:37:07.961-0500] {processor.py:157} INFO - Started process (PID=85510) to work on /Users/afsaruddinmohammed/state_analysis/.venv/lib/python3.11/site-packages/airflow/example_dags/plugins/workday.py
[2025-05-25T19:37:07.963-0500] {processor.py:826} INFO - Processing file /Users/afsaruddinmohammed/state_analysis/.venv/lib/python3.11/site-packages/airflow/example_dags/plugins/workday.py for tasks to queue
[2025-05-25T19:37:07.963-0500] {logging_mixin.py:150} INFO - [2025-05-25T19:37:07.963-0500] {dagbag.py:541} INFO - Filling up the DagBag from /Users/afsaruddinmohammed/state_analysis/.venv/lib/python3.11/site-packages/airflow/example_dags/plugins/workday.py
[2025-05-25T19:37:08.299-0500] {processor.py:838} WARNING - No viable dags retrieved from /Users/afsaruddinmohammed/state_analysis/.venv/lib/python3.11/site-packages/airflow/example_dags/plugins/workday.py
[2025-05-25T19:37:08.582-0500] {processor.py:179} INFO - Processing /Users/afsaruddinmohammed/state_analysis/.venv/lib/python3.11/site-packages/airflow/example_dags/plugins/workday.py took 0.622 seconds
[2025-05-25T19:37:52.542-0500] {processor.py:157} INFO - Started process (PID=85547) to work on /Users/afsaruddinmohammed/state_analysis/.venv/lib/python3.11/site-packages/airflow/example_dags/plugins/workday.py
[2025-05-25T19:37:52.544-0500] {processor.py:826} INFO - Processing file /Users/afsaruddinmohammed/state_analysis/.venv/lib/python3.11/site-packages/airflow/example_dags/plugins/workday.py for tasks to queue
[2025-05-25T19:37:52.544-0500] {logging_mixin.py:150} INFO - [2025-05-25T19:37:52.544-0500] {dagbag.py:541} INFO - Filling up the DagBag from /Users/afsaruddinmohammed/state_analysis/.venv/lib/python3.11/site-packages/airflow/example_dags/plugins/workday.py
[2025-05-25T19:37:52.869-0500] {processor.py:838} WARNING - No viable dags retrieved from /Users/afsaruddinmohammed/state_analysis/.venv/lib/python3.11/site-packages/airflow/example_dags/plugins/workday.py
[2025-05-25T19:37:53.154-0500] {processor.py:179} INFO - Processing /Users/afsaruddinmohammed/state_analysis/.venv/lib/python3.11/site-packages/airflow/example_dags/plugins/workday.py took 0.612 seconds
[2025-05-25T19:38:41.046-0500] {processor.py:157} INFO - Started process (PID=85588) to work on /Users/afsaruddinmohammed/state_analysis/.venv/lib/python3.11/site-packages/airflow/example_dags/plugins/workday.py
[2025-05-25T19:38:41.047-0500] {processor.py:826} INFO - Processing file /Users/afsaruddinmohammed/state_analysis/.venv/lib/python3.11/site-packages/airflow/example_dags/plugins/workday.py for tasks to queue
[2025-05-25T19:38:41.047-0500] {logging_mixin.py:150} INFO - [2025-05-25T19:38:41.047-0500] {dagbag.py:541} INFO - Filling up the DagBag from /Users/afsaruddinmohammed/state_analysis/.venv/lib/python3.11/site-packages/airflow/example_dags/plugins/workday.py
[2025-05-25T19:38:41.386-0500] {processor.py:838} WARNING - No viable dags retrieved from /Users/afsaruddinmohammed/state_analysis/.venv/lib/python3.11/site-packages/airflow/example_dags/plugins/workday.py
[2025-05-25T19:38:41.673-0500] {processor.py:179} INFO - Processing /Users/afsaruddinmohammed/state_analysis/.venv/lib/python3.11/site-packages/airflow/example_dags/plugins/workday.py took 0.628 seconds
[2025-05-25T19:39:30.305-0500] {processor.py:157} INFO - Started process (PID=85626) to work on /Users/afsaruddinmohammed/state_analysis/.venv/lib/python3.11/site-packages/airflow/example_dags/plugins/workday.py
[2025-05-25T19:39:30.307-0500] {processor.py:826} INFO - Processing file /Users/afsaruddinmohammed/state_analysis/.venv/lib/python3.11/site-packages/airflow/example_dags/plugins/workday.py for tasks to queue
[2025-05-25T19:39:30.307-0500] {logging_mixin.py:150} INFO - [2025-05-25T19:39:30.307-0500] {dagbag.py:541} INFO - Filling up the DagBag from /Users/afsaruddinmohammed/state_analysis/.venv/lib/python3.11/site-packages/airflow/example_dags/plugins/workday.py
[2025-05-25T19:39:30.654-0500] {processor.py:838} WARNING - No viable dags retrieved from /Users/afsaruddinmohammed/state_analysis/.venv/lib/python3.11/site-packages/airflow/example_dags/plugins/workday.py
[2025-05-25T19:39:30.937-0500] {processor.py:179} INFO - Processing /Users/afsaruddinmohammed/state_analysis/.venv/lib/python3.11/site-packages/airflow/example_dags/plugins/workday.py took 0.632 seconds
[2025-05-25T19:40:15.187-0500] {processor.py:157} INFO - Started process (PID=85656) to work on /Users/afsaruddinmohammed/state_analysis/.venv/lib/python3.11/site-packages/airflow/example_dags/plugins/workday.py
[2025-05-25T19:40:15.189-0500] {processor.py:826} INFO - Processing file /Users/afsaruddinmohammed/state_analysis/.venv/lib/python3.11/site-packages/airflow/example_dags/plugins/workday.py for tasks to queue
[2025-05-25T19:40:15.189-0500] {logging_mixin.py:150} INFO - [2025-05-25T19:40:15.189-0500] {dagbag.py:541} INFO - Filling up the DagBag from /Users/afsaruddinmohammed/state_analysis/.venv/lib/python3.11/site-packages/airflow/example_dags/plugins/workday.py
[2025-05-25T19:40:15.516-0500] {processor.py:838} WARNING - No viable dags retrieved from /Users/afsaruddinmohammed/state_analysis/.venv/lib/python3.11/site-packages/airflow/example_dags/plugins/workday.py
[2025-05-25T19:40:15.796-0500] {processor.py:179} INFO - Processing /Users/afsaruddinmohammed/state_analysis/.venv/lib/python3.11/site-packages/airflow/example_dags/plugins/workday.py took 0.609 seconds
[2025-05-25T19:41:02.090-0500] {processor.py:157} INFO - Started process (PID=85687) to work on /Users/afsaruddinmohammed/state_analysis/.venv/lib/python3.11/site-packages/airflow/example_dags/plugins/workday.py
[2025-05-25T19:41:02.092-0500] {processor.py:826} INFO - Processing file /Users/afsaruddinmohammed/state_analysis/.venv/lib/python3.11/site-packages/airflow/example_dags/plugins/workday.py for tasks to queue
[2025-05-25T19:41:02.093-0500] {logging_mixin.py:150} INFO - [2025-05-25T19:41:02.093-0500] {dagbag.py:541} INFO - Filling up the DagBag from /Users/afsaruddinmohammed/state_analysis/.venv/lib/python3.11/site-packages/airflow/example_dags/plugins/workday.py
[2025-05-25T19:41:02.437-0500] {processor.py:838} WARNING - No viable dags retrieved from /Users/afsaruddinmohammed/state_analysis/.venv/lib/python3.11/site-packages/airflow/example_dags/plugins/workday.py
[2025-05-25T19:41:02.772-0500] {processor.py:179} INFO - Processing /Users/afsaruddinmohammed/state_analysis/.venv/lib/python3.11/site-packages/airflow/example_dags/plugins/workday.py took 0.683 seconds
