[2025-05-25T19:33:39.579-0500] {processor.py:157} INFO - Started process (PID=85341) to work on /Users/afsaruddinmohammed/state_analysis/.venv/lib/python3.11/site-packages/airflow/example_dags/example_xcomargs.py
[2025-05-25T19:33:39.581-0500] {processor.py:826} INFO - Processing file /Users/afsaruddinmohammed/state_analysis/.venv/lib/python3.11/site-packages/airflow/example_dags/example_xcomargs.py for tasks to queue
[2025-05-25T19:33:39.581-0500] {logging_mixin.py:150} INFO - [2025-05-25T19:33:39.581-0500] {dagbag.py:541} INFO - Filling up the DagBag from /Users/afsaruddinmohammed/state_analysis/.venv/lib/python3.11/site-packages/airflow/example_dags/example_xcomargs.py
[2025-05-25T19:33:39.612-0500] {processor.py:836} INFO - DAG(s) dict_keys(['example_xcom_args', 'example_xcom_args_with_operators']) retrieved from /Users/afsaruddinmohammed/state_analysis/.venv/lib/python3.11/site-packages/airflow/example_dags/example_xcomargs.py
[2025-05-25T19:33:39.881-0500] {logging_mixin.py:150} INFO - [2025-05-25T19:33:39.881-0500] {manager.py:504} INFO - Created Permission View: can read on DAG:example_xcom_args
[2025-05-25T19:33:39.884-0500] {logging_mixin.py:150} INFO - [2025-05-25T19:33:39.884-0500] {manager.py:504} INFO - Created Permission View: can delete on DAG:example_xcom_args
[2025-05-25T19:33:39.885-0500] {logging_mixin.py:150} INFO - [2025-05-25T19:33:39.885-0500] {manager.py:504} INFO - Created Permission View: can edit on DAG:example_xcom_args
[2025-05-25T19:33:39.891-0500] {logging_mixin.py:150} INFO - [2025-05-25T19:33:39.891-0500] {manager.py:504} INFO - Created Permission View: can read on DAG:example_xcom_args_with_operators
[2025-05-25T19:33:39.893-0500] {logging_mixin.py:150} INFO - [2025-05-25T19:33:39.893-0500] {manager.py:504} INFO - Created Permission View: can delete on DAG:example_xcom_args_with_operators
[2025-05-25T19:33:39.894-0500] {logging_mixin.py:150} INFO - [2025-05-25T19:33:39.894-0500] {manager.py:504} INFO - Created Permission View: can edit on DAG:example_xcom_args_with_operators
[2025-05-25T19:33:39.896-0500] {logging_mixin.py:150} INFO - [2025-05-25T19:33:39.896-0500] {dag.py:2742} INFO - Sync 2 DAGs
[2025-05-25T19:33:39.898-0500] {logging_mixin.py:150} INFO - [2025-05-25T19:33:39.898-0500] {dag.py:2763} INFO - Creating ORM DAG for example_xcom_args_with_operators
[2025-05-25T19:33:39.898-0500] {logging_mixin.py:150} INFO - [2025-05-25T19:33:39.898-0500] {dag.py:2763} INFO - Creating ORM DAG for example_xcom_args
[2025-05-25T19:33:39.900-0500] {logging_mixin.py:150} INFO - [2025-05-25T19:33:39.900-0500] {dag.py:3504} INFO - Setting next_dagrun for example_xcom_args to None, run_after=None
[2025-05-25T19:33:39.900-0500] {logging_mixin.py:150} INFO - [2025-05-25T19:33:39.900-0500] {dag.py:3504} INFO - Setting next_dagrun for example_xcom_args_with_operators to None, run_after=None
[2025-05-25T19:33:39.906-0500] {processor.py:179} INFO - Processing /Users/afsaruddinmohammed/state_analysis/.venv/lib/python3.11/site-packages/airflow/example_dags/example_xcomargs.py took 0.327 seconds
[2025-05-25T19:35:00.803-0500] {processor.py:157} INFO - Started process (PID=85413) to work on /Users/afsaruddinmohammed/state_analysis/.venv/lib/python3.11/site-packages/airflow/example_dags/example_xcomargs.py
[2025-05-25T19:35:00.804-0500] {processor.py:826} INFO - Processing file /Users/afsaruddinmohammed/state_analysis/.venv/lib/python3.11/site-packages/airflow/example_dags/example_xcomargs.py for tasks to queue
[2025-05-25T19:35:00.804-0500] {logging_mixin.py:150} INFO - [2025-05-25T19:35:00.804-0500] {dagbag.py:541} INFO - Filling up the DagBag from /Users/afsaruddinmohammed/state_analysis/.venv/lib/python3.11/site-packages/airflow/example_dags/example_xcomargs.py
[2025-05-25T19:35:00.837-0500] {processor.py:836} INFO - DAG(s) dict_keys(['example_xcom_args', 'example_xcom_args_with_operators']) retrieved from /Users/afsaruddinmohammed/state_analysis/.venv/lib/python3.11/site-packages/airflow/example_dags/example_xcomargs.py
[2025-05-25T19:35:01.093-0500] {logging_mixin.py:150} INFO - [2025-05-25T19:35:01.093-0500] {dag.py:2742} INFO - Sync 2 DAGs
[2025-05-25T19:35:01.098-0500] {logging_mixin.py:150} INFO - [2025-05-25T19:35:01.098-0500] {dag.py:3504} INFO - Setting next_dagrun for example_xcom_args to None, run_after=None
[2025-05-25T19:35:01.099-0500] {logging_mixin.py:150} INFO - [2025-05-25T19:35:01.099-0500] {dag.py:3504} INFO - Setting next_dagrun for example_xcom_args_with_operators to None, run_after=None
[2025-05-25T19:35:01.104-0500] {processor.py:179} INFO - Processing /Users/afsaruddinmohammed/state_analysis/.venv/lib/python3.11/site-packages/airflow/example_dags/example_xcomargs.py took 0.302 seconds
[2025-05-25T19:35:49.226-0500] {processor.py:157} INFO - Started process (PID=85448) to work on /Users/afsaruddinmohammed/state_analysis/.venv/lib/python3.11/site-packages/airflow/example_dags/example_xcomargs.py
[2025-05-25T19:35:49.228-0500] {processor.py:826} INFO - Processing file /Users/afsaruddinmohammed/state_analysis/.venv/lib/python3.11/site-packages/airflow/example_dags/example_xcomargs.py for tasks to queue
[2025-05-25T19:35:49.228-0500] {logging_mixin.py:150} INFO - [2025-05-25T19:35:49.228-0500] {dagbag.py:541} INFO - Filling up the DagBag from /Users/afsaruddinmohammed/state_analysis/.venv/lib/python3.11/site-packages/airflow/example_dags/example_xcomargs.py
[2025-05-25T19:35:49.259-0500] {processor.py:836} INFO - DAG(s) dict_keys(['example_xcom_args_with_operators', 'example_xcom_args']) retrieved from /Users/afsaruddinmohammed/state_analysis/.venv/lib/python3.11/site-packages/airflow/example_dags/example_xcomargs.py
[2025-05-25T19:35:49.514-0500] {logging_mixin.py:150} INFO - [2025-05-25T19:35:49.514-0500] {dag.py:2742} INFO - Sync 2 DAGs
[2025-05-25T19:35:49.519-0500] {logging_mixin.py:150} INFO - [2025-05-25T19:35:49.519-0500] {dag.py:3504} INFO - Setting next_dagrun for example_xcom_args to None, run_after=None
[2025-05-25T19:35:49.520-0500] {logging_mixin.py:150} INFO - [2025-05-25T19:35:49.520-0500] {dag.py:3504} INFO - Setting next_dagrun for example_xcom_args_with_operators to None, run_after=None
[2025-05-25T19:35:49.525-0500] {processor.py:179} INFO - Processing /Users/afsaruddinmohammed/state_analysis/.venv/lib/python3.11/site-packages/airflow/example_dags/example_xcomargs.py took 0.299 seconds
[2025-05-25T19:36:35.981-0500] {processor.py:157} INFO - Started process (PID=85478) to work on /Users/afsaruddinmohammed/state_analysis/.venv/lib/python3.11/site-packages/airflow/example_dags/example_xcomargs.py
[2025-05-25T19:36:35.982-0500] {processor.py:826} INFO - Processing file /Users/afsaruddinmohammed/state_analysis/.venv/lib/python3.11/site-packages/airflow/example_dags/example_xcomargs.py for tasks to queue
[2025-05-25T19:36:35.983-0500] {logging_mixin.py:150} INFO - [2025-05-25T19:36:35.983-0500] {dagbag.py:541} INFO - Filling up the DagBag from /Users/afsaruddinmohammed/state_analysis/.venv/lib/python3.11/site-packages/airflow/example_dags/example_xcomargs.py
[2025-05-25T19:36:36.015-0500] {processor.py:836} INFO - DAG(s) dict_keys(['example_xcom_args', 'example_xcom_args_with_operators']) retrieved from /Users/afsaruddinmohammed/state_analysis/.venv/lib/python3.11/site-packages/airflow/example_dags/example_xcomargs.py
[2025-05-25T19:36:36.286-0500] {logging_mixin.py:150} INFO - [2025-05-25T19:36:36.286-0500] {dag.py:2742} INFO - Sync 2 DAGs
[2025-05-25T19:36:36.291-0500] {logging_mixin.py:150} INFO - [2025-05-25T19:36:36.291-0500] {dag.py:3504} INFO - Setting next_dagrun for example_xcom_args to None, run_after=None
[2025-05-25T19:36:36.292-0500] {logging_mixin.py:150} INFO - [2025-05-25T19:36:36.292-0500] {dag.py:3504} INFO - Setting next_dagrun for example_xcom_args_with_operators to None, run_after=None
[2025-05-25T19:36:36.297-0500] {processor.py:179} INFO - Processing /Users/afsaruddinmohammed/state_analysis/.venv/lib/python3.11/site-packages/airflow/example_dags/example_xcomargs.py took 0.316 seconds
[2025-05-25T19:38:04.162-0500] {processor.py:157} INFO - Started process (PID=85555) to work on /Users/afsaruddinmohammed/state_analysis/.venv/lib/python3.11/site-packages/airflow/example_dags/example_xcomargs.py
[2025-05-25T19:38:04.164-0500] {processor.py:826} INFO - Processing file /Users/afsaruddinmohammed/state_analysis/.venv/lib/python3.11/site-packages/airflow/example_dags/example_xcomargs.py for tasks to queue
[2025-05-25T19:38:04.164-0500] {logging_mixin.py:150} INFO - [2025-05-25T19:38:04.164-0500] {dagbag.py:541} INFO - Filling up the DagBag from /Users/afsaruddinmohammed/state_analysis/.venv/lib/python3.11/site-packages/airflow/example_dags/example_xcomargs.py
[2025-05-25T19:38:04.209-0500] {processor.py:836} INFO - DAG(s) dict_keys(['example_xcom_args_with_operators', 'example_xcom_args']) retrieved from /Users/afsaruddinmohammed/state_analysis/.venv/lib/python3.11/site-packages/airflow/example_dags/example_xcomargs.py
[2025-05-25T19:38:04.519-0500] {logging_mixin.py:150} INFO - [2025-05-25T19:38:04.518-0500] {dag.py:2742} INFO - Sync 2 DAGs
[2025-05-25T19:38:04.523-0500] {logging_mixin.py:150} INFO - [2025-05-25T19:38:04.523-0500] {dag.py:3504} INFO - Setting next_dagrun for example_xcom_args to None, run_after=None
[2025-05-25T19:38:04.524-0500] {logging_mixin.py:150} INFO - [2025-05-25T19:38:04.524-0500] {dag.py:3504} INFO - Setting next_dagrun for example_xcom_args_with_operators to None, run_after=None
[2025-05-25T19:38:04.529-0500] {processor.py:179} INFO - Processing /Users/afsaruddinmohammed/state_analysis/.venv/lib/python3.11/site-packages/airflow/example_dags/example_xcomargs.py took 0.369 seconds
[2025-05-25T19:38:52.648-0500] {processor.py:157} INFO - Started process (PID=85595) to work on /Users/afsaruddinmohammed/state_analysis/.venv/lib/python3.11/site-packages/airflow/example_dags/example_xcomargs.py
[2025-05-25T19:38:52.650-0500] {processor.py:826} INFO - Processing file /Users/afsaruddinmohammed/state_analysis/.venv/lib/python3.11/site-packages/airflow/example_dags/example_xcomargs.py for tasks to queue
[2025-05-25T19:38:52.650-0500] {logging_mixin.py:150} INFO - [2025-05-25T19:38:52.650-0500] {dagbag.py:541} INFO - Filling up the DagBag from /Users/afsaruddinmohammed/state_analysis/.venv/lib/python3.11/site-packages/airflow/example_dags/example_xcomargs.py
[2025-05-25T19:38:52.688-0500] {processor.py:836} INFO - DAG(s) dict_keys(['example_xcom_args_with_operators', 'example_xcom_args']) retrieved from /Users/afsaruddinmohammed/state_analysis/.venv/lib/python3.11/site-packages/airflow/example_dags/example_xcomargs.py
[2025-05-25T19:38:52.972-0500] {logging_mixin.py:150} INFO - [2025-05-25T19:38:52.972-0500] {dag.py:2742} INFO - Sync 2 DAGs
[2025-05-25T19:38:52.977-0500] {logging_mixin.py:150} INFO - [2025-05-25T19:38:52.977-0500] {dag.py:3504} INFO - Setting next_dagrun for example_xcom_args to None, run_after=None
[2025-05-25T19:38:52.977-0500] {logging_mixin.py:150} INFO - [2025-05-25T19:38:52.977-0500] {dag.py:3504} INFO - Setting next_dagrun for example_xcom_args_with_operators to None, run_after=None
[2025-05-25T19:38:52.983-0500] {processor.py:179} INFO - Processing /Users/afsaruddinmohammed/state_analysis/.venv/lib/python3.11/site-packages/airflow/example_dags/example_xcomargs.py took 0.336 seconds
[2025-05-25T19:39:41.497-0500] {processor.py:157} INFO - Started process (PID=85633) to work on /Users/afsaruddinmohammed/state_analysis/.venv/lib/python3.11/site-packages/airflow/example_dags/example_xcomargs.py
[2025-05-25T19:39:41.499-0500] {processor.py:826} INFO - Processing file /Users/afsaruddinmohammed/state_analysis/.venv/lib/python3.11/site-packages/airflow/example_dags/example_xcomargs.py for tasks to queue
[2025-05-25T19:39:41.499-0500] {logging_mixin.py:150} INFO - [2025-05-25T19:39:41.499-0500] {dagbag.py:541} INFO - Filling up the DagBag from /Users/afsaruddinmohammed/state_analysis/.venv/lib/python3.11/site-packages/airflow/example_dags/example_xcomargs.py
[2025-05-25T19:39:41.529-0500] {processor.py:836} INFO - DAG(s) dict_keys(['example_xcom_args_with_operators', 'example_xcom_args']) retrieved from /Users/afsaruddinmohammed/state_analysis/.venv/lib/python3.11/site-packages/airflow/example_dags/example_xcomargs.py
[2025-05-25T19:39:41.796-0500] {logging_mixin.py:150} INFO - [2025-05-25T19:39:41.796-0500] {dag.py:2742} INFO - Sync 2 DAGs
[2025-05-25T19:39:41.801-0500] {logging_mixin.py:150} INFO - [2025-05-25T19:39:41.801-0500] {dag.py:3504} INFO - Setting next_dagrun for example_xcom_args to None, run_after=None
[2025-05-25T19:39:41.802-0500] {logging_mixin.py:150} INFO - [2025-05-25T19:39:41.802-0500] {dag.py:3504} INFO - Setting next_dagrun for example_xcom_args_with_operators to None, run_after=None
[2025-05-25T19:39:41.807-0500] {processor.py:179} INFO - Processing /Users/afsaruddinmohammed/state_analysis/.venv/lib/python3.11/site-packages/airflow/example_dags/example_xcomargs.py took 0.310 seconds
[2025-05-25T19:40:27.719-0500] {processor.py:157} INFO - Started process (PID=85664) to work on /Users/afsaruddinmohammed/state_analysis/.venv/lib/python3.11/site-packages/airflow/example_dags/example_xcomargs.py
[2025-05-25T19:40:27.720-0500] {processor.py:826} INFO - Processing file /Users/afsaruddinmohammed/state_analysis/.venv/lib/python3.11/site-packages/airflow/example_dags/example_xcomargs.py for tasks to queue
[2025-05-25T19:40:27.721-0500] {logging_mixin.py:150} INFO - [2025-05-25T19:40:27.721-0500] {dagbag.py:541} INFO - Filling up the DagBag from /Users/afsaruddinmohammed/state_analysis/.venv/lib/python3.11/site-packages/airflow/example_dags/example_xcomargs.py
[2025-05-25T19:40:27.752-0500] {processor.py:836} INFO - DAG(s) dict_keys(['example_xcom_args_with_operators', 'example_xcom_args']) retrieved from /Users/afsaruddinmohammed/state_analysis/.venv/lib/python3.11/site-packages/airflow/example_dags/example_xcomargs.py
[2025-05-25T19:40:28.016-0500] {logging_mixin.py:150} INFO - [2025-05-25T19:40:28.016-0500] {dag.py:2742} INFO - Sync 2 DAGs
[2025-05-25T19:40:28.021-0500] {logging_mixin.py:150} INFO - [2025-05-25T19:40:28.021-0500] {dag.py:3504} INFO - Setting next_dagrun for example_xcom_args to None, run_after=None
[2025-05-25T19:40:28.022-0500] {logging_mixin.py:150} INFO - [2025-05-25T19:40:28.022-0500] {dag.py:3504} INFO - Setting next_dagrun for example_xcom_args_with_operators to None, run_after=None
[2025-05-25T19:40:28.027-0500] {processor.py:179} INFO - Processing /Users/afsaruddinmohammed/state_analysis/.venv/lib/python3.11/site-packages/airflow/example_dags/example_xcomargs.py took 0.309 seconds
[2025-05-25T19:41:14.975-0500] {processor.py:157} INFO - Started process (PID=85698) to work on /Users/afsaruddinmohammed/state_analysis/.venv/lib/python3.11/site-packages/airflow/example_dags/example_xcomargs.py
[2025-05-25T19:41:14.977-0500] {processor.py:826} INFO - Processing file /Users/afsaruddinmohammed/state_analysis/.venv/lib/python3.11/site-packages/airflow/example_dags/example_xcomargs.py for tasks to queue
[2025-05-25T19:41:14.977-0500] {logging_mixin.py:150} INFO - [2025-05-25T19:41:14.977-0500] {dagbag.py:541} INFO - Filling up the DagBag from /Users/afsaruddinmohammed/state_analysis/.venv/lib/python3.11/site-packages/airflow/example_dags/example_xcomargs.py
[2025-05-25T19:41:15.008-0500] {processor.py:836} INFO - DAG(s) dict_keys(['example_xcom_args', 'example_xcom_args_with_operators']) retrieved from /Users/afsaruddinmohammed/state_analysis/.venv/lib/python3.11/site-packages/airflow/example_dags/example_xcomargs.py
[2025-05-25T19:41:15.269-0500] {logging_mixin.py:150} INFO - [2025-05-25T19:41:15.269-0500] {dag.py:2742} INFO - Sync 2 DAGs
[2025-05-25T19:41:15.274-0500] {logging_mixin.py:150} INFO - [2025-05-25T19:41:15.274-0500] {dag.py:3504} INFO - Setting next_dagrun for example_xcom_args to None, run_after=None
[2025-05-25T19:41:15.275-0500] {logging_mixin.py:150} INFO - [2025-05-25T19:41:15.275-0500] {dag.py:3504} INFO - Setting next_dagrun for example_xcom_args_with_operators to None, run_after=None
[2025-05-25T19:41:15.280-0500] {processor.py:179} INFO - Processing /Users/afsaruddinmohammed/state_analysis/.venv/lib/python3.11/site-packages/airflow/example_dags/example_xcomargs.py took 0.305 seconds
