[2025-05-25T19:33:44.984-0500] {processor.py:157} INFO - Started process (PID=85344) to work on /Users/afsaruddinmohammed/state_analysis/.venv/lib/python3.11/site-packages/airflow/example_dags/example_trigger_controller_dag.py
[2025-05-25T19:33:44.986-0500] {processor.py:826} INFO - Processing file /Users/afsaruddinmohammed/state_analysis/.venv/lib/python3.11/site-packages/airflow/example_dags/example_trigger_controller_dag.py for tasks to queue
[2025-05-25T19:33:44.986-0500] {logging_mixin.py:150} INFO - [2025-05-25T19:33:44.986-0500] {dagbag.py:541} INFO - Filling up the DagBag from /Users/afsaruddinmohammed/state_analysis/.venv/lib/python3.11/site-packages/airflow/example_dags/example_trigger_controller_dag.py
[2025-05-25T19:33:44.993-0500] {processor.py:836} INFO - DAG(s) dict_keys(['example_trigger_controller_dag']) retrieved from /Users/afsaruddinmohammed/state_analysis/.venv/lib/python3.11/site-packages/airflow/example_dags/example_trigger_controller_dag.py
[2025-05-25T19:33:45.272-0500] {logging_mixin.py:150} INFO - [2025-05-25T19:33:45.271-0500] {manager.py:504} INFO - Created Permission View: can edit on DAG:example_trigger_controller_dag
[2025-05-25T19:33:45.274-0500] {logging_mixin.py:150} INFO - [2025-05-25T19:33:45.274-0500] {manager.py:504} INFO - Created Permission View: can read on DAG:example_trigger_controller_dag
[2025-05-25T19:33:45.276-0500] {logging_mixin.py:150} INFO - [2025-05-25T19:33:45.276-0500] {manager.py:504} INFO - Created Permission View: can delete on DAG:example_trigger_controller_dag
[2025-05-25T19:33:45.278-0500] {logging_mixin.py:150} INFO - [2025-05-25T19:33:45.278-0500] {dag.py:2742} INFO - Sync 1 DAGs
[2025-05-25T19:33:45.281-0500] {logging_mixin.py:150} INFO - [2025-05-25T19:33:45.281-0500] {dag.py:2763} INFO - Creating ORM DAG for example_trigger_controller_dag
[2025-05-25T19:33:45.284-0500] {logging_mixin.py:150} INFO - [2025-05-25T19:33:45.284-0500] {dag.py:3504} INFO - Setting next_dagrun for example_trigger_controller_dag to 2021-01-01T00:00:00+00:00, run_after=2021-01-01T00:00:00+00:00
[2025-05-25T19:33:45.288-0500] {processor.py:179} INFO - Processing /Users/afsaruddinmohammed/state_analysis/.venv/lib/python3.11/site-packages/airflow/example_dags/example_trigger_controller_dag.py took 0.304 seconds
[2025-05-25T19:35:06.191-0500] {processor.py:157} INFO - Started process (PID=85416) to work on /Users/afsaruddinmohammed/state_analysis/.venv/lib/python3.11/site-packages/airflow/example_dags/example_trigger_controller_dag.py
[2025-05-25T19:35:06.195-0500] {processor.py:826} INFO - Processing file /Users/afsaruddinmohammed/state_analysis/.venv/lib/python3.11/site-packages/airflow/example_dags/example_trigger_controller_dag.py for tasks to queue
[2025-05-25T19:35:06.195-0500] {logging_mixin.py:150} INFO - [2025-05-25T19:35:06.195-0500] {dagbag.py:541} INFO - Filling up the DagBag from /Users/afsaruddinmohammed/state_analysis/.venv/lib/python3.11/site-packages/airflow/example_dags/example_trigger_controller_dag.py
[2025-05-25T19:35:06.201-0500] {processor.py:836} INFO - DAG(s) dict_keys(['example_trigger_controller_dag']) retrieved from /Users/afsaruddinmohammed/state_analysis/.venv/lib/python3.11/site-packages/airflow/example_dags/example_trigger_controller_dag.py
[2025-05-25T19:35:06.466-0500] {logging_mixin.py:150} INFO - [2025-05-25T19:35:06.465-0500] {dag.py:2742} INFO - Sync 1 DAGs
[2025-05-25T19:35:06.471-0500] {logging_mixin.py:150} INFO - [2025-05-25T19:35:06.470-0500] {dag.py:3504} INFO - Setting next_dagrun for example_trigger_controller_dag to 2021-01-01T00:00:00+00:00, run_after=2021-01-01T00:00:00+00:00
[2025-05-25T19:35:06.477-0500] {processor.py:179} INFO - Processing /Users/afsaruddinmohammed/state_analysis/.venv/lib/python3.11/site-packages/airflow/example_dags/example_trigger_controller_dag.py took 0.287 seconds
[2025-05-25T19:36:37.841-0500] {processor.py:157} INFO - Started process (PID=85480) to work on /Users/afsaruddinmohammed/state_analysis/.venv/lib/python3.11/site-packages/airflow/example_dags/example_trigger_controller_dag.py
[2025-05-25T19:36:37.844-0500] {processor.py:826} INFO - Processing file /Users/afsaruddinmohammed/state_analysis/.venv/lib/python3.11/site-packages/airflow/example_dags/example_trigger_controller_dag.py for tasks to queue
[2025-05-25T19:36:37.844-0500] {logging_mixin.py:150} INFO - [2025-05-25T19:36:37.844-0500] {dagbag.py:541} INFO - Filling up the DagBag from /Users/afsaruddinmohammed/state_analysis/.venv/lib/python3.11/site-packages/airflow/example_dags/example_trigger_controller_dag.py
[2025-05-25T19:36:37.851-0500] {processor.py:836} INFO - DAG(s) dict_keys(['example_trigger_controller_dag']) retrieved from /Users/afsaruddinmohammed/state_analysis/.venv/lib/python3.11/site-packages/airflow/example_dags/example_trigger_controller_dag.py
[2025-05-25T19:36:38.155-0500] {logging_mixin.py:150} INFO - [2025-05-25T19:36:38.155-0500] {dag.py:2742} INFO - Sync 1 DAGs
[2025-05-25T19:36:38.160-0500] {logging_mixin.py:150} INFO - [2025-05-25T19:36:38.160-0500] {dag.py:3504} INFO - Setting next_dagrun for example_trigger_controller_dag to 2021-01-01T00:00:00+00:00, run_after=2021-01-01T00:00:00+00:00
[2025-05-25T19:36:38.166-0500] {processor.py:179} INFO - Processing /Users/afsaruddinmohammed/state_analysis/.venv/lib/python3.11/site-packages/airflow/example_dags/example_trigger_controller_dag.py took 0.325 seconds
[2025-05-25T19:38:07.992-0500] {processor.py:157} INFO - Started process (PID=85558) to work on /Users/afsaruddinmohammed/state_analysis/.venv/lib/python3.11/site-packages/airflow/example_dags/example_trigger_controller_dag.py
[2025-05-25T19:38:07.994-0500] {processor.py:826} INFO - Processing file /Users/afsaruddinmohammed/state_analysis/.venv/lib/python3.11/site-packages/airflow/example_dags/example_trigger_controller_dag.py for tasks to queue
[2025-05-25T19:38:07.994-0500] {logging_mixin.py:150} INFO - [2025-05-25T19:38:07.994-0500] {dagbag.py:541} INFO - Filling up the DagBag from /Users/afsaruddinmohammed/state_analysis/.venv/lib/python3.11/site-packages/airflow/example_dags/example_trigger_controller_dag.py
[2025-05-25T19:38:08.002-0500] {processor.py:836} INFO - DAG(s) dict_keys(['example_trigger_controller_dag']) retrieved from /Users/afsaruddinmohammed/state_analysis/.venv/lib/python3.11/site-packages/airflow/example_dags/example_trigger_controller_dag.py
[2025-05-25T19:38:08.307-0500] {logging_mixin.py:150} INFO - [2025-05-25T19:38:08.306-0500] {dag.py:2742} INFO - Sync 1 DAGs
[2025-05-25T19:38:08.311-0500] {logging_mixin.py:150} INFO - [2025-05-25T19:38:08.311-0500] {dag.py:3504} INFO - Setting next_dagrun for example_trigger_controller_dag to 2021-01-01T00:00:00+00:00, run_after=2021-01-01T00:00:00+00:00
[2025-05-25T19:38:08.317-0500] {processor.py:179} INFO - Processing /Users/afsaruddinmohammed/state_analysis/.venv/lib/python3.11/site-packages/airflow/example_dags/example_trigger_controller_dag.py took 0.326 seconds
[2025-05-25T19:38:58.472-0500] {processor.py:157} INFO - Started process (PID=85606) to work on /Users/afsaruddinmohammed/state_analysis/.venv/lib/python3.11/site-packages/airflow/example_dags/example_trigger_controller_dag.py
[2025-05-25T19:38:58.474-0500] {processor.py:826} INFO - Processing file /Users/afsaruddinmohammed/state_analysis/.venv/lib/python3.11/site-packages/airflow/example_dags/example_trigger_controller_dag.py for tasks to queue
[2025-05-25T19:38:58.474-0500] {logging_mixin.py:150} INFO - [2025-05-25T19:38:58.474-0500] {dagbag.py:541} INFO - Filling up the DagBag from /Users/afsaruddinmohammed/state_analysis/.venv/lib/python3.11/site-packages/airflow/example_dags/example_trigger_controller_dag.py
[2025-05-25T19:38:58.482-0500] {processor.py:836} INFO - DAG(s) dict_keys(['example_trigger_controller_dag']) retrieved from /Users/afsaruddinmohammed/state_analysis/.venv/lib/python3.11/site-packages/airflow/example_dags/example_trigger_controller_dag.py
[2025-05-25T19:38:58.778-0500] {logging_mixin.py:150} INFO - [2025-05-25T19:38:58.778-0500] {dag.py:2742} INFO - Sync 1 DAGs
[2025-05-25T19:38:58.787-0500] {logging_mixin.py:150} INFO - [2025-05-25T19:38:58.787-0500] {dag.py:3504} INFO - Setting next_dagrun for example_trigger_controller_dag to 2021-01-01T00:00:00+00:00, run_after=2021-01-01T00:00:00+00:00
[2025-05-25T19:38:58.794-0500] {processor.py:179} INFO - Processing /Users/afsaruddinmohammed/state_analysis/.venv/lib/python3.11/site-packages/airflow/example_dags/example_trigger_controller_dag.py took 0.323 seconds
[2025-05-25T19:40:29.509-0500] {processor.py:157} INFO - Started process (PID=85665) to work on /Users/afsaruddinmohammed/state_analysis/.venv/lib/python3.11/site-packages/airflow/example_dags/example_trigger_controller_dag.py
[2025-05-25T19:40:29.512-0500] {processor.py:826} INFO - Processing file /Users/afsaruddinmohammed/state_analysis/.venv/lib/python3.11/site-packages/airflow/example_dags/example_trigger_controller_dag.py for tasks to queue
[2025-05-25T19:40:29.512-0500] {logging_mixin.py:150} INFO - [2025-05-25T19:40:29.512-0500] {dagbag.py:541} INFO - Filling up the DagBag from /Users/afsaruddinmohammed/state_analysis/.venv/lib/python3.11/site-packages/airflow/example_dags/example_trigger_controller_dag.py
[2025-05-25T19:40:29.518-0500] {processor.py:836} INFO - DAG(s) dict_keys(['example_trigger_controller_dag']) retrieved from /Users/afsaruddinmohammed/state_analysis/.venv/lib/python3.11/site-packages/airflow/example_dags/example_trigger_controller_dag.py
[2025-05-25T19:40:29.779-0500] {logging_mixin.py:150} INFO - [2025-05-25T19:40:29.779-0500] {dag.py:2742} INFO - Sync 1 DAGs
[2025-05-25T19:40:29.784-0500] {logging_mixin.py:150} INFO - [2025-05-25T19:40:29.784-0500] {dag.py:3504} INFO - Setting next_dagrun for example_trigger_controller_dag to 2021-01-01T00:00:00+00:00, run_after=2021-01-01T00:00:00+00:00
[2025-05-25T19:40:29.790-0500] {processor.py:179} INFO - Processing /Users/afsaruddinmohammed/state_analysis/.venv/lib/python3.11/site-packages/airflow/example_dags/example_trigger_controller_dag.py took 0.281 seconds
[2025-05-25T19:41:20.315-0500] {processor.py:157} INFO - Started process (PID=85704) to work on /Users/afsaruddinmohammed/state_analysis/.venv/lib/python3.11/site-packages/airflow/example_dags/example_trigger_controller_dag.py
[2025-05-25T19:41:20.319-0500] {processor.py:826} INFO - Processing file /Users/afsaruddinmohammed/state_analysis/.venv/lib/python3.11/site-packages/airflow/example_dags/example_trigger_controller_dag.py for tasks to queue
[2025-05-25T19:41:20.319-0500] {logging_mixin.py:150} INFO - [2025-05-25T19:41:20.319-0500] {dagbag.py:541} INFO - Filling up the DagBag from /Users/afsaruddinmohammed/state_analysis/.venv/lib/python3.11/site-packages/airflow/example_dags/example_trigger_controller_dag.py
[2025-05-25T19:41:20.326-0500] {processor.py:836} INFO - DAG(s) dict_keys(['example_trigger_controller_dag']) retrieved from /Users/afsaruddinmohammed/state_analysis/.venv/lib/python3.11/site-packages/airflow/example_dags/example_trigger_controller_dag.py
[2025-05-25T19:41:20.603-0500] {logging_mixin.py:150} INFO - [2025-05-25T19:41:20.602-0500] {dag.py:2742} INFO - Sync 1 DAGs
[2025-05-25T19:41:20.608-0500] {logging_mixin.py:150} INFO - [2025-05-25T19:41:20.608-0500] {dag.py:3504} INFO - Setting next_dagrun for example_trigger_controller_dag to 2021-01-01T00:00:00+00:00, run_after=2021-01-01T00:00:00+00:00
[2025-05-25T19:41:20.614-0500] {processor.py:179} INFO - Processing /Users/afsaruddinmohammed/state_analysis/.venv/lib/python3.11/site-packages/airflow/example_dags/example_trigger_controller_dag.py took 0.299 seconds
