[2025-05-25T19:34:38.422-0500] {processor.py:157} INFO - Started process (PID=85398) to work on /Users/afsaruddinmohammed/state_analysis/.venv/lib/python3.11/site-packages/airflow/example_dags/example_branch_operator.py
[2025-05-25T19:34:38.423-0500] {processor.py:826} INFO - Processing file /Users/afsaruddinmohammed/state_analysis/.venv/lib/python3.11/site-packages/airflow/example_dags/example_branch_operator.py for tasks to queue
[2025-05-25T19:34:38.423-0500] {logging_mixin.py:150} INFO - [2025-05-25T19:34:38.423-0500] {dagbag.py:541} INFO - Filling up the DagBag from /Users/afsaruddinmohammed/state_analysis/.venv/lib/python3.11/site-packages/airflow/example_dags/example_branch_operator.py
[2025-05-25T19:34:38.449-0500] {processor.py:836} INFO - DAG(s) dict_keys(['example_branch_operator']) retrieved from /Users/afsaruddinmohammed/state_analysis/.venv/lib/python3.11/site-packages/airflow/example_dags/example_branch_operator.py
[2025-05-25T19:34:38.794-0500] {logging_mixin.py:150} INFO - [2025-05-25T19:34:38.794-0500] {manager.py:504} INFO - Created Permission View: can read on DAG:example_branch_operator
[2025-05-25T19:34:38.802-0500] {logging_mixin.py:150} INFO - [2025-05-25T19:34:38.802-0500] {manager.py:504} INFO - Created Permission View: can delete on DAG:example_branch_operator
[2025-05-25T19:34:38.806-0500] {logging_mixin.py:150} INFO - [2025-05-25T19:34:38.806-0500] {manager.py:504} INFO - Created Permission View: can edit on DAG:example_branch_operator
[2025-05-25T19:34:38.811-0500] {logging_mixin.py:150} INFO - [2025-05-25T19:34:38.811-0500] {dag.py:2742} INFO - Sync 1 DAGs
[2025-05-25T19:34:38.815-0500] {logging_mixin.py:150} INFO - [2025-05-25T19:34:38.815-0500] {dag.py:2763} INFO - Creating ORM DAG for example_branch_operator
[2025-05-25T19:34:38.829-0500] {logging_mixin.py:150} INFO - [2025-05-25T19:34:38.829-0500] {dag.py:3504} INFO - Setting next_dagrun for example_branch_operator to 2025-05-25T00:00:00+00:00, run_after=2025-05-26T00:00:00+00:00
[2025-05-25T19:34:38.844-0500] {processor.py:179} INFO - Processing /Users/afsaruddinmohammed/state_analysis/.venv/lib/python3.11/site-packages/airflow/example_dags/example_branch_operator.py took 0.423 seconds
[2025-05-25T19:36:12.958-0500] {processor.py:157} INFO - Started process (PID=85463) to work on /Users/afsaruddinmohammed/state_analysis/.venv/lib/python3.11/site-packages/airflow/example_dags/example_branch_operator.py
[2025-05-25T19:36:12.960-0500] {processor.py:826} INFO - Processing file /Users/afsaruddinmohammed/state_analysis/.venv/lib/python3.11/site-packages/airflow/example_dags/example_branch_operator.py for tasks to queue
[2025-05-25T19:36:12.960-0500] {logging_mixin.py:150} INFO - [2025-05-25T19:36:12.960-0500] {dagbag.py:541} INFO - Filling up the DagBag from /Users/afsaruddinmohammed/state_analysis/.venv/lib/python3.11/site-packages/airflow/example_dags/example_branch_operator.py
[2025-05-25T19:36:12.986-0500] {processor.py:836} INFO - DAG(s) dict_keys(['example_branch_operator']) retrieved from /Users/afsaruddinmohammed/state_analysis/.venv/lib/python3.11/site-packages/airflow/example_dags/example_branch_operator.py
[2025-05-25T19:36:13.244-0500] {logging_mixin.py:150} INFO - [2025-05-25T19:36:13.244-0500] {dag.py:2742} INFO - Sync 1 DAGs
[2025-05-25T19:36:13.250-0500] {logging_mixin.py:150} INFO - [2025-05-25T19:36:13.249-0500] {dag.py:3504} INFO - Setting next_dagrun for example_branch_operator to 2025-05-25T00:00:00+00:00, run_after=2025-05-26T00:00:00+00:00
[2025-05-25T19:36:13.255-0500] {processor.py:179} INFO - Processing /Users/afsaruddinmohammed/state_analysis/.venv/lib/python3.11/site-packages/airflow/example_dags/example_branch_operator.py took 0.298 seconds
[2025-05-25T19:37:43.231-0500] {processor.py:157} INFO - Started process (PID=85538) to work on /Users/afsaruddinmohammed/state_analysis/.venv/lib/python3.11/site-packages/airflow/example_dags/example_branch_operator.py
[2025-05-25T19:37:43.233-0500] {processor.py:826} INFO - Processing file /Users/afsaruddinmohammed/state_analysis/.venv/lib/python3.11/site-packages/airflow/example_dags/example_branch_operator.py for tasks to queue
[2025-05-25T19:37:43.233-0500] {logging_mixin.py:150} INFO - [2025-05-25T19:37:43.233-0500] {dagbag.py:541} INFO - Filling up the DagBag from /Users/afsaruddinmohammed/state_analysis/.venv/lib/python3.11/site-packages/airflow/example_dags/example_branch_operator.py
[2025-05-25T19:37:43.260-0500] {processor.py:836} INFO - DAG(s) dict_keys(['example_branch_operator']) retrieved from /Users/afsaruddinmohammed/state_analysis/.venv/lib/python3.11/site-packages/airflow/example_dags/example_branch_operator.py
[2025-05-25T19:37:43.548-0500] {logging_mixin.py:150} INFO - [2025-05-25T19:37:43.548-0500] {dag.py:2742} INFO - Sync 1 DAGs
[2025-05-25T19:37:43.553-0500] {logging_mixin.py:150} INFO - [2025-05-25T19:37:43.553-0500] {dag.py:3504} INFO - Setting next_dagrun for example_branch_operator to 2025-05-25T00:00:00+00:00, run_after=2025-05-26T00:00:00+00:00
[2025-05-25T19:37:43.559-0500] {processor.py:179} INFO - Processing /Users/afsaruddinmohammed/state_analysis/.venv/lib/python3.11/site-packages/airflow/example_dags/example_branch_operator.py took 0.328 seconds
[2025-05-25T19:39:21.289-0500] {processor.py:157} INFO - Started process (PID=85620) to work on /Users/afsaruddinmohammed/state_analysis/.venv/lib/python3.11/site-packages/airflow/example_dags/example_branch_operator.py
[2025-05-25T19:39:21.291-0500] {processor.py:826} INFO - Processing file /Users/afsaruddinmohammed/state_analysis/.venv/lib/python3.11/site-packages/airflow/example_dags/example_branch_operator.py for tasks to queue
[2025-05-25T19:39:21.291-0500] {logging_mixin.py:150} INFO - [2025-05-25T19:39:21.291-0500] {dagbag.py:541} INFO - Filling up the DagBag from /Users/afsaruddinmohammed/state_analysis/.venv/lib/python3.11/site-packages/airflow/example_dags/example_branch_operator.py
[2025-05-25T19:39:21.318-0500] {processor.py:836} INFO - DAG(s) dict_keys(['example_branch_operator']) retrieved from /Users/afsaruddinmohammed/state_analysis/.venv/lib/python3.11/site-packages/airflow/example_dags/example_branch_operator.py
[2025-05-25T19:39:21.572-0500] {logging_mixin.py:150} INFO - [2025-05-25T19:39:21.571-0500] {dag.py:2742} INFO - Sync 1 DAGs
[2025-05-25T19:39:21.577-0500] {logging_mixin.py:150} INFO - [2025-05-25T19:39:21.577-0500] {dag.py:3504} INFO - Setting next_dagrun for example_branch_operator to 2025-05-25T00:00:00+00:00, run_after=2025-05-26T00:00:00+00:00
[2025-05-25T19:39:21.583-0500] {processor.py:179} INFO - Processing /Users/afsaruddinmohammed/state_analysis/.venv/lib/python3.11/site-packages/airflow/example_dags/example_branch_operator.py took 0.294 seconds
[2025-05-25T19:40:52.677-0500] {processor.py:157} INFO - Started process (PID=85680) to work on /Users/afsaruddinmohammed/state_analysis/.venv/lib/python3.11/site-packages/airflow/example_dags/example_branch_operator.py
[2025-05-25T19:40:52.678-0500] {processor.py:826} INFO - Processing file /Users/afsaruddinmohammed/state_analysis/.venv/lib/python3.11/site-packages/airflow/example_dags/example_branch_operator.py for tasks to queue
[2025-05-25T19:40:52.678-0500] {logging_mixin.py:150} INFO - [2025-05-25T19:40:52.678-0500] {dagbag.py:541} INFO - Filling up the DagBag from /Users/afsaruddinmohammed/state_analysis/.venv/lib/python3.11/site-packages/airflow/example_dags/example_branch_operator.py
[2025-05-25T19:40:52.706-0500] {processor.py:836} INFO - DAG(s) dict_keys(['example_branch_operator']) retrieved from /Users/afsaruddinmohammed/state_analysis/.venv/lib/python3.11/site-packages/airflow/example_dags/example_branch_operator.py
[2025-05-25T19:40:52.966-0500] {logging_mixin.py:150} INFO - [2025-05-25T19:40:52.966-0500] {dag.py:2742} INFO - Sync 1 DAGs
[2025-05-25T19:40:52.972-0500] {logging_mixin.py:150} INFO - [2025-05-25T19:40:52.972-0500] {dag.py:3504} INFO - Setting next_dagrun for example_branch_operator to 2025-05-25T00:00:00+00:00, run_after=2025-05-26T00:00:00+00:00
[2025-05-25T19:40:52.978-0500] {processor.py:179} INFO - Processing /Users/afsaruddinmohammed/state_analysis/.venv/lib/python3.11/site-packages/airflow/example_dags/example_branch_operator.py took 0.302 seconds
