[2025-05-25T19:34:40.570-0500] {processor.py:157} INFO - Started process (PID=85399) to work on /Users/afsaruddinmohammed/state_analysis/.venv/lib/python3.11/site-packages/airflow/example_dags/example_branch_labels.py
[2025-05-25T19:34:40.572-0500] {processor.py:826} INFO - Processing file /Users/afsaruddinmohammed/state_analysis/.venv/lib/python3.11/site-packages/airflow/example_dags/example_branch_labels.py for tasks to queue
[2025-05-25T19:34:40.572-0500] {logging_mixin.py:150} INFO - [2025-05-25T19:34:40.572-0500] {dagbag.py:541} INFO - Filling up the DagBag from /Users/afsaruddinmohammed/state_analysis/.venv/lib/python3.11/site-packages/airflow/example_dags/example_branch_labels.py
[2025-05-25T19:34:40.580-0500] {processor.py:836} INFO - DAG(s) dict_keys(['example_branch_labels']) retrieved from /Users/afsaruddinmohammed/state_analysis/.venv/lib/python3.11/site-packages/airflow/example_dags/example_branch_labels.py
[2025-05-25T19:34:40.920-0500] {logging_mixin.py:150} INFO - [2025-05-25T19:34:40.920-0500] {manager.py:504} INFO - Created Permission View: can delete on DAG:example_branch_labels
[2025-05-25T19:34:40.922-0500] {logging_mixin.py:150} INFO - [2025-05-25T19:34:40.922-0500] {manager.py:504} INFO - Created Permission View: can edit on DAG:example_branch_labels
[2025-05-25T19:34:40.924-0500] {logging_mixin.py:150} INFO - [2025-05-25T19:34:40.924-0500] {manager.py:504} INFO - Created Permission View: can read on DAG:example_branch_labels
[2025-05-25T19:34:40.927-0500] {logging_mixin.py:150} INFO - [2025-05-25T19:34:40.927-0500] {dag.py:2742} INFO - Sync 1 DAGs
[2025-05-25T19:34:40.930-0500] {logging_mixin.py:150} INFO - [2025-05-25T19:34:40.930-0500] {dag.py:2763} INFO - Creating ORM DAG for example_branch_labels
[2025-05-25T19:34:40.933-0500] {logging_mixin.py:150} INFO - [2025-05-25T19:34:40.933-0500] {dag.py:3504} INFO - Setting next_dagrun for example_branch_labels to 2025-05-25T00:00:00+00:00, run_after=2025-05-26T00:00:00+00:00
[2025-05-25T19:34:40.937-0500] {processor.py:179} INFO - Processing /Users/afsaruddinmohammed/state_analysis/.venv/lib/python3.11/site-packages/airflow/example_dags/example_branch_labels.py took 0.371 seconds
[2025-05-25T19:36:14.364-0500] {processor.py:157} INFO - Started process (PID=85464) to work on /Users/afsaruddinmohammed/state_analysis/.venv/lib/python3.11/site-packages/airflow/example_dags/example_branch_labels.py
[2025-05-25T19:36:14.366-0500] {processor.py:826} INFO - Processing file /Users/afsaruddinmohammed/state_analysis/.venv/lib/python3.11/site-packages/airflow/example_dags/example_branch_labels.py for tasks to queue
[2025-05-25T19:36:14.367-0500] {logging_mixin.py:150} INFO - [2025-05-25T19:36:14.367-0500] {dagbag.py:541} INFO - Filling up the DagBag from /Users/afsaruddinmohammed/state_analysis/.venv/lib/python3.11/site-packages/airflow/example_dags/example_branch_labels.py
[2025-05-25T19:36:14.374-0500] {processor.py:836} INFO - DAG(s) dict_keys(['example_branch_labels']) retrieved from /Users/afsaruddinmohammed/state_analysis/.venv/lib/python3.11/site-packages/airflow/example_dags/example_branch_labels.py
[2025-05-25T19:36:14.644-0500] {logging_mixin.py:150} INFO - [2025-05-25T19:36:14.644-0500] {dag.py:2742} INFO - Sync 1 DAGs
[2025-05-25T19:36:14.649-0500] {logging_mixin.py:150} INFO - [2025-05-25T19:36:14.649-0500] {dag.py:3504} INFO - Setting next_dagrun for example_branch_labels to 2025-05-25T00:00:00+00:00, run_after=2025-05-26T00:00:00+00:00
[2025-05-25T19:36:14.655-0500] {processor.py:179} INFO - Processing /Users/afsaruddinmohammed/state_analysis/.venv/lib/python3.11/site-packages/airflow/example_dags/example_branch_labels.py took 0.291 seconds
[2025-05-25T19:37:44.665-0500] {processor.py:157} INFO - Started process (PID=85539) to work on /Users/afsaruddinmohammed/state_analysis/.venv/lib/python3.11/site-packages/airflow/example_dags/example_branch_labels.py
[2025-05-25T19:37:44.667-0500] {processor.py:826} INFO - Processing file /Users/afsaruddinmohammed/state_analysis/.venv/lib/python3.11/site-packages/airflow/example_dags/example_branch_labels.py for tasks to queue
[2025-05-25T19:37:44.667-0500] {logging_mixin.py:150} INFO - [2025-05-25T19:37:44.667-0500] {dagbag.py:541} INFO - Filling up the DagBag from /Users/afsaruddinmohammed/state_analysis/.venv/lib/python3.11/site-packages/airflow/example_dags/example_branch_labels.py
[2025-05-25T19:37:44.673-0500] {processor.py:836} INFO - DAG(s) dict_keys(['example_branch_labels']) retrieved from /Users/afsaruddinmohammed/state_analysis/.venv/lib/python3.11/site-packages/airflow/example_dags/example_branch_labels.py
[2025-05-25T19:37:44.944-0500] {logging_mixin.py:150} INFO - [2025-05-25T19:37:44.944-0500] {dag.py:2742} INFO - Sync 1 DAGs
[2025-05-25T19:37:44.949-0500] {logging_mixin.py:150} INFO - [2025-05-25T19:37:44.949-0500] {dag.py:3504} INFO - Setting next_dagrun for example_branch_labels to 2025-05-25T00:00:00+00:00, run_after=2025-05-26T00:00:00+00:00
[2025-05-25T19:37:44.955-0500] {processor.py:179} INFO - Processing /Users/afsaruddinmohammed/state_analysis/.venv/lib/python3.11/site-packages/airflow/example_dags/example_branch_labels.py took 0.291 seconds
[2025-05-25T19:39:22.125-0500] {processor.py:157} INFO - Started process (PID=85621) to work on /Users/afsaruddinmohammed/state_analysis/.venv/lib/python3.11/site-packages/airflow/example_dags/example_branch_labels.py
[2025-05-25T19:39:22.127-0500] {processor.py:826} INFO - Processing file /Users/afsaruddinmohammed/state_analysis/.venv/lib/python3.11/site-packages/airflow/example_dags/example_branch_labels.py for tasks to queue
[2025-05-25T19:39:22.127-0500] {logging_mixin.py:150} INFO - [2025-05-25T19:39:22.127-0500] {dagbag.py:541} INFO - Filling up the DagBag from /Users/afsaruddinmohammed/state_analysis/.venv/lib/python3.11/site-packages/airflow/example_dags/example_branch_labels.py
[2025-05-25T19:39:22.133-0500] {processor.py:836} INFO - DAG(s) dict_keys(['example_branch_labels']) retrieved from /Users/afsaruddinmohammed/state_analysis/.venv/lib/python3.11/site-packages/airflow/example_dags/example_branch_labels.py
[2025-05-25T19:39:22.402-0500] {logging_mixin.py:150} INFO - [2025-05-25T19:39:22.402-0500] {dag.py:2742} INFO - Sync 1 DAGs
[2025-05-25T19:39:22.407-0500] {logging_mixin.py:150} INFO - [2025-05-25T19:39:22.407-0500] {dag.py:3504} INFO - Setting next_dagrun for example_branch_labels to 2025-05-25T00:00:00+00:00, run_after=2025-05-26T00:00:00+00:00
[2025-05-25T19:39:22.413-0500] {processor.py:179} INFO - Processing /Users/afsaruddinmohammed/state_analysis/.venv/lib/python3.11/site-packages/airflow/example_dags/example_branch_labels.py took 0.289 seconds
[2025-05-25T19:40:54.060-0500] {processor.py:157} INFO - Started process (PID=85681) to work on /Users/afsaruddinmohammed/state_analysis/.venv/lib/python3.11/site-packages/airflow/example_dags/example_branch_labels.py
[2025-05-25T19:40:54.062-0500] {processor.py:826} INFO - Processing file /Users/afsaruddinmohammed/state_analysis/.venv/lib/python3.11/site-packages/airflow/example_dags/example_branch_labels.py for tasks to queue
[2025-05-25T19:40:54.062-0500] {logging_mixin.py:150} INFO - [2025-05-25T19:40:54.062-0500] {dagbag.py:541} INFO - Filling up the DagBag from /Users/afsaruddinmohammed/state_analysis/.venv/lib/python3.11/site-packages/airflow/example_dags/example_branch_labels.py
[2025-05-25T19:40:54.069-0500] {processor.py:836} INFO - DAG(s) dict_keys(['example_branch_labels']) retrieved from /Users/afsaruddinmohammed/state_analysis/.venv/lib/python3.11/site-packages/airflow/example_dags/example_branch_labels.py
[2025-05-25T19:40:54.331-0500] {logging_mixin.py:150} INFO - [2025-05-25T19:40:54.331-0500] {dag.py:2742} INFO - Sync 1 DAGs
[2025-05-25T19:40:54.336-0500] {logging_mixin.py:150} INFO - [2025-05-25T19:40:54.336-0500] {dag.py:3504} INFO - Setting next_dagrun for example_branch_labels to 2025-05-25T00:00:00+00:00, run_after=2025-05-26T00:00:00+00:00
[2025-05-25T19:40:54.342-0500] {processor.py:179} INFO - Processing /Users/afsaruddinmohammed/state_analysis/.venv/lib/python3.11/site-packages/airflow/example_dags/example_branch_labels.py took 0.282 seconds
