[2025-05-25T19:34:23.985-0500] {processor.py:157} INFO - Started process (PID=85378) to work on /Users/afsaruddinmohammed/state_analysis/.venv/lib/python3.11/site-packages/airflow/example_dags/example_external_task_marker_dag.py
[2025-05-25T19:34:23.986-0500] {processor.py:826} INFO - Processing file /Users/afsaruddinmohammed/state_analysis/.venv/lib/python3.11/site-packages/airflow/example_dags/example_external_task_marker_dag.py for tasks to queue
[2025-05-25T19:34:23.986-0500] {logging_mixin.py:150} INFO - [2025-05-25T19:34:23.986-0500] {dagbag.py:541} INFO - Filling up the DagBag from /Users/afsaruddinmohammed/state_analysis/.venv/lib/python3.11/site-packages/airflow/example_dags/example_external_task_marker_dag.py
[2025-05-25T19:34:23.994-0500] {processor.py:836} INFO - DAG(s) dict_keys(['example_external_task_marker_child', 'example_external_task_marker_parent']) retrieved from /Users/afsaruddinmohammed/state_analysis/.venv/lib/python3.11/site-packages/airflow/example_dags/example_external_task_marker_dag.py
[2025-05-25T19:34:24.307-0500] {logging_mixin.py:150} INFO - [2025-05-25T19:34:24.307-0500] {manager.py:504} INFO - Created Permission View: can delete on DAG:example_external_task_marker_child
[2025-05-25T19:34:24.310-0500] {logging_mixin.py:150} INFO - [2025-05-25T19:34:24.310-0500] {manager.py:504} INFO - Created Permission View: can edit on DAG:example_external_task_marker_child
[2025-05-25T19:34:24.311-0500] {logging_mixin.py:150} INFO - [2025-05-25T19:34:24.311-0500] {manager.py:504} INFO - Created Permission View: can read on DAG:example_external_task_marker_child
[2025-05-25T19:34:24.318-0500] {logging_mixin.py:150} INFO - [2025-05-25T19:34:24.318-0500] {manager.py:504} INFO - Created Permission View: can delete on DAG:example_external_task_marker_parent
[2025-05-25T19:34:24.319-0500] {logging_mixin.py:150} INFO - [2025-05-25T19:34:24.319-0500] {manager.py:504} INFO - Created Permission View: can edit on DAG:example_external_task_marker_parent
[2025-05-25T19:34:24.321-0500] {logging_mixin.py:150} INFO - [2025-05-25T19:34:24.321-0500] {manager.py:504} INFO - Created Permission View: can read on DAG:example_external_task_marker_parent
[2025-05-25T19:34:24.322-0500] {logging_mixin.py:150} INFO - [2025-05-25T19:34:24.322-0500] {dag.py:2742} INFO - Sync 2 DAGs
[2025-05-25T19:34:24.324-0500] {logging_mixin.py:150} INFO - [2025-05-25T19:34:24.324-0500] {dag.py:2763} INFO - Creating ORM DAG for example_external_task_marker_child
[2025-05-25T19:34:24.324-0500] {logging_mixin.py:150} INFO - [2025-05-25T19:34:24.324-0500] {dag.py:2763} INFO - Creating ORM DAG for example_external_task_marker_parent
[2025-05-25T19:34:24.327-0500] {logging_mixin.py:150} INFO - [2025-05-25T19:34:24.327-0500] {dag.py:3504} INFO - Setting next_dagrun for example_external_task_marker_child to None, run_after=None
[2025-05-25T19:34:24.327-0500] {logging_mixin.py:150} INFO - [2025-05-25T19:34:24.327-0500] {dag.py:3504} INFO - Setting next_dagrun for example_external_task_marker_parent to None, run_after=None
[2025-05-25T19:34:24.332-0500] {processor.py:179} INFO - Processing /Users/afsaruddinmohammed/state_analysis/.venv/lib/python3.11/site-packages/airflow/example_dags/example_external_task_marker_dag.py took 0.348 seconds
[2025-05-25T19:35:59.960-0500] {processor.py:157} INFO - Started process (PID=85455) to work on /Users/afsaruddinmohammed/state_analysis/.venv/lib/python3.11/site-packages/airflow/example_dags/example_external_task_marker_dag.py
[2025-05-25T19:35:59.962-0500] {processor.py:826} INFO - Processing file /Users/afsaruddinmohammed/state_analysis/.venv/lib/python3.11/site-packages/airflow/example_dags/example_external_task_marker_dag.py for tasks to queue
[2025-05-25T19:35:59.962-0500] {logging_mixin.py:150} INFO - [2025-05-25T19:35:59.962-0500] {dagbag.py:541} INFO - Filling up the DagBag from /Users/afsaruddinmohammed/state_analysis/.venv/lib/python3.11/site-packages/airflow/example_dags/example_external_task_marker_dag.py
[2025-05-25T19:35:59.971-0500] {processor.py:836} INFO - DAG(s) dict_keys(['example_external_task_marker_child', 'example_external_task_marker_parent']) retrieved from /Users/afsaruddinmohammed/state_analysis/.venv/lib/python3.11/site-packages/airflow/example_dags/example_external_task_marker_dag.py
[2025-05-25T19:36:00.294-0500] {logging_mixin.py:150} INFO - [2025-05-25T19:36:00.294-0500] {dag.py:2742} INFO - Sync 2 DAGs
[2025-05-25T19:36:00.300-0500] {logging_mixin.py:150} INFO - [2025-05-25T19:36:00.300-0500] {dag.py:3504} INFO - Setting next_dagrun for example_external_task_marker_child to None, run_after=None
[2025-05-25T19:36:00.301-0500] {logging_mixin.py:150} INFO - [2025-05-25T19:36:00.301-0500] {dag.py:3504} INFO - Setting next_dagrun for example_external_task_marker_parent to None, run_after=None
[2025-05-25T19:36:00.306-0500] {processor.py:179} INFO - Processing /Users/afsaruddinmohammed/state_analysis/.venv/lib/python3.11/site-packages/airflow/example_dags/example_external_task_marker_dag.py took 0.346 seconds
[2025-05-25T19:37:28.834-0500] {processor.py:157} INFO - Started process (PID=85526) to work on /Users/afsaruddinmohammed/state_analysis/.venv/lib/python3.11/site-packages/airflow/example_dags/example_external_task_marker_dag.py
[2025-05-25T19:37:28.836-0500] {processor.py:826} INFO - Processing file /Users/afsaruddinmohammed/state_analysis/.venv/lib/python3.11/site-packages/airflow/example_dags/example_external_task_marker_dag.py for tasks to queue
[2025-05-25T19:37:28.836-0500] {logging_mixin.py:150} INFO - [2025-05-25T19:37:28.836-0500] {dagbag.py:541} INFO - Filling up the DagBag from /Users/afsaruddinmohammed/state_analysis/.venv/lib/python3.11/site-packages/airflow/example_dags/example_external_task_marker_dag.py
[2025-05-25T19:37:28.842-0500] {processor.py:836} INFO - DAG(s) dict_keys(['example_external_task_marker_parent', 'example_external_task_marker_child']) retrieved from /Users/afsaruddinmohammed/state_analysis/.venv/lib/python3.11/site-packages/airflow/example_dags/example_external_task_marker_dag.py
[2025-05-25T19:37:29.129-0500] {logging_mixin.py:150} INFO - [2025-05-25T19:37:29.129-0500] {dag.py:2742} INFO - Sync 2 DAGs
[2025-05-25T19:37:29.135-0500] {logging_mixin.py:150} INFO - [2025-05-25T19:37:29.135-0500] {dag.py:3504} INFO - Setting next_dagrun for example_external_task_marker_child to None, run_after=None
[2025-05-25T19:37:29.136-0500] {logging_mixin.py:150} INFO - [2025-05-25T19:37:29.136-0500] {dag.py:3504} INFO - Setting next_dagrun for example_external_task_marker_parent to None, run_after=None
[2025-05-25T19:37:29.141-0500] {processor.py:179} INFO - Processing /Users/afsaruddinmohammed/state_analysis/.venv/lib/python3.11/site-packages/airflow/example_dags/example_external_task_marker_dag.py took 0.307 seconds
[2025-05-25T19:39:07.240-0500] {processor.py:157} INFO - Started process (PID=85611) to work on /Users/afsaruddinmohammed/state_analysis/.venv/lib/python3.11/site-packages/airflow/example_dags/example_external_task_marker_dag.py
[2025-05-25T19:39:07.242-0500] {processor.py:826} INFO - Processing file /Users/afsaruddinmohammed/state_analysis/.venv/lib/python3.11/site-packages/airflow/example_dags/example_external_task_marker_dag.py for tasks to queue
[2025-05-25T19:39:07.242-0500] {logging_mixin.py:150} INFO - [2025-05-25T19:39:07.242-0500] {dagbag.py:541} INFO - Filling up the DagBag from /Users/afsaruddinmohammed/state_analysis/.venv/lib/python3.11/site-packages/airflow/example_dags/example_external_task_marker_dag.py
[2025-05-25T19:39:07.248-0500] {processor.py:836} INFO - DAG(s) dict_keys(['example_external_task_marker_child', 'example_external_task_marker_parent']) retrieved from /Users/afsaruddinmohammed/state_analysis/.venv/lib/python3.11/site-packages/airflow/example_dags/example_external_task_marker_dag.py
[2025-05-25T19:39:07.512-0500] {logging_mixin.py:150} INFO - [2025-05-25T19:39:07.512-0500] {dag.py:2742} INFO - Sync 2 DAGs
[2025-05-25T19:39:07.517-0500] {logging_mixin.py:150} INFO - [2025-05-25T19:39:07.517-0500] {dag.py:3504} INFO - Setting next_dagrun for example_external_task_marker_child to None, run_after=None
[2025-05-25T19:39:07.518-0500] {logging_mixin.py:150} INFO - [2025-05-25T19:39:07.518-0500] {dag.py:3504} INFO - Setting next_dagrun for example_external_task_marker_parent to None, run_after=None
[2025-05-25T19:39:07.523-0500] {processor.py:179} INFO - Processing /Users/afsaruddinmohammed/state_analysis/.venv/lib/python3.11/site-packages/airflow/example_dags/example_external_task_marker_dag.py took 0.284 seconds
[2025-05-25T19:40:38.292-0500] {processor.py:157} INFO - Started process (PID=85671) to work on /Users/afsaruddinmohammed/state_analysis/.venv/lib/python3.11/site-packages/airflow/example_dags/example_external_task_marker_dag.py
[2025-05-25T19:40:38.294-0500] {processor.py:826} INFO - Processing file /Users/afsaruddinmohammed/state_analysis/.venv/lib/python3.11/site-packages/airflow/example_dags/example_external_task_marker_dag.py for tasks to queue
[2025-05-25T19:40:38.295-0500] {logging_mixin.py:150} INFO - [2025-05-25T19:40:38.294-0500] {dagbag.py:541} INFO - Filling up the DagBag from /Users/afsaruddinmohammed/state_analysis/.venv/lib/python3.11/site-packages/airflow/example_dags/example_external_task_marker_dag.py
[2025-05-25T19:40:38.301-0500] {processor.py:836} INFO - DAG(s) dict_keys(['example_external_task_marker_child', 'example_external_task_marker_parent']) retrieved from /Users/afsaruddinmohammed/state_analysis/.venv/lib/python3.11/site-packages/airflow/example_dags/example_external_task_marker_dag.py
[2025-05-25T19:40:38.564-0500] {logging_mixin.py:150} INFO - [2025-05-25T19:40:38.564-0500] {dag.py:2742} INFO - Sync 2 DAGs
[2025-05-25T19:40:38.569-0500] {logging_mixin.py:150} INFO - [2025-05-25T19:40:38.569-0500] {dag.py:3504} INFO - Setting next_dagrun for example_external_task_marker_child to None, run_after=None
[2025-05-25T19:40:38.570-0500] {logging_mixin.py:150} INFO - [2025-05-25T19:40:38.570-0500] {dag.py:3504} INFO - Setting next_dagrun for example_external_task_marker_parent to None, run_after=None
[2025-05-25T19:40:38.576-0500] {processor.py:179} INFO - Processing /Users/afsaruddinmohammed/state_analysis/.venv/lib/python3.11/site-packages/airflow/example_dags/example_external_task_marker_dag.py took 0.284 seconds
