[2025-05-25T19:34:42.468-0500] {processor.py:157} INFO - Started process (PID=85401) to work on /Users/afsaruddinmohammed/state_analysis/.venv/lib/python3.11/site-packages/airflow/example_dags/example_branch_day_of_week_operator.py
[2025-05-25T19:34:42.470-0500] {processor.py:826} INFO - Processing file /Users/afsaruddinmohammed/state_analysis/.venv/lib/python3.11/site-packages/airflow/example_dags/example_branch_day_of_week_operator.py for tasks to queue
[2025-05-25T19:34:42.470-0500] {logging_mixin.py:150} INFO - [2025-05-25T19:34:42.470-0500] {dagbag.py:541} INFO - Filling up the DagBag from /Users/afsaruddinmohammed/state_analysis/.venv/lib/python3.11/site-packages/airflow/example_dags/example_branch_day_of_week_operator.py
[2025-05-25T19:34:42.479-0500] {processor.py:836} INFO - DAG(s) dict_keys(['example_weekday_branch_operator']) retrieved from /Users/afsaruddinmohammed/state_analysis/.venv/lib/python3.11/site-packages/airflow/example_dags/example_branch_day_of_week_operator.py
[2025-05-25T19:34:42.775-0500] {logging_mixin.py:150} INFO - [2025-05-25T19:34:42.775-0500] {manager.py:504} INFO - Created Permission View: can delete on DAG:example_weekday_branch_operator
[2025-05-25T19:34:42.778-0500] {logging_mixin.py:150} INFO - [2025-05-25T19:34:42.778-0500] {manager.py:504} INFO - Created Permission View: can edit on DAG:example_weekday_branch_operator
[2025-05-25T19:34:42.779-0500] {logging_mixin.py:150} INFO - [2025-05-25T19:34:42.779-0500] {manager.py:504} INFO - Created Permission View: can read on DAG:example_weekday_branch_operator
[2025-05-25T19:34:42.783-0500] {logging_mixin.py:150} INFO - [2025-05-25T19:34:42.783-0500] {dag.py:2742} INFO - Sync 1 DAGs
[2025-05-25T19:34:42.786-0500] {logging_mixin.py:150} INFO - [2025-05-25T19:34:42.786-0500] {dag.py:2763} INFO - Creating ORM DAG for example_weekday_branch_operator
[2025-05-25T19:34:42.789-0500] {logging_mixin.py:150} INFO - [2025-05-25T19:34:42.789-0500] {dag.py:3504} INFO - Setting next_dagrun for example_weekday_branch_operator to 2025-05-25T00:00:00+00:00, run_after=2025-05-26T00:00:00+00:00
[2025-05-25T19:34:42.794-0500] {processor.py:179} INFO - Processing /Users/afsaruddinmohammed/state_analysis/.venv/lib/python3.11/site-packages/airflow/example_dags/example_branch_day_of_week_operator.py took 0.326 seconds
[2025-05-25T19:36:16.132-0500] {processor.py:157} INFO - Started process (PID=85465) to work on /Users/afsaruddinmohammed/state_analysis/.venv/lib/python3.11/site-packages/airflow/example_dags/example_branch_day_of_week_operator.py
[2025-05-25T19:36:16.133-0500] {processor.py:826} INFO - Processing file /Users/afsaruddinmohammed/state_analysis/.venv/lib/python3.11/site-packages/airflow/example_dags/example_branch_day_of_week_operator.py for tasks to queue
[2025-05-25T19:36:16.133-0500] {logging_mixin.py:150} INFO - [2025-05-25T19:36:16.133-0500] {dagbag.py:541} INFO - Filling up the DagBag from /Users/afsaruddinmohammed/state_analysis/.venv/lib/python3.11/site-packages/airflow/example_dags/example_branch_day_of_week_operator.py
[2025-05-25T19:36:16.141-0500] {processor.py:836} INFO - DAG(s) dict_keys(['example_weekday_branch_operator']) retrieved from /Users/afsaruddinmohammed/state_analysis/.venv/lib/python3.11/site-packages/airflow/example_dags/example_branch_day_of_week_operator.py
[2025-05-25T19:36:16.419-0500] {logging_mixin.py:150} INFO - [2025-05-25T19:36:16.419-0500] {dag.py:2742} INFO - Sync 1 DAGs
[2025-05-25T19:36:16.424-0500] {logging_mixin.py:150} INFO - [2025-05-25T19:36:16.424-0500] {dag.py:3504} INFO - Setting next_dagrun for example_weekday_branch_operator to 2025-05-25T00:00:00+00:00, run_after=2025-05-26T00:00:00+00:00
[2025-05-25T19:36:16.431-0500] {processor.py:179} INFO - Processing /Users/afsaruddinmohammed/state_analysis/.venv/lib/python3.11/site-packages/airflow/example_dags/example_branch_day_of_week_operator.py took 0.300 seconds
[2025-05-25T19:37:46.442-0500] {processor.py:157} INFO - Started process (PID=85540) to work on /Users/afsaruddinmohammed/state_analysis/.venv/lib/python3.11/site-packages/airflow/example_dags/example_branch_day_of_week_operator.py
[2025-05-25T19:37:46.444-0500] {processor.py:826} INFO - Processing file /Users/afsaruddinmohammed/state_analysis/.venv/lib/python3.11/site-packages/airflow/example_dags/example_branch_day_of_week_operator.py for tasks to queue
[2025-05-25T19:37:46.445-0500] {logging_mixin.py:150} INFO - [2025-05-25T19:37:46.445-0500] {dagbag.py:541} INFO - Filling up the DagBag from /Users/afsaruddinmohammed/state_analysis/.venv/lib/python3.11/site-packages/airflow/example_dags/example_branch_day_of_week_operator.py
[2025-05-25T19:37:46.452-0500] {processor.py:836} INFO - DAG(s) dict_keys(['example_weekday_branch_operator']) retrieved from /Users/afsaruddinmohammed/state_analysis/.venv/lib/python3.11/site-packages/airflow/example_dags/example_branch_day_of_week_operator.py
[2025-05-25T19:37:46.714-0500] {logging_mixin.py:150} INFO - [2025-05-25T19:37:46.714-0500] {dag.py:2742} INFO - Sync 1 DAGs
[2025-05-25T19:37:46.719-0500] {logging_mixin.py:150} INFO - [2025-05-25T19:37:46.719-0500] {dag.py:3504} INFO - Setting next_dagrun for example_weekday_branch_operator to 2025-05-25T00:00:00+00:00, run_after=2025-05-26T00:00:00+00:00
[2025-05-25T19:37:46.725-0500] {processor.py:179} INFO - Processing /Users/afsaruddinmohammed/state_analysis/.venv/lib/python3.11/site-packages/airflow/example_dags/example_branch_day_of_week_operator.py took 0.283 seconds
[2025-05-25T19:39:23.794-0500] {processor.py:157} INFO - Started process (PID=85622) to work on /Users/afsaruddinmohammed/state_analysis/.venv/lib/python3.11/site-packages/airflow/example_dags/example_branch_day_of_week_operator.py
[2025-05-25T19:39:23.796-0500] {processor.py:826} INFO - Processing file /Users/afsaruddinmohammed/state_analysis/.venv/lib/python3.11/site-packages/airflow/example_dags/example_branch_day_of_week_operator.py for tasks to queue
[2025-05-25T19:39:23.796-0500] {logging_mixin.py:150} INFO - [2025-05-25T19:39:23.796-0500] {dagbag.py:541} INFO - Filling up the DagBag from /Users/afsaruddinmohammed/state_analysis/.venv/lib/python3.11/site-packages/airflow/example_dags/example_branch_day_of_week_operator.py
[2025-05-25T19:39:23.804-0500] {processor.py:836} INFO - DAG(s) dict_keys(['example_weekday_branch_operator']) retrieved from /Users/afsaruddinmohammed/state_analysis/.venv/lib/python3.11/site-packages/airflow/example_dags/example_branch_day_of_week_operator.py
[2025-05-25T19:39:24.071-0500] {logging_mixin.py:150} INFO - [2025-05-25T19:39:24.071-0500] {dag.py:2742} INFO - Sync 1 DAGs
[2025-05-25T19:39:24.076-0500] {logging_mixin.py:150} INFO - [2025-05-25T19:39:24.076-0500] {dag.py:3504} INFO - Setting next_dagrun for example_weekday_branch_operator to 2025-05-25T00:00:00+00:00, run_after=2025-05-26T00:00:00+00:00
[2025-05-25T19:39:24.083-0500] {processor.py:179} INFO - Processing /Users/afsaruddinmohammed/state_analysis/.venv/lib/python3.11/site-packages/airflow/example_dags/example_branch_day_of_week_operator.py took 0.289 seconds
[2025-05-25T19:40:55.832-0500] {processor.py:157} INFO - Started process (PID=85682) to work on /Users/afsaruddinmohammed/state_analysis/.venv/lib/python3.11/site-packages/airflow/example_dags/example_branch_day_of_week_operator.py
[2025-05-25T19:40:55.834-0500] {processor.py:826} INFO - Processing file /Users/afsaruddinmohammed/state_analysis/.venv/lib/python3.11/site-packages/airflow/example_dags/example_branch_day_of_week_operator.py for tasks to queue
[2025-05-25T19:40:55.834-0500] {logging_mixin.py:150} INFO - [2025-05-25T19:40:55.834-0500] {dagbag.py:541} INFO - Filling up the DagBag from /Users/afsaruddinmohammed/state_analysis/.venv/lib/python3.11/site-packages/airflow/example_dags/example_branch_day_of_week_operator.py
[2025-05-25T19:40:55.841-0500] {processor.py:836} INFO - DAG(s) dict_keys(['example_weekday_branch_operator']) retrieved from /Users/afsaruddinmohammed/state_analysis/.venv/lib/python3.11/site-packages/airflow/example_dags/example_branch_day_of_week_operator.py
[2025-05-25T19:40:56.112-0500] {logging_mixin.py:150} INFO - [2025-05-25T19:40:56.112-0500] {dag.py:2742} INFO - Sync 1 DAGs
[2025-05-25T19:40:56.117-0500] {logging_mixin.py:150} INFO - [2025-05-25T19:40:56.117-0500] {dag.py:3504} INFO - Setting next_dagrun for example_weekday_branch_operator to 2025-05-25T00:00:00+00:00, run_after=2025-05-26T00:00:00+00:00
[2025-05-25T19:40:56.124-0500] {processor.py:179} INFO - Processing /Users/afsaruddinmohammed/state_analysis/.venv/lib/python3.11/site-packages/airflow/example_dags/example_branch_day_of_week_operator.py took 0.292 seconds
