[2025-05-25T19:34:02.526-0500] {processor.py:157} INFO - Started process (PID=85361) to work on /Users/afsaruddinmohammed/state_analysis/.venv/lib/python3.11/site-packages/airflow/example_dags/example_setup_teardown.py
[2025-05-25T19:34:02.527-0500] {processor.py:826} INFO - Processing file /Users/afsaruddinmohammed/state_analysis/.venv/lib/python3.11/site-packages/airflow/example_dags/example_setup_teardown.py for tasks to queue
[2025-05-25T19:34:02.527-0500] {logging_mixin.py:150} INFO - [2025-05-25T19:34:02.527-0500] {dagbag.py:541} INFO - Filling up the DagBag from /Users/afsaruddinmohammed/state_analysis/.venv/lib/python3.11/site-packages/airflow/example_dags/example_setup_teardown.py
[2025-05-25T19:34:02.529-0500] {processor.py:838} WARNING - No viable dags retrieved from /Users/afsaruddinmohammed/state_analysis/.venv/lib/python3.11/site-packages/airflow/example_dags/example_setup_teardown.py
[2025-05-25T19:34:02.788-0500] {processor.py:179} INFO - Processing /Users/afsaruddinmohammed/state_analysis/.venv/lib/python3.11/site-packages/airflow/example_dags/example_setup_teardown.py took 0.263 seconds
[2025-05-25T19:35:22.637-0500] {processor.py:157} INFO - Started process (PID=85426) to work on /Users/afsaruddinmohammed/state_analysis/.venv/lib/python3.11/site-packages/airflow/example_dags/example_setup_teardown.py
[2025-05-25T19:35:22.639-0500] {processor.py:826} INFO - Processing file /Users/afsaruddinmohammed/state_analysis/.venv/lib/python3.11/site-packages/airflow/example_dags/example_setup_teardown.py for tasks to queue
[2025-05-25T19:35:22.639-0500] {logging_mixin.py:150} INFO - [2025-05-25T19:35:22.639-0500] {dagbag.py:541} INFO - Filling up the DagBag from /Users/afsaruddinmohammed/state_analysis/.venv/lib/python3.11/site-packages/airflow/example_dags/example_setup_teardown.py
[2025-05-25T19:35:22.640-0500] {processor.py:838} WARNING - No viable dags retrieved from /Users/afsaruddinmohammed/state_analysis/.venv/lib/python3.11/site-packages/airflow/example_dags/example_setup_teardown.py
[2025-05-25T19:35:22.900-0500] {processor.py:179} INFO - Processing /Users/afsaruddinmohammed/state_analysis/.venv/lib/python3.11/site-packages/airflow/example_dags/example_setup_teardown.py took 0.263 seconds
[2025-05-25T19:36:52.929-0500] {processor.py:157} INFO - Started process (PID=85491) to work on /Users/afsaruddinmohammed/state_analysis/.venv/lib/python3.11/site-packages/airflow/example_dags/example_setup_teardown.py
[2025-05-25T19:36:52.931-0500] {processor.py:826} INFO - Processing file /Users/afsaruddinmohammed/state_analysis/.venv/lib/python3.11/site-packages/airflow/example_dags/example_setup_teardown.py for tasks to queue
[2025-05-25T19:36:52.931-0500] {logging_mixin.py:150} INFO - [2025-05-25T19:36:52.931-0500] {dagbag.py:541} INFO - Filling up the DagBag from /Users/afsaruddinmohammed/state_analysis/.venv/lib/python3.11/site-packages/airflow/example_dags/example_setup_teardown.py
[2025-05-25T19:36:52.933-0500] {processor.py:838} WARNING - No viable dags retrieved from /Users/afsaruddinmohammed/state_analysis/.venv/lib/python3.11/site-packages/airflow/example_dags/example_setup_teardown.py
[2025-05-25T19:36:53.188-0500] {processor.py:179} INFO - Processing /Users/afsaruddinmohammed/state_analysis/.venv/lib/python3.11/site-packages/airflow/example_dags/example_setup_teardown.py took 0.259 seconds
[2025-05-25T19:38:24.974-0500] {processor.py:157} INFO - Started process (PID=85579) to work on /Users/afsaruddinmohammed/state_analysis/.venv/lib/python3.11/site-packages/airflow/example_dags/example_setup_teardown.py
[2025-05-25T19:38:24.976-0500] {processor.py:826} INFO - Processing file /Users/afsaruddinmohammed/state_analysis/.venv/lib/python3.11/site-packages/airflow/example_dags/example_setup_teardown.py for tasks to queue
[2025-05-25T19:38:24.976-0500] {logging_mixin.py:150} INFO - [2025-05-25T19:38:24.976-0500] {dagbag.py:541} INFO - Filling up the DagBag from /Users/afsaruddinmohammed/state_analysis/.venv/lib/python3.11/site-packages/airflow/example_dags/example_setup_teardown.py
[2025-05-25T19:38:24.978-0500] {processor.py:838} WARNING - No viable dags retrieved from /Users/afsaruddinmohammed/state_analysis/.venv/lib/python3.11/site-packages/airflow/example_dags/example_setup_teardown.py
[2025-05-25T19:38:25.239-0500] {processor.py:179} INFO - Processing /Users/afsaruddinmohammed/state_analysis/.venv/lib/python3.11/site-packages/airflow/example_dags/example_setup_teardown.py took 0.265 seconds
[2025-05-25T19:40:00.232-0500] {processor.py:157} INFO - Started process (PID=85646) to work on /Users/afsaruddinmohammed/state_analysis/.venv/lib/python3.11/site-packages/airflow/example_dags/example_setup_teardown.py
[2025-05-25T19:40:00.233-0500] {processor.py:826} INFO - Processing file /Users/afsaruddinmohammed/state_analysis/.venv/lib/python3.11/site-packages/airflow/example_dags/example_setup_teardown.py for tasks to queue
[2025-05-25T19:40:00.233-0500] {logging_mixin.py:150} INFO - [2025-05-25T19:40:00.233-0500] {dagbag.py:541} INFO - Filling up the DagBag from /Users/afsaruddinmohammed/state_analysis/.venv/lib/python3.11/site-packages/airflow/example_dags/example_setup_teardown.py
[2025-05-25T19:40:00.234-0500] {processor.py:838} WARNING - No viable dags retrieved from /Users/afsaruddinmohammed/state_analysis/.venv/lib/python3.11/site-packages/airflow/example_dags/example_setup_teardown.py
[2025-05-25T19:40:00.500-0500] {processor.py:179} INFO - Processing /Users/afsaruddinmohammed/state_analysis/.venv/lib/python3.11/site-packages/airflow/example_dags/example_setup_teardown.py took 0.269 seconds
[2025-05-25T19:41:35.602-0500] {processor.py:157} INFO - Started process (PID=85718) to work on /Users/afsaruddinmohammed/state_analysis/.venv/lib/python3.11/site-packages/airflow/example_dags/example_setup_teardown.py
[2025-05-25T19:41:35.605-0500] {processor.py:826} INFO - Processing file /Users/afsaruddinmohammed/state_analysis/.venv/lib/python3.11/site-packages/airflow/example_dags/example_setup_teardown.py for tasks to queue
[2025-05-25T19:41:35.605-0500] {logging_mixin.py:150} INFO - [2025-05-25T19:41:35.605-0500] {dagbag.py:541} INFO - Filling up the DagBag from /Users/afsaruddinmohammed/state_analysis/.venv/lib/python3.11/site-packages/airflow/example_dags/example_setup_teardown.py
[2025-05-25T19:41:35.606-0500] {processor.py:838} WARNING - No viable dags retrieved from /Users/afsaruddinmohammed/state_analysis/.venv/lib/python3.11/site-packages/airflow/example_dags/example_setup_teardown.py
[2025-05-25T19:41:35.858-0500] {processor.py:179} INFO - Processing /Users/afsaruddinmohammed/state_analysis/.venv/lib/python3.11/site-packages/airflow/example_dags/example_setup_teardown.py took 0.256 seconds
