[2025-05-25T19:34:25.856-0500] {processor.py:157} INFO - Started process (PID=85380) to work on /Users/afsaruddinmohammed/state_analysis/.venv/lib/python3.11/site-packages/airflow/example_dags/example_dynamic_task_mapping_with_no_taskflow_operators.py
[2025-05-25T19:34:25.858-0500] {processor.py:826} INFO - Processing file /Users/afsaruddinmohammed/state_analysis/.venv/lib/python3.11/site-packages/airflow/example_dags/example_dynamic_task_mapping_with_no_taskflow_operators.py for tasks to queue
[2025-05-25T19:34:25.858-0500] {logging_mixin.py:150} INFO - [2025-05-25T19:34:25.858-0500] {dagbag.py:541} INFO - Filling up the DagBag from /Users/afsaruddinmohammed/state_analysis/.venv/lib/python3.11/site-packages/airflow/example_dags/example_dynamic_task_mapping_with_no_taskflow_operators.py
[2025-05-25T19:34:25.864-0500] {processor.py:836} INFO - DAG(s) dict_keys(['example_dynamic_task_mapping_with_no_taskflow_operators']) retrieved from /Users/afsaruddinmohammed/state_analysis/.venv/lib/python3.11/site-packages/airflow/example_dags/example_dynamic_task_mapping_with_no_taskflow_operators.py
[2025-05-25T19:34:26.172-0500] {logging_mixin.py:150} INFO - [2025-05-25T19:34:26.172-0500] {manager.py:504} INFO - Created Permission View: can delete on DAG:example_dynamic_task_mapping_with_no_taskflow_operators
[2025-05-25T19:34:26.174-0500] {logging_mixin.py:150} INFO - [2025-05-25T19:34:26.174-0500] {manager.py:504} INFO - Created Permission View: can read on DAG:example_dynamic_task_mapping_with_no_taskflow_operators
[2025-05-25T19:34:26.176-0500] {logging_mixin.py:150} INFO - [2025-05-25T19:34:26.176-0500] {manager.py:504} INFO - Created Permission View: can edit on DAG:example_dynamic_task_mapping_with_no_taskflow_operators
[2025-05-25T19:34:26.179-0500] {logging_mixin.py:150} INFO - [2025-05-25T19:34:26.179-0500] {dag.py:2742} INFO - Sync 1 DAGs
[2025-05-25T19:34:26.182-0500] {logging_mixin.py:150} INFO - [2025-05-25T19:34:26.182-0500] {dag.py:2763} INFO - Creating ORM DAG for example_dynamic_task_mapping_with_no_taskflow_operators
[2025-05-25T19:34:26.184-0500] {logging_mixin.py:150} INFO - [2025-05-25T19:34:26.184-0500] {dag.py:3504} INFO - Setting next_dagrun for example_dynamic_task_mapping_with_no_taskflow_operators to 2025-05-25T00:34:26.184591+00:00, run_after=2025-05-26T00:34:26.184591+00:00
[2025-05-25T19:34:26.190-0500] {processor.py:179} INFO - Processing /Users/afsaruddinmohammed/state_analysis/.venv/lib/python3.11/site-packages/airflow/example_dags/example_dynamic_task_mapping_with_no_taskflow_operators.py took 0.334 seconds
[2025-05-25T19:36:01.808-0500] {processor.py:157} INFO - Started process (PID=85456) to work on /Users/afsaruddinmohammed/state_analysis/.venv/lib/python3.11/site-packages/airflow/example_dags/example_dynamic_task_mapping_with_no_taskflow_operators.py
[2025-05-25T19:36:01.810-0500] {processor.py:826} INFO - Processing file /Users/afsaruddinmohammed/state_analysis/.venv/lib/python3.11/site-packages/airflow/example_dags/example_dynamic_task_mapping_with_no_taskflow_operators.py for tasks to queue
[2025-05-25T19:36:01.810-0500] {logging_mixin.py:150} INFO - [2025-05-25T19:36:01.810-0500] {dagbag.py:541} INFO - Filling up the DagBag from /Users/afsaruddinmohammed/state_analysis/.venv/lib/python3.11/site-packages/airflow/example_dags/example_dynamic_task_mapping_with_no_taskflow_operators.py
[2025-05-25T19:36:01.816-0500] {processor.py:836} INFO - DAG(s) dict_keys(['example_dynamic_task_mapping_with_no_taskflow_operators']) retrieved from /Users/afsaruddinmohammed/state_analysis/.venv/lib/python3.11/site-packages/airflow/example_dags/example_dynamic_task_mapping_with_no_taskflow_operators.py
[2025-05-25T19:36:02.095-0500] {logging_mixin.py:150} INFO - [2025-05-25T19:36:02.095-0500] {dag.py:2742} INFO - Sync 1 DAGs
[2025-05-25T19:36:02.101-0500] {logging_mixin.py:150} INFO - [2025-05-25T19:36:02.101-0500] {dag.py:3504} INFO - Setting next_dagrun for example_dynamic_task_mapping_with_no_taskflow_operators to 2025-05-25T00:36:02.101059+00:00, run_after=2025-05-26T00:36:02.101059+00:00
[2025-05-25T19:36:02.106-0500] {processor.py:179} INFO - Processing /Users/afsaruddinmohammed/state_analysis/.venv/lib/python3.11/site-packages/airflow/example_dags/example_dynamic_task_mapping_with_no_taskflow_operators.py took 0.299 seconds
[2025-05-25T19:37:30.629-0500] {processor.py:157} INFO - Started process (PID=85528) to work on /Users/afsaruddinmohammed/state_analysis/.venv/lib/python3.11/site-packages/airflow/example_dags/example_dynamic_task_mapping_with_no_taskflow_operators.py
[2025-05-25T19:37:30.630-0500] {processor.py:826} INFO - Processing file /Users/afsaruddinmohammed/state_analysis/.venv/lib/python3.11/site-packages/airflow/example_dags/example_dynamic_task_mapping_with_no_taskflow_operators.py for tasks to queue
[2025-05-25T19:37:30.630-0500] {logging_mixin.py:150} INFO - [2025-05-25T19:37:30.630-0500] {dagbag.py:541} INFO - Filling up the DagBag from /Users/afsaruddinmohammed/state_analysis/.venv/lib/python3.11/site-packages/airflow/example_dags/example_dynamic_task_mapping_with_no_taskflow_operators.py
[2025-05-25T19:37:30.637-0500] {processor.py:836} INFO - DAG(s) dict_keys(['example_dynamic_task_mapping_with_no_taskflow_operators']) retrieved from /Users/afsaruddinmohammed/state_analysis/.venv/lib/python3.11/site-packages/airflow/example_dags/example_dynamic_task_mapping_with_no_taskflow_operators.py
[2025-05-25T19:37:30.907-0500] {logging_mixin.py:150} INFO - [2025-05-25T19:37:30.907-0500] {dag.py:2742} INFO - Sync 1 DAGs
[2025-05-25T19:37:30.912-0500] {logging_mixin.py:150} INFO - [2025-05-25T19:37:30.912-0500] {dag.py:3504} INFO - Setting next_dagrun for example_dynamic_task_mapping_with_no_taskflow_operators to 2025-05-25T00:37:30.912630+00:00, run_after=2025-05-26T00:37:30.912630+00:00
[2025-05-25T19:37:30.918-0500] {processor.py:179} INFO - Processing /Users/afsaruddinmohammed/state_analysis/.venv/lib/python3.11/site-packages/airflow/example_dags/example_dynamic_task_mapping_with_no_taskflow_operators.py took 0.289 seconds
[2025-05-25T19:39:09.006-0500] {processor.py:157} INFO - Started process (PID=85612) to work on /Users/afsaruddinmohammed/state_analysis/.venv/lib/python3.11/site-packages/airflow/example_dags/example_dynamic_task_mapping_with_no_taskflow_operators.py
[2025-05-25T19:39:09.008-0500] {processor.py:826} INFO - Processing file /Users/afsaruddinmohammed/state_analysis/.venv/lib/python3.11/site-packages/airflow/example_dags/example_dynamic_task_mapping_with_no_taskflow_operators.py for tasks to queue
[2025-05-25T19:39:09.008-0500] {logging_mixin.py:150} INFO - [2025-05-25T19:39:09.008-0500] {dagbag.py:541} INFO - Filling up the DagBag from /Users/afsaruddinmohammed/state_analysis/.venv/lib/python3.11/site-packages/airflow/example_dags/example_dynamic_task_mapping_with_no_taskflow_operators.py
[2025-05-25T19:39:09.014-0500] {processor.py:836} INFO - DAG(s) dict_keys(['example_dynamic_task_mapping_with_no_taskflow_operators']) retrieved from /Users/afsaruddinmohammed/state_analysis/.venv/lib/python3.11/site-packages/airflow/example_dags/example_dynamic_task_mapping_with_no_taskflow_operators.py
[2025-05-25T19:39:09.285-0500] {logging_mixin.py:150} INFO - [2025-05-25T19:39:09.285-0500] {dag.py:2742} INFO - Sync 1 DAGs
[2025-05-25T19:39:09.291-0500] {logging_mixin.py:150} INFO - [2025-05-25T19:39:09.291-0500] {dag.py:3504} INFO - Setting next_dagrun for example_dynamic_task_mapping_with_no_taskflow_operators to 2025-05-25T00:39:09.291321+00:00, run_after=2025-05-26T00:39:09.291321+00:00
[2025-05-25T19:39:09.296-0500] {processor.py:179} INFO - Processing /Users/afsaruddinmohammed/state_analysis/.venv/lib/python3.11/site-packages/airflow/example_dags/example_dynamic_task_mapping_with_no_taskflow_operators.py took 0.291 seconds
[2025-05-25T19:40:40.060-0500] {processor.py:157} INFO - Started process (PID=85672) to work on /Users/afsaruddinmohammed/state_analysis/.venv/lib/python3.11/site-packages/airflow/example_dags/example_dynamic_task_mapping_with_no_taskflow_operators.py
[2025-05-25T19:40:40.062-0500] {processor.py:826} INFO - Processing file /Users/afsaruddinmohammed/state_analysis/.venv/lib/python3.11/site-packages/airflow/example_dags/example_dynamic_task_mapping_with_no_taskflow_operators.py for tasks to queue
[2025-05-25T19:40:40.062-0500] {logging_mixin.py:150} INFO - [2025-05-25T19:40:40.062-0500] {dagbag.py:541} INFO - Filling up the DagBag from /Users/afsaruddinmohammed/state_analysis/.venv/lib/python3.11/site-packages/airflow/example_dags/example_dynamic_task_mapping_with_no_taskflow_operators.py
[2025-05-25T19:40:40.068-0500] {processor.py:836} INFO - DAG(s) dict_keys(['example_dynamic_task_mapping_with_no_taskflow_operators']) retrieved from /Users/afsaruddinmohammed/state_analysis/.venv/lib/python3.11/site-packages/airflow/example_dags/example_dynamic_task_mapping_with_no_taskflow_operators.py
[2025-05-25T19:40:40.332-0500] {logging_mixin.py:150} INFO - [2025-05-25T19:40:40.332-0500] {dag.py:2742} INFO - Sync 1 DAGs
[2025-05-25T19:40:40.337-0500] {logging_mixin.py:150} INFO - [2025-05-25T19:40:40.337-0500] {dag.py:3504} INFO - Setting next_dagrun for example_dynamic_task_mapping_with_no_taskflow_operators to 2025-05-25T00:40:40.337721+00:00, run_after=2025-05-26T00:40:40.337721+00:00
[2025-05-25T19:40:40.343-0500] {processor.py:179} INFO - Processing /Users/afsaruddinmohammed/state_analysis/.venv/lib/python3.11/site-packages/airflow/example_dags/example_dynamic_task_mapping_with_no_taskflow_operators.py took 0.283 seconds
