[2025-05-25T19:34:05.797-0500] {processor.py:157} INFO - Started process (PID=85363) to work on /Users/afsaruddinmohammed/state_analysis/.venv/lib/python3.11/site-packages/airflow/example_dags/example_sensor_decorator.py
[2025-05-25T19:34:05.798-0500] {processor.py:826} INFO - Processing file /Users/afsaruddinmohammed/state_analysis/.venv/lib/python3.11/site-packages/airflow/example_dags/example_sensor_decorator.py for tasks to queue
[2025-05-25T19:34:05.798-0500] {logging_mixin.py:150} INFO - [2025-05-25T19:34:05.798-0500] {dagbag.py:541} INFO - Filling up the DagBag from /Users/afsaruddinmohammed/state_analysis/.venv/lib/python3.11/site-packages/airflow/example_dags/example_sensor_decorator.py
[2025-05-25T19:34:05.829-0500] {processor.py:836} INFO - DAG(s) dict_keys(['example_sensor_decorator']) retrieved from /Users/afsaruddinmohammed/state_analysis/.venv/lib/python3.11/site-packages/airflow/example_dags/example_sensor_decorator.py
[2025-05-25T19:34:06.099-0500] {logging_mixin.py:150} INFO - [2025-05-25T19:34:06.099-0500] {manager.py:504} INFO - Created Permission View: can delete on DAG:example_sensor_decorator
[2025-05-25T19:34:06.102-0500] {logging_mixin.py:150} INFO - [2025-05-25T19:34:06.102-0500] {manager.py:504} INFO - Created Permission View: can read on DAG:example_sensor_decorator
[2025-05-25T19:34:06.103-0500] {logging_mixin.py:150} INFO - [2025-05-25T19:34:06.103-0500] {manager.py:504} INFO - Created Permission View: can edit on DAG:example_sensor_decorator
[2025-05-25T19:34:06.106-0500] {logging_mixin.py:150} INFO - [2025-05-25T19:34:06.106-0500] {dag.py:2742} INFO - Sync 1 DAGs
[2025-05-25T19:34:06.108-0500] {logging_mixin.py:150} INFO - [2025-05-25T19:34:06.108-0500] {dag.py:2763} INFO - Creating ORM DAG for example_sensor_decorator
[2025-05-25T19:34:06.110-0500] {logging_mixin.py:150} INFO - [2025-05-25T19:34:06.110-0500] {dag.py:3504} INFO - Setting next_dagrun for example_sensor_decorator to None, run_after=None
[2025-05-25T19:34:06.116-0500] {processor.py:179} INFO - Processing /Users/afsaruddinmohammed/state_analysis/.venv/lib/python3.11/site-packages/airflow/example_dags/example_sensor_decorator.py took 0.319 seconds
[2025-05-25T19:35:25.631-0500] {processor.py:157} INFO - Started process (PID=85428) to work on /Users/afsaruddinmohammed/state_analysis/.venv/lib/python3.11/site-packages/airflow/example_dags/example_sensor_decorator.py
[2025-05-25T19:35:25.633-0500] {processor.py:826} INFO - Processing file /Users/afsaruddinmohammed/state_analysis/.venv/lib/python3.11/site-packages/airflow/example_dags/example_sensor_decorator.py for tasks to queue
[2025-05-25T19:35:25.633-0500] {logging_mixin.py:150} INFO - [2025-05-25T19:35:25.633-0500] {dagbag.py:541} INFO - Filling up the DagBag from /Users/afsaruddinmohammed/state_analysis/.venv/lib/python3.11/site-packages/airflow/example_dags/example_sensor_decorator.py
[2025-05-25T19:35:25.663-0500] {processor.py:836} INFO - DAG(s) dict_keys(['example_sensor_decorator']) retrieved from /Users/afsaruddinmohammed/state_analysis/.venv/lib/python3.11/site-packages/airflow/example_dags/example_sensor_decorator.py
[2025-05-25T19:35:25.914-0500] {logging_mixin.py:150} INFO - [2025-05-25T19:35:25.914-0500] {dag.py:2742} INFO - Sync 1 DAGs
[2025-05-25T19:35:25.919-0500] {logging_mixin.py:150} INFO - [2025-05-25T19:35:25.919-0500] {dag.py:3504} INFO - Setting next_dagrun for example_sensor_decorator to None, run_after=None
[2025-05-25T19:35:25.926-0500] {processor.py:179} INFO - Processing /Users/afsaruddinmohammed/state_analysis/.venv/lib/python3.11/site-packages/airflow/example_dags/example_sensor_decorator.py took 0.296 seconds
[2025-05-25T19:36:56.490-0500] {processor.py:157} INFO - Started process (PID=85493) to work on /Users/afsaruddinmohammed/state_analysis/.venv/lib/python3.11/site-packages/airflow/example_dags/example_sensor_decorator.py
[2025-05-25T19:36:56.491-0500] {processor.py:826} INFO - Processing file /Users/afsaruddinmohammed/state_analysis/.venv/lib/python3.11/site-packages/airflow/example_dags/example_sensor_decorator.py for tasks to queue
[2025-05-25T19:36:56.492-0500] {logging_mixin.py:150} INFO - [2025-05-25T19:36:56.492-0500] {dagbag.py:541} INFO - Filling up the DagBag from /Users/afsaruddinmohammed/state_analysis/.venv/lib/python3.11/site-packages/airflow/example_dags/example_sensor_decorator.py
[2025-05-25T19:36:56.521-0500] {processor.py:836} INFO - DAG(s) dict_keys(['example_sensor_decorator']) retrieved from /Users/afsaruddinmohammed/state_analysis/.venv/lib/python3.11/site-packages/airflow/example_dags/example_sensor_decorator.py
[2025-05-25T19:36:56.776-0500] {logging_mixin.py:150} INFO - [2025-05-25T19:36:56.776-0500] {dag.py:2742} INFO - Sync 1 DAGs
[2025-05-25T19:36:56.781-0500] {logging_mixin.py:150} INFO - [2025-05-25T19:36:56.781-0500] {dag.py:3504} INFO - Setting next_dagrun for example_sensor_decorator to None, run_after=None
[2025-05-25T19:36:56.786-0500] {processor.py:179} INFO - Processing /Users/afsaruddinmohammed/state_analysis/.venv/lib/python3.11/site-packages/airflow/example_dags/example_sensor_decorator.py took 0.297 seconds
[2025-05-25T19:38:28.586-0500] {processor.py:157} INFO - Started process (PID=85581) to work on /Users/afsaruddinmohammed/state_analysis/.venv/lib/python3.11/site-packages/airflow/example_dags/example_sensor_decorator.py
[2025-05-25T19:38:28.588-0500] {processor.py:826} INFO - Processing file /Users/afsaruddinmohammed/state_analysis/.venv/lib/python3.11/site-packages/airflow/example_dags/example_sensor_decorator.py for tasks to queue
[2025-05-25T19:38:28.588-0500] {logging_mixin.py:150} INFO - [2025-05-25T19:38:28.588-0500] {dagbag.py:541} INFO - Filling up the DagBag from /Users/afsaruddinmohammed/state_analysis/.venv/lib/python3.11/site-packages/airflow/example_dags/example_sensor_decorator.py
[2025-05-25T19:38:28.619-0500] {processor.py:836} INFO - DAG(s) dict_keys(['example_sensor_decorator']) retrieved from /Users/afsaruddinmohammed/state_analysis/.venv/lib/python3.11/site-packages/airflow/example_dags/example_sensor_decorator.py
[2025-05-25T19:38:28.887-0500] {logging_mixin.py:150} INFO - [2025-05-25T19:38:28.887-0500] {dag.py:2742} INFO - Sync 1 DAGs
[2025-05-25T19:38:28.892-0500] {logging_mixin.py:150} INFO - [2025-05-25T19:38:28.892-0500] {dag.py:3504} INFO - Setting next_dagrun for example_sensor_decorator to None, run_after=None
[2025-05-25T19:38:28.898-0500] {processor.py:179} INFO - Processing /Users/afsaruddinmohammed/state_analysis/.venv/lib/python3.11/site-packages/airflow/example_dags/example_sensor_decorator.py took 0.313 seconds
[2025-05-25T19:40:03.072-0500] {processor.py:157} INFO - Started process (PID=85648) to work on /Users/afsaruddinmohammed/state_analysis/.venv/lib/python3.11/site-packages/airflow/example_dags/example_sensor_decorator.py
[2025-05-25T19:40:03.073-0500] {processor.py:826} INFO - Processing file /Users/afsaruddinmohammed/state_analysis/.venv/lib/python3.11/site-packages/airflow/example_dags/example_sensor_decorator.py for tasks to queue
[2025-05-25T19:40:03.074-0500] {logging_mixin.py:150} INFO - [2025-05-25T19:40:03.074-0500] {dagbag.py:541} INFO - Filling up the DagBag from /Users/afsaruddinmohammed/state_analysis/.venv/lib/python3.11/site-packages/airflow/example_dags/example_sensor_decorator.py
[2025-05-25T19:40:03.104-0500] {processor.py:836} INFO - DAG(s) dict_keys(['example_sensor_decorator']) retrieved from /Users/afsaruddinmohammed/state_analysis/.venv/lib/python3.11/site-packages/airflow/example_dags/example_sensor_decorator.py
[2025-05-25T19:40:03.382-0500] {logging_mixin.py:150} INFO - [2025-05-25T19:40:03.382-0500] {dag.py:2742} INFO - Sync 1 DAGs
[2025-05-25T19:40:03.387-0500] {logging_mixin.py:150} INFO - [2025-05-25T19:40:03.387-0500] {dag.py:3504} INFO - Setting next_dagrun for example_sensor_decorator to None, run_after=None
[2025-05-25T19:40:03.392-0500] {processor.py:179} INFO - Processing /Users/afsaruddinmohammed/state_analysis/.venv/lib/python3.11/site-packages/airflow/example_dags/example_sensor_decorator.py took 0.321 seconds
[2025-05-25T19:41:39.140-0500] {processor.py:157} INFO - Started process (PID=85721) to work on /Users/afsaruddinmohammed/state_analysis/.venv/lib/python3.11/site-packages/airflow/example_dags/example_sensor_decorator.py
[2025-05-25T19:41:39.142-0500] {processor.py:826} INFO - Processing file /Users/afsaruddinmohammed/state_analysis/.venv/lib/python3.11/site-packages/airflow/example_dags/example_sensor_decorator.py for tasks to queue
[2025-05-25T19:41:39.142-0500] {logging_mixin.py:150} INFO - [2025-05-25T19:41:39.142-0500] {dagbag.py:541} INFO - Filling up the DagBag from /Users/afsaruddinmohammed/state_analysis/.venv/lib/python3.11/site-packages/airflow/example_dags/example_sensor_decorator.py
[2025-05-25T19:41:39.172-0500] {processor.py:836} INFO - DAG(s) dict_keys(['example_sensor_decorator']) retrieved from /Users/afsaruddinmohammed/state_analysis/.venv/lib/python3.11/site-packages/airflow/example_dags/example_sensor_decorator.py
[2025-05-25T19:41:39.461-0500] {logging_mixin.py:150} INFO - [2025-05-25T19:41:39.461-0500] {dag.py:2742} INFO - Sync 1 DAGs
[2025-05-25T19:41:39.467-0500] {logging_mixin.py:150} INFO - [2025-05-25T19:41:39.467-0500] {dag.py:3504} INFO - Setting next_dagrun for example_sensor_decorator to None, run_after=None
[2025-05-25T19:41:39.475-0500] {processor.py:179} INFO - Processing /Users/afsaruddinmohammed/state_analysis/.venv/lib/python3.11/site-packages/airflow/example_dags/example_sensor_decorator.py took 0.336 seconds
