[2025-05-25T19:34:27.686-0500] {processor.py:157} INFO - Started process (PID=85391) to work on /Users/afsaruddinmohammed/state_analysis/.venv/lib/python3.11/site-packages/airflow/example_dags/example_dynamic_task_mapping.py
[2025-05-25T19:34:27.687-0500] {processor.py:826} INFO - Processing file /Users/afsaruddinmohammed/state_analysis/.venv/lib/python3.11/site-packages/airflow/example_dags/example_dynamic_task_mapping.py for tasks to queue
[2025-05-25T19:34:27.687-0500] {logging_mixin.py:150} INFO - [2025-05-25T19:34:27.687-0500] {dagbag.py:541} INFO - Filling up the DagBag from /Users/afsaruddinmohammed/state_analysis/.venv/lib/python3.11/site-packages/airflow/example_dags/example_dynamic_task_mapping.py
[2025-05-25T19:34:27.717-0500] {processor.py:836} INFO - DAG(s) dict_keys(['example_dynamic_task_mapping']) retrieved from /Users/afsaruddinmohammed/state_analysis/.venv/lib/python3.11/site-packages/airflow/example_dags/example_dynamic_task_mapping.py
[2025-05-25T19:34:28.003-0500] {logging_mixin.py:150} INFO - [2025-05-25T19:34:28.003-0500] {manager.py:504} INFO - Created Permission View: can read on DAG:example_dynamic_task_mapping
[2025-05-25T19:34:28.006-0500] {logging_mixin.py:150} INFO - [2025-05-25T19:34:28.006-0500] {manager.py:504} INFO - Created Permission View: can edit on DAG:example_dynamic_task_mapping
[2025-05-25T19:34:28.007-0500] {logging_mixin.py:150} INFO - [2025-05-25T19:34:28.007-0500] {manager.py:504} INFO - Created Permission View: can delete on DAG:example_dynamic_task_mapping
[2025-05-25T19:34:28.010-0500] {logging_mixin.py:150} INFO - [2025-05-25T19:34:28.010-0500] {dag.py:2742} INFO - Sync 1 DAGs
[2025-05-25T19:34:28.013-0500] {logging_mixin.py:150} INFO - [2025-05-25T19:34:28.013-0500] {dag.py:2763} INFO - Creating ORM DAG for example_dynamic_task_mapping
[2025-05-25T19:34:28.015-0500] {logging_mixin.py:150} INFO - [2025-05-25T19:34:28.015-0500] {dag.py:3504} INFO - Setting next_dagrun for example_dynamic_task_mapping to 2022-03-04T00:00:00+00:00, run_after=2022-03-05T00:00:00+00:00
[2025-05-25T19:34:28.020-0500] {processor.py:179} INFO - Processing /Users/afsaruddinmohammed/state_analysis/.venv/lib/python3.11/site-packages/airflow/example_dags/example_dynamic_task_mapping.py took 0.334 seconds
[2025-05-25T19:36:03.094-0500] {processor.py:157} INFO - Started process (PID=85457) to work on /Users/afsaruddinmohammed/state_analysis/.venv/lib/python3.11/site-packages/airflow/example_dags/example_dynamic_task_mapping.py
[2025-05-25T19:36:03.096-0500] {processor.py:826} INFO - Processing file /Users/afsaruddinmohammed/state_analysis/.venv/lib/python3.11/site-packages/airflow/example_dags/example_dynamic_task_mapping.py for tasks to queue
[2025-05-25T19:36:03.096-0500] {logging_mixin.py:150} INFO - [2025-05-25T19:36:03.096-0500] {dagbag.py:541} INFO - Filling up the DagBag from /Users/afsaruddinmohammed/state_analysis/.venv/lib/python3.11/site-packages/airflow/example_dags/example_dynamic_task_mapping.py
[2025-05-25T19:36:03.129-0500] {processor.py:836} INFO - DAG(s) dict_keys(['example_dynamic_task_mapping']) retrieved from /Users/afsaruddinmohammed/state_analysis/.venv/lib/python3.11/site-packages/airflow/example_dags/example_dynamic_task_mapping.py
[2025-05-25T19:36:03.398-0500] {logging_mixin.py:150} INFO - [2025-05-25T19:36:03.398-0500] {dag.py:2742} INFO - Sync 1 DAGs
[2025-05-25T19:36:03.403-0500] {logging_mixin.py:150} INFO - [2025-05-25T19:36:03.403-0500] {dag.py:3504} INFO - Setting next_dagrun for example_dynamic_task_mapping to 2022-03-04T00:00:00+00:00, run_after=2022-03-05T00:00:00+00:00
[2025-05-25T19:36:03.409-0500] {processor.py:179} INFO - Processing /Users/afsaruddinmohammed/state_analysis/.venv/lib/python3.11/site-packages/airflow/example_dags/example_dynamic_task_mapping.py took 0.316 seconds
[2025-05-25T19:37:32.401-0500] {processor.py:157} INFO - Started process (PID=85532) to work on /Users/afsaruddinmohammed/state_analysis/.venv/lib/python3.11/site-packages/airflow/example_dags/example_dynamic_task_mapping.py
[2025-05-25T19:37:32.403-0500] {processor.py:826} INFO - Processing file /Users/afsaruddinmohammed/state_analysis/.venv/lib/python3.11/site-packages/airflow/example_dags/example_dynamic_task_mapping.py for tasks to queue
[2025-05-25T19:37:32.403-0500] {logging_mixin.py:150} INFO - [2025-05-25T19:37:32.403-0500] {dagbag.py:541} INFO - Filling up the DagBag from /Users/afsaruddinmohammed/state_analysis/.venv/lib/python3.11/site-packages/airflow/example_dags/example_dynamic_task_mapping.py
[2025-05-25T19:37:32.433-0500] {processor.py:836} INFO - DAG(s) dict_keys(['example_dynamic_task_mapping']) retrieved from /Users/afsaruddinmohammed/state_analysis/.venv/lib/python3.11/site-packages/airflow/example_dags/example_dynamic_task_mapping.py
[2025-05-25T19:37:32.683-0500] {logging_mixin.py:150} INFO - [2025-05-25T19:37:32.683-0500] {dag.py:2742} INFO - Sync 1 DAGs
[2025-05-25T19:37:32.688-0500] {logging_mixin.py:150} INFO - [2025-05-25T19:37:32.688-0500] {dag.py:3504} INFO - Setting next_dagrun for example_dynamic_task_mapping to 2022-03-04T00:00:00+00:00, run_after=2022-03-05T00:00:00+00:00
[2025-05-25T19:37:32.693-0500] {processor.py:179} INFO - Processing /Users/afsaruddinmohammed/state_analysis/.venv/lib/python3.11/site-packages/airflow/example_dags/example_dynamic_task_mapping.py took 0.292 seconds
[2025-05-25T19:39:10.788-0500] {processor.py:157} INFO - Started process (PID=85614) to work on /Users/afsaruddinmohammed/state_analysis/.venv/lib/python3.11/site-packages/airflow/example_dags/example_dynamic_task_mapping.py
[2025-05-25T19:39:10.790-0500] {processor.py:826} INFO - Processing file /Users/afsaruddinmohammed/state_analysis/.venv/lib/python3.11/site-packages/airflow/example_dags/example_dynamic_task_mapping.py for tasks to queue
[2025-05-25T19:39:10.790-0500] {logging_mixin.py:150} INFO - [2025-05-25T19:39:10.790-0500] {dagbag.py:541} INFO - Filling up the DagBag from /Users/afsaruddinmohammed/state_analysis/.venv/lib/python3.11/site-packages/airflow/example_dags/example_dynamic_task_mapping.py
[2025-05-25T19:39:10.819-0500] {processor.py:836} INFO - DAG(s) dict_keys(['example_dynamic_task_mapping']) retrieved from /Users/afsaruddinmohammed/state_analysis/.venv/lib/python3.11/site-packages/airflow/example_dags/example_dynamic_task_mapping.py
[2025-05-25T19:39:11.134-0500] {logging_mixin.py:150} INFO - [2025-05-25T19:39:11.134-0500] {dag.py:2742} INFO - Sync 1 DAGs
[2025-05-25T19:39:11.139-0500] {logging_mixin.py:150} INFO - [2025-05-25T19:39:11.139-0500] {dag.py:3504} INFO - Setting next_dagrun for example_dynamic_task_mapping to 2022-03-04T00:00:00+00:00, run_after=2022-03-05T00:00:00+00:00
[2025-05-25T19:39:11.145-0500] {processor.py:179} INFO - Processing /Users/afsaruddinmohammed/state_analysis/.venv/lib/python3.11/site-packages/airflow/example_dags/example_dynamic_task_mapping.py took 0.357 seconds
[2025-05-25T19:40:41.825-0500] {processor.py:157} INFO - Started process (PID=85673) to work on /Users/afsaruddinmohammed/state_analysis/.venv/lib/python3.11/site-packages/airflow/example_dags/example_dynamic_task_mapping.py
[2025-05-25T19:40:41.827-0500] {processor.py:826} INFO - Processing file /Users/afsaruddinmohammed/state_analysis/.venv/lib/python3.11/site-packages/airflow/example_dags/example_dynamic_task_mapping.py for tasks to queue
[2025-05-25T19:40:41.827-0500] {logging_mixin.py:150} INFO - [2025-05-25T19:40:41.827-0500] {dagbag.py:541} INFO - Filling up the DagBag from /Users/afsaruddinmohammed/state_analysis/.venv/lib/python3.11/site-packages/airflow/example_dags/example_dynamic_task_mapping.py
[2025-05-25T19:40:41.856-0500] {processor.py:836} INFO - DAG(s) dict_keys(['example_dynamic_task_mapping']) retrieved from /Users/afsaruddinmohammed/state_analysis/.venv/lib/python3.11/site-packages/airflow/example_dags/example_dynamic_task_mapping.py
[2025-05-25T19:40:42.117-0500] {logging_mixin.py:150} INFO - [2025-05-25T19:40:42.116-0500] {dag.py:2742} INFO - Sync 1 DAGs
[2025-05-25T19:40:42.122-0500] {logging_mixin.py:150} INFO - [2025-05-25T19:40:42.121-0500] {dag.py:3504} INFO - Setting next_dagrun for example_dynamic_task_mapping to 2022-03-04T00:00:00+00:00, run_after=2022-03-05T00:00:00+00:00
[2025-05-25T19:40:42.127-0500] {processor.py:179} INFO - Processing /Users/afsaruddinmohammed/state_analysis/.venv/lib/python3.11/site-packages/airflow/example_dags/example_dynamic_task_mapping.py took 0.303 seconds
