[2025-05-25T19:34:31.736-0500] {processor.py:157} INFO - Started process (PID=85394) to work on /Users/afsaruddinmohammed/state_analysis/.venv/lib/python3.11/site-packages/airflow/example_dags/example_dag_decorator.py
[2025-05-25T19:34:31.737-0500] {processor.py:826} INFO - Processing file /Users/afsaruddinmohammed/state_analysis/.venv/lib/python3.11/site-packages/airflow/example_dags/example_dag_decorator.py for tasks to queue
[2025-05-25T19:34:31.738-0500] {logging_mixin.py:150} INFO - [2025-05-25T19:34:31.738-0500] {dagbag.py:541} INFO - Filling up the DagBag from /Users/afsaruddinmohammed/state_analysis/.venv/lib/python3.11/site-packages/airflow/example_dags/example_dag_decorator.py
[2025-05-25T19:34:31.831-0500] {processor.py:836} INFO - DAG(s) dict_keys(['example_dag_decorator']) retrieved from /Users/afsaruddinmohammed/state_analysis/.venv/lib/python3.11/site-packages/airflow/example_dags/example_dag_decorator.py
[2025-05-25T19:34:32.052-0500] {logging_mixin.py:150} INFO - [2025-05-25T19:34:32.052-0500] {manager.py:504} INFO - Created Permission View: can edit on DAG:example_dag_decorator
[2025-05-25T19:34:32.055-0500] {logging_mixin.py:150} INFO - [2025-05-25T19:34:32.055-0500] {manager.py:504} INFO - Created Permission View: can delete on DAG:example_dag_decorator
[2025-05-25T19:34:32.056-0500] {logging_mixin.py:150} INFO - [2025-05-25T19:34:32.056-0500] {manager.py:504} INFO - Created Permission View: can read on DAG:example_dag_decorator
[2025-05-25T19:34:32.059-0500] {logging_mixin.py:150} INFO - [2025-05-25T19:34:32.059-0500] {dag.py:2742} INFO - Sync 1 DAGs
[2025-05-25T19:34:32.062-0500] {logging_mixin.py:150} INFO - [2025-05-25T19:34:32.062-0500] {dag.py:2763} INFO - Creating ORM DAG for example_dag_decorator
[2025-05-25T19:34:32.064-0500] {logging_mixin.py:150} INFO - [2025-05-25T19:34:32.064-0500] {dag.py:3504} INFO - Setting next_dagrun for example_dag_decorator to None, run_after=None
[2025-05-25T19:34:32.069-0500] {processor.py:179} INFO - Processing /Users/afsaruddinmohammed/state_analysis/.venv/lib/python3.11/site-packages/airflow/example_dags/example_dag_decorator.py took 0.334 seconds
[2025-05-25T19:36:06.706-0500] {processor.py:157} INFO - Started process (PID=85459) to work on /Users/afsaruddinmohammed/state_analysis/.venv/lib/python3.11/site-packages/airflow/example_dags/example_dag_decorator.py
[2025-05-25T19:36:06.708-0500] {processor.py:826} INFO - Processing file /Users/afsaruddinmohammed/state_analysis/.venv/lib/python3.11/site-packages/airflow/example_dags/example_dag_decorator.py for tasks to queue
[2025-05-25T19:36:06.708-0500] {logging_mixin.py:150} INFO - [2025-05-25T19:36:06.708-0500] {dagbag.py:541} INFO - Filling up the DagBag from /Users/afsaruddinmohammed/state_analysis/.venv/lib/python3.11/site-packages/airflow/example_dags/example_dag_decorator.py
[2025-05-25T19:36:06.798-0500] {processor.py:836} INFO - DAG(s) dict_keys(['example_dag_decorator']) retrieved from /Users/afsaruddinmohammed/state_analysis/.venv/lib/python3.11/site-packages/airflow/example_dags/example_dag_decorator.py
[2025-05-25T19:36:07.038-0500] {logging_mixin.py:150} INFO - [2025-05-25T19:36:07.038-0500] {dag.py:2742} INFO - Sync 1 DAGs
[2025-05-25T19:36:07.043-0500] {logging_mixin.py:150} INFO - [2025-05-25T19:36:07.043-0500] {dag.py:3504} INFO - Setting next_dagrun for example_dag_decorator to None, run_after=None
[2025-05-25T19:36:07.049-0500] {processor.py:179} INFO - Processing /Users/afsaruddinmohammed/state_analysis/.venv/lib/python3.11/site-packages/airflow/example_dags/example_dag_decorator.py took 0.343 seconds
[2025-05-25T19:37:35.963-0500] {processor.py:157} INFO - Started process (PID=85534) to work on /Users/afsaruddinmohammed/state_analysis/.venv/lib/python3.11/site-packages/airflow/example_dags/example_dag_decorator.py
[2025-05-25T19:37:35.966-0500] {processor.py:826} INFO - Processing file /Users/afsaruddinmohammed/state_analysis/.venv/lib/python3.11/site-packages/airflow/example_dags/example_dag_decorator.py for tasks to queue
[2025-05-25T19:37:35.966-0500] {logging_mixin.py:150} INFO - [2025-05-25T19:37:35.966-0500] {dagbag.py:541} INFO - Filling up the DagBag from /Users/afsaruddinmohammed/state_analysis/.venv/lib/python3.11/site-packages/airflow/example_dags/example_dag_decorator.py
[2025-05-25T19:37:36.056-0500] {processor.py:836} INFO - DAG(s) dict_keys(['example_dag_decorator']) retrieved from /Users/afsaruddinmohammed/state_analysis/.venv/lib/python3.11/site-packages/airflow/example_dags/example_dag_decorator.py
[2025-05-25T19:37:36.304-0500] {logging_mixin.py:150} INFO - [2025-05-25T19:37:36.304-0500] {dag.py:2742} INFO - Sync 1 DAGs
[2025-05-25T19:37:36.309-0500] {logging_mixin.py:150} INFO - [2025-05-25T19:37:36.309-0500] {dag.py:3504} INFO - Setting next_dagrun for example_dag_decorator to None, run_after=None
[2025-05-25T19:37:36.315-0500] {processor.py:179} INFO - Processing /Users/afsaruddinmohammed/state_analysis/.venv/lib/python3.11/site-packages/airflow/example_dags/example_dag_decorator.py took 0.351 seconds
[2025-05-25T19:39:14.410-0500] {processor.py:157} INFO - Started process (PID=85616) to work on /Users/afsaruddinmohammed/state_analysis/.venv/lib/python3.11/site-packages/airflow/example_dags/example_dag_decorator.py
[2025-05-25T19:39:14.412-0500] {processor.py:826} INFO - Processing file /Users/afsaruddinmohammed/state_analysis/.venv/lib/python3.11/site-packages/airflow/example_dags/example_dag_decorator.py for tasks to queue
[2025-05-25T19:39:14.412-0500] {logging_mixin.py:150} INFO - [2025-05-25T19:39:14.412-0500] {dagbag.py:541} INFO - Filling up the DagBag from /Users/afsaruddinmohammed/state_analysis/.venv/lib/python3.11/site-packages/airflow/example_dags/example_dag_decorator.py
[2025-05-25T19:39:14.502-0500] {processor.py:836} INFO - DAG(s) dict_keys(['example_dag_decorator']) retrieved from /Users/afsaruddinmohammed/state_analysis/.venv/lib/python3.11/site-packages/airflow/example_dags/example_dag_decorator.py
[2025-05-25T19:39:14.741-0500] {logging_mixin.py:150} INFO - [2025-05-25T19:39:14.741-0500] {dag.py:2742} INFO - Sync 1 DAGs
[2025-05-25T19:39:14.746-0500] {logging_mixin.py:150} INFO - [2025-05-25T19:39:14.746-0500] {dag.py:3504} INFO - Setting next_dagrun for example_dag_decorator to None, run_after=None
[2025-05-25T19:39:14.752-0500] {processor.py:179} INFO - Processing /Users/afsaruddinmohammed/state_analysis/.venv/lib/python3.11/site-packages/airflow/example_dags/example_dag_decorator.py took 0.342 seconds
[2025-05-25T19:40:45.443-0500] {processor.py:157} INFO - Started process (PID=85675) to work on /Users/afsaruddinmohammed/state_analysis/.venv/lib/python3.11/site-packages/airflow/example_dags/example_dag_decorator.py
[2025-05-25T19:40:45.445-0500] {processor.py:826} INFO - Processing file /Users/afsaruddinmohammed/state_analysis/.venv/lib/python3.11/site-packages/airflow/example_dags/example_dag_decorator.py for tasks to queue
[2025-05-25T19:40:45.445-0500] {logging_mixin.py:150} INFO - [2025-05-25T19:40:45.445-0500] {dagbag.py:541} INFO - Filling up the DagBag from /Users/afsaruddinmohammed/state_analysis/.venv/lib/python3.11/site-packages/airflow/example_dags/example_dag_decorator.py
[2025-05-25T19:40:45.540-0500] {processor.py:836} INFO - DAG(s) dict_keys(['example_dag_decorator']) retrieved from /Users/afsaruddinmohammed/state_analysis/.venv/lib/python3.11/site-packages/airflow/example_dags/example_dag_decorator.py
[2025-05-25T19:40:45.798-0500] {logging_mixin.py:150} INFO - [2025-05-25T19:40:45.798-0500] {dag.py:2742} INFO - Sync 1 DAGs
[2025-05-25T19:40:45.803-0500] {logging_mixin.py:150} INFO - [2025-05-25T19:40:45.803-0500] {dag.py:3504} INFO - Setting next_dagrun for example_dag_decorator to None, run_after=None
[2025-05-25T19:40:45.809-0500] {processor.py:179} INFO - Processing /Users/afsaruddinmohammed/state_analysis/.venv/lib/python3.11/site-packages/airflow/example_dags/example_dag_decorator.py took 0.366 seconds
