[2025-05-25T19:34:11.280-0500] {processor.py:157} INFO - Started process (PID=85366) to work on /Users/afsaruddinmohammed/state_analysis/.venv/lib/python3.11/site-packages/airflow/example_dags/example_params_ui_tutorial.py
[2025-05-25T19:34:11.282-0500] {processor.py:826} INFO - Processing file /Users/afsaruddinmohammed/state_analysis/.venv/lib/python3.11/site-packages/airflow/example_dags/example_params_ui_tutorial.py for tasks to queue
[2025-05-25T19:34:11.282-0500] {logging_mixin.py:150} INFO - [2025-05-25T19:34:11.282-0500] {dagbag.py:541} INFO - Filling up the DagBag from /Users/afsaruddinmohammed/state_analysis/.venv/lib/python3.11/site-packages/airflow/example_dags/example_params_ui_tutorial.py
[2025-05-25T19:34:11.333-0500] {processor.py:836} INFO - DAG(s) dict_keys(['example_params_ui_tutorial']) retrieved from /Users/afsaruddinmohammed/state_analysis/.venv/lib/python3.11/site-packages/airflow/example_dags/example_params_ui_tutorial.py
[2025-05-25T19:34:11.616-0500] {logging_mixin.py:150} INFO - [2025-05-25T19:34:11.616-0500] {manager.py:504} INFO - Created Permission View: can delete on DAG:example_params_ui_tutorial
[2025-05-25T19:34:11.619-0500] {logging_mixin.py:150} INFO - [2025-05-25T19:34:11.619-0500] {manager.py:504} INFO - Created Permission View: can read on DAG:example_params_ui_tutorial
[2025-05-25T19:34:11.621-0500] {logging_mixin.py:150} INFO - [2025-05-25T19:34:11.621-0500] {manager.py:504} INFO - Created Permission View: can edit on DAG:example_params_ui_tutorial
[2025-05-25T19:34:11.624-0500] {logging_mixin.py:150} INFO - [2025-05-25T19:34:11.623-0500] {dag.py:2742} INFO - Sync 1 DAGs
[2025-05-25T19:34:11.626-0500] {logging_mixin.py:150} INFO - [2025-05-25T19:34:11.626-0500] {dag.py:2763} INFO - Creating ORM DAG for example_params_ui_tutorial
[2025-05-25T19:34:11.628-0500] {logging_mixin.py:150} INFO - [2025-05-25T19:34:11.628-0500] {dag.py:3504} INFO - Setting next_dagrun for example_params_ui_tutorial to None, run_after=None
[2025-05-25T19:34:11.634-0500] {processor.py:179} INFO - Processing /Users/afsaruddinmohammed/state_analysis/.venv/lib/python3.11/site-packages/airflow/example_dags/example_params_ui_tutorial.py took 0.354 seconds
[2025-05-25T19:35:30.185-0500] {processor.py:157} INFO - Started process (PID=85431) to work on /Users/afsaruddinmohammed/state_analysis/.venv/lib/python3.11/site-packages/airflow/example_dags/example_params_ui_tutorial.py
[2025-05-25T19:35:30.187-0500] {processor.py:826} INFO - Processing file /Users/afsaruddinmohammed/state_analysis/.venv/lib/python3.11/site-packages/airflow/example_dags/example_params_ui_tutorial.py for tasks to queue
[2025-05-25T19:35:30.187-0500] {logging_mixin.py:150} INFO - [2025-05-25T19:35:30.187-0500] {dagbag.py:541} INFO - Filling up the DagBag from /Users/afsaruddinmohammed/state_analysis/.venv/lib/python3.11/site-packages/airflow/example_dags/example_params_ui_tutorial.py
[2025-05-25T19:35:30.236-0500] {processor.py:836} INFO - DAG(s) dict_keys(['example_params_ui_tutorial']) retrieved from /Users/afsaruddinmohammed/state_analysis/.venv/lib/python3.11/site-packages/airflow/example_dags/example_params_ui_tutorial.py
[2025-05-25T19:35:30.510-0500] {logging_mixin.py:150} INFO - [2025-05-25T19:35:30.510-0500] {dag.py:2742} INFO - Sync 1 DAGs
[2025-05-25T19:35:30.515-0500] {logging_mixin.py:150} INFO - [2025-05-25T19:35:30.515-0500] {dag.py:3504} INFO - Setting next_dagrun for example_params_ui_tutorial to None, run_after=None
[2025-05-25T19:35:30.520-0500] {processor.py:179} INFO - Processing /Users/afsaruddinmohammed/state_analysis/.venv/lib/python3.11/site-packages/airflow/example_dags/example_params_ui_tutorial.py took 0.336 seconds
[2025-05-25T19:37:00.472-0500] {processor.py:157} INFO - Started process (PID=85498) to work on /Users/afsaruddinmohammed/state_analysis/.venv/lib/python3.11/site-packages/airflow/example_dags/example_params_ui_tutorial.py
[2025-05-25T19:37:00.474-0500] {processor.py:826} INFO - Processing file /Users/afsaruddinmohammed/state_analysis/.venv/lib/python3.11/site-packages/airflow/example_dags/example_params_ui_tutorial.py for tasks to queue
[2025-05-25T19:37:00.475-0500] {logging_mixin.py:150} INFO - [2025-05-25T19:37:00.475-0500] {dagbag.py:541} INFO - Filling up the DagBag from /Users/afsaruddinmohammed/state_analysis/.venv/lib/python3.11/site-packages/airflow/example_dags/example_params_ui_tutorial.py
[2025-05-25T19:37:00.523-0500] {processor.py:836} INFO - DAG(s) dict_keys(['example_params_ui_tutorial']) retrieved from /Users/afsaruddinmohammed/state_analysis/.venv/lib/python3.11/site-packages/airflow/example_dags/example_params_ui_tutorial.py
[2025-05-25T19:37:00.768-0500] {logging_mixin.py:150} INFO - [2025-05-25T19:37:00.768-0500] {dag.py:2742} INFO - Sync 1 DAGs
[2025-05-25T19:37:00.773-0500] {logging_mixin.py:150} INFO - [2025-05-25T19:37:00.773-0500] {dag.py:3504} INFO - Setting next_dagrun for example_params_ui_tutorial to None, run_after=None
[2025-05-25T19:37:00.778-0500] {processor.py:179} INFO - Processing /Users/afsaruddinmohammed/state_analysis/.venv/lib/python3.11/site-packages/airflow/example_dags/example_params_ui_tutorial.py took 0.307 seconds
[2025-05-25T19:38:33.947-0500] {processor.py:157} INFO - Started process (PID=85584) to work on /Users/afsaruddinmohammed/state_analysis/.venv/lib/python3.11/site-packages/airflow/example_dags/example_params_ui_tutorial.py
[2025-05-25T19:38:33.949-0500] {processor.py:826} INFO - Processing file /Users/afsaruddinmohammed/state_analysis/.venv/lib/python3.11/site-packages/airflow/example_dags/example_params_ui_tutorial.py for tasks to queue
[2025-05-25T19:38:33.949-0500] {logging_mixin.py:150} INFO - [2025-05-25T19:38:33.949-0500] {dagbag.py:541} INFO - Filling up the DagBag from /Users/afsaruddinmohammed/state_analysis/.venv/lib/python3.11/site-packages/airflow/example_dags/example_params_ui_tutorial.py
[2025-05-25T19:38:33.998-0500] {processor.py:836} INFO - DAG(s) dict_keys(['example_params_ui_tutorial']) retrieved from /Users/afsaruddinmohammed/state_analysis/.venv/lib/python3.11/site-packages/airflow/example_dags/example_params_ui_tutorial.py
[2025-05-25T19:38:34.249-0500] {logging_mixin.py:150} INFO - [2025-05-25T19:38:34.249-0500] {dag.py:2742} INFO - Sync 1 DAGs
[2025-05-25T19:38:34.254-0500] {logging_mixin.py:150} INFO - [2025-05-25T19:38:34.254-0500] {dag.py:3504} INFO - Setting next_dagrun for example_params_ui_tutorial to None, run_after=None
[2025-05-25T19:38:34.259-0500] {processor.py:179} INFO - Processing /Users/afsaruddinmohammed/state_analysis/.venv/lib/python3.11/site-packages/airflow/example_dags/example_params_ui_tutorial.py took 0.313 seconds
[2025-05-25T19:40:07.746-0500] {processor.py:157} INFO - Started process (PID=85651) to work on /Users/afsaruddinmohammed/state_analysis/.venv/lib/python3.11/site-packages/airflow/example_dags/example_params_ui_tutorial.py
[2025-05-25T19:40:07.748-0500] {processor.py:826} INFO - Processing file /Users/afsaruddinmohammed/state_analysis/.venv/lib/python3.11/site-packages/airflow/example_dags/example_params_ui_tutorial.py for tasks to queue
[2025-05-25T19:40:07.749-0500] {logging_mixin.py:150} INFO - [2025-05-25T19:40:07.749-0500] {dagbag.py:541} INFO - Filling up the DagBag from /Users/afsaruddinmohammed/state_analysis/.venv/lib/python3.11/site-packages/airflow/example_dags/example_params_ui_tutorial.py
[2025-05-25T19:40:07.797-0500] {processor.py:836} INFO - DAG(s) dict_keys(['example_params_ui_tutorial']) retrieved from /Users/afsaruddinmohammed/state_analysis/.venv/lib/python3.11/site-packages/airflow/example_dags/example_params_ui_tutorial.py
[2025-05-25T19:40:08.037-0500] {logging_mixin.py:150} INFO - [2025-05-25T19:40:08.037-0500] {dag.py:2742} INFO - Sync 1 DAGs
[2025-05-25T19:40:08.042-0500] {logging_mixin.py:150} INFO - [2025-05-25T19:40:08.042-0500] {dag.py:3504} INFO - Setting next_dagrun for example_params_ui_tutorial to None, run_after=None
[2025-05-25T19:40:08.048-0500] {processor.py:179} INFO - Processing /Users/afsaruddinmohammed/state_analysis/.venv/lib/python3.11/site-packages/airflow/example_dags/example_params_ui_tutorial.py took 0.302 seconds
[2025-05-25T19:41:44.695-0500] {processor.py:157} INFO - Started process (PID=85726) to work on /Users/afsaruddinmohammed/state_analysis/.venv/lib/python3.11/site-packages/airflow/example_dags/example_params_ui_tutorial.py
[2025-05-25T19:41:44.697-0500] {processor.py:826} INFO - Processing file /Users/afsaruddinmohammed/state_analysis/.venv/lib/python3.11/site-packages/airflow/example_dags/example_params_ui_tutorial.py for tasks to queue
[2025-05-25T19:41:44.697-0500] {logging_mixin.py:150} INFO - [2025-05-25T19:41:44.697-0500] {dagbag.py:541} INFO - Filling up the DagBag from /Users/afsaruddinmohammed/state_analysis/.venv/lib/python3.11/site-packages/airflow/example_dags/example_params_ui_tutorial.py
[2025-05-25T19:41:44.745-0500] {processor.py:836} INFO - DAG(s) dict_keys(['example_params_ui_tutorial']) retrieved from /Users/afsaruddinmohammed/state_analysis/.venv/lib/python3.11/site-packages/airflow/example_dags/example_params_ui_tutorial.py
[2025-05-25T19:41:44.987-0500] {logging_mixin.py:150} INFO - [2025-05-25T19:41:44.986-0500] {dag.py:2742} INFO - Sync 1 DAGs
[2025-05-25T19:41:44.991-0500] {logging_mixin.py:150} INFO - [2025-05-25T19:41:44.991-0500] {dag.py:3504} INFO - Setting next_dagrun for example_params_ui_tutorial to None, run_after=None
[2025-05-25T19:41:44.997-0500] {processor.py:179} INFO - Processing /Users/afsaruddinmohammed/state_analysis/.venv/lib/python3.11/site-packages/airflow/example_dags/example_params_ui_tutorial.py took 0.303 seconds
