[2025-05-25T19:33:51.782-0500] {processor.py:157} INFO - Started process (PID=85348) to work on /Users/afsaruddinmohammed/state_analysis/.venv/lib/python3.11/site-packages/airflow/example_dags/example_subdag_operator.py
[2025-05-25T19:33:51.783-0500] {processor.py:826} INFO - Processing file /Users/afsaruddinmohammed/state_analysis/.venv/lib/python3.11/site-packages/airflow/example_dags/example_subdag_operator.py for tasks to queue
[2025-05-25T19:33:51.783-0500] {logging_mixin.py:150} INFO - [2025-05-25T19:33:51.783-0500] {dagbag.py:541} INFO - Filling up the DagBag from /Users/afsaruddinmohammed/state_analysis/.venv/lib/python3.11/site-packages/airflow/example_dags/example_subdag_operator.py
[2025-05-25T19:33:52.035-0500] {processor.py:836} INFO - DAG(s) dict_keys(['example_subdag_operator.section-1', 'example_subdag_operator.section-2', 'example_subdag_operator']) retrieved from /Users/afsaruddinmohammed/state_analysis/.venv/lib/python3.11/site-packages/airflow/example_dags/example_subdag_operator.py
[2025-05-25T19:33:52.064-0500] {logging_mixin.py:150} INFO - [2025-05-25T19:33:52.064-0500] {manager.py:504} INFO - Created Permission View: can delete on DAG:example_subdag_operator
[2025-05-25T19:33:52.067-0500] {logging_mixin.py:150} INFO - [2025-05-25T19:33:52.067-0500] {manager.py:504} INFO - Created Permission View: can read on DAG:example_subdag_operator
[2025-05-25T19:33:52.068-0500] {logging_mixin.py:150} INFO - [2025-05-25T19:33:52.068-0500] {manager.py:504} INFO - Created Permission View: can edit on DAG:example_subdag_operator
[2025-05-25T19:33:52.072-0500] {logging_mixin.py:150} INFO - [2025-05-25T19:33:52.072-0500] {dag.py:2742} INFO - Sync 3 DAGs
[2025-05-25T19:33:52.074-0500] {logging_mixin.py:150} INFO - [2025-05-25T19:33:52.074-0500] {dag.py:2763} INFO - Creating ORM DAG for example_subdag_operator.section-1
[2025-05-25T19:33:52.074-0500] {logging_mixin.py:150} INFO - [2025-05-25T19:33:52.074-0500] {dag.py:2763} INFO - Creating ORM DAG for example_subdag_operator
[2025-05-25T19:33:52.074-0500] {logging_mixin.py:150} INFO - [2025-05-25T19:33:52.074-0500] {dag.py:2763} INFO - Creating ORM DAG for example_subdag_operator.section-2
[2025-05-25T19:33:52.076-0500] {logging_mixin.py:150} INFO - [2025-05-25T19:33:52.076-0500] {dag.py:3504} INFO - Setting next_dagrun for example_subdag_operator to 2022-01-01T00:00:00+00:00, run_after=2022-01-01T00:00:00+00:00
[2025-05-25T19:33:52.077-0500] {logging_mixin.py:150} INFO - [2025-05-25T19:33:52.077-0500] {dag.py:3504} INFO - Setting next_dagrun for example_subdag_operator.section-1 to None, run_after=None
[2025-05-25T19:33:52.077-0500] {logging_mixin.py:150} INFO - [2025-05-25T19:33:52.077-0500] {dag.py:3504} INFO - Setting next_dagrun for example_subdag_operator.section-2 to None, run_after=None
[2025-05-25T19:33:52.078-0500] {logging_mixin.py:150} INFO - [2025-05-25T19:33:52.078-0500] {dag.py:2742} INFO - Sync 2 DAGs
[2025-05-25T19:33:52.080-0500] {logging_mixin.py:150} INFO - [2025-05-25T19:33:52.080-0500] {dag.py:3504} INFO - Setting next_dagrun for example_subdag_operator.section-1 to None, run_after=None
[2025-05-25T19:33:52.080-0500] {logging_mixin.py:150} INFO - [2025-05-25T19:33:52.080-0500] {dag.py:3504} INFO - Setting next_dagrun for example_subdag_operator.section-2 to None, run_after=None
[2025-05-25T19:33:52.084-0500] {processor.py:179} INFO - Processing /Users/afsaruddinmohammed/state_analysis/.venv/lib/python3.11/site-packages/airflow/example_dags/example_subdag_operator.py took 0.302 seconds
[2025-05-25T19:35:13.322-0500] {processor.py:157} INFO - Started process (PID=85420) to work on /Users/afsaruddinmohammed/state_analysis/.venv/lib/python3.11/site-packages/airflow/example_dags/example_subdag_operator.py
[2025-05-25T19:35:13.324-0500] {processor.py:826} INFO - Processing file /Users/afsaruddinmohammed/state_analysis/.venv/lib/python3.11/site-packages/airflow/example_dags/example_subdag_operator.py for tasks to queue
[2025-05-25T19:35:13.324-0500] {logging_mixin.py:150} INFO - [2025-05-25T19:35:13.324-0500] {dagbag.py:541} INFO - Filling up the DagBag from /Users/afsaruddinmohammed/state_analysis/.venv/lib/python3.11/site-packages/airflow/example_dags/example_subdag_operator.py
[2025-05-25T19:35:13.581-0500] {processor.py:836} INFO - DAG(s) dict_keys(['example_subdag_operator.section-1', 'example_subdag_operator.section-2', 'example_subdag_operator']) retrieved from /Users/afsaruddinmohammed/state_analysis/.venv/lib/python3.11/site-packages/airflow/example_dags/example_subdag_operator.py
[2025-05-25T19:35:13.589-0500] {logging_mixin.py:150} INFO - [2025-05-25T19:35:13.589-0500] {dag.py:2742} INFO - Sync 3 DAGs
[2025-05-25T19:35:13.595-0500] {logging_mixin.py:150} INFO - [2025-05-25T19:35:13.595-0500] {dag.py:3504} INFO - Setting next_dagrun for example_subdag_operator to 2022-01-01T00:00:00+00:00, run_after=2022-01-01T00:00:00+00:00
[2025-05-25T19:35:13.596-0500] {logging_mixin.py:150} INFO - [2025-05-25T19:35:13.596-0500] {dag.py:3504} INFO - Setting next_dagrun for example_subdag_operator.section-1 to None, run_after=None
[2025-05-25T19:35:13.596-0500] {logging_mixin.py:150} INFO - [2025-05-25T19:35:13.596-0500] {dag.py:3504} INFO - Setting next_dagrun for example_subdag_operator.section-2 to None, run_after=None
[2025-05-25T19:35:13.598-0500] {logging_mixin.py:150} INFO - [2025-05-25T19:35:13.598-0500] {dag.py:2742} INFO - Sync 2 DAGs
[2025-05-25T19:35:13.599-0500] {logging_mixin.py:150} INFO - [2025-05-25T19:35:13.599-0500] {dag.py:3504} INFO - Setting next_dagrun for example_subdag_operator.section-1 to None, run_after=None
[2025-05-25T19:35:13.599-0500] {logging_mixin.py:150} INFO - [2025-05-25T19:35:13.599-0500] {dag.py:3504} INFO - Setting next_dagrun for example_subdag_operator.section-2 to None, run_after=None
[2025-05-25T19:35:13.602-0500] {processor.py:179} INFO - Processing /Users/afsaruddinmohammed/state_analysis/.venv/lib/python3.11/site-packages/airflow/example_dags/example_subdag_operator.py took 0.281 seconds
[2025-05-25T19:36:43.598-0500] {processor.py:157} INFO - Started process (PID=85484) to work on /Users/afsaruddinmohammed/state_analysis/.venv/lib/python3.11/site-packages/airflow/example_dags/example_subdag_operator.py
[2025-05-25T19:36:43.600-0500] {processor.py:826} INFO - Processing file /Users/afsaruddinmohammed/state_analysis/.venv/lib/python3.11/site-packages/airflow/example_dags/example_subdag_operator.py for tasks to queue
[2025-05-25T19:36:43.600-0500] {logging_mixin.py:150} INFO - [2025-05-25T19:36:43.600-0500] {dagbag.py:541} INFO - Filling up the DagBag from /Users/afsaruddinmohammed/state_analysis/.venv/lib/python3.11/site-packages/airflow/example_dags/example_subdag_operator.py
[2025-05-25T19:36:43.863-0500] {processor.py:836} INFO - DAG(s) dict_keys(['example_subdag_operator.section-1', 'example_subdag_operator.section-2', 'example_subdag_operator']) retrieved from /Users/afsaruddinmohammed/state_analysis/.venv/lib/python3.11/site-packages/airflow/example_dags/example_subdag_operator.py
[2025-05-25T19:36:43.871-0500] {logging_mixin.py:150} INFO - [2025-05-25T19:36:43.871-0500] {dag.py:2742} INFO - Sync 3 DAGs
[2025-05-25T19:36:43.876-0500] {logging_mixin.py:150} INFO - [2025-05-25T19:36:43.876-0500] {dag.py:3504} INFO - Setting next_dagrun for example_subdag_operator to 2022-01-01T00:00:00+00:00, run_after=2022-01-01T00:00:00+00:00
[2025-05-25T19:36:43.877-0500] {logging_mixin.py:150} INFO - [2025-05-25T19:36:43.877-0500] {dag.py:3504} INFO - Setting next_dagrun for example_subdag_operator.section-1 to None, run_after=None
[2025-05-25T19:36:43.877-0500] {logging_mixin.py:150} INFO - [2025-05-25T19:36:43.877-0500] {dag.py:3504} INFO - Setting next_dagrun for example_subdag_operator.section-2 to None, run_after=None
[2025-05-25T19:36:43.879-0500] {logging_mixin.py:150} INFO - [2025-05-25T19:36:43.879-0500] {dag.py:2742} INFO - Sync 2 DAGs
[2025-05-25T19:36:43.880-0500] {logging_mixin.py:150} INFO - [2025-05-25T19:36:43.880-0500] {dag.py:3504} INFO - Setting next_dagrun for example_subdag_operator.section-1 to None, run_after=None
[2025-05-25T19:36:43.880-0500] {logging_mixin.py:150} INFO - [2025-05-25T19:36:43.880-0500] {dag.py:3504} INFO - Setting next_dagrun for example_subdag_operator.section-2 to None, run_after=None
[2025-05-25T19:36:43.884-0500] {processor.py:179} INFO - Processing /Users/afsaruddinmohammed/state_analysis/.venv/lib/python3.11/site-packages/airflow/example_dags/example_subdag_operator.py took 0.286 seconds
[2025-05-25T19:38:15.277-0500] {processor.py:157} INFO - Started process (PID=85564) to work on /Users/afsaruddinmohammed/state_analysis/.venv/lib/python3.11/site-packages/airflow/example_dags/example_subdag_operator.py
[2025-05-25T19:38:15.278-0500] {processor.py:826} INFO - Processing file /Users/afsaruddinmohammed/state_analysis/.venv/lib/python3.11/site-packages/airflow/example_dags/example_subdag_operator.py for tasks to queue
[2025-05-25T19:38:15.279-0500] {logging_mixin.py:150} INFO - [2025-05-25T19:38:15.279-0500] {dagbag.py:541} INFO - Filling up the DagBag from /Users/afsaruddinmohammed/state_analysis/.venv/lib/python3.11/site-packages/airflow/example_dags/example_subdag_operator.py
[2025-05-25T19:38:15.571-0500] {processor.py:836} INFO - DAG(s) dict_keys(['example_subdag_operator.section-1', 'example_subdag_operator.section-2', 'example_subdag_operator']) retrieved from /Users/afsaruddinmohammed/state_analysis/.venv/lib/python3.11/site-packages/airflow/example_dags/example_subdag_operator.py
[2025-05-25T19:38:15.583-0500] {logging_mixin.py:150} INFO - [2025-05-25T19:38:15.583-0500] {dag.py:2742} INFO - Sync 3 DAGs
[2025-05-25T19:38:15.591-0500] {logging_mixin.py:150} INFO - [2025-05-25T19:38:15.590-0500] {dag.py:3504} INFO - Setting next_dagrun for example_subdag_operator to 2022-01-01T00:00:00+00:00, run_after=2022-01-01T00:00:00+00:00
[2025-05-25T19:38:15.592-0500] {logging_mixin.py:150} INFO - [2025-05-25T19:38:15.592-0500] {dag.py:3504} INFO - Setting next_dagrun for example_subdag_operator.section-1 to None, run_after=None
[2025-05-25T19:38:15.592-0500] {logging_mixin.py:150} INFO - [2025-05-25T19:38:15.592-0500] {dag.py:3504} INFO - Setting next_dagrun for example_subdag_operator.section-2 to None, run_after=None
[2025-05-25T19:38:15.594-0500] {logging_mixin.py:150} INFO - [2025-05-25T19:38:15.594-0500] {dag.py:2742} INFO - Sync 2 DAGs
[2025-05-25T19:38:15.596-0500] {logging_mixin.py:150} INFO - [2025-05-25T19:38:15.595-0500] {dag.py:3504} INFO - Setting next_dagrun for example_subdag_operator.section-1 to None, run_after=None
[2025-05-25T19:38:15.596-0500] {logging_mixin.py:150} INFO - [2025-05-25T19:38:15.596-0500] {dag.py:3504} INFO - Setting next_dagrun for example_subdag_operator.section-2 to None, run_after=None
[2025-05-25T19:38:15.602-0500] {processor.py:179} INFO - Processing /Users/afsaruddinmohammed/state_analysis/.venv/lib/python3.11/site-packages/airflow/example_dags/example_subdag_operator.py took 0.326 seconds
[2025-05-25T19:39:51.025-0500] {processor.py:157} INFO - Started process (PID=85639) to work on /Users/afsaruddinmohammed/state_analysis/.venv/lib/python3.11/site-packages/airflow/example_dags/example_subdag_operator.py
[2025-05-25T19:39:51.027-0500] {processor.py:826} INFO - Processing file /Users/afsaruddinmohammed/state_analysis/.venv/lib/python3.11/site-packages/airflow/example_dags/example_subdag_operator.py for tasks to queue
[2025-05-25T19:39:51.027-0500] {logging_mixin.py:150} INFO - [2025-05-25T19:39:51.027-0500] {dagbag.py:541} INFO - Filling up the DagBag from /Users/afsaruddinmohammed/state_analysis/.venv/lib/python3.11/site-packages/airflow/example_dags/example_subdag_operator.py
[2025-05-25T19:39:51.282-0500] {processor.py:836} INFO - DAG(s) dict_keys(['example_subdag_operator.section-1', 'example_subdag_operator.section-2', 'example_subdag_operator']) retrieved from /Users/afsaruddinmohammed/state_analysis/.venv/lib/python3.11/site-packages/airflow/example_dags/example_subdag_operator.py
[2025-05-25T19:39:51.290-0500] {logging_mixin.py:150} INFO - [2025-05-25T19:39:51.290-0500] {dag.py:2742} INFO - Sync 3 DAGs
[2025-05-25T19:39:51.296-0500] {logging_mixin.py:150} INFO - [2025-05-25T19:39:51.296-0500] {dag.py:3504} INFO - Setting next_dagrun for example_subdag_operator to 2022-01-01T00:00:00+00:00, run_after=2022-01-01T00:00:00+00:00
[2025-05-25T19:39:51.297-0500] {logging_mixin.py:150} INFO - [2025-05-25T19:39:51.297-0500] {dag.py:3504} INFO - Setting next_dagrun for example_subdag_operator.section-1 to None, run_after=None
[2025-05-25T19:39:51.297-0500] {logging_mixin.py:150} INFO - [2025-05-25T19:39:51.297-0500] {dag.py:3504} INFO - Setting next_dagrun for example_subdag_operator.section-2 to None, run_after=None
[2025-05-25T19:39:51.299-0500] {logging_mixin.py:150} INFO - [2025-05-25T19:39:51.299-0500] {dag.py:2742} INFO - Sync 2 DAGs
[2025-05-25T19:39:51.300-0500] {logging_mixin.py:150} INFO - [2025-05-25T19:39:51.300-0500] {dag.py:3504} INFO - Setting next_dagrun for example_subdag_operator.section-1 to None, run_after=None
[2025-05-25T19:39:51.300-0500] {logging_mixin.py:150} INFO - [2025-05-25T19:39:51.300-0500] {dag.py:3504} INFO - Setting next_dagrun for example_subdag_operator.section-2 to None, run_after=None
[2025-05-25T19:39:51.303-0500] {processor.py:179} INFO - Processing /Users/afsaruddinmohammed/state_analysis/.venv/lib/python3.11/site-packages/airflow/example_dags/example_subdag_operator.py took 0.278 seconds
[2025-05-25T19:41:25.407-0500] {processor.py:157} INFO - Started process (PID=85711) to work on /Users/afsaruddinmohammed/state_analysis/.venv/lib/python3.11/site-packages/airflow/example_dags/example_subdag_operator.py
[2025-05-25T19:41:25.409-0500] {processor.py:826} INFO - Processing file /Users/afsaruddinmohammed/state_analysis/.venv/lib/python3.11/site-packages/airflow/example_dags/example_subdag_operator.py for tasks to queue
[2025-05-25T19:41:25.409-0500] {logging_mixin.py:150} INFO - [2025-05-25T19:41:25.409-0500] {dagbag.py:541} INFO - Filling up the DagBag from /Users/afsaruddinmohammed/state_analysis/.venv/lib/python3.11/site-packages/airflow/example_dags/example_subdag_operator.py
[2025-05-25T19:41:25.679-0500] {processor.py:836} INFO - DAG(s) dict_keys(['example_subdag_operator.section-1', 'example_subdag_operator.section-2', 'example_subdag_operator']) retrieved from /Users/afsaruddinmohammed/state_analysis/.venv/lib/python3.11/site-packages/airflow/example_dags/example_subdag_operator.py
[2025-05-25T19:41:25.687-0500] {logging_mixin.py:150} INFO - [2025-05-25T19:41:25.687-0500] {dag.py:2742} INFO - Sync 3 DAGs
[2025-05-25T19:41:25.693-0500] {logging_mixin.py:150} INFO - [2025-05-25T19:41:25.693-0500] {dag.py:3504} INFO - Setting next_dagrun for example_subdag_operator to 2022-01-01T00:00:00+00:00, run_after=2022-01-01T00:00:00+00:00
[2025-05-25T19:41:25.694-0500] {logging_mixin.py:150} INFO - [2025-05-25T19:41:25.694-0500] {dag.py:3504} INFO - Setting next_dagrun for example_subdag_operator.section-1 to None, run_after=None
[2025-05-25T19:41:25.694-0500] {logging_mixin.py:150} INFO - [2025-05-25T19:41:25.694-0500] {dag.py:3504} INFO - Setting next_dagrun for example_subdag_operator.section-2 to None, run_after=None
[2025-05-25T19:41:25.695-0500] {logging_mixin.py:150} INFO - [2025-05-25T19:41:25.695-0500] {dag.py:2742} INFO - Sync 2 DAGs
[2025-05-25T19:41:25.696-0500] {logging_mixin.py:150} INFO - [2025-05-25T19:41:25.696-0500] {dag.py:3504} INFO - Setting next_dagrun for example_subdag_operator.section-1 to None, run_after=None
[2025-05-25T19:41:25.697-0500] {logging_mixin.py:150} INFO - [2025-05-25T19:41:25.697-0500] {dag.py:3504} INFO - Setting next_dagrun for example_subdag_operator.section-2 to None, run_after=None
[2025-05-25T19:41:25.700-0500] {processor.py:179} INFO - Processing /Users/afsaruddinmohammed/state_analysis/.venv/lib/python3.11/site-packages/airflow/example_dags/example_subdag_operator.py took 0.294 seconds
