[2025-05-25T19:33:53.561-0500] {processor.py:157} INFO - Started process (PID=85350) to work on /Users/afsaruddinmohammed/state_analysis/.venv/lib/python3.11/site-packages/airflow/example_dags/example_sla_dag.py
[2025-05-25T19:33:53.562-0500] {processor.py:826} INFO - Processing file /Users/afsaruddinmohammed/state_analysis/.venv/lib/python3.11/site-packages/airflow/example_dags/example_sla_dag.py for tasks to queue
[2025-05-25T19:33:53.562-0500] {logging_mixin.py:150} INFO - [2025-05-25T19:33:53.562-0500] {dagbag.py:541} INFO - Filling up the DagBag from /Users/afsaruddinmohammed/state_analysis/.venv/lib/python3.11/site-packages/airflow/example_dags/example_sla_dag.py
[2025-05-25T19:33:53.597-0500] {processor.py:836} INFO - DAG(s) dict_keys(['example_sla_dag']) retrieved from /Users/afsaruddinmohammed/state_analysis/.venv/lib/python3.11/site-packages/airflow/example_dags/example_sla_dag.py
[2025-05-25T19:33:53.900-0500] {logging_mixin.py:150} INFO - [2025-05-25T19:33:53.900-0500] {manager.py:504} INFO - Created Permission View: can read on DAG:example_sla_dag
[2025-05-25T19:33:53.903-0500] {logging_mixin.py:150} INFO - [2025-05-25T19:33:53.903-0500] {manager.py:504} INFO - Created Permission View: can edit on DAG:example_sla_dag
[2025-05-25T19:33:53.905-0500] {logging_mixin.py:150} INFO - [2025-05-25T19:33:53.905-0500] {manager.py:504} INFO - Created Permission View: can delete on DAG:example_sla_dag
[2025-05-25T19:33:53.909-0500] {logging_mixin.py:150} INFO - [2025-05-25T19:33:53.908-0500] {dag.py:2742} INFO - Sync 1 DAGs
[2025-05-25T19:33:53.911-0500] {logging_mixin.py:150} INFO - [2025-05-25T19:33:53.911-0500] {dag.py:2763} INFO - Creating ORM DAG for example_sla_dag
[2025-05-25T19:33:53.914-0500] {logging_mixin.py:150} INFO - [2025-05-25T19:33:53.914-0500] {dag.py:3504} INFO - Setting next_dagrun for example_sla_dag to 2025-05-26T00:30:00+00:00, run_after=2025-05-26T00:32:00+00:00
[2025-05-25T19:33:53.919-0500] {processor.py:179} INFO - Processing /Users/afsaruddinmohammed/state_analysis/.venv/lib/python3.11/site-packages/airflow/example_dags/example_sla_dag.py took 0.359 seconds
[2025-05-25T19:35:15.079-0500] {processor.py:157} INFO - Started process (PID=85421) to work on /Users/afsaruddinmohammed/state_analysis/.venv/lib/python3.11/site-packages/airflow/example_dags/example_sla_dag.py
[2025-05-25T19:35:15.080-0500] {processor.py:826} INFO - Processing file /Users/afsaruddinmohammed/state_analysis/.venv/lib/python3.11/site-packages/airflow/example_dags/example_sla_dag.py for tasks to queue
[2025-05-25T19:35:15.081-0500] {logging_mixin.py:150} INFO - [2025-05-25T19:35:15.081-0500] {dagbag.py:541} INFO - Filling up the DagBag from /Users/afsaruddinmohammed/state_analysis/.venv/lib/python3.11/site-packages/airflow/example_dags/example_sla_dag.py
[2025-05-25T19:35:15.111-0500] {processor.py:836} INFO - DAG(s) dict_keys(['example_sla_dag']) retrieved from /Users/afsaruddinmohammed/state_analysis/.venv/lib/python3.11/site-packages/airflow/example_dags/example_sla_dag.py
[2025-05-25T19:35:15.360-0500] {logging_mixin.py:150} INFO - [2025-05-25T19:35:15.360-0500] {dag.py:2742} INFO - Sync 1 DAGs
[2025-05-25T19:35:15.366-0500] {logging_mixin.py:150} INFO - [2025-05-25T19:35:15.366-0500] {dag.py:3504} INFO - Setting next_dagrun for example_sla_dag to 2025-05-26T00:32:00+00:00, run_after=2025-05-26T00:34:00+00:00
[2025-05-25T19:35:15.372-0500] {processor.py:179} INFO - Processing /Users/afsaruddinmohammed/state_analysis/.venv/lib/python3.11/site-packages/airflow/example_dags/example_sla_dag.py took 0.294 seconds
[2025-05-25T19:36:45.372-0500] {processor.py:157} INFO - Started process (PID=85486) to work on /Users/afsaruddinmohammed/state_analysis/.venv/lib/python3.11/site-packages/airflow/example_dags/example_sla_dag.py
[2025-05-25T19:36:45.374-0500] {processor.py:826} INFO - Processing file /Users/afsaruddinmohammed/state_analysis/.venv/lib/python3.11/site-packages/airflow/example_dags/example_sla_dag.py for tasks to queue
[2025-05-25T19:36:45.374-0500] {logging_mixin.py:150} INFO - [2025-05-25T19:36:45.374-0500] {dagbag.py:541} INFO - Filling up the DagBag from /Users/afsaruddinmohammed/state_analysis/.venv/lib/python3.11/site-packages/airflow/example_dags/example_sla_dag.py
[2025-05-25T19:36:45.404-0500] {processor.py:836} INFO - DAG(s) dict_keys(['example_sla_dag']) retrieved from /Users/afsaruddinmohammed/state_analysis/.venv/lib/python3.11/site-packages/airflow/example_dags/example_sla_dag.py
[2025-05-25T19:36:45.660-0500] {logging_mixin.py:150} INFO - [2025-05-25T19:36:45.660-0500] {dag.py:2742} INFO - Sync 1 DAGs
[2025-05-25T19:36:45.665-0500] {logging_mixin.py:150} INFO - [2025-05-25T19:36:45.665-0500] {dag.py:3504} INFO - Setting next_dagrun for example_sla_dag to 2025-05-26T00:34:00+00:00, run_after=2025-05-26T00:36:00+00:00
[2025-05-25T19:36:45.672-0500] {processor.py:179} INFO - Processing /Users/afsaruddinmohammed/state_analysis/.venv/lib/python3.11/site-packages/airflow/example_dags/example_sla_dag.py took 0.300 seconds
[2025-05-25T19:38:16.239-0500] {processor.py:157} INFO - Started process (PID=85567) to work on /Users/afsaruddinmohammed/state_analysis/.venv/lib/python3.11/site-packages/airflow/example_dags/example_sla_dag.py
[2025-05-25T19:38:16.241-0500] {processor.py:826} INFO - Processing file /Users/afsaruddinmohammed/state_analysis/.venv/lib/python3.11/site-packages/airflow/example_dags/example_sla_dag.py for tasks to queue
[2025-05-25T19:38:16.242-0500] {logging_mixin.py:150} INFO - [2025-05-25T19:38:16.241-0500] {dagbag.py:541} INFO - Filling up the DagBag from /Users/afsaruddinmohammed/state_analysis/.venv/lib/python3.11/site-packages/airflow/example_dags/example_sla_dag.py
[2025-05-25T19:38:16.284-0500] {processor.py:836} INFO - DAG(s) dict_keys(['example_sla_dag']) retrieved from /Users/afsaruddinmohammed/state_analysis/.venv/lib/python3.11/site-packages/airflow/example_dags/example_sla_dag.py
[2025-05-25T19:38:16.585-0500] {logging_mixin.py:150} INFO - [2025-05-25T19:38:16.585-0500] {dag.py:2742} INFO - Sync 1 DAGs
[2025-05-25T19:38:16.591-0500] {logging_mixin.py:150} INFO - [2025-05-25T19:38:16.590-0500] {dag.py:3504} INFO - Setting next_dagrun for example_sla_dag to 2025-05-26T00:36:00+00:00, run_after=2025-05-26T00:38:00+00:00
[2025-05-25T19:38:16.596-0500] {processor.py:179} INFO - Processing /Users/afsaruddinmohammed/state_analysis/.venv/lib/python3.11/site-packages/airflow/example_dags/example_sla_dag.py took 0.359 seconds
[2025-05-25T19:39:52.283-0500] {processor.py:157} INFO - Started process (PID=85640) to work on /Users/afsaruddinmohammed/state_analysis/.venv/lib/python3.11/site-packages/airflow/example_dags/example_sla_dag.py
[2025-05-25T19:39:52.285-0500] {processor.py:826} INFO - Processing file /Users/afsaruddinmohammed/state_analysis/.venv/lib/python3.11/site-packages/airflow/example_dags/example_sla_dag.py for tasks to queue
[2025-05-25T19:39:52.285-0500] {logging_mixin.py:150} INFO - [2025-05-25T19:39:52.285-0500] {dagbag.py:541} INFO - Filling up the DagBag from /Users/afsaruddinmohammed/state_analysis/.venv/lib/python3.11/site-packages/airflow/example_dags/example_sla_dag.py
[2025-05-25T19:39:52.315-0500] {processor.py:836} INFO - DAG(s) dict_keys(['example_sla_dag']) retrieved from /Users/afsaruddinmohammed/state_analysis/.venv/lib/python3.11/site-packages/airflow/example_dags/example_sla_dag.py
[2025-05-25T19:39:52.560-0500] {logging_mixin.py:150} INFO - [2025-05-25T19:39:52.560-0500] {dag.py:2742} INFO - Sync 1 DAGs
[2025-05-25T19:39:52.566-0500] {logging_mixin.py:150} INFO - [2025-05-25T19:39:52.566-0500] {dag.py:3504} INFO - Setting next_dagrun for example_sla_dag to 2025-05-26T00:36:00+00:00, run_after=2025-05-26T00:38:00+00:00
[2025-05-25T19:39:52.572-0500] {processor.py:179} INFO - Processing /Users/afsaruddinmohammed/state_analysis/.venv/lib/python3.11/site-packages/airflow/example_dags/example_sla_dag.py took 0.289 seconds
[2025-05-25T19:41:27.184-0500] {processor.py:157} INFO - Started process (PID=85712) to work on /Users/afsaruddinmohammed/state_analysis/.venv/lib/python3.11/site-packages/airflow/example_dags/example_sla_dag.py
[2025-05-25T19:41:27.186-0500] {processor.py:826} INFO - Processing file /Users/afsaruddinmohammed/state_analysis/.venv/lib/python3.11/site-packages/airflow/example_dags/example_sla_dag.py for tasks to queue
[2025-05-25T19:41:27.186-0500] {logging_mixin.py:150} INFO - [2025-05-25T19:41:27.186-0500] {dagbag.py:541} INFO - Filling up the DagBag from /Users/afsaruddinmohammed/state_analysis/.venv/lib/python3.11/site-packages/airflow/example_dags/example_sla_dag.py
[2025-05-25T19:41:27.216-0500] {processor.py:836} INFO - DAG(s) dict_keys(['example_sla_dag']) retrieved from /Users/afsaruddinmohammed/state_analysis/.venv/lib/python3.11/site-packages/airflow/example_dags/example_sla_dag.py
[2025-05-25T19:41:27.466-0500] {logging_mixin.py:150} INFO - [2025-05-25T19:41:27.466-0500] {dag.py:2742} INFO - Sync 1 DAGs
[2025-05-25T19:41:27.472-0500] {logging_mixin.py:150} INFO - [2025-05-25T19:41:27.472-0500] {dag.py:3504} INFO - Setting next_dagrun for example_sla_dag to 2025-05-26T00:38:00+00:00, run_after=2025-05-26T00:40:00+00:00
[2025-05-25T19:41:27.478-0500] {processor.py:179} INFO - Processing /Users/afsaruddinmohammed/state_analysis/.venv/lib/python3.11/site-packages/airflow/example_dags/example_sla_dag.py took 0.294 seconds
