[2025-05-25T19:33:59.013-0500] {processor.py:157} INFO - Started process (PID=85359) to work on /Users/afsaruddinmohammed/state_analysis/.venv/lib/python3.11/site-packages/airflow/example_dags/example_short_circuit_decorator.py
[2025-05-25T19:33:59.014-0500] {processor.py:826} INFO - Processing file /Users/afsaruddinmohammed/state_analysis/.venv/lib/python3.11/site-packages/airflow/example_dags/example_short_circuit_decorator.py for tasks to queue
[2025-05-25T19:33:59.014-0500] {logging_mixin.py:150} INFO - [2025-05-25T19:33:59.014-0500] {dagbag.py:541} INFO - Filling up the DagBag from /Users/afsaruddinmohammed/state_analysis/.venv/lib/python3.11/site-packages/airflow/example_dags/example_short_circuit_decorator.py
[2025-05-25T19:33:59.045-0500] {processor.py:836} INFO - DAG(s) dict_keys(['example_short_circuit_decorator']) retrieved from /Users/afsaruddinmohammed/state_analysis/.venv/lib/python3.11/site-packages/airflow/example_dags/example_short_circuit_decorator.py
[2025-05-25T19:33:59.319-0500] {logging_mixin.py:150} INFO - [2025-05-25T19:33:59.319-0500] {manager.py:504} INFO - Created Permission View: can delete on DAG:example_short_circuit_decorator
[2025-05-25T19:33:59.322-0500] {logging_mixin.py:150} INFO - [2025-05-25T19:33:59.322-0500] {manager.py:504} INFO - Created Permission View: can read on DAG:example_short_circuit_decorator
[2025-05-25T19:33:59.323-0500] {logging_mixin.py:150} INFO - [2025-05-25T19:33:59.323-0500] {manager.py:504} INFO - Created Permission View: can edit on DAG:example_short_circuit_decorator
[2025-05-25T19:33:59.326-0500] {logging_mixin.py:150} INFO - [2025-05-25T19:33:59.326-0500] {dag.py:2742} INFO - Sync 1 DAGs
[2025-05-25T19:33:59.329-0500] {logging_mixin.py:150} INFO - [2025-05-25T19:33:59.328-0500] {dag.py:2763} INFO - Creating ORM DAG for example_short_circuit_decorator
[2025-05-25T19:33:59.331-0500] {logging_mixin.py:150} INFO - [2025-05-25T19:33:59.331-0500] {dag.py:3504} INFO - Setting next_dagrun for example_short_circuit_decorator to 2025-05-25T00:33:59.331186+00:00, run_after=2025-05-26T00:33:59.331186+00:00
[2025-05-25T19:33:59.335-0500] {processor.py:179} INFO - Processing /Users/afsaruddinmohammed/state_analysis/.venv/lib/python3.11/site-packages/airflow/example_dags/example_short_circuit_decorator.py took 0.323 seconds
[2025-05-25T19:35:19.841-0500] {processor.py:157} INFO - Started process (PID=85424) to work on /Users/afsaruddinmohammed/state_analysis/.venv/lib/python3.11/site-packages/airflow/example_dags/example_short_circuit_decorator.py
[2025-05-25T19:35:19.843-0500] {processor.py:826} INFO - Processing file /Users/afsaruddinmohammed/state_analysis/.venv/lib/python3.11/site-packages/airflow/example_dags/example_short_circuit_decorator.py for tasks to queue
[2025-05-25T19:35:19.843-0500] {logging_mixin.py:150} INFO - [2025-05-25T19:35:19.843-0500] {dagbag.py:541} INFO - Filling up the DagBag from /Users/afsaruddinmohammed/state_analysis/.venv/lib/python3.11/site-packages/airflow/example_dags/example_short_circuit_decorator.py
[2025-05-25T19:35:19.874-0500] {processor.py:836} INFO - DAG(s) dict_keys(['example_short_circuit_decorator']) retrieved from /Users/afsaruddinmohammed/state_analysis/.venv/lib/python3.11/site-packages/airflow/example_dags/example_short_circuit_decorator.py
[2025-05-25T19:35:20.123-0500] {logging_mixin.py:150} INFO - [2025-05-25T19:35:20.123-0500] {dag.py:2742} INFO - Sync 1 DAGs
[2025-05-25T19:35:20.128-0500] {logging_mixin.py:150} INFO - [2025-05-25T19:35:20.128-0500] {dag.py:3504} INFO - Setting next_dagrun for example_short_circuit_decorator to 2025-05-25T00:35:20.128161+00:00, run_after=2025-05-26T00:35:20.128161+00:00
[2025-05-25T19:35:20.134-0500] {processor.py:179} INFO - Processing /Users/afsaruddinmohammed/state_analysis/.venv/lib/python3.11/site-packages/airflow/example_dags/example_short_circuit_decorator.py took 0.294 seconds
[2025-05-25T19:36:50.707-0500] {processor.py:157} INFO - Started process (PID=85489) to work on /Users/afsaruddinmohammed/state_analysis/.venv/lib/python3.11/site-packages/airflow/example_dags/example_short_circuit_decorator.py
[2025-05-25T19:36:50.708-0500] {processor.py:826} INFO - Processing file /Users/afsaruddinmohammed/state_analysis/.venv/lib/python3.11/site-packages/airflow/example_dags/example_short_circuit_decorator.py for tasks to queue
[2025-05-25T19:36:50.709-0500] {logging_mixin.py:150} INFO - [2025-05-25T19:36:50.708-0500] {dagbag.py:541} INFO - Filling up the DagBag from /Users/afsaruddinmohammed/state_analysis/.venv/lib/python3.11/site-packages/airflow/example_dags/example_short_circuit_decorator.py
[2025-05-25T19:36:50.741-0500] {processor.py:836} INFO - DAG(s) dict_keys(['example_short_circuit_decorator']) retrieved from /Users/afsaruddinmohammed/state_analysis/.venv/lib/python3.11/site-packages/airflow/example_dags/example_short_circuit_decorator.py
[2025-05-25T19:36:50.996-0500] {logging_mixin.py:150} INFO - [2025-05-25T19:36:50.996-0500] {dag.py:2742} INFO - Sync 1 DAGs
[2025-05-25T19:36:51.001-0500] {logging_mixin.py:150} INFO - [2025-05-25T19:36:51.000-0500] {dag.py:3504} INFO - Setting next_dagrun for example_short_circuit_decorator to 2025-05-25T00:36:51.000946+00:00, run_after=2025-05-26T00:36:51.000946+00:00
[2025-05-25T19:36:51.007-0500] {processor.py:179} INFO - Processing /Users/afsaruddinmohammed/state_analysis/.venv/lib/python3.11/site-packages/airflow/example_dags/example_short_circuit_decorator.py took 0.300 seconds
[2025-05-25T19:38:21.327-0500] {processor.py:157} INFO - Started process (PID=85575) to work on /Users/afsaruddinmohammed/state_analysis/.venv/lib/python3.11/site-packages/airflow/example_dags/example_short_circuit_decorator.py
[2025-05-25T19:38:21.328-0500] {processor.py:826} INFO - Processing file /Users/afsaruddinmohammed/state_analysis/.venv/lib/python3.11/site-packages/airflow/example_dags/example_short_circuit_decorator.py for tasks to queue
[2025-05-25T19:38:21.329-0500] {logging_mixin.py:150} INFO - [2025-05-25T19:38:21.329-0500] {dagbag.py:541} INFO - Filling up the DagBag from /Users/afsaruddinmohammed/state_analysis/.venv/lib/python3.11/site-packages/airflow/example_dags/example_short_circuit_decorator.py
[2025-05-25T19:38:21.363-0500] {processor.py:836} INFO - DAG(s) dict_keys(['example_short_circuit_decorator']) retrieved from /Users/afsaruddinmohammed/state_analysis/.venv/lib/python3.11/site-packages/airflow/example_dags/example_short_circuit_decorator.py
[2025-05-25T19:38:21.641-0500] {logging_mixin.py:150} INFO - [2025-05-25T19:38:21.641-0500] {dag.py:2742} INFO - Sync 1 DAGs
[2025-05-25T19:38:21.646-0500] {logging_mixin.py:150} INFO - [2025-05-25T19:38:21.646-0500] {dag.py:3504} INFO - Setting next_dagrun for example_short_circuit_decorator to 2025-05-25T00:38:21.646852+00:00, run_after=2025-05-26T00:38:21.646852+00:00
[2025-05-25T19:38:21.653-0500] {processor.py:179} INFO - Processing /Users/afsaruddinmohammed/state_analysis/.venv/lib/python3.11/site-packages/airflow/example_dags/example_short_circuit_decorator.py took 0.326 seconds
[2025-05-25T19:39:56.760-0500] {processor.py:157} INFO - Started process (PID=85644) to work on /Users/afsaruddinmohammed/state_analysis/.venv/lib/python3.11/site-packages/airflow/example_dags/example_short_circuit_decorator.py
[2025-05-25T19:39:56.762-0500] {processor.py:826} INFO - Processing file /Users/afsaruddinmohammed/state_analysis/.venv/lib/python3.11/site-packages/airflow/example_dags/example_short_circuit_decorator.py for tasks to queue
[2025-05-25T19:39:56.763-0500] {logging_mixin.py:150} INFO - [2025-05-25T19:39:56.763-0500] {dagbag.py:541} INFO - Filling up the DagBag from /Users/afsaruddinmohammed/state_analysis/.venv/lib/python3.11/site-packages/airflow/example_dags/example_short_circuit_decorator.py
[2025-05-25T19:39:56.793-0500] {processor.py:836} INFO - DAG(s) dict_keys(['example_short_circuit_decorator']) retrieved from /Users/afsaruddinmohammed/state_analysis/.venv/lib/python3.11/site-packages/airflow/example_dags/example_short_circuit_decorator.py
[2025-05-25T19:39:57.040-0500] {logging_mixin.py:150} INFO - [2025-05-25T19:39:57.040-0500] {dag.py:2742} INFO - Sync 1 DAGs
[2025-05-25T19:39:57.045-0500] {logging_mixin.py:150} INFO - [2025-05-25T19:39:57.045-0500] {dag.py:3504} INFO - Setting next_dagrun for example_short_circuit_decorator to 2025-05-25T00:39:57.045091+00:00, run_after=2025-05-26T00:39:57.045091+00:00
[2025-05-25T19:39:57.050-0500] {processor.py:179} INFO - Processing /Users/afsaruddinmohammed/state_analysis/.venv/lib/python3.11/site-packages/airflow/example_dags/example_short_circuit_decorator.py took 0.290 seconds
[2025-05-25T19:41:32.045-0500] {processor.py:157} INFO - Started process (PID=85716) to work on /Users/afsaruddinmohammed/state_analysis/.venv/lib/python3.11/site-packages/airflow/example_dags/example_short_circuit_decorator.py
[2025-05-25T19:41:32.047-0500] {processor.py:826} INFO - Processing file /Users/afsaruddinmohammed/state_analysis/.venv/lib/python3.11/site-packages/airflow/example_dags/example_short_circuit_decorator.py for tasks to queue
[2025-05-25T19:41:32.047-0500] {logging_mixin.py:150} INFO - [2025-05-25T19:41:32.047-0500] {dagbag.py:541} INFO - Filling up the DagBag from /Users/afsaruddinmohammed/state_analysis/.venv/lib/python3.11/site-packages/airflow/example_dags/example_short_circuit_decorator.py
[2025-05-25T19:41:32.078-0500] {processor.py:836} INFO - DAG(s) dict_keys(['example_short_circuit_decorator']) retrieved from /Users/afsaruddinmohammed/state_analysis/.venv/lib/python3.11/site-packages/airflow/example_dags/example_short_circuit_decorator.py
[2025-05-25T19:41:32.342-0500] {logging_mixin.py:150} INFO - [2025-05-25T19:41:32.342-0500] {dag.py:2742} INFO - Sync 1 DAGs
[2025-05-25T19:41:32.347-0500] {logging_mixin.py:150} INFO - [2025-05-25T19:41:32.347-0500] {dag.py:3504} INFO - Setting next_dagrun for example_short_circuit_decorator to 2025-05-25T00:41:32.347726+00:00, run_after=2025-05-26T00:41:32.347726+00:00
[2025-05-25T19:41:32.353-0500] {processor.py:179} INFO - Processing /Users/afsaruddinmohammed/state_analysis/.venv/lib/python3.11/site-packages/airflow/example_dags/example_short_circuit_decorator.py took 0.308 seconds
