[2025-05-25T19:34:34.753-0500] {processor.py:157} INFO - Started process (PID=85396) to work on /Users/afsaruddinmohammed/state_analysis/.venv/lib/python3.11/site-packages/airflow/example_dags/example_branch_python_dop_operator_3.py
[2025-05-25T19:34:34.755-0500] {processor.py:826} INFO - Processing file /Users/afsaruddinmohammed/state_analysis/.venv/lib/python3.11/site-packages/airflow/example_dags/example_branch_python_dop_operator_3.py for tasks to queue
[2025-05-25T19:34:34.755-0500] {logging_mixin.py:150} INFO - [2025-05-25T19:34:34.755-0500] {dagbag.py:541} INFO - Filling up the DagBag from /Users/afsaruddinmohammed/state_analysis/.venv/lib/python3.11/site-packages/airflow/example_dags/example_branch_python_dop_operator_3.py
[2025-05-25T19:34:34.787-0500] {processor.py:836} INFO - DAG(s) dict_keys(['example_branch_dop_operator_v3']) retrieved from /Users/afsaruddinmohammed/state_analysis/.venv/lib/python3.11/site-packages/airflow/example_dags/example_branch_python_dop_operator_3.py
[2025-05-25T19:34:35.064-0500] {logging_mixin.py:150} INFO - [2025-05-25T19:34:35.064-0500] {manager.py:504} INFO - Created Permission View: can read on DAG:example_branch_dop_operator_v3
[2025-05-25T19:34:35.067-0500] {logging_mixin.py:150} INFO - [2025-05-25T19:34:35.067-0500] {manager.py:504} INFO - Created Permission View: can edit on DAG:example_branch_dop_operator_v3
[2025-05-25T19:34:35.068-0500] {logging_mixin.py:150} INFO - [2025-05-25T19:34:35.068-0500] {manager.py:504} INFO - Created Permission View: can delete on DAG:example_branch_dop_operator_v3
[2025-05-25T19:34:35.071-0500] {logging_mixin.py:150} INFO - [2025-05-25T19:34:35.071-0500] {dag.py:2742} INFO - Sync 1 DAGs
[2025-05-25T19:34:35.073-0500] {logging_mixin.py:150} INFO - [2025-05-25T19:34:35.073-0500] {dag.py:2763} INFO - Creating ORM DAG for example_branch_dop_operator_v3
[2025-05-25T19:34:35.077-0500] {logging_mixin.py:150} INFO - [2025-05-25T19:34:35.077-0500] {dag.py:3504} INFO - Setting next_dagrun for example_branch_dop_operator_v3 to 2025-05-26T00:33:00+00:00, run_after=2025-05-26T00:34:00+00:00
[2025-05-25T19:34:35.082-0500] {processor.py:179} INFO - Processing /Users/afsaruddinmohammed/state_analysis/.venv/lib/python3.11/site-packages/airflow/example_dags/example_branch_python_dop_operator_3.py took 0.329 seconds
[2025-05-25T19:36:10.374-0500] {processor.py:157} INFO - Started process (PID=85461) to work on /Users/afsaruddinmohammed/state_analysis/.venv/lib/python3.11/site-packages/airflow/example_dags/example_branch_python_dop_operator_3.py
[2025-05-25T19:36:10.376-0500] {processor.py:826} INFO - Processing file /Users/afsaruddinmohammed/state_analysis/.venv/lib/python3.11/site-packages/airflow/example_dags/example_branch_python_dop_operator_3.py for tasks to queue
[2025-05-25T19:36:10.376-0500] {logging_mixin.py:150} INFO - [2025-05-25T19:36:10.376-0500] {dagbag.py:541} INFO - Filling up the DagBag from /Users/afsaruddinmohammed/state_analysis/.venv/lib/python3.11/site-packages/airflow/example_dags/example_branch_python_dop_operator_3.py
[2025-05-25T19:36:10.406-0500] {processor.py:836} INFO - DAG(s) dict_keys(['example_branch_dop_operator_v3']) retrieved from /Users/afsaruddinmohammed/state_analysis/.venv/lib/python3.11/site-packages/airflow/example_dags/example_branch_python_dop_operator_3.py
[2025-05-25T19:36:10.658-0500] {logging_mixin.py:150} INFO - [2025-05-25T19:36:10.658-0500] {dag.py:2742} INFO - Sync 1 DAGs
[2025-05-25T19:36:10.665-0500] {logging_mixin.py:150} INFO - [2025-05-25T19:36:10.664-0500] {dag.py:3504} INFO - Setting next_dagrun for example_branch_dop_operator_v3 to 2025-05-26T00:35:00+00:00, run_after=2025-05-26T00:36:00+00:00
[2025-05-25T19:36:10.670-0500] {processor.py:179} INFO - Processing /Users/afsaruddinmohammed/state_analysis/.venv/lib/python3.11/site-packages/airflow/example_dags/example_branch_python_dop_operator_3.py took 0.297 seconds
[2025-05-25T19:37:39.590-0500] {processor.py:157} INFO - Started process (PID=85536) to work on /Users/afsaruddinmohammed/state_analysis/.venv/lib/python3.11/site-packages/airflow/example_dags/example_branch_python_dop_operator_3.py
[2025-05-25T19:37:39.591-0500] {processor.py:826} INFO - Processing file /Users/afsaruddinmohammed/state_analysis/.venv/lib/python3.11/site-packages/airflow/example_dags/example_branch_python_dop_operator_3.py for tasks to queue
[2025-05-25T19:37:39.591-0500] {logging_mixin.py:150} INFO - [2025-05-25T19:37:39.591-0500] {dagbag.py:541} INFO - Filling up the DagBag from /Users/afsaruddinmohammed/state_analysis/.venv/lib/python3.11/site-packages/airflow/example_dags/example_branch_python_dop_operator_3.py
[2025-05-25T19:37:39.622-0500] {processor.py:836} INFO - DAG(s) dict_keys(['example_branch_dop_operator_v3']) retrieved from /Users/afsaruddinmohammed/state_analysis/.venv/lib/python3.11/site-packages/airflow/example_dags/example_branch_python_dop_operator_3.py
[2025-05-25T19:37:39.885-0500] {logging_mixin.py:150} INFO - [2025-05-25T19:37:39.885-0500] {dag.py:2742} INFO - Sync 1 DAGs
[2025-05-25T19:37:39.892-0500] {logging_mixin.py:150} INFO - [2025-05-25T19:37:39.891-0500] {dag.py:3504} INFO - Setting next_dagrun for example_branch_dop_operator_v3 to 2025-05-26T00:36:00+00:00, run_after=2025-05-26T00:37:00+00:00
[2025-05-25T19:37:39.897-0500] {processor.py:179} INFO - Processing /Users/afsaruddinmohammed/state_analysis/.venv/lib/python3.11/site-packages/airflow/example_dags/example_branch_python_dop_operator_3.py took 0.308 seconds
[2025-05-25T19:39:18.008-0500] {processor.py:157} INFO - Started process (PID=85618) to work on /Users/afsaruddinmohammed/state_analysis/.venv/lib/python3.11/site-packages/airflow/example_dags/example_branch_python_dop_operator_3.py
[2025-05-25T19:39:18.010-0500] {processor.py:826} INFO - Processing file /Users/afsaruddinmohammed/state_analysis/.venv/lib/python3.11/site-packages/airflow/example_dags/example_branch_python_dop_operator_3.py for tasks to queue
[2025-05-25T19:39:18.010-0500] {logging_mixin.py:150} INFO - [2025-05-25T19:39:18.010-0500] {dagbag.py:541} INFO - Filling up the DagBag from /Users/afsaruddinmohammed/state_analysis/.venv/lib/python3.11/site-packages/airflow/example_dags/example_branch_python_dop_operator_3.py
[2025-05-25T19:39:18.040-0500] {processor.py:836} INFO - DAG(s) dict_keys(['example_branch_dop_operator_v3']) retrieved from /Users/afsaruddinmohammed/state_analysis/.venv/lib/python3.11/site-packages/airflow/example_dags/example_branch_python_dop_operator_3.py
[2025-05-25T19:39:18.293-0500] {logging_mixin.py:150} INFO - [2025-05-25T19:39:18.293-0500] {dag.py:2742} INFO - Sync 1 DAGs
[2025-05-25T19:39:18.299-0500] {logging_mixin.py:150} INFO - [2025-05-25T19:39:18.299-0500] {dag.py:3504} INFO - Setting next_dagrun for example_branch_dop_operator_v3 to 2025-05-26T00:38:00+00:00, run_after=2025-05-26T00:39:00+00:00
[2025-05-25T19:39:18.305-0500] {processor.py:179} INFO - Processing /Users/afsaruddinmohammed/state_analysis/.venv/lib/python3.11/site-packages/airflow/example_dags/example_branch_python_dop_operator_3.py took 0.297 seconds
[2025-05-25T19:40:49.085-0500] {processor.py:157} INFO - Started process (PID=85677) to work on /Users/afsaruddinmohammed/state_analysis/.venv/lib/python3.11/site-packages/airflow/example_dags/example_branch_python_dop_operator_3.py
[2025-05-25T19:40:49.087-0500] {processor.py:826} INFO - Processing file /Users/afsaruddinmohammed/state_analysis/.venv/lib/python3.11/site-packages/airflow/example_dags/example_branch_python_dop_operator_3.py for tasks to queue
[2025-05-25T19:40:49.087-0500] {logging_mixin.py:150} INFO - [2025-05-25T19:40:49.087-0500] {dagbag.py:541} INFO - Filling up the DagBag from /Users/afsaruddinmohammed/state_analysis/.venv/lib/python3.11/site-packages/airflow/example_dags/example_branch_python_dop_operator_3.py
[2025-05-25T19:40:49.118-0500] {processor.py:836} INFO - DAG(s) dict_keys(['example_branch_dop_operator_v3']) retrieved from /Users/afsaruddinmohammed/state_analysis/.venv/lib/python3.11/site-packages/airflow/example_dags/example_branch_python_dop_operator_3.py
[2025-05-25T19:40:49.372-0500] {logging_mixin.py:150} INFO - [2025-05-25T19:40:49.372-0500] {dag.py:2742} INFO - Sync 1 DAGs
[2025-05-25T19:40:49.378-0500] {logging_mixin.py:150} INFO - [2025-05-25T19:40:49.378-0500] {dag.py:3504} INFO - Setting next_dagrun for example_branch_dop_operator_v3 to 2025-05-26T00:39:00+00:00, run_after=2025-05-26T00:40:00+00:00
[2025-05-25T19:40:49.385-0500] {processor.py:179} INFO - Processing /Users/afsaruddinmohammed/state_analysis/.venv/lib/python3.11/site-packages/airflow/example_dags/example_branch_python_dop_operator_3.py took 0.300 seconds
