[2025-05-25T19:34:43.746-0500] {processor.py:157} INFO - Started process (PID=85402) to work on /Users/afsaruddinmohammed/state_analysis/.venv/lib/python3.11/site-packages/airflow/example_dags/example_branch_datetime_operator.py
[2025-05-25T19:34:43.747-0500] {processor.py:826} INFO - Processing file /Users/afsaruddinmohammed/state_analysis/.venv/lib/python3.11/site-packages/airflow/example_dags/example_branch_datetime_operator.py for tasks to queue
[2025-05-25T19:34:43.747-0500] {logging_mixin.py:150} INFO - [2025-05-25T19:34:43.747-0500] {dagbag.py:541} INFO - Filling up the DagBag from /Users/afsaruddinmohammed/state_analysis/.venv/lib/python3.11/site-packages/airflow/example_dags/example_branch_datetime_operator.py
[2025-05-25T19:34:43.755-0500] {processor.py:836} INFO - DAG(s) dict_keys(['example_branch_datetime_operator_2', 'example_branch_datetime_operator_3', 'example_branch_datetime_operator']) retrieved from /Users/afsaruddinmohammed/state_analysis/.venv/lib/python3.11/site-packages/airflow/example_dags/example_branch_datetime_operator.py
[2025-05-25T19:34:44.048-0500] {logging_mixin.py:150} INFO - [2025-05-25T19:34:44.048-0500] {manager.py:504} INFO - Created Permission View: can edit on DAG:example_branch_datetime_operator_2
[2025-05-25T19:34:44.051-0500] {logging_mixin.py:150} INFO - [2025-05-25T19:34:44.051-0500] {manager.py:504} INFO - Created Permission View: can read on DAG:example_branch_datetime_operator_2
[2025-05-25T19:34:44.052-0500] {logging_mixin.py:150} INFO - [2025-05-25T19:34:44.052-0500] {manager.py:504} INFO - Created Permission View: can delete on DAG:example_branch_datetime_operator_2
[2025-05-25T19:34:44.059-0500] {logging_mixin.py:150} INFO - [2025-05-25T19:34:44.059-0500] {manager.py:504} INFO - Created Permission View: can edit on DAG:example_branch_datetime_operator_3
[2025-05-25T19:34:44.061-0500] {logging_mixin.py:150} INFO - [2025-05-25T19:34:44.061-0500] {manager.py:504} INFO - Created Permission View: can read on DAG:example_branch_datetime_operator_3
[2025-05-25T19:34:44.062-0500] {logging_mixin.py:150} INFO - [2025-05-25T19:34:44.062-0500] {manager.py:504} INFO - Created Permission View: can delete on DAG:example_branch_datetime_operator_3
[2025-05-25T19:34:44.066-0500] {logging_mixin.py:150} INFO - [2025-05-25T19:34:44.066-0500] {manager.py:504} INFO - Created Permission View: can edit on DAG:example_branch_datetime_operator
[2025-05-25T19:34:44.068-0500] {logging_mixin.py:150} INFO - [2025-05-25T19:34:44.068-0500] {manager.py:504} INFO - Created Permission View: can read on DAG:example_branch_datetime_operator
[2025-05-25T19:34:44.069-0500] {logging_mixin.py:150} INFO - [2025-05-25T19:34:44.069-0500] {manager.py:504} INFO - Created Permission View: can delete on DAG:example_branch_datetime_operator
[2025-05-25T19:34:44.070-0500] {logging_mixin.py:150} INFO - [2025-05-25T19:34:44.070-0500] {dag.py:2742} INFO - Sync 3 DAGs
[2025-05-25T19:34:44.072-0500] {logging_mixin.py:150} INFO - [2025-05-25T19:34:44.072-0500] {dag.py:2763} INFO - Creating ORM DAG for example_branch_datetime_operator_2
[2025-05-25T19:34:44.073-0500] {logging_mixin.py:150} INFO - [2025-05-25T19:34:44.073-0500] {dag.py:2763} INFO - Creating ORM DAG for example_branch_datetime_operator
[2025-05-25T19:34:44.073-0500] {logging_mixin.py:150} INFO - [2025-05-25T19:34:44.073-0500] {dag.py:2763} INFO - Creating ORM DAG for example_branch_datetime_operator_3
[2025-05-25T19:34:44.075-0500] {logging_mixin.py:150} INFO - [2025-05-25T19:34:44.075-0500] {dag.py:3504} INFO - Setting next_dagrun for example_branch_datetime_operator to 2025-05-25T00:00:00+00:00, run_after=2025-05-26T00:00:00+00:00
[2025-05-25T19:34:44.076-0500] {logging_mixin.py:150} INFO - [2025-05-25T19:34:44.076-0500] {dag.py:3504} INFO - Setting next_dagrun for example_branch_datetime_operator_2 to 2025-05-25T00:00:00+00:00, run_after=2025-05-26T00:00:00+00:00
[2025-05-25T19:34:44.076-0500] {logging_mixin.py:150} INFO - [2025-05-25T19:34:44.076-0500] {dag.py:3504} INFO - Setting next_dagrun for example_branch_datetime_operator_3 to 2025-05-25T00:00:00+00:00, run_after=2025-05-26T00:00:00+00:00
[2025-05-25T19:34:44.081-0500] {processor.py:179} INFO - Processing /Users/afsaruddinmohammed/state_analysis/.venv/lib/python3.11/site-packages/airflow/example_dags/example_branch_datetime_operator.py took 0.336 seconds
[2025-05-25T19:36:17.937-0500] {processor.py:157} INFO - Started process (PID=85466) to work on /Users/afsaruddinmohammed/state_analysis/.venv/lib/python3.11/site-packages/airflow/example_dags/example_branch_datetime_operator.py
[2025-05-25T19:36:17.938-0500] {processor.py:826} INFO - Processing file /Users/afsaruddinmohammed/state_analysis/.venv/lib/python3.11/site-packages/airflow/example_dags/example_branch_datetime_operator.py for tasks to queue
[2025-05-25T19:36:17.938-0500] {logging_mixin.py:150} INFO - [2025-05-25T19:36:17.938-0500] {dagbag.py:541} INFO - Filling up the DagBag from /Users/afsaruddinmohammed/state_analysis/.venv/lib/python3.11/site-packages/airflow/example_dags/example_branch_datetime_operator.py
[2025-05-25T19:36:17.946-0500] {processor.py:836} INFO - DAG(s) dict_keys(['example_branch_datetime_operator_2', 'example_branch_datetime_operator', 'example_branch_datetime_operator_3']) retrieved from /Users/afsaruddinmohammed/state_analysis/.venv/lib/python3.11/site-packages/airflow/example_dags/example_branch_datetime_operator.py
[2025-05-25T19:36:18.221-0500] {logging_mixin.py:150} INFO - [2025-05-25T19:36:18.221-0500] {dag.py:2742} INFO - Sync 3 DAGs
[2025-05-25T19:36:18.227-0500] {logging_mixin.py:150} INFO - [2025-05-25T19:36:18.227-0500] {dag.py:3504} INFO - Setting next_dagrun for example_branch_datetime_operator to 2025-05-25T00:00:00+00:00, run_after=2025-05-26T00:00:00+00:00
[2025-05-25T19:36:18.228-0500] {logging_mixin.py:150} INFO - [2025-05-25T19:36:18.228-0500] {dag.py:3504} INFO - Setting next_dagrun for example_branch_datetime_operator_2 to 2025-05-25T00:00:00+00:00, run_after=2025-05-26T00:00:00+00:00
[2025-05-25T19:36:18.228-0500] {logging_mixin.py:150} INFO - [2025-05-25T19:36:18.228-0500] {dag.py:3504} INFO - Setting next_dagrun for example_branch_datetime_operator_3 to 2025-05-25T00:00:00+00:00, run_after=2025-05-26T00:00:00+00:00
[2025-05-25T19:36:18.233-0500] {processor.py:179} INFO - Processing /Users/afsaruddinmohammed/state_analysis/.venv/lib/python3.11/site-packages/airflow/example_dags/example_branch_datetime_operator.py took 0.297 seconds
[2025-05-25T19:37:48.205-0500] {processor.py:157} INFO - Started process (PID=85541) to work on /Users/afsaruddinmohammed/state_analysis/.venv/lib/python3.11/site-packages/airflow/example_dags/example_branch_datetime_operator.py
[2025-05-25T19:37:48.207-0500] {processor.py:826} INFO - Processing file /Users/afsaruddinmohammed/state_analysis/.venv/lib/python3.11/site-packages/airflow/example_dags/example_branch_datetime_operator.py for tasks to queue
[2025-05-25T19:37:48.207-0500] {logging_mixin.py:150} INFO - [2025-05-25T19:37:48.207-0500] {dagbag.py:541} INFO - Filling up the DagBag from /Users/afsaruddinmohammed/state_analysis/.venv/lib/python3.11/site-packages/airflow/example_dags/example_branch_datetime_operator.py
[2025-05-25T19:37:48.215-0500] {processor.py:836} INFO - DAG(s) dict_keys(['example_branch_datetime_operator_2', 'example_branch_datetime_operator', 'example_branch_datetime_operator_3']) retrieved from /Users/afsaruddinmohammed/state_analysis/.venv/lib/python3.11/site-packages/airflow/example_dags/example_branch_datetime_operator.py
[2025-05-25T19:37:48.479-0500] {logging_mixin.py:150} INFO - [2025-05-25T19:37:48.479-0500] {dag.py:2742} INFO - Sync 3 DAGs
[2025-05-25T19:37:48.485-0500] {logging_mixin.py:150} INFO - [2025-05-25T19:37:48.485-0500] {dag.py:3504} INFO - Setting next_dagrun for example_branch_datetime_operator to 2025-05-25T00:00:00+00:00, run_after=2025-05-26T00:00:00+00:00
[2025-05-25T19:37:48.486-0500] {logging_mixin.py:150} INFO - [2025-05-25T19:37:48.486-0500] {dag.py:3504} INFO - Setting next_dagrun for example_branch_datetime_operator_2 to 2025-05-25T00:00:00+00:00, run_after=2025-05-26T00:00:00+00:00
[2025-05-25T19:37:48.487-0500] {logging_mixin.py:150} INFO - [2025-05-25T19:37:48.487-0500] {dag.py:3504} INFO - Setting next_dagrun for example_branch_datetime_operator_3 to 2025-05-25T00:00:00+00:00, run_after=2025-05-26T00:00:00+00:00
[2025-05-25T19:37:48.492-0500] {processor.py:179} INFO - Processing /Users/afsaruddinmohammed/state_analysis/.venv/lib/python3.11/site-packages/airflow/example_dags/example_branch_datetime_operator.py took 0.287 seconds
[2025-05-25T19:39:25.605-0500] {processor.py:157} INFO - Started process (PID=85623) to work on /Users/afsaruddinmohammed/state_analysis/.venv/lib/python3.11/site-packages/airflow/example_dags/example_branch_datetime_operator.py
[2025-05-25T19:39:25.607-0500] {processor.py:826} INFO - Processing file /Users/afsaruddinmohammed/state_analysis/.venv/lib/python3.11/site-packages/airflow/example_dags/example_branch_datetime_operator.py for tasks to queue
[2025-05-25T19:39:25.608-0500] {logging_mixin.py:150} INFO - [2025-05-25T19:39:25.607-0500] {dagbag.py:541} INFO - Filling up the DagBag from /Users/afsaruddinmohammed/state_analysis/.venv/lib/python3.11/site-packages/airflow/example_dags/example_branch_datetime_operator.py
[2025-05-25T19:39:25.615-0500] {processor.py:836} INFO - DAG(s) dict_keys(['example_branch_datetime_operator_3', 'example_branch_datetime_operator_2', 'example_branch_datetime_operator']) retrieved from /Users/afsaruddinmohammed/state_analysis/.venv/lib/python3.11/site-packages/airflow/example_dags/example_branch_datetime_operator.py
[2025-05-25T19:39:25.889-0500] {logging_mixin.py:150} INFO - [2025-05-25T19:39:25.889-0500] {dag.py:2742} INFO - Sync 3 DAGs
[2025-05-25T19:39:25.895-0500] {logging_mixin.py:150} INFO - [2025-05-25T19:39:25.895-0500] {dag.py:3504} INFO - Setting next_dagrun for example_branch_datetime_operator to 2025-05-25T00:00:00+00:00, run_after=2025-05-26T00:00:00+00:00
[2025-05-25T19:39:25.897-0500] {logging_mixin.py:150} INFO - [2025-05-25T19:39:25.896-0500] {dag.py:3504} INFO - Setting next_dagrun for example_branch_datetime_operator_2 to 2025-05-25T00:00:00+00:00, run_after=2025-05-26T00:00:00+00:00
[2025-05-25T19:39:25.897-0500] {logging_mixin.py:150} INFO - [2025-05-25T19:39:25.897-0500] {dag.py:3504} INFO - Setting next_dagrun for example_branch_datetime_operator_3 to 2025-05-25T00:00:00+00:00, run_after=2025-05-26T00:00:00+00:00
[2025-05-25T19:39:25.902-0500] {processor.py:179} INFO - Processing /Users/afsaruddinmohammed/state_analysis/.venv/lib/python3.11/site-packages/airflow/example_dags/example_branch_datetime_operator.py took 0.297 seconds
[2025-05-25T19:40:56.667-0500] {processor.py:157} INFO - Started process (PID=85683) to work on /Users/afsaruddinmohammed/state_analysis/.venv/lib/python3.11/site-packages/airflow/example_dags/example_branch_datetime_operator.py
[2025-05-25T19:40:56.669-0500] {processor.py:826} INFO - Processing file /Users/afsaruddinmohammed/state_analysis/.venv/lib/python3.11/site-packages/airflow/example_dags/example_branch_datetime_operator.py for tasks to queue
[2025-05-25T19:40:56.669-0500] {logging_mixin.py:150} INFO - [2025-05-25T19:40:56.669-0500] {dagbag.py:541} INFO - Filling up the DagBag from /Users/afsaruddinmohammed/state_analysis/.venv/lib/python3.11/site-packages/airflow/example_dags/example_branch_datetime_operator.py
[2025-05-25T19:40:56.677-0500] {processor.py:836} INFO - DAG(s) dict_keys(['example_branch_datetime_operator', 'example_branch_datetime_operator_3', 'example_branch_datetime_operator_2']) retrieved from /Users/afsaruddinmohammed/state_analysis/.venv/lib/python3.11/site-packages/airflow/example_dags/example_branch_datetime_operator.py
[2025-05-25T19:40:56.998-0500] {logging_mixin.py:150} INFO - [2025-05-25T19:40:56.997-0500] {dag.py:2742} INFO - Sync 3 DAGs
[2025-05-25T19:40:57.027-0500] {logging_mixin.py:150} INFO - [2025-05-25T19:40:57.026-0500] {dag.py:3504} INFO - Setting next_dagrun for example_branch_datetime_operator to 2025-05-25T00:00:00+00:00, run_after=2025-05-26T00:00:00+00:00
[2025-05-25T19:40:57.029-0500] {logging_mixin.py:150} INFO - [2025-05-25T19:40:57.028-0500] {dag.py:3504} INFO - Setting next_dagrun for example_branch_datetime_operator_2 to 2025-05-25T00:00:00+00:00, run_after=2025-05-26T00:00:00+00:00
[2025-05-25T19:40:57.030-0500] {logging_mixin.py:150} INFO - [2025-05-25T19:40:57.030-0500] {dag.py:3504} INFO - Setting next_dagrun for example_branch_datetime_operator_3 to 2025-05-25T00:00:00+00:00, run_after=2025-05-26T00:00:00+00:00
[2025-05-25T19:40:57.035-0500] {processor.py:179} INFO - Processing /Users/afsaruddinmohammed/state_analysis/.venv/lib/python3.11/site-packages/airflow/example_dags/example_branch_datetime_operator.py took 0.369 seconds
