[2025-05-25T19:33:49.999-0500] {processor.py:157} INFO - Started process (PID=85347) to work on /Users/afsaruddinmohammed/state_analysis/.venv/lib/python3.11/site-packages/airflow/example_dags/example_task_group.py
[2025-05-25T19:33:50.000-0500] {processor.py:826} INFO - Processing file /Users/afsaruddinmohammed/state_analysis/.venv/lib/python3.11/site-packages/airflow/example_dags/example_task_group.py for tasks to queue
[2025-05-25T19:33:50.000-0500] {logging_mixin.py:150} INFO - [2025-05-25T19:33:50.000-0500] {dagbag.py:541} INFO - Filling up the DagBag from /Users/afsaruddinmohammed/state_analysis/.venv/lib/python3.11/site-packages/airflow/example_dags/example_task_group.py
[2025-05-25T19:33:50.008-0500] {processor.py:836} INFO - DAG(s) dict_keys(['example_task_group']) retrieved from /Users/afsaruddinmohammed/state_analysis/.venv/lib/python3.11/site-packages/airflow/example_dags/example_task_group.py
[2025-05-25T19:33:50.294-0500] {logging_mixin.py:150} INFO - [2025-05-25T19:33:50.294-0500] {manager.py:504} INFO - Created Permission View: can delete on DAG:example_task_group
[2025-05-25T19:33:50.297-0500] {logging_mixin.py:150} INFO - [2025-05-25T19:33:50.297-0500] {manager.py:504} INFO - Created Permission View: can read on DAG:example_task_group
[2025-05-25T19:33:50.298-0500] {logging_mixin.py:150} INFO - [2025-05-25T19:33:50.298-0500] {manager.py:504} INFO - Created Permission View: can edit on DAG:example_task_group
[2025-05-25T19:33:50.302-0500] {logging_mixin.py:150} INFO - [2025-05-25T19:33:50.302-0500] {dag.py:2742} INFO - Sync 1 DAGs
[2025-05-25T19:33:50.304-0500] {logging_mixin.py:150} INFO - [2025-05-25T19:33:50.304-0500] {dag.py:2763} INFO - Creating ORM DAG for example_task_group
[2025-05-25T19:33:50.306-0500] {logging_mixin.py:150} INFO - [2025-05-25T19:33:50.306-0500] {dag.py:3504} INFO - Setting next_dagrun for example_task_group to 2025-05-25T00:33:50.306682+00:00, run_after=2025-05-26T00:33:50.306682+00:00
[2025-05-25T19:33:50.311-0500] {processor.py:179} INFO - Processing /Users/afsaruddinmohammed/state_analysis/.venv/lib/python3.11/site-packages/airflow/example_dags/example_task_group.py took 0.312 seconds
[2025-05-25T19:35:11.557-0500] {processor.py:157} INFO - Started process (PID=85419) to work on /Users/afsaruddinmohammed/state_analysis/.venv/lib/python3.11/site-packages/airflow/example_dags/example_task_group.py
[2025-05-25T19:35:11.559-0500] {processor.py:826} INFO - Processing file /Users/afsaruddinmohammed/state_analysis/.venv/lib/python3.11/site-packages/airflow/example_dags/example_task_group.py for tasks to queue
[2025-05-25T19:35:11.559-0500] {logging_mixin.py:150} INFO - [2025-05-25T19:35:11.559-0500] {dagbag.py:541} INFO - Filling up the DagBag from /Users/afsaruddinmohammed/state_analysis/.venv/lib/python3.11/site-packages/airflow/example_dags/example_task_group.py
[2025-05-25T19:35:11.565-0500] {processor.py:836} INFO - DAG(s) dict_keys(['example_task_group']) retrieved from /Users/afsaruddinmohammed/state_analysis/.venv/lib/python3.11/site-packages/airflow/example_dags/example_task_group.py
[2025-05-25T19:35:11.827-0500] {logging_mixin.py:150} INFO - [2025-05-25T19:35:11.827-0500] {dag.py:2742} INFO - Sync 1 DAGs
[2025-05-25T19:35:11.832-0500] {logging_mixin.py:150} INFO - [2025-05-25T19:35:11.832-0500] {dag.py:3504} INFO - Setting next_dagrun for example_task_group to 2025-05-25T00:35:11.832767+00:00, run_after=2025-05-26T00:35:11.832767+00:00
[2025-05-25T19:35:11.839-0500] {processor.py:179} INFO - Processing /Users/afsaruddinmohammed/state_analysis/.venv/lib/python3.11/site-packages/airflow/example_dags/example_task_group.py took 0.282 seconds
[2025-05-25T19:36:41.798-0500] {processor.py:157} INFO - Started process (PID=85483) to work on /Users/afsaruddinmohammed/state_analysis/.venv/lib/python3.11/site-packages/airflow/example_dags/example_task_group.py
[2025-05-25T19:36:41.800-0500] {processor.py:826} INFO - Processing file /Users/afsaruddinmohammed/state_analysis/.venv/lib/python3.11/site-packages/airflow/example_dags/example_task_group.py for tasks to queue
[2025-05-25T19:36:41.800-0500] {logging_mixin.py:150} INFO - [2025-05-25T19:36:41.800-0500] {dagbag.py:541} INFO - Filling up the DagBag from /Users/afsaruddinmohammed/state_analysis/.venv/lib/python3.11/site-packages/airflow/example_dags/example_task_group.py
[2025-05-25T19:36:41.807-0500] {processor.py:836} INFO - DAG(s) dict_keys(['example_task_group']) retrieved from /Users/afsaruddinmohammed/state_analysis/.venv/lib/python3.11/site-packages/airflow/example_dags/example_task_group.py
[2025-05-25T19:36:42.095-0500] {logging_mixin.py:150} INFO - [2025-05-25T19:36:42.095-0500] {dag.py:2742} INFO - Sync 1 DAGs
[2025-05-25T19:36:42.101-0500] {logging_mixin.py:150} INFO - [2025-05-25T19:36:42.101-0500] {dag.py:3504} INFO - Setting next_dagrun for example_task_group to 2025-05-25T00:36:42.101074+00:00, run_after=2025-05-26T00:36:42.101074+00:00
[2025-05-25T19:36:42.106-0500] {processor.py:179} INFO - Processing /Users/afsaruddinmohammed/state_analysis/.venv/lib/python3.11/site-packages/airflow/example_dags/example_task_group.py took 0.309 seconds
[2025-05-25T19:38:13.406-0500] {processor.py:157} INFO - Started process (PID=85563) to work on /Users/afsaruddinmohammed/state_analysis/.venv/lib/python3.11/site-packages/airflow/example_dags/example_task_group.py
[2025-05-25T19:38:13.408-0500] {processor.py:826} INFO - Processing file /Users/afsaruddinmohammed/state_analysis/.venv/lib/python3.11/site-packages/airflow/example_dags/example_task_group.py for tasks to queue
[2025-05-25T19:38:13.408-0500] {logging_mixin.py:150} INFO - [2025-05-25T19:38:13.408-0500] {dagbag.py:541} INFO - Filling up the DagBag from /Users/afsaruddinmohammed/state_analysis/.venv/lib/python3.11/site-packages/airflow/example_dags/example_task_group.py
[2025-05-25T19:38:13.415-0500] {processor.py:836} INFO - DAG(s) dict_keys(['example_task_group']) retrieved from /Users/afsaruddinmohammed/state_analysis/.venv/lib/python3.11/site-packages/airflow/example_dags/example_task_group.py
[2025-05-25T19:38:13.743-0500] {logging_mixin.py:150} INFO - [2025-05-25T19:38:13.743-0500] {dag.py:2742} INFO - Sync 1 DAGs
[2025-05-25T19:38:13.748-0500] {logging_mixin.py:150} INFO - [2025-05-25T19:38:13.748-0500] {dag.py:3504} INFO - Setting next_dagrun for example_task_group to 2025-05-25T00:38:13.748800+00:00, run_after=2025-05-26T00:38:13.748800+00:00
[2025-05-25T19:38:13.756-0500] {processor.py:179} INFO - Processing /Users/afsaruddinmohammed/state_analysis/.venv/lib/python3.11/site-packages/airflow/example_dags/example_task_group.py took 0.351 seconds
[2025-05-25T19:39:49.319-0500] {processor.py:157} INFO - Started process (PID=85638) to work on /Users/afsaruddinmohammed/state_analysis/.venv/lib/python3.11/site-packages/airflow/example_dags/example_task_group.py
[2025-05-25T19:39:49.323-0500] {processor.py:826} INFO - Processing file /Users/afsaruddinmohammed/state_analysis/.venv/lib/python3.11/site-packages/airflow/example_dags/example_task_group.py for tasks to queue
[2025-05-25T19:39:49.323-0500] {logging_mixin.py:150} INFO - [2025-05-25T19:39:49.323-0500] {dagbag.py:541} INFO - Filling up the DagBag from /Users/afsaruddinmohammed/state_analysis/.venv/lib/python3.11/site-packages/airflow/example_dags/example_task_group.py
[2025-05-25T19:39:49.330-0500] {processor.py:836} INFO - DAG(s) dict_keys(['example_task_group']) retrieved from /Users/afsaruddinmohammed/state_analysis/.venv/lib/python3.11/site-packages/airflow/example_dags/example_task_group.py
[2025-05-25T19:39:49.604-0500] {logging_mixin.py:150} INFO - [2025-05-25T19:39:49.604-0500] {dag.py:2742} INFO - Sync 1 DAGs
[2025-05-25T19:39:49.609-0500] {logging_mixin.py:150} INFO - [2025-05-25T19:39:49.609-0500] {dag.py:3504} INFO - Setting next_dagrun for example_task_group to 2025-05-25T00:39:49.609529+00:00, run_after=2025-05-26T00:39:49.609529+00:00
[2025-05-25T19:39:49.615-0500] {processor.py:179} INFO - Processing /Users/afsaruddinmohammed/state_analysis/.venv/lib/python3.11/site-packages/airflow/example_dags/example_task_group.py took 0.296 seconds
[2025-05-25T19:41:24.346-0500] {processor.py:157} INFO - Started process (PID=85710) to work on /Users/afsaruddinmohammed/state_analysis/.venv/lib/python3.11/site-packages/airflow/example_dags/example_task_group.py
[2025-05-25T19:41:24.348-0500] {processor.py:826} INFO - Processing file /Users/afsaruddinmohammed/state_analysis/.venv/lib/python3.11/site-packages/airflow/example_dags/example_task_group.py for tasks to queue
[2025-05-25T19:41:24.348-0500] {logging_mixin.py:150} INFO - [2025-05-25T19:41:24.348-0500] {dagbag.py:541} INFO - Filling up the DagBag from /Users/afsaruddinmohammed/state_analysis/.venv/lib/python3.11/site-packages/airflow/example_dags/example_task_group.py
[2025-05-25T19:41:24.355-0500] {processor.py:836} INFO - DAG(s) dict_keys(['example_task_group']) retrieved from /Users/afsaruddinmohammed/state_analysis/.venv/lib/python3.11/site-packages/airflow/example_dags/example_task_group.py
[2025-05-25T19:41:24.648-0500] {logging_mixin.py:150} INFO - [2025-05-25T19:41:24.647-0500] {dag.py:2742} INFO - Sync 1 DAGs
[2025-05-25T19:41:24.653-0500] {logging_mixin.py:150} INFO - [2025-05-25T19:41:24.653-0500] {dag.py:3504} INFO - Setting next_dagrun for example_task_group to 2025-05-25T00:41:24.653310+00:00, run_after=2025-05-26T00:41:24.653310+00:00
[2025-05-25T19:41:24.660-0500] {processor.py:179} INFO - Processing /Users/afsaruddinmohammed/state_analysis/.venv/lib/python3.11/site-packages/airflow/example_dags/example_task_group.py took 0.315 seconds
