[2025-05-25T19:33:43.195-0500] {processor.py:157} INFO - Started process (PID=85343) to work on /Users/afsaruddinmohammed/state_analysis/.venv/lib/python3.11/site-packages/airflow/example_dags/example_trigger_target_dag.py
[2025-05-25T19:33:43.196-0500] {processor.py:826} INFO - Processing file /Users/afsaruddinmohammed/state_analysis/.venv/lib/python3.11/site-packages/airflow/example_dags/example_trigger_target_dag.py for tasks to queue
[2025-05-25T19:33:43.196-0500] {logging_mixin.py:150} INFO - [2025-05-25T19:33:43.196-0500] {dagbag.py:541} INFO - Filling up the DagBag from /Users/afsaruddinmohammed/state_analysis/.venv/lib/python3.11/site-packages/airflow/example_dags/example_trigger_target_dag.py
[2025-05-25T19:33:43.227-0500] {processor.py:836} INFO - DAG(s) dict_keys(['example_trigger_target_dag']) retrieved from /Users/afsaruddinmohammed/state_analysis/.venv/lib/python3.11/site-packages/airflow/example_dags/example_trigger_target_dag.py
[2025-05-25T19:33:43.495-0500] {logging_mixin.py:150} INFO - [2025-05-25T19:33:43.494-0500] {manager.py:504} INFO - Created Permission View: can delete on DAG:example_trigger_target_dag
[2025-05-25T19:33:43.497-0500] {logging_mixin.py:150} INFO - [2025-05-25T19:33:43.497-0500] {manager.py:504} INFO - Created Permission View: can read on DAG:example_trigger_target_dag
[2025-05-25T19:33:43.499-0500] {logging_mixin.py:150} INFO - [2025-05-25T19:33:43.499-0500] {manager.py:504} INFO - Created Permission View: can edit on DAG:example_trigger_target_dag
[2025-05-25T19:33:43.501-0500] {logging_mixin.py:150} INFO - [2025-05-25T19:33:43.501-0500] {dag.py:2742} INFO - Sync 1 DAGs
[2025-05-25T19:33:43.504-0500] {logging_mixin.py:150} INFO - [2025-05-25T19:33:43.504-0500] {dag.py:2763} INFO - Creating ORM DAG for example_trigger_target_dag
[2025-05-25T19:33:43.506-0500] {logging_mixin.py:150} INFO - [2025-05-25T19:33:43.506-0500] {dag.py:3504} INFO - Setting next_dagrun for example_trigger_target_dag to None, run_after=None
[2025-05-25T19:33:43.511-0500] {processor.py:179} INFO - Processing /Users/afsaruddinmohammed/state_analysis/.venv/lib/python3.11/site-packages/airflow/example_dags/example_trigger_target_dag.py took 0.316 seconds
[2025-05-25T19:35:04.400-0500] {processor.py:157} INFO - Started process (PID=85415) to work on /Users/afsaruddinmohammed/state_analysis/.venv/lib/python3.11/site-packages/airflow/example_dags/example_trigger_target_dag.py
[2025-05-25T19:35:04.402-0500] {processor.py:826} INFO - Processing file /Users/afsaruddinmohammed/state_analysis/.venv/lib/python3.11/site-packages/airflow/example_dags/example_trigger_target_dag.py for tasks to queue
[2025-05-25T19:35:04.402-0500] {logging_mixin.py:150} INFO - [2025-05-25T19:35:04.402-0500] {dagbag.py:541} INFO - Filling up the DagBag from /Users/afsaruddinmohammed/state_analysis/.venv/lib/python3.11/site-packages/airflow/example_dags/example_trigger_target_dag.py
[2025-05-25T19:35:04.432-0500] {processor.py:836} INFO - DAG(s) dict_keys(['example_trigger_target_dag']) retrieved from /Users/afsaruddinmohammed/state_analysis/.venv/lib/python3.11/site-packages/airflow/example_dags/example_trigger_target_dag.py
[2025-05-25T19:35:04.687-0500] {logging_mixin.py:150} INFO - [2025-05-25T19:35:04.687-0500] {dag.py:2742} INFO - Sync 1 DAGs
[2025-05-25T19:35:04.693-0500] {logging_mixin.py:150} INFO - [2025-05-25T19:35:04.693-0500] {dag.py:3504} INFO - Setting next_dagrun for example_trigger_target_dag to None, run_after=None
[2025-05-25T19:35:04.700-0500] {processor.py:179} INFO - Processing /Users/afsaruddinmohammed/state_analysis/.venv/lib/python3.11/site-packages/airflow/example_dags/example_trigger_target_dag.py took 0.300 seconds
[2025-05-25T19:35:51.949-0500] {processor.py:157} INFO - Started process (PID=85450) to work on /Users/afsaruddinmohammed/state_analysis/.venv/lib/python3.11/site-packages/airflow/example_dags/example_trigger_target_dag.py
[2025-05-25T19:35:51.951-0500] {processor.py:826} INFO - Processing file /Users/afsaruddinmohammed/state_analysis/.venv/lib/python3.11/site-packages/airflow/example_dags/example_trigger_target_dag.py for tasks to queue
[2025-05-25T19:35:51.951-0500] {logging_mixin.py:150} INFO - [2025-05-25T19:35:51.951-0500] {dagbag.py:541} INFO - Filling up the DagBag from /Users/afsaruddinmohammed/state_analysis/.venv/lib/python3.11/site-packages/airflow/example_dags/example_trigger_target_dag.py
[2025-05-25T19:35:51.981-0500] {processor.py:836} INFO - DAG(s) dict_keys(['example_trigger_target_dag']) retrieved from /Users/afsaruddinmohammed/state_analysis/.venv/lib/python3.11/site-packages/airflow/example_dags/example_trigger_target_dag.py
[2025-05-25T19:35:52.230-0500] {logging_mixin.py:150} INFO - [2025-05-25T19:35:52.229-0500] {dag.py:2742} INFO - Sync 1 DAGs
[2025-05-25T19:35:52.234-0500] {logging_mixin.py:150} INFO - [2025-05-25T19:35:52.234-0500] {dag.py:3504} INFO - Setting next_dagrun for example_trigger_target_dag to None, run_after=None
[2025-05-25T19:35:52.240-0500] {processor.py:179} INFO - Processing /Users/afsaruddinmohammed/state_analysis/.venv/lib/python3.11/site-packages/airflow/example_dags/example_trigger_target_dag.py took 0.291 seconds
[2025-05-25T19:37:21.290-0500] {processor.py:157} INFO - Started process (PID=85520) to work on /Users/afsaruddinmohammed/state_analysis/.venv/lib/python3.11/site-packages/airflow/example_dags/example_trigger_target_dag.py
[2025-05-25T19:37:21.292-0500] {processor.py:826} INFO - Processing file /Users/afsaruddinmohammed/state_analysis/.venv/lib/python3.11/site-packages/airflow/example_dags/example_trigger_target_dag.py for tasks to queue
[2025-05-25T19:37:21.293-0500] {logging_mixin.py:150} INFO - [2025-05-25T19:37:21.292-0500] {dagbag.py:541} INFO - Filling up the DagBag from /Users/afsaruddinmohammed/state_analysis/.venv/lib/python3.11/site-packages/airflow/example_dags/example_trigger_target_dag.py
[2025-05-25T19:37:21.323-0500] {processor.py:836} INFO - DAG(s) dict_keys(['example_trigger_target_dag']) retrieved from /Users/afsaruddinmohammed/state_analysis/.venv/lib/python3.11/site-packages/airflow/example_dags/example_trigger_target_dag.py
[2025-05-25T19:37:21.579-0500] {logging_mixin.py:150} INFO - [2025-05-25T19:37:21.579-0500] {dag.py:2742} INFO - Sync 1 DAGs
[2025-05-25T19:37:21.584-0500] {logging_mixin.py:150} INFO - [2025-05-25T19:37:21.584-0500] {dag.py:3504} INFO - Setting next_dagrun for example_trigger_target_dag to None, run_after=None
[2025-05-25T19:37:21.590-0500] {processor.py:179} INFO - Processing /Users/afsaruddinmohammed/state_analysis/.venv/lib/python3.11/site-packages/airflow/example_dags/example_trigger_target_dag.py took 0.300 seconds
[2025-05-25T19:38:56.585-0500] {processor.py:157} INFO - Started process (PID=85604) to work on /Users/afsaruddinmohammed/state_analysis/.venv/lib/python3.11/site-packages/airflow/example_dags/example_trigger_target_dag.py
[2025-05-25T19:38:56.587-0500] {processor.py:826} INFO - Processing file /Users/afsaruddinmohammed/state_analysis/.venv/lib/python3.11/site-packages/airflow/example_dags/example_trigger_target_dag.py for tasks to queue
[2025-05-25T19:38:56.587-0500] {logging_mixin.py:150} INFO - [2025-05-25T19:38:56.587-0500] {dagbag.py:541} INFO - Filling up the DagBag from /Users/afsaruddinmohammed/state_analysis/.venv/lib/python3.11/site-packages/airflow/example_dags/example_trigger_target_dag.py
[2025-05-25T19:38:56.628-0500] {processor.py:836} INFO - DAG(s) dict_keys(['example_trigger_target_dag']) retrieved from /Users/afsaruddinmohammed/state_analysis/.venv/lib/python3.11/site-packages/airflow/example_dags/example_trigger_target_dag.py
[2025-05-25T19:38:56.931-0500] {logging_mixin.py:150} INFO - [2025-05-25T19:38:56.931-0500] {dag.py:2742} INFO - Sync 1 DAGs
[2025-05-25T19:38:56.937-0500] {logging_mixin.py:150} INFO - [2025-05-25T19:38:56.936-0500] {dag.py:3504} INFO - Setting next_dagrun for example_trigger_target_dag to None, run_after=None
[2025-05-25T19:38:56.943-0500] {processor.py:179} INFO - Processing /Users/afsaruddinmohammed/state_analysis/.venv/lib/python3.11/site-packages/airflow/example_dags/example_trigger_target_dag.py took 0.358 seconds
[2025-05-25T19:39:45.072-0500] {processor.py:157} INFO - Started process (PID=85635) to work on /Users/afsaruddinmohammed/state_analysis/.venv/lib/python3.11/site-packages/airflow/example_dags/example_trigger_target_dag.py
[2025-05-25T19:39:45.074-0500] {processor.py:826} INFO - Processing file /Users/afsaruddinmohammed/state_analysis/.venv/lib/python3.11/site-packages/airflow/example_dags/example_trigger_target_dag.py for tasks to queue
[2025-05-25T19:39:45.074-0500] {logging_mixin.py:150} INFO - [2025-05-25T19:39:45.074-0500] {dagbag.py:541} INFO - Filling up the DagBag from /Users/afsaruddinmohammed/state_analysis/.venv/lib/python3.11/site-packages/airflow/example_dags/example_trigger_target_dag.py
[2025-05-25T19:39:45.104-0500] {processor.py:836} INFO - DAG(s) dict_keys(['example_trigger_target_dag']) retrieved from /Users/afsaruddinmohammed/state_analysis/.venv/lib/python3.11/site-packages/airflow/example_dags/example_trigger_target_dag.py
[2025-05-25T19:39:45.351-0500] {logging_mixin.py:150} INFO - [2025-05-25T19:39:45.351-0500] {dag.py:2742} INFO - Sync 1 DAGs
[2025-05-25T19:39:45.356-0500] {logging_mixin.py:150} INFO - [2025-05-25T19:39:45.356-0500] {dag.py:3504} INFO - Setting next_dagrun for example_trigger_target_dag to None, run_after=None
[2025-05-25T19:39:45.362-0500] {processor.py:179} INFO - Processing /Users/afsaruddinmohammed/state_analysis/.venv/lib/python3.11/site-packages/airflow/example_dags/example_trigger_target_dag.py took 0.290 seconds
[2025-05-25T19:41:18.537-0500] {processor.py:157} INFO - Started process (PID=85702) to work on /Users/afsaruddinmohammed/state_analysis/.venv/lib/python3.11/site-packages/airflow/example_dags/example_trigger_target_dag.py
[2025-05-25T19:41:18.539-0500] {processor.py:826} INFO - Processing file /Users/afsaruddinmohammed/state_analysis/.venv/lib/python3.11/site-packages/airflow/example_dags/example_trigger_target_dag.py for tasks to queue
[2025-05-25T19:41:18.540-0500] {logging_mixin.py:150} INFO - [2025-05-25T19:41:18.540-0500] {dagbag.py:541} INFO - Filling up the DagBag from /Users/afsaruddinmohammed/state_analysis/.venv/lib/python3.11/site-packages/airflow/example_dags/example_trigger_target_dag.py
[2025-05-25T19:41:18.569-0500] {processor.py:836} INFO - DAG(s) dict_keys(['example_trigger_target_dag']) retrieved from /Users/afsaruddinmohammed/state_analysis/.venv/lib/python3.11/site-packages/airflow/example_dags/example_trigger_target_dag.py
[2025-05-25T19:41:18.844-0500] {logging_mixin.py:150} INFO - [2025-05-25T19:41:18.844-0500] {dag.py:2742} INFO - Sync 1 DAGs
[2025-05-25T19:41:18.849-0500] {logging_mixin.py:150} INFO - [2025-05-25T19:41:18.849-0500] {dag.py:3504} INFO - Setting next_dagrun for example_trigger_target_dag to None, run_after=None
[2025-05-25T19:41:18.857-0500] {processor.py:179} INFO - Processing /Users/afsaruddinmohammed/state_analysis/.venv/lib/python3.11/site-packages/airflow/example_dags/example_trigger_target_dag.py took 0.320 seconds
