[2025-05-25T19:34:16.882-0500] {processor.py:157} INFO - Started process (PID=85372) to work on /Users/afsaruddinmohammed/state_analysis/.venv/lib/python3.11/site-packages/airflow/example_dags/example_local_kubernetes_executor.py
[2025-05-25T19:34:16.883-0500] {processor.py:826} INFO - Processing file /Users/afsaruddinmohammed/state_analysis/.venv/lib/python3.11/site-packages/airflow/example_dags/example_local_kubernetes_executor.py for tasks to queue
[2025-05-25T19:34:16.883-0500] {logging_mixin.py:150} INFO - [2025-05-25T19:34:16.883-0500] {dagbag.py:541} INFO - Filling up the DagBag from /Users/afsaruddinmohammed/state_analysis/.venv/lib/python3.11/site-packages/airflow/example_dags/example_local_kubernetes_executor.py
[2025-05-25T19:34:16.914-0500] {logging_mixin.py:150} INFO - [2025-05-25T19:34:16.914-0500] {example_local_kubernetes_executor.py:39} WARNING - Could not import DAGs in example_local_kubernetes_executor.py
Traceback (most recent call last):
  File "/Users/afsaruddinmohammed/state_analysis/.venv/lib/python3.11/site-packages/airflow/example_dags/example_local_kubernetes_executor.py", line 37, in <module>
    from kubernetes.client import models as k8s
ModuleNotFoundError: No module named 'kubernetes'
[2025-05-25T19:34:16.915-0500] {logging_mixin.py:150} INFO - [2025-05-25T19:34:16.914-0500] {example_local_kubernetes_executor.py:40} WARNING - Install Kubernetes dependencies with: pip install apache-airflow[cncf.kubernetes]
[2025-05-25T19:34:16.915-0500] {processor.py:838} WARNING - No viable dags retrieved from /Users/afsaruddinmohammed/state_analysis/.venv/lib/python3.11/site-packages/airflow/example_dags/example_local_kubernetes_executor.py
[2025-05-25T19:34:17.178-0500] {processor.py:179} INFO - Processing /Users/afsaruddinmohammed/state_analysis/.venv/lib/python3.11/site-packages/airflow/example_dags/example_local_kubernetes_executor.py took 0.297 seconds
[2025-05-25T19:35:53.722-0500] {processor.py:157} INFO - Started process (PID=85451) to work on /Users/afsaruddinmohammed/state_analysis/.venv/lib/python3.11/site-packages/airflow/example_dags/example_local_kubernetes_executor.py
[2025-05-25T19:35:53.724-0500] {processor.py:826} INFO - Processing file /Users/afsaruddinmohammed/state_analysis/.venv/lib/python3.11/site-packages/airflow/example_dags/example_local_kubernetes_executor.py for tasks to queue
[2025-05-25T19:35:53.724-0500] {logging_mixin.py:150} INFO - [2025-05-25T19:35:53.724-0500] {dagbag.py:541} INFO - Filling up the DagBag from /Users/afsaruddinmohammed/state_analysis/.venv/lib/python3.11/site-packages/airflow/example_dags/example_local_kubernetes_executor.py
[2025-05-25T19:35:53.752-0500] {logging_mixin.py:150} INFO - [2025-05-25T19:35:53.752-0500] {example_local_kubernetes_executor.py:39} WARNING - Could not import DAGs in example_local_kubernetes_executor.py
Traceback (most recent call last):
  File "/Users/afsaruddinmohammed/state_analysis/.venv/lib/python3.11/site-packages/airflow/example_dags/example_local_kubernetes_executor.py", line 37, in <module>
    from kubernetes.client import models as k8s
ModuleNotFoundError: No module named 'kubernetes'
[2025-05-25T19:35:53.752-0500] {logging_mixin.py:150} INFO - [2025-05-25T19:35:53.752-0500] {example_local_kubernetes_executor.py:40} WARNING - Install Kubernetes dependencies with: pip install apache-airflow[cncf.kubernetes]
[2025-05-25T19:35:53.752-0500] {processor.py:838} WARNING - No viable dags retrieved from /Users/afsaruddinmohammed/state_analysis/.venv/lib/python3.11/site-packages/airflow/example_dags/example_local_kubernetes_executor.py
[2025-05-25T19:35:54.013-0500] {processor.py:179} INFO - Processing /Users/afsaruddinmohammed/state_analysis/.venv/lib/python3.11/site-packages/airflow/example_dags/example_local_kubernetes_executor.py took 0.292 seconds
[2025-05-25T19:37:23.087-0500] {processor.py:157} INFO - Started process (PID=85521) to work on /Users/afsaruddinmohammed/state_analysis/.venv/lib/python3.11/site-packages/airflow/example_dags/example_local_kubernetes_executor.py
[2025-05-25T19:37:23.089-0500] {processor.py:826} INFO - Processing file /Users/afsaruddinmohammed/state_analysis/.venv/lib/python3.11/site-packages/airflow/example_dags/example_local_kubernetes_executor.py for tasks to queue
[2025-05-25T19:37:23.089-0500] {logging_mixin.py:150} INFO - [2025-05-25T19:37:23.089-0500] {dagbag.py:541} INFO - Filling up the DagBag from /Users/afsaruddinmohammed/state_analysis/.venv/lib/python3.11/site-packages/airflow/example_dags/example_local_kubernetes_executor.py
[2025-05-25T19:37:23.117-0500] {logging_mixin.py:150} INFO - [2025-05-25T19:37:23.117-0500] {example_local_kubernetes_executor.py:39} WARNING - Could not import DAGs in example_local_kubernetes_executor.py
Traceback (most recent call last):
  File "/Users/afsaruddinmohammed/state_analysis/.venv/lib/python3.11/site-packages/airflow/example_dags/example_local_kubernetes_executor.py", line 37, in <module>
    from kubernetes.client import models as k8s
ModuleNotFoundError: No module named 'kubernetes'
[2025-05-25T19:37:23.117-0500] {logging_mixin.py:150} INFO - [2025-05-25T19:37:23.117-0500] {example_local_kubernetes_executor.py:40} WARNING - Install Kubernetes dependencies with: pip install apache-airflow[cncf.kubernetes]
[2025-05-25T19:37:23.117-0500] {processor.py:838} WARNING - No viable dags retrieved from /Users/afsaruddinmohammed/state_analysis/.venv/lib/python3.11/site-packages/airflow/example_dags/example_local_kubernetes_executor.py
[2025-05-25T19:37:23.354-0500] {processor.py:179} INFO - Processing /Users/afsaruddinmohammed/state_analysis/.venv/lib/python3.11/site-packages/airflow/example_dags/example_local_kubernetes_executor.py took 0.268 seconds
[2025-05-25T19:39:00.307-0500] {processor.py:157} INFO - Started process (PID=85607) to work on /Users/afsaruddinmohammed/state_analysis/.venv/lib/python3.11/site-packages/airflow/example_dags/example_local_kubernetes_executor.py
[2025-05-25T19:39:00.308-0500] {processor.py:826} INFO - Processing file /Users/afsaruddinmohammed/state_analysis/.venv/lib/python3.11/site-packages/airflow/example_dags/example_local_kubernetes_executor.py for tasks to queue
[2025-05-25T19:39:00.309-0500] {logging_mixin.py:150} INFO - [2025-05-25T19:39:00.309-0500] {dagbag.py:541} INFO - Filling up the DagBag from /Users/afsaruddinmohammed/state_analysis/.venv/lib/python3.11/site-packages/airflow/example_dags/example_local_kubernetes_executor.py
[2025-05-25T19:39:00.337-0500] {logging_mixin.py:150} INFO - [2025-05-25T19:39:00.337-0500] {example_local_kubernetes_executor.py:39} WARNING - Could not import DAGs in example_local_kubernetes_executor.py
Traceback (most recent call last):
  File "/Users/afsaruddinmohammed/state_analysis/.venv/lib/python3.11/site-packages/airflow/example_dags/example_local_kubernetes_executor.py", line 37, in <module>
    from kubernetes.client import models as k8s
ModuleNotFoundError: No module named 'kubernetes'
[2025-05-25T19:39:00.338-0500] {logging_mixin.py:150} INFO - [2025-05-25T19:39:00.338-0500] {example_local_kubernetes_executor.py:40} WARNING - Install Kubernetes dependencies with: pip install apache-airflow[cncf.kubernetes]
[2025-05-25T19:39:00.338-0500] {processor.py:838} WARNING - No viable dags retrieved from /Users/afsaruddinmohammed/state_analysis/.venv/lib/python3.11/site-packages/airflow/example_dags/example_local_kubernetes_executor.py
[2025-05-25T19:39:00.577-0500] {processor.py:179} INFO - Processing /Users/afsaruddinmohammed/state_analysis/.venv/lib/python3.11/site-packages/airflow/example_dags/example_local_kubernetes_executor.py took 0.271 seconds
[2025-05-25T19:40:31.275-0500] {processor.py:157} INFO - Started process (PID=85666) to work on /Users/afsaruddinmohammed/state_analysis/.venv/lib/python3.11/site-packages/airflow/example_dags/example_local_kubernetes_executor.py
[2025-05-25T19:40:31.276-0500] {processor.py:826} INFO - Processing file /Users/afsaruddinmohammed/state_analysis/.venv/lib/python3.11/site-packages/airflow/example_dags/example_local_kubernetes_executor.py for tasks to queue
[2025-05-25T19:40:31.276-0500] {logging_mixin.py:150} INFO - [2025-05-25T19:40:31.276-0500] {dagbag.py:541} INFO - Filling up the DagBag from /Users/afsaruddinmohammed/state_analysis/.venv/lib/python3.11/site-packages/airflow/example_dags/example_local_kubernetes_executor.py
[2025-05-25T19:40:31.305-0500] {logging_mixin.py:150} INFO - [2025-05-25T19:40:31.304-0500] {example_local_kubernetes_executor.py:39} WARNING - Could not import DAGs in example_local_kubernetes_executor.py
Traceback (most recent call last):
  File "/Users/afsaruddinmohammed/state_analysis/.venv/lib/python3.11/site-packages/airflow/example_dags/example_local_kubernetes_executor.py", line 37, in <module>
    from kubernetes.client import models as k8s
ModuleNotFoundError: No module named 'kubernetes'
[2025-05-25T19:40:31.305-0500] {logging_mixin.py:150} INFO - [2025-05-25T19:40:31.305-0500] {example_local_kubernetes_executor.py:40} WARNING - Install Kubernetes dependencies with: pip install apache-airflow[cncf.kubernetes]
[2025-05-25T19:40:31.305-0500] {processor.py:838} WARNING - No viable dags retrieved from /Users/afsaruddinmohammed/state_analysis/.venv/lib/python3.11/site-packages/airflow/example_dags/example_local_kubernetes_executor.py
[2025-05-25T19:40:31.545-0500] {processor.py:179} INFO - Processing /Users/afsaruddinmohammed/state_analysis/.venv/lib/python3.11/site-packages/airflow/example_dags/example_local_kubernetes_executor.py took 0.271 seconds
