[2025-05-25T19:33:57.214-0500] {processor.py:157} INFO - Started process (PID=85358) to work on /Users/afsaruddinmohammed/state_analysis/.venv/lib/python3.11/site-packages/airflow/example_dags/example_short_circuit_operator.py
[2025-05-25T19:33:57.215-0500] {processor.py:826} INFO - Processing file /Users/afsaruddinmohammed/state_analysis/.venv/lib/python3.11/site-packages/airflow/example_dags/example_short_circuit_operator.py for tasks to queue
[2025-05-25T19:33:57.215-0500] {logging_mixin.py:150} INFO - [2025-05-25T19:33:57.215-0500] {dagbag.py:541} INFO - Filling up the DagBag from /Users/afsaruddinmohammed/state_analysis/.venv/lib/python3.11/site-packages/airflow/example_dags/example_short_circuit_operator.py
[2025-05-25T19:33:57.245-0500] {processor.py:836} INFO - DAG(s) dict_keys(['example_short_circuit_operator']) retrieved from /Users/afsaruddinmohammed/state_analysis/.venv/lib/python3.11/site-packages/airflow/example_dags/example_short_circuit_operator.py
[2025-05-25T19:33:57.522-0500] {logging_mixin.py:150} INFO - [2025-05-25T19:33:57.522-0500] {manager.py:504} INFO - Created Permission View: can edit on DAG:example_short_circuit_operator
[2025-05-25T19:33:57.525-0500] {logging_mixin.py:150} INFO - [2025-05-25T19:33:57.525-0500] {manager.py:504} INFO - Created Permission View: can delete on DAG:example_short_circuit_operator
[2025-05-25T19:33:57.526-0500] {logging_mixin.py:150} INFO - [2025-05-25T19:33:57.526-0500] {manager.py:504} INFO - Created Permission View: can read on DAG:example_short_circuit_operator
[2025-05-25T19:33:57.529-0500] {logging_mixin.py:150} INFO - [2025-05-25T19:33:57.529-0500] {dag.py:2742} INFO - Sync 1 DAGs
[2025-05-25T19:33:57.532-0500] {logging_mixin.py:150} INFO - [2025-05-25T19:33:57.531-0500] {dag.py:2763} INFO - Creating ORM DAG for example_short_circuit_operator
[2025-05-25T19:33:57.534-0500] {logging_mixin.py:150} INFO - [2025-05-25T19:33:57.534-0500] {dag.py:3504} INFO - Setting next_dagrun for example_short_circuit_operator to 2025-05-25T00:33:57.534079+00:00, run_after=2025-05-26T00:33:57.534079+00:00
[2025-05-25T19:33:57.538-0500] {processor.py:179} INFO - Processing /Users/afsaruddinmohammed/state_analysis/.venv/lib/python3.11/site-packages/airflow/example_dags/example_short_circuit_operator.py took 0.325 seconds
[2025-05-25T19:35:18.631-0500] {processor.py:157} INFO - Started process (PID=85423) to work on /Users/afsaruddinmohammed/state_analysis/.venv/lib/python3.11/site-packages/airflow/example_dags/example_short_circuit_operator.py
[2025-05-25T19:35:18.632-0500] {processor.py:826} INFO - Processing file /Users/afsaruddinmohammed/state_analysis/.venv/lib/python3.11/site-packages/airflow/example_dags/example_short_circuit_operator.py for tasks to queue
[2025-05-25T19:35:18.632-0500] {logging_mixin.py:150} INFO - [2025-05-25T19:35:18.632-0500] {dagbag.py:541} INFO - Filling up the DagBag from /Users/afsaruddinmohammed/state_analysis/.venv/lib/python3.11/site-packages/airflow/example_dags/example_short_circuit_operator.py
[2025-05-25T19:35:18.658-0500] {processor.py:836} INFO - DAG(s) dict_keys(['example_short_circuit_operator']) retrieved from /Users/afsaruddinmohammed/state_analysis/.venv/lib/python3.11/site-packages/airflow/example_dags/example_short_circuit_operator.py
[2025-05-25T19:35:18.910-0500] {logging_mixin.py:150} INFO - [2025-05-25T19:35:18.910-0500] {dag.py:2742} INFO - Sync 1 DAGs
[2025-05-25T19:35:18.915-0500] {logging_mixin.py:150} INFO - [2025-05-25T19:35:18.915-0500] {dag.py:3504} INFO - Setting next_dagrun for example_short_circuit_operator to 2025-05-25T00:35:18.915630+00:00, run_after=2025-05-26T00:35:18.915630+00:00
[2025-05-25T19:35:18.921-0500] {processor.py:179} INFO - Processing /Users/afsaruddinmohammed/state_analysis/.venv/lib/python3.11/site-packages/airflow/example_dags/example_short_circuit_operator.py took 0.291 seconds
[2025-05-25T19:36:48.926-0500] {processor.py:157} INFO - Started process (PID=85488) to work on /Users/afsaruddinmohammed/state_analysis/.venv/lib/python3.11/site-packages/airflow/example_dags/example_short_circuit_operator.py
[2025-05-25T19:36:48.927-0500] {processor.py:826} INFO - Processing file /Users/afsaruddinmohammed/state_analysis/.venv/lib/python3.11/site-packages/airflow/example_dags/example_short_circuit_operator.py for tasks to queue
[2025-05-25T19:36:48.928-0500] {logging_mixin.py:150} INFO - [2025-05-25T19:36:48.928-0500] {dagbag.py:541} INFO - Filling up the DagBag from /Users/afsaruddinmohammed/state_analysis/.venv/lib/python3.11/site-packages/airflow/example_dags/example_short_circuit_operator.py
[2025-05-25T19:36:48.953-0500] {processor.py:836} INFO - DAG(s) dict_keys(['example_short_circuit_operator']) retrieved from /Users/afsaruddinmohammed/state_analysis/.venv/lib/python3.11/site-packages/airflow/example_dags/example_short_circuit_operator.py
[2025-05-25T19:36:49.209-0500] {logging_mixin.py:150} INFO - [2025-05-25T19:36:49.208-0500] {dag.py:2742} INFO - Sync 1 DAGs
[2025-05-25T19:36:49.214-0500] {logging_mixin.py:150} INFO - [2025-05-25T19:36:49.214-0500] {dag.py:3504} INFO - Setting next_dagrun for example_short_circuit_operator to 2025-05-25T00:36:49.214514+00:00, run_after=2025-05-26T00:36:49.214514+00:00
[2025-05-25T19:36:49.221-0500] {processor.py:179} INFO - Processing /Users/afsaruddinmohammed/state_analysis/.venv/lib/python3.11/site-packages/airflow/example_dags/example_short_circuit_operator.py took 0.295 seconds
[2025-05-25T19:38:19.345-0500] {processor.py:157} INFO - Started process (PID=85572) to work on /Users/afsaruddinmohammed/state_analysis/.venv/lib/python3.11/site-packages/airflow/example_dags/example_short_circuit_operator.py
[2025-05-25T19:38:19.346-0500] {processor.py:826} INFO - Processing file /Users/afsaruddinmohammed/state_analysis/.venv/lib/python3.11/site-packages/airflow/example_dags/example_short_circuit_operator.py for tasks to queue
[2025-05-25T19:38:19.346-0500] {logging_mixin.py:150} INFO - [2025-05-25T19:38:19.346-0500] {dagbag.py:541} INFO - Filling up the DagBag from /Users/afsaruddinmohammed/state_analysis/.venv/lib/python3.11/site-packages/airflow/example_dags/example_short_circuit_operator.py
[2025-05-25T19:38:19.382-0500] {processor.py:836} INFO - DAG(s) dict_keys(['example_short_circuit_operator']) retrieved from /Users/afsaruddinmohammed/state_analysis/.venv/lib/python3.11/site-packages/airflow/example_dags/example_short_circuit_operator.py
[2025-05-25T19:38:19.688-0500] {logging_mixin.py:150} INFO - [2025-05-25T19:38:19.688-0500] {dag.py:2742} INFO - Sync 1 DAGs
[2025-05-25T19:38:19.693-0500] {logging_mixin.py:150} INFO - [2025-05-25T19:38:19.693-0500] {dag.py:3504} INFO - Setting next_dagrun for example_short_circuit_operator to 2025-05-25T00:38:19.693674+00:00, run_after=2025-05-26T00:38:19.693674+00:00
[2025-05-25T19:38:19.699-0500] {processor.py:179} INFO - Processing /Users/afsaruddinmohammed/state_analysis/.venv/lib/python3.11/site-packages/airflow/example_dags/example_short_circuit_operator.py took 0.355 seconds
[2025-05-25T19:39:55.781-0500] {processor.py:157} INFO - Started process (PID=85643) to work on /Users/afsaruddinmohammed/state_analysis/.venv/lib/python3.11/site-packages/airflow/example_dags/example_short_circuit_operator.py
[2025-05-25T19:39:55.783-0500] {processor.py:826} INFO - Processing file /Users/afsaruddinmohammed/state_analysis/.venv/lib/python3.11/site-packages/airflow/example_dags/example_short_circuit_operator.py for tasks to queue
[2025-05-25T19:39:55.784-0500] {logging_mixin.py:150} INFO - [2025-05-25T19:39:55.784-0500] {dagbag.py:541} INFO - Filling up the DagBag from /Users/afsaruddinmohammed/state_analysis/.venv/lib/python3.11/site-packages/airflow/example_dags/example_short_circuit_operator.py
[2025-05-25T19:39:55.808-0500] {processor.py:836} INFO - DAG(s) dict_keys(['example_short_circuit_operator']) retrieved from /Users/afsaruddinmohammed/state_analysis/.venv/lib/python3.11/site-packages/airflow/example_dags/example_short_circuit_operator.py
[2025-05-25T19:39:56.060-0500] {logging_mixin.py:150} INFO - [2025-05-25T19:39:56.060-0500] {dag.py:2742} INFO - Sync 1 DAGs
[2025-05-25T19:39:56.066-0500] {logging_mixin.py:150} INFO - [2025-05-25T19:39:56.066-0500] {dag.py:3504} INFO - Setting next_dagrun for example_short_circuit_operator to 2025-05-25T00:39:56.066750+00:00, run_after=2025-05-26T00:39:56.066750+00:00
[2025-05-25T19:39:56.072-0500] {processor.py:179} INFO - Processing /Users/afsaruddinmohammed/state_analysis/.venv/lib/python3.11/site-packages/airflow/example_dags/example_short_circuit_operator.py took 0.291 seconds
[2025-05-25T19:41:30.201-0500] {processor.py:157} INFO - Started process (PID=85715) to work on /Users/afsaruddinmohammed/state_analysis/.venv/lib/python3.11/site-packages/airflow/example_dags/example_short_circuit_operator.py
[2025-05-25T19:41:30.203-0500] {processor.py:826} INFO - Processing file /Users/afsaruddinmohammed/state_analysis/.venv/lib/python3.11/site-packages/airflow/example_dags/example_short_circuit_operator.py for tasks to queue
[2025-05-25T19:41:30.204-0500] {logging_mixin.py:150} INFO - [2025-05-25T19:41:30.204-0500] {dagbag.py:541} INFO - Filling up the DagBag from /Users/afsaruddinmohammed/state_analysis/.venv/lib/python3.11/site-packages/airflow/example_dags/example_short_circuit_operator.py
[2025-05-25T19:41:30.230-0500] {processor.py:836} INFO - DAG(s) dict_keys(['example_short_circuit_operator']) retrieved from /Users/afsaruddinmohammed/state_analysis/.venv/lib/python3.11/site-packages/airflow/example_dags/example_short_circuit_operator.py
[2025-05-25T19:41:30.494-0500] {logging_mixin.py:150} INFO - [2025-05-25T19:41:30.494-0500] {dag.py:2742} INFO - Sync 1 DAGs
[2025-05-25T19:41:30.500-0500] {logging_mixin.py:150} INFO - [2025-05-25T19:41:30.500-0500] {dag.py:3504} INFO - Setting next_dagrun for example_short_circuit_operator to 2025-05-25T00:41:30.499984+00:00, run_after=2025-05-26T00:41:30.499984+00:00
[2025-05-25T19:41:30.507-0500] {processor.py:179} INFO - Processing /Users/afsaruddinmohammed/state_analysis/.venv/lib/python3.11/site-packages/airflow/example_dags/example_short_circuit_operator.py took 0.307 seconds
