[2025-05-25T19:34:18.876-0500] {processor.py:157} INFO - Started process (PID=85374) to work on /Users/afsaruddinmohammed/state_analysis/.venv/lib/python3.11/site-packages/airflow/example_dags/example_latest_only_with_trigger.py
[2025-05-25T19:34:18.882-0500] {processor.py:826} INFO - Processing file /Users/afsaruddinmohammed/state_analysis/.venv/lib/python3.11/site-packages/airflow/example_dags/example_latest_only_with_trigger.py for tasks to queue
[2025-05-25T19:34:18.882-0500] {logging_mixin.py:150} INFO - [2025-05-25T19:34:18.882-0500] {dagbag.py:541} INFO - Filling up the DagBag from /Users/afsaruddinmohammed/state_analysis/.venv/lib/python3.11/site-packages/airflow/example_dags/example_latest_only_with_trigger.py
[2025-05-25T19:34:18.897-0500] {processor.py:836} INFO - DAG(s) dict_keys(['latest_only_with_trigger']) retrieved from /Users/afsaruddinmohammed/state_analysis/.venv/lib/python3.11/site-packages/airflow/example_dags/example_latest_only_with_trigger.py
[2025-05-25T19:34:19.318-0500] {logging_mixin.py:150} INFO - [2025-05-25T19:34:19.318-0500] {manager.py:504} INFO - Created Permission View: can edit on DAG:latest_only_with_trigger
[2025-05-25T19:34:19.321-0500] {logging_mixin.py:150} INFO - [2025-05-25T19:34:19.321-0500] {manager.py:504} INFO - Created Permission View: can delete on DAG:latest_only_with_trigger
[2025-05-25T19:34:19.323-0500] {logging_mixin.py:150} INFO - [2025-05-25T19:34:19.323-0500] {manager.py:504} INFO - Created Permission View: can read on DAG:latest_only_with_trigger
[2025-05-25T19:34:19.326-0500] {logging_mixin.py:150} INFO - [2025-05-25T19:34:19.326-0500] {dag.py:2742} INFO - Sync 1 DAGs
[2025-05-25T19:34:19.329-0500] {logging_mixin.py:150} INFO - [2025-05-25T19:34:19.329-0500] {dag.py:2763} INFO - Creating ORM DAG for latest_only_with_trigger
[2025-05-25T19:34:19.331-0500] {logging_mixin.py:150} INFO - [2025-05-25T19:34:19.331-0500] {dag.py:3504} INFO - Setting next_dagrun for latest_only_with_trigger to 2025-05-25T20:34:19.331695+00:00, run_after=2025-05-26T00:34:19.331695+00:00
[2025-05-25T19:34:19.337-0500] {processor.py:179} INFO - Processing /Users/afsaruddinmohammed/state_analysis/.venv/lib/python3.11/site-packages/airflow/example_dags/example_latest_only_with_trigger.py took 0.462 seconds
[2025-05-25T19:35:55.437-0500] {processor.py:157} INFO - Started process (PID=85452) to work on /Users/afsaruddinmohammed/state_analysis/.venv/lib/python3.11/site-packages/airflow/example_dags/example_latest_only_with_trigger.py
[2025-05-25T19:35:55.438-0500] {processor.py:826} INFO - Processing file /Users/afsaruddinmohammed/state_analysis/.venv/lib/python3.11/site-packages/airflow/example_dags/example_latest_only_with_trigger.py for tasks to queue
[2025-05-25T19:35:55.438-0500] {logging_mixin.py:150} INFO - [2025-05-25T19:35:55.438-0500] {dagbag.py:541} INFO - Filling up the DagBag from /Users/afsaruddinmohammed/state_analysis/.venv/lib/python3.11/site-packages/airflow/example_dags/example_latest_only_with_trigger.py
[2025-05-25T19:35:55.446-0500] {processor.py:836} INFO - DAG(s) dict_keys(['latest_only_with_trigger']) retrieved from /Users/afsaruddinmohammed/state_analysis/.venv/lib/python3.11/site-packages/airflow/example_dags/example_latest_only_with_trigger.py
[2025-05-25T19:35:55.720-0500] {logging_mixin.py:150} INFO - [2025-05-25T19:35:55.720-0500] {dag.py:2742} INFO - Sync 1 DAGs
[2025-05-25T19:35:55.725-0500] {logging_mixin.py:150} INFO - [2025-05-25T19:35:55.725-0500] {dag.py:3504} INFO - Setting next_dagrun for latest_only_with_trigger to 2025-05-25T20:35:55.725689+00:00, run_after=2025-05-26T00:35:55.725689+00:00
[2025-05-25T19:35:55.731-0500] {processor.py:179} INFO - Processing /Users/afsaruddinmohammed/state_analysis/.venv/lib/python3.11/site-packages/airflow/example_dags/example_latest_only_with_trigger.py took 0.295 seconds
[2025-05-25T19:37:23.901-0500] {processor.py:157} INFO - Started process (PID=85522) to work on /Users/afsaruddinmohammed/state_analysis/.venv/lib/python3.11/site-packages/airflow/example_dags/example_latest_only_with_trigger.py
[2025-05-25T19:37:23.902-0500] {processor.py:826} INFO - Processing file /Users/afsaruddinmohammed/state_analysis/.venv/lib/python3.11/site-packages/airflow/example_dags/example_latest_only_with_trigger.py for tasks to queue
[2025-05-25T19:37:23.902-0500] {logging_mixin.py:150} INFO - [2025-05-25T19:37:23.902-0500] {dagbag.py:541} INFO - Filling up the DagBag from /Users/afsaruddinmohammed/state_analysis/.venv/lib/python3.11/site-packages/airflow/example_dags/example_latest_only_with_trigger.py
[2025-05-25T19:37:23.909-0500] {processor.py:836} INFO - DAG(s) dict_keys(['latest_only_with_trigger']) retrieved from /Users/afsaruddinmohammed/state_analysis/.venv/lib/python3.11/site-packages/airflow/example_dags/example_latest_only_with_trigger.py
[2025-05-25T19:37:24.174-0500] {logging_mixin.py:150} INFO - [2025-05-25T19:37:24.174-0500] {dag.py:2742} INFO - Sync 1 DAGs
[2025-05-25T19:37:24.180-0500] {logging_mixin.py:150} INFO - [2025-05-25T19:37:24.180-0500] {dag.py:3504} INFO - Setting next_dagrun for latest_only_with_trigger to 2025-05-25T20:37:24.180359+00:00, run_after=2025-05-26T00:37:24.180359+00:00
[2025-05-25T19:37:24.186-0500] {processor.py:179} INFO - Processing /Users/afsaruddinmohammed/state_analysis/.venv/lib/python3.11/site-packages/airflow/example_dags/example_latest_only_with_trigger.py took 0.286 seconds
[2025-05-25T19:39:02.065-0500] {processor.py:157} INFO - Started process (PID=85608) to work on /Users/afsaruddinmohammed/state_analysis/.venv/lib/python3.11/site-packages/airflow/example_dags/example_latest_only_with_trigger.py
[2025-05-25T19:39:02.067-0500] {processor.py:826} INFO - Processing file /Users/afsaruddinmohammed/state_analysis/.venv/lib/python3.11/site-packages/airflow/example_dags/example_latest_only_with_trigger.py for tasks to queue
[2025-05-25T19:39:02.067-0500] {logging_mixin.py:150} INFO - [2025-05-25T19:39:02.067-0500] {dagbag.py:541} INFO - Filling up the DagBag from /Users/afsaruddinmohammed/state_analysis/.venv/lib/python3.11/site-packages/airflow/example_dags/example_latest_only_with_trigger.py
[2025-05-25T19:39:02.074-0500] {processor.py:836} INFO - DAG(s) dict_keys(['latest_only_with_trigger']) retrieved from /Users/afsaruddinmohammed/state_analysis/.venv/lib/python3.11/site-packages/airflow/example_dags/example_latest_only_with_trigger.py
[2025-05-25T19:39:02.338-0500] {logging_mixin.py:150} INFO - [2025-05-25T19:39:02.338-0500] {dag.py:2742} INFO - Sync 1 DAGs
[2025-05-25T19:39:02.343-0500] {logging_mixin.py:150} INFO - [2025-05-25T19:39:02.343-0500] {dag.py:3504} INFO - Setting next_dagrun for latest_only_with_trigger to 2025-05-25T20:39:02.343431+00:00, run_after=2025-05-26T00:39:02.343431+00:00
[2025-05-25T19:39:02.349-0500] {processor.py:179} INFO - Processing /Users/afsaruddinmohammed/state_analysis/.venv/lib/python3.11/site-packages/airflow/example_dags/example_latest_only_with_trigger.py took 0.284 seconds
[2025-05-25T19:40:33.030-0500] {processor.py:157} INFO - Started process (PID=85668) to work on /Users/afsaruddinmohammed/state_analysis/.venv/lib/python3.11/site-packages/airflow/example_dags/example_latest_only_with_trigger.py
[2025-05-25T19:40:33.034-0500] {processor.py:826} INFO - Processing file /Users/afsaruddinmohammed/state_analysis/.venv/lib/python3.11/site-packages/airflow/example_dags/example_latest_only_with_trigger.py for tasks to queue
[2025-05-25T19:40:33.034-0500] {logging_mixin.py:150} INFO - [2025-05-25T19:40:33.034-0500] {dagbag.py:541} INFO - Filling up the DagBag from /Users/afsaruddinmohammed/state_analysis/.venv/lib/python3.11/site-packages/airflow/example_dags/example_latest_only_with_trigger.py
[2025-05-25T19:40:33.042-0500] {processor.py:836} INFO - DAG(s) dict_keys(['latest_only_with_trigger']) retrieved from /Users/afsaruddinmohammed/state_analysis/.venv/lib/python3.11/site-packages/airflow/example_dags/example_latest_only_with_trigger.py
[2025-05-25T19:40:33.323-0500] {logging_mixin.py:150} INFO - [2025-05-25T19:40:33.323-0500] {dag.py:2742} INFO - Sync 1 DAGs
[2025-05-25T19:40:33.328-0500] {logging_mixin.py:150} INFO - [2025-05-25T19:40:33.328-0500] {dag.py:3504} INFO - Setting next_dagrun for latest_only_with_trigger to 2025-05-25T20:40:33.328727+00:00, run_after=2025-05-26T00:40:33.328727+00:00
[2025-05-25T19:40:33.335-0500] {processor.py:179} INFO - Processing /Users/afsaruddinmohammed/state_analysis/.venv/lib/python3.11/site-packages/airflow/example_dags/example_latest_only_with_trigger.py took 0.305 seconds
