[2025-05-25T19:33:46.761-0500] {processor.py:157} INFO - Started process (PID=85345) to work on /Users/afsaruddinmohammed/state_analysis/.venv/lib/python3.11/site-packages/airflow/example_dags/example_time_delta_sensor_async.py
[2025-05-25T19:33:46.762-0500] {processor.py:826} INFO - Processing file /Users/afsaruddinmohammed/state_analysis/.venv/lib/python3.11/site-packages/airflow/example_dags/example_time_delta_sensor_async.py for tasks to queue
[2025-05-25T19:33:46.763-0500] {logging_mixin.py:150} INFO - [2025-05-25T19:33:46.763-0500] {dagbag.py:541} INFO - Filling up the DagBag from /Users/afsaruddinmohammed/state_analysis/.venv/lib/python3.11/site-packages/airflow/example_dags/example_time_delta_sensor_async.py
[2025-05-25T19:33:46.769-0500] {processor.py:836} INFO - DAG(s) dict_keys(['example_time_delta_sensor_async']) retrieved from /Users/afsaruddinmohammed/state_analysis/.venv/lib/python3.11/site-packages/airflow/example_dags/example_time_delta_sensor_async.py
[2025-05-25T19:33:47.049-0500] {logging_mixin.py:150} INFO - [2025-05-25T19:33:47.049-0500] {manager.py:504} INFO - Created Permission View: can edit on DAG:example_time_delta_sensor_async
[2025-05-25T19:33:47.051-0500] {logging_mixin.py:150} INFO - [2025-05-25T19:33:47.051-0500] {manager.py:504} INFO - Created Permission View: can read on DAG:example_time_delta_sensor_async
[2025-05-25T19:33:47.053-0500] {logging_mixin.py:150} INFO - [2025-05-25T19:33:47.053-0500] {manager.py:504} INFO - Created Permission View: can delete on DAG:example_time_delta_sensor_async
[2025-05-25T19:33:47.056-0500] {logging_mixin.py:150} INFO - [2025-05-25T19:33:47.056-0500] {dag.py:2742} INFO - Sync 1 DAGs
[2025-05-25T19:33:47.059-0500] {logging_mixin.py:150} INFO - [2025-05-25T19:33:47.059-0500] {dag.py:2763} INFO - Creating ORM DAG for example_time_delta_sensor_async
[2025-05-25T19:33:47.061-0500] {logging_mixin.py:150} INFO - [2025-05-25T19:33:47.061-0500] {dag.py:3504} INFO - Setting next_dagrun for example_time_delta_sensor_async to None, run_after=None
[2025-05-25T19:33:47.065-0500] {processor.py:179} INFO - Processing /Users/afsaruddinmohammed/state_analysis/.venv/lib/python3.11/site-packages/airflow/example_dags/example_time_delta_sensor_async.py took 0.304 seconds
[2025-05-25T19:35:07.978-0500] {processor.py:157} INFO - Started process (PID=85417) to work on /Users/afsaruddinmohammed/state_analysis/.venv/lib/python3.11/site-packages/airflow/example_dags/example_time_delta_sensor_async.py
[2025-05-25T19:35:07.980-0500] {processor.py:826} INFO - Processing file /Users/afsaruddinmohammed/state_analysis/.venv/lib/python3.11/site-packages/airflow/example_dags/example_time_delta_sensor_async.py for tasks to queue
[2025-05-25T19:35:07.980-0500] {logging_mixin.py:150} INFO - [2025-05-25T19:35:07.980-0500] {dagbag.py:541} INFO - Filling up the DagBag from /Users/afsaruddinmohammed/state_analysis/.venv/lib/python3.11/site-packages/airflow/example_dags/example_time_delta_sensor_async.py
[2025-05-25T19:35:07.987-0500] {processor.py:836} INFO - DAG(s) dict_keys(['example_time_delta_sensor_async']) retrieved from /Users/afsaruddinmohammed/state_analysis/.venv/lib/python3.11/site-packages/airflow/example_dags/example_time_delta_sensor_async.py
[2025-05-25T19:35:08.256-0500] {logging_mixin.py:150} INFO - [2025-05-25T19:35:08.256-0500] {dag.py:2742} INFO - Sync 1 DAGs
[2025-05-25T19:35:08.262-0500] {logging_mixin.py:150} INFO - [2025-05-25T19:35:08.262-0500] {dag.py:3504} INFO - Setting next_dagrun for example_time_delta_sensor_async to None, run_after=None
[2025-05-25T19:35:08.268-0500] {processor.py:179} INFO - Processing /Users/afsaruddinmohammed/state_analysis/.venv/lib/python3.11/site-packages/airflow/example_dags/example_time_delta_sensor_async.py took 0.291 seconds
[2025-05-25T19:36:39.650-0500] {processor.py:157} INFO - Started process (PID=85481) to work on /Users/afsaruddinmohammed/state_analysis/.venv/lib/python3.11/site-packages/airflow/example_dags/example_time_delta_sensor_async.py
[2025-05-25T19:36:39.652-0500] {processor.py:826} INFO - Processing file /Users/afsaruddinmohammed/state_analysis/.venv/lib/python3.11/site-packages/airflow/example_dags/example_time_delta_sensor_async.py for tasks to queue
[2025-05-25T19:36:39.652-0500] {logging_mixin.py:150} INFO - [2025-05-25T19:36:39.652-0500] {dagbag.py:541} INFO - Filling up the DagBag from /Users/afsaruddinmohammed/state_analysis/.venv/lib/python3.11/site-packages/airflow/example_dags/example_time_delta_sensor_async.py
[2025-05-25T19:36:39.659-0500] {processor.py:836} INFO - DAG(s) dict_keys(['example_time_delta_sensor_async']) retrieved from /Users/afsaruddinmohammed/state_analysis/.venv/lib/python3.11/site-packages/airflow/example_dags/example_time_delta_sensor_async.py
[2025-05-25T19:36:39.950-0500] {logging_mixin.py:150} INFO - [2025-05-25T19:36:39.950-0500] {dag.py:2742} INFO - Sync 1 DAGs
[2025-05-25T19:36:39.958-0500] {logging_mixin.py:150} INFO - [2025-05-25T19:36:39.958-0500] {dag.py:3504} INFO - Setting next_dagrun for example_time_delta_sensor_async to None, run_after=None
[2025-05-25T19:36:39.966-0500] {processor.py:179} INFO - Processing /Users/afsaruddinmohammed/state_analysis/.venv/lib/python3.11/site-packages/airflow/example_dags/example_time_delta_sensor_async.py took 0.317 seconds
[2025-05-25T19:38:09.799-0500] {processor.py:157} INFO - Started process (PID=85559) to work on /Users/afsaruddinmohammed/state_analysis/.venv/lib/python3.11/site-packages/airflow/example_dags/example_time_delta_sensor_async.py
[2025-05-25T19:38:09.801-0500] {processor.py:826} INFO - Processing file /Users/afsaruddinmohammed/state_analysis/.venv/lib/python3.11/site-packages/airflow/example_dags/example_time_delta_sensor_async.py for tasks to queue
[2025-05-25T19:38:09.801-0500] {logging_mixin.py:150} INFO - [2025-05-25T19:38:09.801-0500] {dagbag.py:541} INFO - Filling up the DagBag from /Users/afsaruddinmohammed/state_analysis/.venv/lib/python3.11/site-packages/airflow/example_dags/example_time_delta_sensor_async.py
[2025-05-25T19:38:09.807-0500] {processor.py:836} INFO - DAG(s) dict_keys(['example_time_delta_sensor_async']) retrieved from /Users/afsaruddinmohammed/state_analysis/.venv/lib/python3.11/site-packages/airflow/example_dags/example_time_delta_sensor_async.py
[2025-05-25T19:38:10.096-0500] {logging_mixin.py:150} INFO - [2025-05-25T19:38:10.095-0500] {dag.py:2742} INFO - Sync 1 DAGs
[2025-05-25T19:38:10.101-0500] {logging_mixin.py:150} INFO - [2025-05-25T19:38:10.101-0500] {dag.py:3504} INFO - Setting next_dagrun for example_time_delta_sensor_async to None, run_after=None
[2025-05-25T19:38:10.107-0500] {processor.py:179} INFO - Processing /Users/afsaruddinmohammed/state_analysis/.venv/lib/python3.11/site-packages/airflow/example_dags/example_time_delta_sensor_async.py took 0.309 seconds
[2025-05-25T19:39:45.802-0500] {processor.py:157} INFO - Started process (PID=85636) to work on /Users/afsaruddinmohammed/state_analysis/.venv/lib/python3.11/site-packages/airflow/example_dags/example_time_delta_sensor_async.py
[2025-05-25T19:39:45.804-0500] {processor.py:826} INFO - Processing file /Users/afsaruddinmohammed/state_analysis/.venv/lib/python3.11/site-packages/airflow/example_dags/example_time_delta_sensor_async.py for tasks to queue
[2025-05-25T19:39:45.804-0500] {logging_mixin.py:150} INFO - [2025-05-25T19:39:45.804-0500] {dagbag.py:541} INFO - Filling up the DagBag from /Users/afsaruddinmohammed/state_analysis/.venv/lib/python3.11/site-packages/airflow/example_dags/example_time_delta_sensor_async.py
[2025-05-25T19:39:45.810-0500] {processor.py:836} INFO - DAG(s) dict_keys(['example_time_delta_sensor_async']) retrieved from /Users/afsaruddinmohammed/state_analysis/.venv/lib/python3.11/site-packages/airflow/example_dags/example_time_delta_sensor_async.py
[2025-05-25T19:39:46.071-0500] {logging_mixin.py:150} INFO - [2025-05-25T19:39:46.071-0500] {dag.py:2742} INFO - Sync 1 DAGs
[2025-05-25T19:39:46.076-0500] {logging_mixin.py:150} INFO - [2025-05-25T19:39:46.076-0500] {dag.py:3504} INFO - Setting next_dagrun for example_time_delta_sensor_async to None, run_after=None
[2025-05-25T19:39:46.082-0500] {processor.py:179} INFO - Processing /Users/afsaruddinmohammed/state_analysis/.venv/lib/python3.11/site-packages/airflow/example_dags/example_time_delta_sensor_async.py took 0.281 seconds
[2025-05-25T19:41:22.076-0500] {processor.py:157} INFO - Started process (PID=85706) to work on /Users/afsaruddinmohammed/state_analysis/.venv/lib/python3.11/site-packages/airflow/example_dags/example_time_delta_sensor_async.py
[2025-05-25T19:41:22.078-0500] {processor.py:826} INFO - Processing file /Users/afsaruddinmohammed/state_analysis/.venv/lib/python3.11/site-packages/airflow/example_dags/example_time_delta_sensor_async.py for tasks to queue
[2025-05-25T19:41:22.078-0500] {logging_mixin.py:150} INFO - [2025-05-25T19:41:22.078-0500] {dagbag.py:541} INFO - Filling up the DagBag from /Users/afsaruddinmohammed/state_analysis/.venv/lib/python3.11/site-packages/airflow/example_dags/example_time_delta_sensor_async.py
[2025-05-25T19:41:22.084-0500] {processor.py:836} INFO - DAG(s) dict_keys(['example_time_delta_sensor_async']) retrieved from /Users/afsaruddinmohammed/state_analysis/.venv/lib/python3.11/site-packages/airflow/example_dags/example_time_delta_sensor_async.py
[2025-05-25T19:41:22.352-0500] {logging_mixin.py:150} INFO - [2025-05-25T19:41:22.352-0500] {dag.py:2742} INFO - Sync 1 DAGs
[2025-05-25T19:41:22.357-0500] {logging_mixin.py:150} INFO - [2025-05-25T19:41:22.357-0500] {dag.py:3504} INFO - Setting next_dagrun for example_time_delta_sensor_async to None, run_after=None
[2025-05-25T19:41:22.363-0500] {processor.py:179} INFO - Processing /Users/afsaruddinmohammed/state_analysis/.venv/lib/python3.11/site-packages/airflow/example_dags/example_time_delta_sensor_async.py took 0.287 seconds
