[2025-05-25T19:34:14.981-0500] {processor.py:157} INFO - Started process (PID=85368) to work on /Users/afsaruddinmohammed/state_analysis/.venv/lib/python3.11/site-packages/airflow/example_dags/example_nested_branch_dag.py
[2025-05-25T19:34:14.983-0500] {processor.py:826} INFO - Processing file /Users/afsaruddinmohammed/state_analysis/.venv/lib/python3.11/site-packages/airflow/example_dags/example_nested_branch_dag.py for tasks to queue
[2025-05-25T19:34:14.983-0500] {logging_mixin.py:150} INFO - [2025-05-25T19:34:14.983-0500] {dagbag.py:541} INFO - Filling up the DagBag from /Users/afsaruddinmohammed/state_analysis/.venv/lib/python3.11/site-packages/airflow/example_dags/example_nested_branch_dag.py
[2025-05-25T19:34:15.014-0500] {processor.py:836} INFO - DAG(s) dict_keys(['example_nested_branch_dag']) retrieved from /Users/afsaruddinmohammed/state_analysis/.venv/lib/python3.11/site-packages/airflow/example_dags/example_nested_branch_dag.py
[2025-05-25T19:34:15.283-0500] {logging_mixin.py:150} INFO - [2025-05-25T19:34:15.283-0500] {manager.py:504} INFO - Created Permission View: can edit on DAG:example_nested_branch_dag
[2025-05-25T19:34:15.286-0500] {logging_mixin.py:150} INFO - [2025-05-25T19:34:15.286-0500] {manager.py:504} INFO - Created Permission View: can delete on DAG:example_nested_branch_dag
[2025-05-25T19:34:15.288-0500] {logging_mixin.py:150} INFO - [2025-05-25T19:34:15.287-0500] {manager.py:504} INFO - Created Permission View: can read on DAG:example_nested_branch_dag
[2025-05-25T19:34:15.290-0500] {logging_mixin.py:150} INFO - [2025-05-25T19:34:15.290-0500] {dag.py:2742} INFO - Sync 1 DAGs
[2025-05-25T19:34:15.293-0500] {logging_mixin.py:150} INFO - [2025-05-25T19:34:15.293-0500] {dag.py:2763} INFO - Creating ORM DAG for example_nested_branch_dag
[2025-05-25T19:34:15.295-0500] {logging_mixin.py:150} INFO - [2025-05-25T19:34:15.295-0500] {dag.py:3504} INFO - Setting next_dagrun for example_nested_branch_dag to 2025-05-25T00:00:00+00:00, run_after=2025-05-26T00:00:00+00:00
[2025-05-25T19:34:15.300-0500] {processor.py:179} INFO - Processing /Users/afsaruddinmohammed/state_analysis/.venv/lib/python3.11/site-packages/airflow/example_dags/example_nested_branch_dag.py took 0.319 seconds
[2025-05-25T19:35:34.379-0500] {processor.py:157} INFO - Started process (PID=85435) to work on /Users/afsaruddinmohammed/state_analysis/.venv/lib/python3.11/site-packages/airflow/example_dags/example_nested_branch_dag.py
[2025-05-25T19:35:34.382-0500] {processor.py:826} INFO - Processing file /Users/afsaruddinmohammed/state_analysis/.venv/lib/python3.11/site-packages/airflow/example_dags/example_nested_branch_dag.py for tasks to queue
[2025-05-25T19:35:34.382-0500] {logging_mixin.py:150} INFO - [2025-05-25T19:35:34.382-0500] {dagbag.py:541} INFO - Filling up the DagBag from /Users/afsaruddinmohammed/state_analysis/.venv/lib/python3.11/site-packages/airflow/example_dags/example_nested_branch_dag.py
[2025-05-25T19:35:34.437-0500] {processor.py:836} INFO - DAG(s) dict_keys(['example_nested_branch_dag']) retrieved from /Users/afsaruddinmohammed/state_analysis/.venv/lib/python3.11/site-packages/airflow/example_dags/example_nested_branch_dag.py
[2025-05-25T19:35:34.830-0500] {logging_mixin.py:150} INFO - [2025-05-25T19:35:34.829-0500] {dag.py:2742} INFO - Sync 1 DAGs
[2025-05-25T19:35:34.838-0500] {logging_mixin.py:150} INFO - [2025-05-25T19:35:34.838-0500] {dag.py:3504} INFO - Setting next_dagrun for example_nested_branch_dag to 2025-05-25T00:00:00+00:00, run_after=2025-05-26T00:00:00+00:00
[2025-05-25T19:35:34.848-0500] {processor.py:179} INFO - Processing /Users/afsaruddinmohammed/state_analysis/.venv/lib/python3.11/site-packages/airflow/example_dags/example_nested_branch_dag.py took 0.470 seconds
[2025-05-25T19:37:04.248-0500] {processor.py:157} INFO - Started process (PID=85503) to work on /Users/afsaruddinmohammed/state_analysis/.venv/lib/python3.11/site-packages/airflow/example_dags/example_nested_branch_dag.py
[2025-05-25T19:37:04.255-0500] {processor.py:826} INFO - Processing file /Users/afsaruddinmohammed/state_analysis/.venv/lib/python3.11/site-packages/airflow/example_dags/example_nested_branch_dag.py for tasks to queue
[2025-05-25T19:37:04.256-0500] {logging_mixin.py:150} INFO - [2025-05-25T19:37:04.255-0500] {dagbag.py:541} INFO - Filling up the DagBag from /Users/afsaruddinmohammed/state_analysis/.venv/lib/python3.11/site-packages/airflow/example_dags/example_nested_branch_dag.py
[2025-05-25T19:37:04.316-0500] {processor.py:836} INFO - DAG(s) dict_keys(['example_nested_branch_dag']) retrieved from /Users/afsaruddinmohammed/state_analysis/.venv/lib/python3.11/site-packages/airflow/example_dags/example_nested_branch_dag.py
[2025-05-25T19:37:04.576-0500] {logging_mixin.py:150} INFO - [2025-05-25T19:37:04.576-0500] {dag.py:2742} INFO - Sync 1 DAGs
[2025-05-25T19:37:04.582-0500] {logging_mixin.py:150} INFO - [2025-05-25T19:37:04.582-0500] {dag.py:3504} INFO - Setting next_dagrun for example_nested_branch_dag to 2025-05-25T00:00:00+00:00, run_after=2025-05-26T00:00:00+00:00
[2025-05-25T19:37:04.587-0500] {processor.py:179} INFO - Processing /Users/afsaruddinmohammed/state_analysis/.venv/lib/python3.11/site-packages/airflow/example_dags/example_nested_branch_dag.py took 0.341 seconds
[2025-05-25T19:38:37.506-0500] {processor.py:157} INFO - Started process (PID=85586) to work on /Users/afsaruddinmohammed/state_analysis/.venv/lib/python3.11/site-packages/airflow/example_dags/example_nested_branch_dag.py
[2025-05-25T19:38:37.508-0500] {processor.py:826} INFO - Processing file /Users/afsaruddinmohammed/state_analysis/.venv/lib/python3.11/site-packages/airflow/example_dags/example_nested_branch_dag.py for tasks to queue
[2025-05-25T19:38:37.508-0500] {logging_mixin.py:150} INFO - [2025-05-25T19:38:37.508-0500] {dagbag.py:541} INFO - Filling up the DagBag from /Users/afsaruddinmohammed/state_analysis/.venv/lib/python3.11/site-packages/airflow/example_dags/example_nested_branch_dag.py
[2025-05-25T19:38:37.538-0500] {processor.py:836} INFO - DAG(s) dict_keys(['example_nested_branch_dag']) retrieved from /Users/afsaruddinmohammed/state_analysis/.venv/lib/python3.11/site-packages/airflow/example_dags/example_nested_branch_dag.py
[2025-05-25T19:38:37.798-0500] {logging_mixin.py:150} INFO - [2025-05-25T19:38:37.798-0500] {dag.py:2742} INFO - Sync 1 DAGs
[2025-05-25T19:38:37.803-0500] {logging_mixin.py:150} INFO - [2025-05-25T19:38:37.803-0500] {dag.py:3504} INFO - Setting next_dagrun for example_nested_branch_dag to 2025-05-25T00:00:00+00:00, run_after=2025-05-26T00:00:00+00:00
[2025-05-25T19:38:37.809-0500] {processor.py:179} INFO - Processing /Users/afsaruddinmohammed/state_analysis/.venv/lib/python3.11/site-packages/airflow/example_dags/example_nested_branch_dag.py took 0.303 seconds
[2025-05-25T19:40:11.489-0500] {processor.py:157} INFO - Started process (PID=85653) to work on /Users/afsaruddinmohammed/state_analysis/.venv/lib/python3.11/site-packages/airflow/example_dags/example_nested_branch_dag.py
[2025-05-25T19:40:11.491-0500] {processor.py:826} INFO - Processing file /Users/afsaruddinmohammed/state_analysis/.venv/lib/python3.11/site-packages/airflow/example_dags/example_nested_branch_dag.py for tasks to queue
[2025-05-25T19:40:11.491-0500] {logging_mixin.py:150} INFO - [2025-05-25T19:40:11.491-0500] {dagbag.py:541} INFO - Filling up the DagBag from /Users/afsaruddinmohammed/state_analysis/.venv/lib/python3.11/site-packages/airflow/example_dags/example_nested_branch_dag.py
[2025-05-25T19:40:11.524-0500] {processor.py:836} INFO - DAG(s) dict_keys(['example_nested_branch_dag']) retrieved from /Users/afsaruddinmohammed/state_analysis/.venv/lib/python3.11/site-packages/airflow/example_dags/example_nested_branch_dag.py
[2025-05-25T19:40:11.802-0500] {logging_mixin.py:150} INFO - [2025-05-25T19:40:11.802-0500] {dag.py:2742} INFO - Sync 1 DAGs
[2025-05-25T19:40:11.808-0500] {logging_mixin.py:150} INFO - [2025-05-25T19:40:11.808-0500] {dag.py:3504} INFO - Setting next_dagrun for example_nested_branch_dag to 2025-05-25T00:00:00+00:00, run_after=2025-05-26T00:00:00+00:00
[2025-05-25T19:40:11.817-0500] {processor.py:179} INFO - Processing /Users/afsaruddinmohammed/state_analysis/.venv/lib/python3.11/site-packages/airflow/example_dags/example_nested_branch_dag.py took 0.329 seconds
[2025-05-25T19:41:48.151-0500] {processor.py:157} INFO - Started process (PID=85728) to work on /Users/afsaruddinmohammed/state_analysis/.venv/lib/python3.11/site-packages/airflow/example_dags/example_nested_branch_dag.py
[2025-05-25T19:41:48.153-0500] {processor.py:826} INFO - Processing file /Users/afsaruddinmohammed/state_analysis/.venv/lib/python3.11/site-packages/airflow/example_dags/example_nested_branch_dag.py for tasks to queue
[2025-05-25T19:41:48.153-0500] {logging_mixin.py:150} INFO - [2025-05-25T19:41:48.153-0500] {dagbag.py:541} INFO - Filling up the DagBag from /Users/afsaruddinmohammed/state_analysis/.venv/lib/python3.11/site-packages/airflow/example_dags/example_nested_branch_dag.py
[2025-05-25T19:41:48.183-0500] {processor.py:836} INFO - DAG(s) dict_keys(['example_nested_branch_dag']) retrieved from /Users/afsaruddinmohammed/state_analysis/.venv/lib/python3.11/site-packages/airflow/example_dags/example_nested_branch_dag.py
[2025-05-25T19:41:48.443-0500] {logging_mixin.py:150} INFO - [2025-05-25T19:41:48.442-0500] {dag.py:2742} INFO - Sync 1 DAGs
[2025-05-25T19:41:48.449-0500] {logging_mixin.py:150} INFO - [2025-05-25T19:41:48.448-0500] {dag.py:3504} INFO - Setting next_dagrun for example_nested_branch_dag to 2025-05-25T00:00:00+00:00, run_after=2025-05-26T00:00:00+00:00
[2025-05-25T19:41:48.454-0500] {processor.py:179} INFO - Processing /Users/afsaruddinmohammed/state_analysis/.venv/lib/python3.11/site-packages/airflow/example_dags/example_nested_branch_dag.py took 0.304 seconds
