[2025-05-25T19:34:20.856-0500] {processor.py:157} INFO - Started process (PID=85375) to work on /Users/afsaruddinmohammed/state_analysis/.venv/lib/python3.11/site-packages/airflow/example_dags/example_latest_only.py
[2025-05-25T19:34:20.857-0500] {processor.py:826} INFO - Processing file /Users/afsaruddinmohammed/state_analysis/.venv/lib/python3.11/site-packages/airflow/example_dags/example_latest_only.py for tasks to queue
[2025-05-25T19:34:20.857-0500] {logging_mixin.py:150} INFO - [2025-05-25T19:34:20.857-0500] {dagbag.py:541} INFO - Filling up the DagBag from /Users/afsaruddinmohammed/state_analysis/.venv/lib/python3.11/site-packages/airflow/example_dags/example_latest_only.py
[2025-05-25T19:34:20.864-0500] {processor.py:836} INFO - DAG(s) dict_keys(['latest_only']) retrieved from /Users/afsaruddinmohammed/state_analysis/.venv/lib/python3.11/site-packages/airflow/example_dags/example_latest_only.py
[2025-05-25T19:34:21.169-0500] {logging_mixin.py:150} INFO - [2025-05-25T19:34:21.169-0500] {manager.py:504} INFO - Created Permission View: can delete on DAG:latest_only
[2025-05-25T19:34:21.171-0500] {logging_mixin.py:150} INFO - [2025-05-25T19:34:21.171-0500] {manager.py:504} INFO - Created Permission View: can read on DAG:latest_only
[2025-05-25T19:34:21.173-0500] {logging_mixin.py:150} INFO - [2025-05-25T19:34:21.173-0500] {manager.py:504} INFO - Created Permission View: can edit on DAG:latest_only
[2025-05-25T19:34:21.176-0500] {logging_mixin.py:150} INFO - [2025-05-25T19:34:21.176-0500] {dag.py:2742} INFO - Sync 1 DAGs
[2025-05-25T19:34:21.179-0500] {logging_mixin.py:150} INFO - [2025-05-25T19:34:21.179-0500] {dag.py:2763} INFO - Creating ORM DAG for latest_only
[2025-05-25T19:34:21.181-0500] {logging_mixin.py:150} INFO - [2025-05-25T19:34:21.181-0500] {dag.py:3504} INFO - Setting next_dagrun for latest_only to 2025-05-25T20:34:21.181176+00:00, run_after=2025-05-26T00:34:21.181176+00:00
[2025-05-25T19:34:21.186-0500] {processor.py:179} INFO - Processing /Users/afsaruddinmohammed/state_analysis/.venv/lib/python3.11/site-packages/airflow/example_dags/example_latest_only.py took 0.330 seconds
[2025-05-25T19:35:57.290-0500] {processor.py:157} INFO - Started process (PID=85453) to work on /Users/afsaruddinmohammed/state_analysis/.venv/lib/python3.11/site-packages/airflow/example_dags/example_latest_only.py
[2025-05-25T19:35:57.291-0500] {processor.py:826} INFO - Processing file /Users/afsaruddinmohammed/state_analysis/.venv/lib/python3.11/site-packages/airflow/example_dags/example_latest_only.py for tasks to queue
[2025-05-25T19:35:57.292-0500] {logging_mixin.py:150} INFO - [2025-05-25T19:35:57.292-0500] {dagbag.py:541} INFO - Filling up the DagBag from /Users/afsaruddinmohammed/state_analysis/.venv/lib/python3.11/site-packages/airflow/example_dags/example_latest_only.py
[2025-05-25T19:35:57.299-0500] {processor.py:836} INFO - DAG(s) dict_keys(['latest_only']) retrieved from /Users/afsaruddinmohammed/state_analysis/.venv/lib/python3.11/site-packages/airflow/example_dags/example_latest_only.py
[2025-05-25T19:35:57.582-0500] {logging_mixin.py:150} INFO - [2025-05-25T19:35:57.582-0500] {dag.py:2742} INFO - Sync 1 DAGs
[2025-05-25T19:35:57.588-0500] {logging_mixin.py:150} INFO - [2025-05-25T19:35:57.588-0500] {dag.py:3504} INFO - Setting next_dagrun for latest_only to 2025-05-25T20:35:57.588294+00:00, run_after=2025-05-26T00:35:57.588294+00:00
[2025-05-25T19:35:57.594-0500] {processor.py:179} INFO - Processing /Users/afsaruddinmohammed/state_analysis/.venv/lib/python3.11/site-packages/airflow/example_dags/example_latest_only.py took 0.306 seconds
[2025-05-25T19:37:25.672-0500] {processor.py:157} INFO - Started process (PID=85523) to work on /Users/afsaruddinmohammed/state_analysis/.venv/lib/python3.11/site-packages/airflow/example_dags/example_latest_only.py
[2025-05-25T19:37:25.674-0500] {processor.py:826} INFO - Processing file /Users/afsaruddinmohammed/state_analysis/.venv/lib/python3.11/site-packages/airflow/example_dags/example_latest_only.py for tasks to queue
[2025-05-25T19:37:25.674-0500] {logging_mixin.py:150} INFO - [2025-05-25T19:37:25.674-0500] {dagbag.py:541} INFO - Filling up the DagBag from /Users/afsaruddinmohammed/state_analysis/.venv/lib/python3.11/site-packages/airflow/example_dags/example_latest_only.py
[2025-05-25T19:37:25.680-0500] {processor.py:836} INFO - DAG(s) dict_keys(['latest_only']) retrieved from /Users/afsaruddinmohammed/state_analysis/.venv/lib/python3.11/site-packages/airflow/example_dags/example_latest_only.py
[2025-05-25T19:37:25.945-0500] {logging_mixin.py:150} INFO - [2025-05-25T19:37:25.945-0500] {dag.py:2742} INFO - Sync 1 DAGs
[2025-05-25T19:37:25.950-0500] {logging_mixin.py:150} INFO - [2025-05-25T19:37:25.950-0500] {dag.py:3504} INFO - Setting next_dagrun for latest_only to 2025-05-25T20:37:25.950792+00:00, run_after=2025-05-26T00:37:25.950792+00:00
[2025-05-25T19:37:25.956-0500] {processor.py:179} INFO - Processing /Users/afsaruddinmohammed/state_analysis/.venv/lib/python3.11/site-packages/airflow/example_dags/example_latest_only.py took 0.285 seconds
[2025-05-25T19:39:03.729-0500] {processor.py:157} INFO - Started process (PID=85609) to work on /Users/afsaruddinmohammed/state_analysis/.venv/lib/python3.11/site-packages/airflow/example_dags/example_latest_only.py
[2025-05-25T19:39:03.731-0500] {processor.py:826} INFO - Processing file /Users/afsaruddinmohammed/state_analysis/.venv/lib/python3.11/site-packages/airflow/example_dags/example_latest_only.py for tasks to queue
[2025-05-25T19:39:03.731-0500] {logging_mixin.py:150} INFO - [2025-05-25T19:39:03.731-0500] {dagbag.py:541} INFO - Filling up the DagBag from /Users/afsaruddinmohammed/state_analysis/.venv/lib/python3.11/site-packages/airflow/example_dags/example_latest_only.py
[2025-05-25T19:39:03.738-0500] {processor.py:836} INFO - DAG(s) dict_keys(['latest_only']) retrieved from /Users/afsaruddinmohammed/state_analysis/.venv/lib/python3.11/site-packages/airflow/example_dags/example_latest_only.py
[2025-05-25T19:39:04.002-0500] {logging_mixin.py:150} INFO - [2025-05-25T19:39:04.002-0500] {dag.py:2742} INFO - Sync 1 DAGs
[2025-05-25T19:39:04.007-0500] {logging_mixin.py:150} INFO - [2025-05-25T19:39:04.007-0500] {dag.py:3504} INFO - Setting next_dagrun for latest_only to 2025-05-25T20:39:04.007662+00:00, run_after=2025-05-26T00:39:04.007662+00:00
[2025-05-25T19:39:04.013-0500] {processor.py:179} INFO - Processing /Users/afsaruddinmohammed/state_analysis/.venv/lib/python3.11/site-packages/airflow/example_dags/example_latest_only.py took 0.284 seconds
[2025-05-25T19:40:34.813-0500] {processor.py:157} INFO - Started process (PID=85669) to work on /Users/afsaruddinmohammed/state_analysis/.venv/lib/python3.11/site-packages/airflow/example_dags/example_latest_only.py
[2025-05-25T19:40:34.815-0500] {processor.py:826} INFO - Processing file /Users/afsaruddinmohammed/state_analysis/.venv/lib/python3.11/site-packages/airflow/example_dags/example_latest_only.py for tasks to queue
[2025-05-25T19:40:34.816-0500] {logging_mixin.py:150} INFO - [2025-05-25T19:40:34.816-0500] {dagbag.py:541} INFO - Filling up the DagBag from /Users/afsaruddinmohammed/state_analysis/.venv/lib/python3.11/site-packages/airflow/example_dags/example_latest_only.py
[2025-05-25T19:40:34.822-0500] {processor.py:836} INFO - DAG(s) dict_keys(['latest_only']) retrieved from /Users/afsaruddinmohammed/state_analysis/.venv/lib/python3.11/site-packages/airflow/example_dags/example_latest_only.py
[2025-05-25T19:40:35.089-0500] {logging_mixin.py:150} INFO - [2025-05-25T19:40:35.089-0500] {dag.py:2742} INFO - Sync 1 DAGs
[2025-05-25T19:40:35.094-0500] {logging_mixin.py:150} INFO - [2025-05-25T19:40:35.094-0500] {dag.py:3504} INFO - Setting next_dagrun for latest_only to 2025-05-25T20:40:35.094777+00:00, run_after=2025-05-26T00:40:35.094777+00:00
[2025-05-25T19:40:35.100-0500] {processor.py:179} INFO - Processing /Users/afsaruddinmohammed/state_analysis/.venv/lib/python3.11/site-packages/airflow/example_dags/example_latest_only.py took 0.287 seconds
