[2025-05-25T19:33:48.536-0500] {processor.py:157} INFO - Started process (PID=85346) to work on /Users/afsaruddinmohammed/state_analysis/.venv/lib/python3.11/site-packages/airflow/example_dags/example_task_group_decorator.py
[2025-05-25T19:33:48.537-0500] {processor.py:826} INFO - Processing file /Users/afsaruddinmohammed/state_analysis/.venv/lib/python3.11/site-packages/airflow/example_dags/example_task_group_decorator.py for tasks to queue
[2025-05-25T19:33:48.538-0500] {logging_mixin.py:150} INFO - [2025-05-25T19:33:48.537-0500] {dagbag.py:541} INFO - Filling up the DagBag from /Users/afsaruddinmohammed/state_analysis/.venv/lib/python3.11/site-packages/airflow/example_dags/example_task_group_decorator.py
[2025-05-25T19:33:48.569-0500] {processor.py:836} INFO - DAG(s) dict_keys(['example_task_group_decorator']) retrieved from /Users/afsaruddinmohammed/state_analysis/.venv/lib/python3.11/site-packages/airflow/example_dags/example_task_group_decorator.py
[2025-05-25T19:33:48.839-0500] {logging_mixin.py:150} INFO - [2025-05-25T19:33:48.839-0500] {manager.py:504} INFO - Created Permission View: can edit on DAG:example_task_group_decorator
[2025-05-25T19:33:48.842-0500] {logging_mixin.py:150} INFO - [2025-05-25T19:33:48.842-0500] {manager.py:504} INFO - Created Permission View: can read on DAG:example_task_group_decorator
[2025-05-25T19:33:48.843-0500] {logging_mixin.py:150} INFO - [2025-05-25T19:33:48.843-0500] {manager.py:504} INFO - Created Permission View: can delete on DAG:example_task_group_decorator
[2025-05-25T19:33:48.846-0500] {logging_mixin.py:150} INFO - [2025-05-25T19:33:48.846-0500] {dag.py:2742} INFO - Sync 1 DAGs
[2025-05-25T19:33:48.849-0500] {logging_mixin.py:150} INFO - [2025-05-25T19:33:48.849-0500] {dag.py:2763} INFO - Creating ORM DAG for example_task_group_decorator
[2025-05-25T19:33:48.851-0500] {logging_mixin.py:150} INFO - [2025-05-25T19:33:48.851-0500] {dag.py:3504} INFO - Setting next_dagrun for example_task_group_decorator to 2025-05-25T00:33:48.851332+00:00, run_after=2025-05-26T00:33:48.851332+00:00
[2025-05-25T19:33:48.856-0500] {processor.py:179} INFO - Processing /Users/afsaruddinmohammed/state_analysis/.venv/lib/python3.11/site-packages/airflow/example_dags/example_task_group_decorator.py took 0.320 seconds
[2025-05-25T19:35:09.759-0500] {processor.py:157} INFO - Started process (PID=85418) to work on /Users/afsaruddinmohammed/state_analysis/.venv/lib/python3.11/site-packages/airflow/example_dags/example_task_group_decorator.py
[2025-05-25T19:35:09.760-0500] {processor.py:826} INFO - Processing file /Users/afsaruddinmohammed/state_analysis/.venv/lib/python3.11/site-packages/airflow/example_dags/example_task_group_decorator.py for tasks to queue
[2025-05-25T19:35:09.760-0500] {logging_mixin.py:150} INFO - [2025-05-25T19:35:09.760-0500] {dagbag.py:541} INFO - Filling up the DagBag from /Users/afsaruddinmohammed/state_analysis/.venv/lib/python3.11/site-packages/airflow/example_dags/example_task_group_decorator.py
[2025-05-25T19:35:09.793-0500] {processor.py:836} INFO - DAG(s) dict_keys(['example_task_group_decorator']) retrieved from /Users/afsaruddinmohammed/state_analysis/.venv/lib/python3.11/site-packages/airflow/example_dags/example_task_group_decorator.py
[2025-05-25T19:35:10.047-0500] {logging_mixin.py:150} INFO - [2025-05-25T19:35:10.047-0500] {dag.py:2742} INFO - Sync 1 DAGs
[2025-05-25T19:35:10.052-0500] {logging_mixin.py:150} INFO - [2025-05-25T19:35:10.052-0500] {dag.py:3504} INFO - Setting next_dagrun for example_task_group_decorator to 2025-05-25T00:35:10.052399+00:00, run_after=2025-05-26T00:35:10.052399+00:00
[2025-05-25T19:35:10.058-0500] {processor.py:179} INFO - Processing /Users/afsaruddinmohammed/state_analysis/.venv/lib/python3.11/site-packages/airflow/example_dags/example_task_group_decorator.py took 0.300 seconds
[2025-05-25T19:36:40.977-0500] {processor.py:157} INFO - Started process (PID=85482) to work on /Users/afsaruddinmohammed/state_analysis/.venv/lib/python3.11/site-packages/airflow/example_dags/example_task_group_decorator.py
[2025-05-25T19:36:40.979-0500] {processor.py:826} INFO - Processing file /Users/afsaruddinmohammed/state_analysis/.venv/lib/python3.11/site-packages/airflow/example_dags/example_task_group_decorator.py for tasks to queue
[2025-05-25T19:36:40.979-0500] {logging_mixin.py:150} INFO - [2025-05-25T19:36:40.979-0500] {dagbag.py:541} INFO - Filling up the DagBag from /Users/afsaruddinmohammed/state_analysis/.venv/lib/python3.11/site-packages/airflow/example_dags/example_task_group_decorator.py
[2025-05-25T19:36:41.016-0500] {processor.py:836} INFO - DAG(s) dict_keys(['example_task_group_decorator']) retrieved from /Users/afsaruddinmohammed/state_analysis/.venv/lib/python3.11/site-packages/airflow/example_dags/example_task_group_decorator.py
[2025-05-25T19:36:41.280-0500] {logging_mixin.py:150} INFO - [2025-05-25T19:36:41.280-0500] {dag.py:2742} INFO - Sync 1 DAGs
[2025-05-25T19:36:41.285-0500] {logging_mixin.py:150} INFO - [2025-05-25T19:36:41.285-0500] {dag.py:3504} INFO - Setting next_dagrun for example_task_group_decorator to 2025-05-25T00:36:41.285385+00:00, run_after=2025-05-26T00:36:41.285385+00:00
[2025-05-25T19:36:41.291-0500] {processor.py:179} INFO - Processing /Users/afsaruddinmohammed/state_analysis/.venv/lib/python3.11/site-packages/airflow/example_dags/example_task_group_decorator.py took 0.314 seconds
[2025-05-25T19:38:11.598-0500] {processor.py:157} INFO - Started process (PID=85560) to work on /Users/afsaruddinmohammed/state_analysis/.venv/lib/python3.11/site-packages/airflow/example_dags/example_task_group_decorator.py
[2025-05-25T19:38:11.600-0500] {processor.py:826} INFO - Processing file /Users/afsaruddinmohammed/state_analysis/.venv/lib/python3.11/site-packages/airflow/example_dags/example_task_group_decorator.py for tasks to queue
[2025-05-25T19:38:11.600-0500] {logging_mixin.py:150} INFO - [2025-05-25T19:38:11.600-0500] {dagbag.py:541} INFO - Filling up the DagBag from /Users/afsaruddinmohammed/state_analysis/.venv/lib/python3.11/site-packages/airflow/example_dags/example_task_group_decorator.py
[2025-05-25T19:38:11.633-0500] {processor.py:836} INFO - DAG(s) dict_keys(['example_task_group_decorator']) retrieved from /Users/afsaruddinmohammed/state_analysis/.venv/lib/python3.11/site-packages/airflow/example_dags/example_task_group_decorator.py
[2025-05-25T19:38:11.889-0500] {logging_mixin.py:150} INFO - [2025-05-25T19:38:11.889-0500] {dag.py:2742} INFO - Sync 1 DAGs
[2025-05-25T19:38:11.894-0500] {logging_mixin.py:150} INFO - [2025-05-25T19:38:11.894-0500] {dag.py:3504} INFO - Setting next_dagrun for example_task_group_decorator to 2025-05-25T00:38:11.894667+00:00, run_after=2025-05-26T00:38:11.894667+00:00
[2025-05-25T19:38:11.900-0500] {processor.py:179} INFO - Processing /Users/afsaruddinmohammed/state_analysis/.venv/lib/python3.11/site-packages/airflow/example_dags/example_task_group_decorator.py took 0.302 seconds
[2025-05-25T19:39:47.542-0500] {processor.py:157} INFO - Started process (PID=85637) to work on /Users/afsaruddinmohammed/state_analysis/.venv/lib/python3.11/site-packages/airflow/example_dags/example_task_group_decorator.py
[2025-05-25T19:39:47.543-0500] {processor.py:826} INFO - Processing file /Users/afsaruddinmohammed/state_analysis/.venv/lib/python3.11/site-packages/airflow/example_dags/example_task_group_decorator.py for tasks to queue
[2025-05-25T19:39:47.543-0500] {logging_mixin.py:150} INFO - [2025-05-25T19:39:47.543-0500] {dagbag.py:541} INFO - Filling up the DagBag from /Users/afsaruddinmohammed/state_analysis/.venv/lib/python3.11/site-packages/airflow/example_dags/example_task_group_decorator.py
[2025-05-25T19:39:47.578-0500] {processor.py:836} INFO - DAG(s) dict_keys(['example_task_group_decorator']) retrieved from /Users/afsaruddinmohammed/state_analysis/.venv/lib/python3.11/site-packages/airflow/example_dags/example_task_group_decorator.py
[2025-05-25T19:39:47.832-0500] {logging_mixin.py:150} INFO - [2025-05-25T19:39:47.832-0500] {dag.py:2742} INFO - Sync 1 DAGs
[2025-05-25T19:39:47.837-0500] {logging_mixin.py:150} INFO - [2025-05-25T19:39:47.837-0500] {dag.py:3504} INFO - Setting next_dagrun for example_task_group_decorator to 2025-05-25T00:39:47.837099+00:00, run_after=2025-05-26T00:39:47.837099+00:00
[2025-05-25T19:39:47.843-0500] {processor.py:179} INFO - Processing /Users/afsaruddinmohammed/state_analysis/.venv/lib/python3.11/site-packages/airflow/example_dags/example_task_group_decorator.py took 0.302 seconds
[2025-05-25T19:41:23.269-0500] {processor.py:157} INFO - Started process (PID=85708) to work on /Users/afsaruddinmohammed/state_analysis/.venv/lib/python3.11/site-packages/airflow/example_dags/example_task_group_decorator.py
[2025-05-25T19:41:23.271-0500] {processor.py:826} INFO - Processing file /Users/afsaruddinmohammed/state_analysis/.venv/lib/python3.11/site-packages/airflow/example_dags/example_task_group_decorator.py for tasks to queue
[2025-05-25T19:41:23.271-0500] {logging_mixin.py:150} INFO - [2025-05-25T19:41:23.271-0500] {dagbag.py:541} INFO - Filling up the DagBag from /Users/afsaruddinmohammed/state_analysis/.venv/lib/python3.11/site-packages/airflow/example_dags/example_task_group_decorator.py
[2025-05-25T19:41:23.303-0500] {processor.py:836} INFO - DAG(s) dict_keys(['example_task_group_decorator']) retrieved from /Users/afsaruddinmohammed/state_analysis/.venv/lib/python3.11/site-packages/airflow/example_dags/example_task_group_decorator.py
[2025-05-25T19:41:23.554-0500] {logging_mixin.py:150} INFO - [2025-05-25T19:41:23.554-0500] {dag.py:2742} INFO - Sync 1 DAGs
[2025-05-25T19:41:23.559-0500] {logging_mixin.py:150} INFO - [2025-05-25T19:41:23.558-0500] {dag.py:3504} INFO - Setting next_dagrun for example_task_group_decorator to 2025-05-25T00:41:23.558893+00:00, run_after=2025-05-26T00:41:23.558893+00:00
[2025-05-25T19:41:23.564-0500] {processor.py:179} INFO - Processing /Users/afsaruddinmohammed/state_analysis/.venv/lib/python3.11/site-packages/airflow/example_dags/example_task_group_decorator.py took 0.296 seconds
