[2025-05-25T19:34:29.685-0500] {processor.py:157} INFO - Started process (PID=85393) to work on /Users/afsaruddinmohammed/state_analysis/.venv/lib/python3.11/site-packages/airflow/example_dags/example_datasets.py
[2025-05-25T19:34:29.688-0500] {processor.py:826} INFO - Processing file /Users/afsaruddinmohammed/state_analysis/.venv/lib/python3.11/site-packages/airflow/example_dags/example_datasets.py for tasks to queue
[2025-05-25T19:34:29.688-0500] {logging_mixin.py:150} INFO - [2025-05-25T19:34:29.688-0500] {dagbag.py:541} INFO - Filling up the DagBag from /Users/afsaruddinmohammed/state_analysis/.venv/lib/python3.11/site-packages/airflow/example_dags/example_datasets.py
[2025-05-25T19:34:29.702-0500] {processor.py:836} INFO - DAG(s) dict_keys(['dataset_consumes_1_and_2', 'dataset_produces_2', 'dataset_consumes_unknown_never_scheduled', 'dataset_consumes_1', 'dataset_produces_1', 'dataset_consumes_1_never_scheduled']) retrieved from /Users/afsaruddinmohammed/state_analysis/.venv/lib/python3.11/site-packages/airflow/example_dags/example_datasets.py
[2025-05-25T19:34:30.079-0500] {logging_mixin.py:150} INFO - [2025-05-25T19:34:30.079-0500] {manager.py:504} INFO - Created Permission View: can edit on DAG:dataset_consumes_1_and_2
[2025-05-25T19:34:30.085-0500] {logging_mixin.py:150} INFO - [2025-05-25T19:34:30.085-0500] {manager.py:504} INFO - Created Permission View: can delete on DAG:dataset_consumes_1_and_2
[2025-05-25T19:34:30.087-0500] {logging_mixin.py:150} INFO - [2025-05-25T19:34:30.087-0500] {manager.py:504} INFO - Created Permission View: can read on DAG:dataset_consumes_1_and_2
[2025-05-25T19:34:30.095-0500] {logging_mixin.py:150} INFO - [2025-05-25T19:34:30.095-0500] {manager.py:504} INFO - Created Permission View: can edit on DAG:dataset_produces_2
[2025-05-25T19:34:30.098-0500] {logging_mixin.py:150} INFO - [2025-05-25T19:34:30.098-0500] {manager.py:504} INFO - Created Permission View: can delete on DAG:dataset_produces_2
[2025-05-25T19:34:30.099-0500] {logging_mixin.py:150} INFO - [2025-05-25T19:34:30.099-0500] {manager.py:504} INFO - Created Permission View: can read on DAG:dataset_produces_2
[2025-05-25T19:34:30.103-0500] {logging_mixin.py:150} INFO - [2025-05-25T19:34:30.103-0500] {manager.py:504} INFO - Created Permission View: can edit on DAG:dataset_consumes_unknown_never_scheduled
[2025-05-25T19:34:30.107-0500] {logging_mixin.py:150} INFO - [2025-05-25T19:34:30.107-0500] {manager.py:504} INFO - Created Permission View: can delete on DAG:dataset_consumes_unknown_never_scheduled
[2025-05-25T19:34:30.112-0500] {logging_mixin.py:150} INFO - [2025-05-25T19:34:30.112-0500] {manager.py:504} INFO - Created Permission View: can read on DAG:dataset_consumes_unknown_never_scheduled
[2025-05-25T19:34:30.120-0500] {logging_mixin.py:150} INFO - [2025-05-25T19:34:30.120-0500] {manager.py:504} INFO - Created Permission View: can edit on DAG:dataset_consumes_1
[2025-05-25T19:34:30.121-0500] {logging_mixin.py:150} INFO - [2025-05-25T19:34:30.121-0500] {manager.py:504} INFO - Created Permission View: can delete on DAG:dataset_consumes_1
[2025-05-25T19:34:30.123-0500] {logging_mixin.py:150} INFO - [2025-05-25T19:34:30.123-0500] {manager.py:504} INFO - Created Permission View: can read on DAG:dataset_consumes_1
[2025-05-25T19:34:30.127-0500] {logging_mixin.py:150} INFO - [2025-05-25T19:34:30.127-0500] {manager.py:504} INFO - Created Permission View: can edit on DAG:dataset_produces_1
[2025-05-25T19:34:30.128-0500] {logging_mixin.py:150} INFO - [2025-05-25T19:34:30.128-0500] {manager.py:504} INFO - Created Permission View: can delete on DAG:dataset_produces_1
[2025-05-25T19:34:30.130-0500] {logging_mixin.py:150} INFO - [2025-05-25T19:34:30.130-0500] {manager.py:504} INFO - Created Permission View: can read on DAG:dataset_produces_1
[2025-05-25T19:34:30.141-0500] {logging_mixin.py:150} INFO - [2025-05-25T19:34:30.141-0500] {manager.py:504} INFO - Created Permission View: can edit on DAG:dataset_consumes_1_never_scheduled
[2025-05-25T19:34:30.144-0500] {logging_mixin.py:150} INFO - [2025-05-25T19:34:30.144-0500] {manager.py:504} INFO - Created Permission View: can delete on DAG:dataset_consumes_1_never_scheduled
[2025-05-25T19:34:30.146-0500] {logging_mixin.py:150} INFO - [2025-05-25T19:34:30.146-0500] {manager.py:504} INFO - Created Permission View: can read on DAG:dataset_consumes_1_never_scheduled
[2025-05-25T19:34:30.148-0500] {logging_mixin.py:150} INFO - [2025-05-25T19:34:30.148-0500] {dag.py:2742} INFO - Sync 6 DAGs
[2025-05-25T19:34:30.151-0500] {logging_mixin.py:150} INFO - [2025-05-25T19:34:30.151-0500] {dag.py:2763} INFO - Creating ORM DAG for dataset_consumes_1
[2025-05-25T19:34:30.151-0500] {logging_mixin.py:150} INFO - [2025-05-25T19:34:30.151-0500] {dag.py:2763} INFO - Creating ORM DAG for dataset_consumes_unknown_never_scheduled
[2025-05-25T19:34:30.151-0500] {logging_mixin.py:150} INFO - [2025-05-25T19:34:30.151-0500] {dag.py:2763} INFO - Creating ORM DAG for dataset_consumes_1_and_2
[2025-05-25T19:34:30.151-0500] {logging_mixin.py:150} INFO - [2025-05-25T19:34:30.151-0500] {dag.py:2763} INFO - Creating ORM DAG for dataset_produces_2
[2025-05-25T19:34:30.152-0500] {logging_mixin.py:150} INFO - [2025-05-25T19:34:30.152-0500] {dag.py:2763} INFO - Creating ORM DAG for dataset_produces_1
[2025-05-25T19:34:30.152-0500] {logging_mixin.py:150} INFO - [2025-05-25T19:34:30.152-0500] {dag.py:2763} INFO - Creating ORM DAG for dataset_consumes_1_never_scheduled
[2025-05-25T19:34:30.154-0500] {logging_mixin.py:150} INFO - [2025-05-25T19:34:30.154-0500] {dag.py:3504} INFO - Setting next_dagrun for dataset_consumes_1 to None, run_after=None
[2025-05-25T19:34:30.154-0500] {logging_mixin.py:150} INFO - [2025-05-25T19:34:30.154-0500] {dag.py:3504} INFO - Setting next_dagrun for dataset_consumes_1_and_2 to None, run_after=None
[2025-05-25T19:34:30.155-0500] {logging_mixin.py:150} INFO - [2025-05-25T19:34:30.155-0500] {dag.py:3504} INFO - Setting next_dagrun for dataset_consumes_1_never_scheduled to None, run_after=None
[2025-05-25T19:34:30.155-0500] {logging_mixin.py:150} INFO - [2025-05-25T19:34:30.155-0500] {dag.py:3504} INFO - Setting next_dagrun for dataset_consumes_unknown_never_scheduled to None, run_after=None
[2025-05-25T19:34:30.155-0500] {logging_mixin.py:150} INFO - [2025-05-25T19:34:30.155-0500] {dag.py:3504} INFO - Setting next_dagrun for dataset_produces_1 to 2025-05-25T00:00:00+00:00, run_after=2025-05-26T00:00:00+00:00
[2025-05-25T19:34:30.156-0500] {logging_mixin.py:150} INFO - [2025-05-25T19:34:30.156-0500] {dag.py:3504} INFO - Setting next_dagrun for dataset_produces_2 to None, run_after=None
[2025-05-25T19:34:30.169-0500] {processor.py:179} INFO - Processing /Users/afsaruddinmohammed/state_analysis/.venv/lib/python3.11/site-packages/airflow/example_dags/example_datasets.py took 0.484 seconds
[2025-05-25T19:36:04.916-0500] {processor.py:157} INFO - Started process (PID=85458) to work on /Users/afsaruddinmohammed/state_analysis/.venv/lib/python3.11/site-packages/airflow/example_dags/example_datasets.py
[2025-05-25T19:36:04.918-0500] {processor.py:826} INFO - Processing file /Users/afsaruddinmohammed/state_analysis/.venv/lib/python3.11/site-packages/airflow/example_dags/example_datasets.py for tasks to queue
[2025-05-25T19:36:04.918-0500] {logging_mixin.py:150} INFO - [2025-05-25T19:36:04.918-0500] {dagbag.py:541} INFO - Filling up the DagBag from /Users/afsaruddinmohammed/state_analysis/.venv/lib/python3.11/site-packages/airflow/example_dags/example_datasets.py
[2025-05-25T19:36:04.927-0500] {processor.py:836} INFO - DAG(s) dict_keys(['dataset_produces_1', 'dataset_consumes_1_and_2', 'dataset_consumes_1_never_scheduled', 'dataset_produces_2', 'dataset_consumes_unknown_never_scheduled', 'dataset_consumes_1']) retrieved from /Users/afsaruddinmohammed/state_analysis/.venv/lib/python3.11/site-packages/airflow/example_dags/example_datasets.py
[2025-05-25T19:36:05.202-0500] {logging_mixin.py:150} INFO - [2025-05-25T19:36:05.202-0500] {dag.py:2742} INFO - Sync 6 DAGs
[2025-05-25T19:36:05.207-0500] {logging_mixin.py:150} INFO - [2025-05-25T19:36:05.207-0500] {dag.py:3504} INFO - Setting next_dagrun for dataset_consumes_1 to None, run_after=None
[2025-05-25T19:36:05.208-0500] {logging_mixin.py:150} INFO - [2025-05-25T19:36:05.208-0500] {dag.py:3504} INFO - Setting next_dagrun for dataset_consumes_1_and_2 to None, run_after=None
[2025-05-25T19:36:05.209-0500] {logging_mixin.py:150} INFO - [2025-05-25T19:36:05.208-0500] {dag.py:3504} INFO - Setting next_dagrun for dataset_consumes_1_never_scheduled to None, run_after=None
[2025-05-25T19:36:05.209-0500] {logging_mixin.py:150} INFO - [2025-05-25T19:36:05.209-0500] {dag.py:3504} INFO - Setting next_dagrun for dataset_consumes_unknown_never_scheduled to None, run_after=None
[2025-05-25T19:36:05.209-0500] {logging_mixin.py:150} INFO - [2025-05-25T19:36:05.209-0500] {dag.py:3504} INFO - Setting next_dagrun for dataset_produces_1 to 2025-05-25T00:00:00+00:00, run_after=2025-05-26T00:00:00+00:00
[2025-05-25T19:36:05.210-0500] {logging_mixin.py:150} INFO - [2025-05-25T19:36:05.210-0500] {dag.py:3504} INFO - Setting next_dagrun for dataset_produces_2 to None, run_after=None
[2025-05-25T19:36:05.217-0500] {processor.py:179} INFO - Processing /Users/afsaruddinmohammed/state_analysis/.venv/lib/python3.11/site-packages/airflow/example_dags/example_datasets.py took 0.301 seconds
[2025-05-25T19:37:34.182-0500] {processor.py:157} INFO - Started process (PID=85533) to work on /Users/afsaruddinmohammed/state_analysis/.venv/lib/python3.11/site-packages/airflow/example_dags/example_datasets.py
[2025-05-25T19:37:34.184-0500] {processor.py:826} INFO - Processing file /Users/afsaruddinmohammed/state_analysis/.venv/lib/python3.11/site-packages/airflow/example_dags/example_datasets.py for tasks to queue
[2025-05-25T19:37:34.184-0500] {logging_mixin.py:150} INFO - [2025-05-25T19:37:34.184-0500] {dagbag.py:541} INFO - Filling up the DagBag from /Users/afsaruddinmohammed/state_analysis/.venv/lib/python3.11/site-packages/airflow/example_dags/example_datasets.py
[2025-05-25T19:37:34.192-0500] {processor.py:836} INFO - DAG(s) dict_keys(['dataset_produces_1', 'dataset_produces_2', 'dataset_consumes_1_and_2', 'dataset_consumes_1', 'dataset_consumes_unknown_never_scheduled', 'dataset_consumes_1_never_scheduled']) retrieved from /Users/afsaruddinmohammed/state_analysis/.venv/lib/python3.11/site-packages/airflow/example_dags/example_datasets.py
[2025-05-25T19:37:34.461-0500] {logging_mixin.py:150} INFO - [2025-05-25T19:37:34.461-0500] {dag.py:2742} INFO - Sync 6 DAGs
[2025-05-25T19:37:34.467-0500] {logging_mixin.py:150} INFO - [2025-05-25T19:37:34.467-0500] {dag.py:3504} INFO - Setting next_dagrun for dataset_consumes_1 to None, run_after=None
[2025-05-25T19:37:34.468-0500] {logging_mixin.py:150} INFO - [2025-05-25T19:37:34.467-0500] {dag.py:3504} INFO - Setting next_dagrun for dataset_consumes_1_and_2 to None, run_after=None
[2025-05-25T19:37:34.468-0500] {logging_mixin.py:150} INFO - [2025-05-25T19:37:34.468-0500] {dag.py:3504} INFO - Setting next_dagrun for dataset_consumes_1_never_scheduled to None, run_after=None
[2025-05-25T19:37:34.468-0500] {logging_mixin.py:150} INFO - [2025-05-25T19:37:34.468-0500] {dag.py:3504} INFO - Setting next_dagrun for dataset_consumes_unknown_never_scheduled to None, run_after=None
[2025-05-25T19:37:34.469-0500] {logging_mixin.py:150} INFO - [2025-05-25T19:37:34.469-0500] {dag.py:3504} INFO - Setting next_dagrun for dataset_produces_1 to 2025-05-25T00:00:00+00:00, run_after=2025-05-26T00:00:00+00:00
[2025-05-25T19:37:34.469-0500] {logging_mixin.py:150} INFO - [2025-05-25T19:37:34.469-0500] {dag.py:3504} INFO - Setting next_dagrun for dataset_produces_2 to None, run_after=None
[2025-05-25T19:37:34.477-0500] {processor.py:179} INFO - Processing /Users/afsaruddinmohammed/state_analysis/.venv/lib/python3.11/site-packages/airflow/example_dags/example_datasets.py took 0.296 seconds
[2025-05-25T19:39:12.634-0500] {processor.py:157} INFO - Started process (PID=85615) to work on /Users/afsaruddinmohammed/state_analysis/.venv/lib/python3.11/site-packages/airflow/example_dags/example_datasets.py
[2025-05-25T19:39:12.636-0500] {processor.py:826} INFO - Processing file /Users/afsaruddinmohammed/state_analysis/.venv/lib/python3.11/site-packages/airflow/example_dags/example_datasets.py for tasks to queue
[2025-05-25T19:39:12.636-0500] {logging_mixin.py:150} INFO - [2025-05-25T19:39:12.636-0500] {dagbag.py:541} INFO - Filling up the DagBag from /Users/afsaruddinmohammed/state_analysis/.venv/lib/python3.11/site-packages/airflow/example_dags/example_datasets.py
[2025-05-25T19:39:12.644-0500] {processor.py:836} INFO - DAG(s) dict_keys(['dataset_produces_2', 'dataset_consumes_1_never_scheduled', 'dataset_consumes_unknown_never_scheduled', 'dataset_consumes_1', 'dataset_consumes_1_and_2', 'dataset_produces_1']) retrieved from /Users/afsaruddinmohammed/state_analysis/.venv/lib/python3.11/site-packages/airflow/example_dags/example_datasets.py
[2025-05-25T19:39:12.908-0500] {logging_mixin.py:150} INFO - [2025-05-25T19:39:12.908-0500] {dag.py:2742} INFO - Sync 6 DAGs
[2025-05-25T19:39:12.914-0500] {logging_mixin.py:150} INFO - [2025-05-25T19:39:12.914-0500] {dag.py:3504} INFO - Setting next_dagrun for dataset_consumes_1 to None, run_after=None
[2025-05-25T19:39:12.915-0500] {logging_mixin.py:150} INFO - [2025-05-25T19:39:12.915-0500] {dag.py:3504} INFO - Setting next_dagrun for dataset_consumes_1_and_2 to None, run_after=None
[2025-05-25T19:39:12.916-0500] {logging_mixin.py:150} INFO - [2025-05-25T19:39:12.915-0500] {dag.py:3504} INFO - Setting next_dagrun for dataset_consumes_1_never_scheduled to None, run_after=None
[2025-05-25T19:39:12.916-0500] {logging_mixin.py:150} INFO - [2025-05-25T19:39:12.916-0500] {dag.py:3504} INFO - Setting next_dagrun for dataset_consumes_unknown_never_scheduled to None, run_after=None
[2025-05-25T19:39:12.916-0500] {logging_mixin.py:150} INFO - [2025-05-25T19:39:12.916-0500] {dag.py:3504} INFO - Setting next_dagrun for dataset_produces_1 to 2025-05-25T00:00:00+00:00, run_after=2025-05-26T00:00:00+00:00
[2025-05-25T19:39:12.917-0500] {logging_mixin.py:150} INFO - [2025-05-25T19:39:12.917-0500] {dag.py:3504} INFO - Setting next_dagrun for dataset_produces_2 to None, run_after=None
[2025-05-25T19:39:12.924-0500] {processor.py:179} INFO - Processing /Users/afsaruddinmohammed/state_analysis/.venv/lib/python3.11/site-packages/airflow/example_dags/example_datasets.py took 0.290 seconds
[2025-05-25T19:40:43.611-0500] {processor.py:157} INFO - Started process (PID=85674) to work on /Users/afsaruddinmohammed/state_analysis/.venv/lib/python3.11/site-packages/airflow/example_dags/example_datasets.py
[2025-05-25T19:40:43.614-0500] {processor.py:826} INFO - Processing file /Users/afsaruddinmohammed/state_analysis/.venv/lib/python3.11/site-packages/airflow/example_dags/example_datasets.py for tasks to queue
[2025-05-25T19:40:43.615-0500] {logging_mixin.py:150} INFO - [2025-05-25T19:40:43.615-0500] {dagbag.py:541} INFO - Filling up the DagBag from /Users/afsaruddinmohammed/state_analysis/.venv/lib/python3.11/site-packages/airflow/example_dags/example_datasets.py
[2025-05-25T19:40:43.623-0500] {processor.py:836} INFO - DAG(s) dict_keys(['dataset_produces_2', 'dataset_consumes_1_and_2', 'dataset_consumes_1', 'dataset_consumes_unknown_never_scheduled', 'dataset_produces_1', 'dataset_consumes_1_never_scheduled']) retrieved from /Users/afsaruddinmohammed/state_analysis/.venv/lib/python3.11/site-packages/airflow/example_dags/example_datasets.py
[2025-05-25T19:40:43.946-0500] {logging_mixin.py:150} INFO - [2025-05-25T19:40:43.946-0500] {dag.py:2742} INFO - Sync 6 DAGs
[2025-05-25T19:40:43.952-0500] {logging_mixin.py:150} INFO - [2025-05-25T19:40:43.952-0500] {dag.py:3504} INFO - Setting next_dagrun for dataset_consumes_1 to None, run_after=None
[2025-05-25T19:40:43.953-0500] {logging_mixin.py:150} INFO - [2025-05-25T19:40:43.953-0500] {dag.py:3504} INFO - Setting next_dagrun for dataset_consumes_1_and_2 to None, run_after=None
[2025-05-25T19:40:43.953-0500] {logging_mixin.py:150} INFO - [2025-05-25T19:40:43.953-0500] {dag.py:3504} INFO - Setting next_dagrun for dataset_consumes_1_never_scheduled to None, run_after=None
[2025-05-25T19:40:43.953-0500] {logging_mixin.py:150} INFO - [2025-05-25T19:40:43.953-0500] {dag.py:3504} INFO - Setting next_dagrun for dataset_consumes_unknown_never_scheduled to None, run_after=None
[2025-05-25T19:40:43.954-0500] {logging_mixin.py:150} INFO - [2025-05-25T19:40:43.954-0500] {dag.py:3504} INFO - Setting next_dagrun for dataset_produces_1 to 2025-05-25T00:00:00+00:00, run_after=2025-05-26T00:00:00+00:00
[2025-05-25T19:40:43.954-0500] {logging_mixin.py:150} INFO - [2025-05-25T19:40:43.954-0500] {dag.py:3504} INFO - Setting next_dagrun for dataset_produces_2 to None, run_after=None
[2025-05-25T19:40:43.962-0500] {processor.py:179} INFO - Processing /Users/afsaruddinmohammed/state_analysis/.venv/lib/python3.11/site-packages/airflow/example_dags/example_datasets.py took 0.352 seconds
