[2025-05-25T19:34:07.606-0500] {processor.py:157} INFO - Started process (PID=85364) to work on /Users/afsaruddinmohammed/state_analysis/.venv/lib/python3.11/site-packages/airflow/example_dags/example_python_operator.py
[2025-05-25T19:34:07.607-0500] {processor.py:826} INFO - Processing file /Users/afsaruddinmohammed/state_analysis/.venv/lib/python3.11/site-packages/airflow/example_dags/example_python_operator.py for tasks to queue
[2025-05-25T19:34:07.608-0500] {logging_mixin.py:150} INFO - [2025-05-25T19:34:07.608-0500] {dagbag.py:541} INFO - Filling up the DagBag from /Users/afsaruddinmohammed/state_analysis/.venv/lib/python3.11/site-packages/airflow/example_dags/example_python_operator.py
[2025-05-25T19:34:07.636-0500] {logging_mixin.py:150} INFO - [2025-05-25T19:34:07.636-0500] {example_python_operator.py:90} WARNING - The virtalenv_python example task requires virtualenv, please install it.
[2025-05-25T19:34:07.639-0500] {processor.py:836} INFO - DAG(s) dict_keys(['example_python_operator']) retrieved from /Users/afsaruddinmohammed/state_analysis/.venv/lib/python3.11/site-packages/airflow/example_dags/example_python_operator.py
[2025-05-25T19:34:07.909-0500] {logging_mixin.py:150} INFO - [2025-05-25T19:34:07.909-0500] {manager.py:504} INFO - Created Permission View: can edit on DAG:example_python_operator
[2025-05-25T19:34:07.911-0500] {logging_mixin.py:150} INFO - [2025-05-25T19:34:07.911-0500] {manager.py:504} INFO - Created Permission View: can read on DAG:example_python_operator
[2025-05-25T19:34:07.913-0500] {logging_mixin.py:150} INFO - [2025-05-25T19:34:07.913-0500] {manager.py:504} INFO - Created Permission View: can delete on DAG:example_python_operator
[2025-05-25T19:34:07.916-0500] {logging_mixin.py:150} INFO - [2025-05-25T19:34:07.916-0500] {dag.py:2742} INFO - Sync 1 DAGs
[2025-05-25T19:34:07.918-0500] {logging_mixin.py:150} INFO - [2025-05-25T19:34:07.918-0500] {dag.py:2763} INFO - Creating ORM DAG for example_python_operator
[2025-05-25T19:34:07.920-0500] {logging_mixin.py:150} INFO - [2025-05-25T19:34:07.920-0500] {dag.py:3504} INFO - Setting next_dagrun for example_python_operator to None, run_after=None
[2025-05-25T19:34:07.925-0500] {processor.py:179} INFO - Processing /Users/afsaruddinmohammed/state_analysis/.venv/lib/python3.11/site-packages/airflow/example_dags/example_python_operator.py took 0.320 seconds
[2025-05-25T19:35:27.413-0500] {processor.py:157} INFO - Started process (PID=85429) to work on /Users/afsaruddinmohammed/state_analysis/.venv/lib/python3.11/site-packages/airflow/example_dags/example_python_operator.py
[2025-05-25T19:35:27.415-0500] {processor.py:826} INFO - Processing file /Users/afsaruddinmohammed/state_analysis/.venv/lib/python3.11/site-packages/airflow/example_dags/example_python_operator.py for tasks to queue
[2025-05-25T19:35:27.415-0500] {logging_mixin.py:150} INFO - [2025-05-25T19:35:27.415-0500] {dagbag.py:541} INFO - Filling up the DagBag from /Users/afsaruddinmohammed/state_analysis/.venv/lib/python3.11/site-packages/airflow/example_dags/example_python_operator.py
[2025-05-25T19:35:27.443-0500] {logging_mixin.py:150} INFO - [2025-05-25T19:35:27.443-0500] {example_python_operator.py:90} WARNING - The virtalenv_python example task requires virtualenv, please install it.
[2025-05-25T19:35:27.446-0500] {processor.py:836} INFO - DAG(s) dict_keys(['example_python_operator']) retrieved from /Users/afsaruddinmohammed/state_analysis/.venv/lib/python3.11/site-packages/airflow/example_dags/example_python_operator.py
[2025-05-25T19:35:27.694-0500] {logging_mixin.py:150} INFO - [2025-05-25T19:35:27.694-0500] {dag.py:2742} INFO - Sync 1 DAGs
[2025-05-25T19:35:27.699-0500] {logging_mixin.py:150} INFO - [2025-05-25T19:35:27.699-0500] {dag.py:3504} INFO - Setting next_dagrun for example_python_operator to None, run_after=None
[2025-05-25T19:35:27.705-0500] {processor.py:179} INFO - Processing /Users/afsaruddinmohammed/state_analysis/.venv/lib/python3.11/site-packages/airflow/example_dags/example_python_operator.py took 0.292 seconds
[2025-05-25T19:36:57.619-0500] {processor.py:157} INFO - Started process (PID=85495) to work on /Users/afsaruddinmohammed/state_analysis/.venv/lib/python3.11/site-packages/airflow/example_dags/example_python_operator.py
[2025-05-25T19:36:57.621-0500] {processor.py:826} INFO - Processing file /Users/afsaruddinmohammed/state_analysis/.venv/lib/python3.11/site-packages/airflow/example_dags/example_python_operator.py for tasks to queue
[2025-05-25T19:36:57.621-0500] {logging_mixin.py:150} INFO - [2025-05-25T19:36:57.621-0500] {dagbag.py:541} INFO - Filling up the DagBag from /Users/afsaruddinmohammed/state_analysis/.venv/lib/python3.11/site-packages/airflow/example_dags/example_python_operator.py
[2025-05-25T19:36:57.650-0500] {logging_mixin.py:150} INFO - [2025-05-25T19:36:57.650-0500] {example_python_operator.py:90} WARNING - The virtalenv_python example task requires virtualenv, please install it.
[2025-05-25T19:36:57.653-0500] {processor.py:836} INFO - DAG(s) dict_keys(['example_python_operator']) retrieved from /Users/afsaruddinmohammed/state_analysis/.venv/lib/python3.11/site-packages/airflow/example_dags/example_python_operator.py
[2025-05-25T19:36:57.912-0500] {logging_mixin.py:150} INFO - [2025-05-25T19:36:57.912-0500] {dag.py:2742} INFO - Sync 1 DAGs
[2025-05-25T19:36:57.917-0500] {logging_mixin.py:150} INFO - [2025-05-25T19:36:57.917-0500] {dag.py:3504} INFO - Setting next_dagrun for example_python_operator to None, run_after=None
[2025-05-25T19:36:57.923-0500] {processor.py:179} INFO - Processing /Users/afsaruddinmohammed/state_analysis/.venv/lib/python3.11/site-packages/airflow/example_dags/example_python_operator.py took 0.304 seconds
[2025-05-25T19:38:30.408-0500] {processor.py:157} INFO - Started process (PID=85582) to work on /Users/afsaruddinmohammed/state_analysis/.venv/lib/python3.11/site-packages/airflow/example_dags/example_python_operator.py
[2025-05-25T19:38:30.410-0500] {processor.py:826} INFO - Processing file /Users/afsaruddinmohammed/state_analysis/.venv/lib/python3.11/site-packages/airflow/example_dags/example_python_operator.py for tasks to queue
[2025-05-25T19:38:30.410-0500] {logging_mixin.py:150} INFO - [2025-05-25T19:38:30.410-0500] {dagbag.py:541} INFO - Filling up the DagBag from /Users/afsaruddinmohammed/state_analysis/.venv/lib/python3.11/site-packages/airflow/example_dags/example_python_operator.py
[2025-05-25T19:38:30.438-0500] {logging_mixin.py:150} INFO - [2025-05-25T19:38:30.438-0500] {example_python_operator.py:90} WARNING - The virtalenv_python example task requires virtualenv, please install it.
[2025-05-25T19:38:30.440-0500] {processor.py:836} INFO - DAG(s) dict_keys(['example_python_operator']) retrieved from /Users/afsaruddinmohammed/state_analysis/.venv/lib/python3.11/site-packages/airflow/example_dags/example_python_operator.py
[2025-05-25T19:38:30.692-0500] {logging_mixin.py:150} INFO - [2025-05-25T19:38:30.691-0500] {dag.py:2742} INFO - Sync 1 DAGs
[2025-05-25T19:38:30.696-0500] {logging_mixin.py:150} INFO - [2025-05-25T19:38:30.696-0500] {dag.py:3504} INFO - Setting next_dagrun for example_python_operator to None, run_after=None
[2025-05-25T19:38:30.702-0500] {processor.py:179} INFO - Processing /Users/afsaruddinmohammed/state_analysis/.venv/lib/python3.11/site-packages/airflow/example_dags/example_python_operator.py took 0.294 seconds
[2025-05-25T19:40:04.880-0500] {processor.py:157} INFO - Started process (PID=85649) to work on /Users/afsaruddinmohammed/state_analysis/.venv/lib/python3.11/site-packages/airflow/example_dags/example_python_operator.py
[2025-05-25T19:40:04.882-0500] {processor.py:826} INFO - Processing file /Users/afsaruddinmohammed/state_analysis/.venv/lib/python3.11/site-packages/airflow/example_dags/example_python_operator.py for tasks to queue
[2025-05-25T19:40:04.882-0500] {logging_mixin.py:150} INFO - [2025-05-25T19:40:04.882-0500] {dagbag.py:541} INFO - Filling up the DagBag from /Users/afsaruddinmohammed/state_analysis/.venv/lib/python3.11/site-packages/airflow/example_dags/example_python_operator.py
[2025-05-25T19:40:04.911-0500] {logging_mixin.py:150} INFO - [2025-05-25T19:40:04.911-0500] {example_python_operator.py:90} WARNING - The virtalenv_python example task requires virtualenv, please install it.
[2025-05-25T19:40:04.914-0500] {processor.py:836} INFO - DAG(s) dict_keys(['example_python_operator']) retrieved from /Users/afsaruddinmohammed/state_analysis/.venv/lib/python3.11/site-packages/airflow/example_dags/example_python_operator.py
[2025-05-25T19:40:05.174-0500] {logging_mixin.py:150} INFO - [2025-05-25T19:40:05.174-0500] {dag.py:2742} INFO - Sync 1 DAGs
[2025-05-25T19:40:05.179-0500] {logging_mixin.py:150} INFO - [2025-05-25T19:40:05.179-0500] {dag.py:3504} INFO - Setting next_dagrun for example_python_operator to None, run_after=None
[2025-05-25T19:40:05.185-0500] {processor.py:179} INFO - Processing /Users/afsaruddinmohammed/state_analysis/.venv/lib/python3.11/site-packages/airflow/example_dags/example_python_operator.py took 0.305 seconds
[2025-05-25T19:41:41.101-0500] {processor.py:157} INFO - Started process (PID=85723) to work on /Users/afsaruddinmohammed/state_analysis/.venv/lib/python3.11/site-packages/airflow/example_dags/example_python_operator.py
[2025-05-25T19:41:41.103-0500] {processor.py:826} INFO - Processing file /Users/afsaruddinmohammed/state_analysis/.venv/lib/python3.11/site-packages/airflow/example_dags/example_python_operator.py for tasks to queue
[2025-05-25T19:41:41.103-0500] {logging_mixin.py:150} INFO - [2025-05-25T19:41:41.103-0500] {dagbag.py:541} INFO - Filling up the DagBag from /Users/afsaruddinmohammed/state_analysis/.venv/lib/python3.11/site-packages/airflow/example_dags/example_python_operator.py
[2025-05-25T19:41:41.131-0500] {logging_mixin.py:150} INFO - [2025-05-25T19:41:41.131-0500] {example_python_operator.py:90} WARNING - The virtalenv_python example task requires virtualenv, please install it.
[2025-05-25T19:41:41.134-0500] {processor.py:836} INFO - DAG(s) dict_keys(['example_python_operator']) retrieved from /Users/afsaruddinmohammed/state_analysis/.venv/lib/python3.11/site-packages/airflow/example_dags/example_python_operator.py
[2025-05-25T19:41:41.384-0500] {logging_mixin.py:150} INFO - [2025-05-25T19:41:41.383-0500] {dag.py:2742} INFO - Sync 1 DAGs
[2025-05-25T19:41:41.388-0500] {logging_mixin.py:150} INFO - [2025-05-25T19:41:41.388-0500] {dag.py:3504} INFO - Setting next_dagrun for example_python_operator to None, run_after=None
[2025-05-25T19:41:41.394-0500] {processor.py:179} INFO - Processing /Users/afsaruddinmohammed/state_analysis/.venv/lib/python3.11/site-packages/airflow/example_dags/example_python_operator.py took 0.294 seconds
