[2025-05-25T19:34:36.579-0500] {processor.py:157} INFO - Started process (PID=85397) to work on /Users/afsaruddinmohammed/state_analysis/.venv/lib/python3.11/site-packages/airflow/example_dags/example_branch_operator_decorator.py
[2025-05-25T19:34:36.580-0500] {processor.py:826} INFO - Processing file /Users/afsaruddinmohammed/state_analysis/.venv/lib/python3.11/site-packages/airflow/example_dags/example_branch_operator_decorator.py for tasks to queue
[2025-05-25T19:34:36.580-0500] {logging_mixin.py:150} INFO - [2025-05-25T19:34:36.580-0500] {dagbag.py:541} INFO - Filling up the DagBag from /Users/afsaruddinmohammed/state_analysis/.venv/lib/python3.11/site-packages/airflow/example_dags/example_branch_operator_decorator.py
[2025-05-25T19:34:36.619-0500] {processor.py:836} INFO - DAG(s) dict_keys(['example_branch_python_operator_decorator']) retrieved from /Users/afsaruddinmohammed/state_analysis/.venv/lib/python3.11/site-packages/airflow/example_dags/example_branch_operator_decorator.py
[2025-05-25T19:34:36.917-0500] {logging_mixin.py:150} INFO - [2025-05-25T19:34:36.916-0500] {manager.py:504} INFO - Created Permission View: can edit on DAG:example_branch_python_operator_decorator
[2025-05-25T19:34:36.919-0500] {logging_mixin.py:150} INFO - [2025-05-25T19:34:36.919-0500] {manager.py:504} INFO - Created Permission View: can read on DAG:example_branch_python_operator_decorator
[2025-05-25T19:34:36.921-0500] {logging_mixin.py:150} INFO - [2025-05-25T19:34:36.921-0500] {manager.py:504} INFO - Created Permission View: can delete on DAG:example_branch_python_operator_decorator
[2025-05-25T19:34:36.923-0500] {logging_mixin.py:150} INFO - [2025-05-25T19:34:36.923-0500] {dag.py:2742} INFO - Sync 1 DAGs
[2025-05-25T19:34:36.926-0500] {logging_mixin.py:150} INFO - [2025-05-25T19:34:36.926-0500] {dag.py:2763} INFO - Creating ORM DAG for example_branch_python_operator_decorator
[2025-05-25T19:34:36.928-0500] {logging_mixin.py:150} INFO - [2025-05-25T19:34:36.928-0500] {dag.py:3504} INFO - Setting next_dagrun for example_branch_python_operator_decorator to 2025-05-25T00:00:00+00:00, run_after=2025-05-26T00:00:00+00:00
[2025-05-25T19:34:36.933-0500] {processor.py:179} INFO - Processing /Users/afsaruddinmohammed/state_analysis/.venv/lib/python3.11/site-packages/airflow/example_dags/example_branch_operator_decorator.py took 0.355 seconds
[2025-05-25T19:36:11.177-0500] {processor.py:157} INFO - Started process (PID=85462) to work on /Users/afsaruddinmohammed/state_analysis/.venv/lib/python3.11/site-packages/airflow/example_dags/example_branch_operator_decorator.py
[2025-05-25T19:36:11.179-0500] {processor.py:826} INFO - Processing file /Users/afsaruddinmohammed/state_analysis/.venv/lib/python3.11/site-packages/airflow/example_dags/example_branch_operator_decorator.py for tasks to queue
[2025-05-25T19:36:11.179-0500] {logging_mixin.py:150} INFO - [2025-05-25T19:36:11.179-0500] {dagbag.py:541} INFO - Filling up the DagBag from /Users/afsaruddinmohammed/state_analysis/.venv/lib/python3.11/site-packages/airflow/example_dags/example_branch_operator_decorator.py
[2025-05-25T19:36:11.209-0500] {processor.py:836} INFO - DAG(s) dict_keys(['example_branch_python_operator_decorator']) retrieved from /Users/afsaruddinmohammed/state_analysis/.venv/lib/python3.11/site-packages/airflow/example_dags/example_branch_operator_decorator.py
[2025-05-25T19:36:11.459-0500] {logging_mixin.py:150} INFO - [2025-05-25T19:36:11.459-0500] {dag.py:2742} INFO - Sync 1 DAGs
[2025-05-25T19:36:11.464-0500] {logging_mixin.py:150} INFO - [2025-05-25T19:36:11.464-0500] {dag.py:3504} INFO - Setting next_dagrun for example_branch_python_operator_decorator to 2025-05-25T00:00:00+00:00, run_after=2025-05-26T00:00:00+00:00
[2025-05-25T19:36:11.470-0500] {processor.py:179} INFO - Processing /Users/afsaruddinmohammed/state_analysis/.venv/lib/python3.11/site-packages/airflow/example_dags/example_branch_operator_decorator.py took 0.293 seconds
[2025-05-25T19:37:41.404-0500] {processor.py:157} INFO - Started process (PID=85537) to work on /Users/afsaruddinmohammed/state_analysis/.venv/lib/python3.11/site-packages/airflow/example_dags/example_branch_operator_decorator.py
[2025-05-25T19:37:41.406-0500] {processor.py:826} INFO - Processing file /Users/afsaruddinmohammed/state_analysis/.venv/lib/python3.11/site-packages/airflow/example_dags/example_branch_operator_decorator.py for tasks to queue
[2025-05-25T19:37:41.406-0500] {logging_mixin.py:150} INFO - [2025-05-25T19:37:41.406-0500] {dagbag.py:541} INFO - Filling up the DagBag from /Users/afsaruddinmohammed/state_analysis/.venv/lib/python3.11/site-packages/airflow/example_dags/example_branch_operator_decorator.py
[2025-05-25T19:37:41.437-0500] {processor.py:836} INFO - DAG(s) dict_keys(['example_branch_python_operator_decorator']) retrieved from /Users/afsaruddinmohammed/state_analysis/.venv/lib/python3.11/site-packages/airflow/example_dags/example_branch_operator_decorator.py
[2025-05-25T19:37:41.699-0500] {logging_mixin.py:150} INFO - [2025-05-25T19:37:41.699-0500] {dag.py:2742} INFO - Sync 1 DAGs
[2025-05-25T19:37:41.705-0500] {logging_mixin.py:150} INFO - [2025-05-25T19:37:41.705-0500] {dag.py:3504} INFO - Setting next_dagrun for example_branch_python_operator_decorator to 2025-05-25T00:00:00+00:00, run_after=2025-05-26T00:00:00+00:00
[2025-05-25T19:37:41.711-0500] {processor.py:179} INFO - Processing /Users/afsaruddinmohammed/state_analysis/.venv/lib/python3.11/site-packages/airflow/example_dags/example_branch_operator_decorator.py took 0.307 seconds
[2025-05-25T19:39:19.506-0500] {processor.py:157} INFO - Started process (PID=85619) to work on /Users/afsaruddinmohammed/state_analysis/.venv/lib/python3.11/site-packages/airflow/example_dags/example_branch_operator_decorator.py
[2025-05-25T19:39:19.510-0500] {processor.py:826} INFO - Processing file /Users/afsaruddinmohammed/state_analysis/.venv/lib/python3.11/site-packages/airflow/example_dags/example_branch_operator_decorator.py for tasks to queue
[2025-05-25T19:39:19.510-0500] {logging_mixin.py:150} INFO - [2025-05-25T19:39:19.510-0500] {dagbag.py:541} INFO - Filling up the DagBag from /Users/afsaruddinmohammed/state_analysis/.venv/lib/python3.11/site-packages/airflow/example_dags/example_branch_operator_decorator.py
[2025-05-25T19:39:19.541-0500] {processor.py:836} INFO - DAG(s) dict_keys(['example_branch_python_operator_decorator']) retrieved from /Users/afsaruddinmohammed/state_analysis/.venv/lib/python3.11/site-packages/airflow/example_dags/example_branch_operator_decorator.py
[2025-05-25T19:39:19.797-0500] {logging_mixin.py:150} INFO - [2025-05-25T19:39:19.797-0500] {dag.py:2742} INFO - Sync 1 DAGs
[2025-05-25T19:39:19.802-0500] {logging_mixin.py:150} INFO - [2025-05-25T19:39:19.802-0500] {dag.py:3504} INFO - Setting next_dagrun for example_branch_python_operator_decorator to 2025-05-25T00:00:00+00:00, run_after=2025-05-26T00:00:00+00:00
[2025-05-25T19:39:19.808-0500] {processor.py:179} INFO - Processing /Users/afsaruddinmohammed/state_analysis/.venv/lib/python3.11/site-packages/airflow/example_dags/example_branch_operator_decorator.py took 0.302 seconds
[2025-05-25T19:40:50.878-0500] {processor.py:157} INFO - Started process (PID=85678) to work on /Users/afsaruddinmohammed/state_analysis/.venv/lib/python3.11/site-packages/airflow/example_dags/example_branch_operator_decorator.py
[2025-05-25T19:40:50.882-0500] {processor.py:826} INFO - Processing file /Users/afsaruddinmohammed/state_analysis/.venv/lib/python3.11/site-packages/airflow/example_dags/example_branch_operator_decorator.py for tasks to queue
[2025-05-25T19:40:50.882-0500] {logging_mixin.py:150} INFO - [2025-05-25T19:40:50.882-0500] {dagbag.py:541} INFO - Filling up the DagBag from /Users/afsaruddinmohammed/state_analysis/.venv/lib/python3.11/site-packages/airflow/example_dags/example_branch_operator_decorator.py
[2025-05-25T19:40:50.913-0500] {processor.py:836} INFO - DAG(s) dict_keys(['example_branch_python_operator_decorator']) retrieved from /Users/afsaruddinmohammed/state_analysis/.venv/lib/python3.11/site-packages/airflow/example_dags/example_branch_operator_decorator.py
[2025-05-25T19:40:51.173-0500] {logging_mixin.py:150} INFO - [2025-05-25T19:40:51.173-0500] {dag.py:2742} INFO - Sync 1 DAGs
[2025-05-25T19:40:51.178-0500] {logging_mixin.py:150} INFO - [2025-05-25T19:40:51.178-0500] {dag.py:3504} INFO - Setting next_dagrun for example_branch_python_operator_decorator to 2025-05-25T00:00:00+00:00, run_after=2025-05-26T00:00:00+00:00
[2025-05-25T19:40:51.184-0500] {processor.py:179} INFO - Processing /Users/afsaruddinmohammed/state_analysis/.venv/lib/python3.11/site-packages/airflow/example_dags/example_branch_operator_decorator.py took 0.306 seconds
