[2025-05-25T19:34:45.636-0500] {processor.py:157} INFO - Started process (PID=85403) to work on /Users/afsaruddinmohammed/state_analysis/.venv/lib/python3.11/site-packages/airflow/example_dags/example_bash_operator.py
[2025-05-25T19:34:45.637-0500] {processor.py:826} INFO - Processing file /Users/afsaruddinmohammed/state_analysis/.venv/lib/python3.11/site-packages/airflow/example_dags/example_bash_operator.py for tasks to queue
[2025-05-25T19:34:45.637-0500] {logging_mixin.py:150} INFO - [2025-05-25T19:34:45.637-0500] {dagbag.py:541} INFO - Filling up the DagBag from /Users/afsaruddinmohammed/state_analysis/.venv/lib/python3.11/site-packages/airflow/example_dags/example_bash_operator.py
[2025-05-25T19:34:45.674-0500] {processor.py:836} INFO - DAG(s) dict_keys(['example_bash_operator']) retrieved from /Users/afsaruddinmohammed/state_analysis/.venv/lib/python3.11/site-packages/airflow/example_dags/example_bash_operator.py
[2025-05-25T19:34:45.945-0500] {logging_mixin.py:150} INFO - [2025-05-25T19:34:45.945-0500] {manager.py:504} INFO - Created Permission View: can edit on DAG:example_bash_operator
[2025-05-25T19:34:45.948-0500] {logging_mixin.py:150} INFO - [2025-05-25T19:34:45.948-0500] {manager.py:504} INFO - Created Permission View: can read on DAG:example_bash_operator
[2025-05-25T19:34:45.949-0500] {logging_mixin.py:150} INFO - [2025-05-25T19:34:45.949-0500] {manager.py:504} INFO - Created Permission View: can delete on DAG:example_bash_operator
[2025-05-25T19:34:45.953-0500] {logging_mixin.py:150} INFO - [2025-05-25T19:34:45.953-0500] {dag.py:2742} INFO - Sync 1 DAGs
[2025-05-25T19:34:45.955-0500] {logging_mixin.py:150} INFO - [2025-05-25T19:34:45.955-0500] {dag.py:2763} INFO - Creating ORM DAG for example_bash_operator
[2025-05-25T19:34:45.958-0500] {logging_mixin.py:150} INFO - [2025-05-25T19:34:45.958-0500] {dag.py:3504} INFO - Setting next_dagrun for example_bash_operator to 2025-05-25T00:00:00+00:00, run_after=2025-05-26T00:00:00+00:00
[2025-05-25T19:34:45.963-0500] {processor.py:179} INFO - Processing /Users/afsaruddinmohammed/state_analysis/.venv/lib/python3.11/site-packages/airflow/example_dags/example_bash_operator.py took 0.328 seconds
[2025-05-25T19:36:19.368-0500] {processor.py:157} INFO - Started process (PID=85467) to work on /Users/afsaruddinmohammed/state_analysis/.venv/lib/python3.11/site-packages/airflow/example_dags/example_bash_operator.py
[2025-05-25T19:36:19.370-0500] {processor.py:826} INFO - Processing file /Users/afsaruddinmohammed/state_analysis/.venv/lib/python3.11/site-packages/airflow/example_dags/example_bash_operator.py for tasks to queue
[2025-05-25T19:36:19.371-0500] {logging_mixin.py:150} INFO - [2025-05-25T19:36:19.371-0500] {dagbag.py:541} INFO - Filling up the DagBag from /Users/afsaruddinmohammed/state_analysis/.venv/lib/python3.11/site-packages/airflow/example_dags/example_bash_operator.py
[2025-05-25T19:36:19.409-0500] {processor.py:836} INFO - DAG(s) dict_keys(['example_bash_operator']) retrieved from /Users/afsaruddinmohammed/state_analysis/.venv/lib/python3.11/site-packages/airflow/example_dags/example_bash_operator.py
[2025-05-25T19:36:19.656-0500] {logging_mixin.py:150} INFO - [2025-05-25T19:36:19.655-0500] {dag.py:2742} INFO - Sync 1 DAGs
[2025-05-25T19:36:19.661-0500] {logging_mixin.py:150} INFO - [2025-05-25T19:36:19.661-0500] {dag.py:3504} INFO - Setting next_dagrun for example_bash_operator to 2025-05-25T00:00:00+00:00, run_after=2025-05-26T00:00:00+00:00
[2025-05-25T19:36:19.667-0500] {processor.py:179} INFO - Processing /Users/afsaruddinmohammed/state_analysis/.venv/lib/python3.11/site-packages/airflow/example_dags/example_bash_operator.py took 0.299 seconds
[2025-05-25T19:37:49.005-0500] {processor.py:157} INFO - Started process (PID=85542) to work on /Users/afsaruddinmohammed/state_analysis/.venv/lib/python3.11/site-packages/airflow/example_dags/example_bash_operator.py
[2025-05-25T19:37:49.007-0500] {processor.py:826} INFO - Processing file /Users/afsaruddinmohammed/state_analysis/.venv/lib/python3.11/site-packages/airflow/example_dags/example_bash_operator.py for tasks to queue
[2025-05-25T19:37:49.008-0500] {logging_mixin.py:150} INFO - [2025-05-25T19:37:49.008-0500] {dagbag.py:541} INFO - Filling up the DagBag from /Users/afsaruddinmohammed/state_analysis/.venv/lib/python3.11/site-packages/airflow/example_dags/example_bash_operator.py
[2025-05-25T19:37:49.042-0500] {processor.py:836} INFO - DAG(s) dict_keys(['example_bash_operator']) retrieved from /Users/afsaruddinmohammed/state_analysis/.venv/lib/python3.11/site-packages/airflow/example_dags/example_bash_operator.py
[2025-05-25T19:37:49.282-0500] {logging_mixin.py:150} INFO - [2025-05-25T19:37:49.282-0500] {dag.py:2742} INFO - Sync 1 DAGs
[2025-05-25T19:37:49.288-0500] {logging_mixin.py:150} INFO - [2025-05-25T19:37:49.288-0500] {dag.py:3504} INFO - Setting next_dagrun for example_bash_operator to 2025-05-25T00:00:00+00:00, run_after=2025-05-26T00:00:00+00:00
[2025-05-25T19:37:49.294-0500] {processor.py:179} INFO - Processing /Users/afsaruddinmohammed/state_analysis/.venv/lib/python3.11/site-packages/airflow/example_dags/example_bash_operator.py took 0.289 seconds
[2025-05-25T19:39:27.425-0500] {processor.py:157} INFO - Started process (PID=85624) to work on /Users/afsaruddinmohammed/state_analysis/.venv/lib/python3.11/site-packages/airflow/example_dags/example_bash_operator.py
[2025-05-25T19:39:27.427-0500] {processor.py:826} INFO - Processing file /Users/afsaruddinmohammed/state_analysis/.venv/lib/python3.11/site-packages/airflow/example_dags/example_bash_operator.py for tasks to queue
[2025-05-25T19:39:27.427-0500] {logging_mixin.py:150} INFO - [2025-05-25T19:39:27.427-0500] {dagbag.py:541} INFO - Filling up the DagBag from /Users/afsaruddinmohammed/state_analysis/.venv/lib/python3.11/site-packages/airflow/example_dags/example_bash_operator.py
[2025-05-25T19:39:27.462-0500] {processor.py:836} INFO - DAG(s) dict_keys(['example_bash_operator']) retrieved from /Users/afsaruddinmohammed/state_analysis/.venv/lib/python3.11/site-packages/airflow/example_dags/example_bash_operator.py
[2025-05-25T19:39:27.707-0500] {logging_mixin.py:150} INFO - [2025-05-25T19:39:27.707-0500] {dag.py:2742} INFO - Sync 1 DAGs
[2025-05-25T19:39:27.713-0500] {logging_mixin.py:150} INFO - [2025-05-25T19:39:27.713-0500] {dag.py:3504} INFO - Setting next_dagrun for example_bash_operator to 2025-05-25T00:00:00+00:00, run_after=2025-05-26T00:00:00+00:00
[2025-05-25T19:39:27.719-0500] {processor.py:179} INFO - Processing /Users/afsaruddinmohammed/state_analysis/.venv/lib/python3.11/site-packages/airflow/example_dags/example_bash_operator.py took 0.295 seconds
[2025-05-25T19:40:58.535-0500] {processor.py:157} INFO - Started process (PID=85684) to work on /Users/afsaruddinmohammed/state_analysis/.venv/lib/python3.11/site-packages/airflow/example_dags/example_bash_operator.py
[2025-05-25T19:40:58.537-0500] {processor.py:826} INFO - Processing file /Users/afsaruddinmohammed/state_analysis/.venv/lib/python3.11/site-packages/airflow/example_dags/example_bash_operator.py for tasks to queue
[2025-05-25T19:40:58.537-0500] {logging_mixin.py:150} INFO - [2025-05-25T19:40:58.537-0500] {dagbag.py:541} INFO - Filling up the DagBag from /Users/afsaruddinmohammed/state_analysis/.venv/lib/python3.11/site-packages/airflow/example_dags/example_bash_operator.py
[2025-05-25T19:40:58.573-0500] {processor.py:836} INFO - DAG(s) dict_keys(['example_bash_operator']) retrieved from /Users/afsaruddinmohammed/state_analysis/.venv/lib/python3.11/site-packages/airflow/example_dags/example_bash_operator.py
[2025-05-25T19:40:58.822-0500] {logging_mixin.py:150} INFO - [2025-05-25T19:40:58.822-0500] {dag.py:2742} INFO - Sync 1 DAGs
[2025-05-25T19:40:58.828-0500] {logging_mixin.py:150} INFO - [2025-05-25T19:40:58.828-0500] {dag.py:3504} INFO - Setting next_dagrun for example_bash_operator to 2025-05-25T00:00:00+00:00, run_after=2025-05-26T00:00:00+00:00
[2025-05-25T19:40:58.834-0500] {processor.py:179} INFO - Processing /Users/afsaruddinmohammed/state_analysis/.venv/lib/python3.11/site-packages/airflow/example_dags/example_bash_operator.py took 0.299 seconds
