[2025-05-25T19:34:13.141-0500] {processor.py:157} INFO - Started process (PID=85367) to work on /Users/afsaruddinmohammed/state_analysis/.venv/lib/python3.11/site-packages/airflow/example_dags/example_params_trigger_ui.py
[2025-05-25T19:34:13.142-0500] {processor.py:826} INFO - Processing file /Users/afsaruddinmohammed/state_analysis/.venv/lib/python3.11/site-packages/airflow/example_dags/example_params_trigger_ui.py for tasks to queue
[2025-05-25T19:34:13.142-0500] {logging_mixin.py:150} INFO - [2025-05-25T19:34:13.142-0500] {dagbag.py:541} INFO - Filling up the DagBag from /Users/afsaruddinmohammed/state_analysis/.venv/lib/python3.11/site-packages/airflow/example_dags/example_params_trigger_ui.py
[2025-05-25T19:34:13.188-0500] {processor.py:836} INFO - DAG(s) dict_keys(['example_params_trigger_ui']) retrieved from /Users/afsaruddinmohammed/state_analysis/.venv/lib/python3.11/site-packages/airflow/example_dags/example_params_trigger_ui.py
[2025-05-25T19:34:13.458-0500] {logging_mixin.py:150} INFO - [2025-05-25T19:34:13.458-0500] {manager.py:504} INFO - Created Permission View: can edit on DAG:example_params_trigger_ui
[2025-05-25T19:34:13.461-0500] {logging_mixin.py:150} INFO - [2025-05-25T19:34:13.461-0500] {manager.py:504} INFO - Created Permission View: can read on DAG:example_params_trigger_ui
[2025-05-25T19:34:13.462-0500] {logging_mixin.py:150} INFO - [2025-05-25T19:34:13.462-0500] {manager.py:504} INFO - Created Permission View: can delete on DAG:example_params_trigger_ui
[2025-05-25T19:34:13.465-0500] {logging_mixin.py:150} INFO - [2025-05-25T19:34:13.465-0500] {dag.py:2742} INFO - Sync 1 DAGs
[2025-05-25T19:34:13.468-0500] {logging_mixin.py:150} INFO - [2025-05-25T19:34:13.468-0500] {dag.py:2763} INFO - Creating ORM DAG for example_params_trigger_ui
[2025-05-25T19:34:13.471-0500] {logging_mixin.py:150} INFO - [2025-05-25T19:34:13.471-0500] {dag.py:3504} INFO - Setting next_dagrun for example_params_trigger_ui to None, run_after=None
[2025-05-25T19:34:13.477-0500] {processor.py:179} INFO - Processing /Users/afsaruddinmohammed/state_analysis/.venv/lib/python3.11/site-packages/airflow/example_dags/example_params_trigger_ui.py took 0.336 seconds
[2025-05-25T19:35:32.208-0500] {processor.py:157} INFO - Started process (PID=85433) to work on /Users/afsaruddinmohammed/state_analysis/.venv/lib/python3.11/site-packages/airflow/example_dags/example_params_trigger_ui.py
[2025-05-25T19:35:32.210-0500] {processor.py:826} INFO - Processing file /Users/afsaruddinmohammed/state_analysis/.venv/lib/python3.11/site-packages/airflow/example_dags/example_params_trigger_ui.py for tasks to queue
[2025-05-25T19:35:32.210-0500] {logging_mixin.py:150} INFO - [2025-05-25T19:35:32.210-0500] {dagbag.py:541} INFO - Filling up the DagBag from /Users/afsaruddinmohammed/state_analysis/.venv/lib/python3.11/site-packages/airflow/example_dags/example_params_trigger_ui.py
[2025-05-25T19:35:32.289-0500] {processor.py:836} INFO - DAG(s) dict_keys(['example_params_trigger_ui']) retrieved from /Users/afsaruddinmohammed/state_analysis/.venv/lib/python3.11/site-packages/airflow/example_dags/example_params_trigger_ui.py
[2025-05-25T19:35:32.674-0500] {logging_mixin.py:150} INFO - [2025-05-25T19:35:32.674-0500] {dag.py:2742} INFO - Sync 1 DAGs
[2025-05-25T19:35:32.680-0500] {logging_mixin.py:150} INFO - [2025-05-25T19:35:32.680-0500] {dag.py:3504} INFO - Setting next_dagrun for example_params_trigger_ui to None, run_after=None
[2025-05-25T19:35:32.689-0500] {processor.py:179} INFO - Processing /Users/afsaruddinmohammed/state_analysis/.venv/lib/python3.11/site-packages/airflow/example_dags/example_params_trigger_ui.py took 0.482 seconds
[2025-05-25T19:37:02.262-0500] {processor.py:157} INFO - Started process (PID=85501) to work on /Users/afsaruddinmohammed/state_analysis/.venv/lib/python3.11/site-packages/airflow/example_dags/example_params_trigger_ui.py
[2025-05-25T19:37:02.264-0500] {processor.py:826} INFO - Processing file /Users/afsaruddinmohammed/state_analysis/.venv/lib/python3.11/site-packages/airflow/example_dags/example_params_trigger_ui.py for tasks to queue
[2025-05-25T19:37:02.264-0500] {logging_mixin.py:150} INFO - [2025-05-25T19:37:02.264-0500] {dagbag.py:541} INFO - Filling up the DagBag from /Users/afsaruddinmohammed/state_analysis/.venv/lib/python3.11/site-packages/airflow/example_dags/example_params_trigger_ui.py
[2025-05-25T19:37:02.311-0500] {processor.py:836} INFO - DAG(s) dict_keys(['example_params_trigger_ui']) retrieved from /Users/afsaruddinmohammed/state_analysis/.venv/lib/python3.11/site-packages/airflow/example_dags/example_params_trigger_ui.py
[2025-05-25T19:37:02.559-0500] {logging_mixin.py:150} INFO - [2025-05-25T19:37:02.559-0500] {dag.py:2742} INFO - Sync 1 DAGs
[2025-05-25T19:37:02.564-0500] {logging_mixin.py:150} INFO - [2025-05-25T19:37:02.564-0500] {dag.py:3504} INFO - Setting next_dagrun for example_params_trigger_ui to None, run_after=None
[2025-05-25T19:37:02.570-0500] {processor.py:179} INFO - Processing /Users/afsaruddinmohammed/state_analysis/.venv/lib/python3.11/site-packages/airflow/example_dags/example_params_trigger_ui.py took 0.308 seconds
[2025-05-25T19:38:35.777-0500] {processor.py:157} INFO - Started process (PID=85585) to work on /Users/afsaruddinmohammed/state_analysis/.venv/lib/python3.11/site-packages/airflow/example_dags/example_params_trigger_ui.py
[2025-05-25T19:38:35.779-0500] {processor.py:826} INFO - Processing file /Users/afsaruddinmohammed/state_analysis/.venv/lib/python3.11/site-packages/airflow/example_dags/example_params_trigger_ui.py for tasks to queue
[2025-05-25T19:38:35.779-0500] {logging_mixin.py:150} INFO - [2025-05-25T19:38:35.779-0500] {dagbag.py:541} INFO - Filling up the DagBag from /Users/afsaruddinmohammed/state_analysis/.venv/lib/python3.11/site-packages/airflow/example_dags/example_params_trigger_ui.py
[2025-05-25T19:38:35.827-0500] {processor.py:836} INFO - DAG(s) dict_keys(['example_params_trigger_ui']) retrieved from /Users/afsaruddinmohammed/state_analysis/.venv/lib/python3.11/site-packages/airflow/example_dags/example_params_trigger_ui.py
[2025-05-25T19:38:36.078-0500] {logging_mixin.py:150} INFO - [2025-05-25T19:38:36.078-0500] {dag.py:2742} INFO - Sync 1 DAGs
[2025-05-25T19:38:36.083-0500] {logging_mixin.py:150} INFO - [2025-05-25T19:38:36.083-0500] {dag.py:3504} INFO - Setting next_dagrun for example_params_trigger_ui to None, run_after=None
[2025-05-25T19:38:36.089-0500] {processor.py:179} INFO - Processing /Users/afsaruddinmohammed/state_analysis/.venv/lib/python3.11/site-packages/airflow/example_dags/example_params_trigger_ui.py took 0.312 seconds
[2025-05-25T19:40:09.580-0500] {processor.py:157} INFO - Started process (PID=85652) to work on /Users/afsaruddinmohammed/state_analysis/.venv/lib/python3.11/site-packages/airflow/example_dags/example_params_trigger_ui.py
[2025-05-25T19:40:09.585-0500] {processor.py:826} INFO - Processing file /Users/afsaruddinmohammed/state_analysis/.venv/lib/python3.11/site-packages/airflow/example_dags/example_params_trigger_ui.py for tasks to queue
[2025-05-25T19:40:09.585-0500] {logging_mixin.py:150} INFO - [2025-05-25T19:40:09.585-0500] {dagbag.py:541} INFO - Filling up the DagBag from /Users/afsaruddinmohammed/state_analysis/.venv/lib/python3.11/site-packages/airflow/example_dags/example_params_trigger_ui.py
[2025-05-25T19:40:09.641-0500] {processor.py:836} INFO - DAG(s) dict_keys(['example_params_trigger_ui']) retrieved from /Users/afsaruddinmohammed/state_analysis/.venv/lib/python3.11/site-packages/airflow/example_dags/example_params_trigger_ui.py
[2025-05-25T19:40:09.922-0500] {logging_mixin.py:150} INFO - [2025-05-25T19:40:09.922-0500] {dag.py:2742} INFO - Sync 1 DAGs
[2025-05-25T19:40:09.927-0500] {logging_mixin.py:150} INFO - [2025-05-25T19:40:09.927-0500] {dag.py:3504} INFO - Setting next_dagrun for example_params_trigger_ui to None, run_after=None
[2025-05-25T19:40:09.933-0500] {processor.py:179} INFO - Processing /Users/afsaruddinmohammed/state_analysis/.venv/lib/python3.11/site-packages/airflow/example_dags/example_params_trigger_ui.py took 0.355 seconds
[2025-05-25T19:41:46.490-0500] {processor.py:157} INFO - Started process (PID=85727) to work on /Users/afsaruddinmohammed/state_analysis/.venv/lib/python3.11/site-packages/airflow/example_dags/example_params_trigger_ui.py
[2025-05-25T19:41:46.492-0500] {processor.py:826} INFO - Processing file /Users/afsaruddinmohammed/state_analysis/.venv/lib/python3.11/site-packages/airflow/example_dags/example_params_trigger_ui.py for tasks to queue
[2025-05-25T19:41:46.492-0500] {logging_mixin.py:150} INFO - [2025-05-25T19:41:46.492-0500] {dagbag.py:541} INFO - Filling up the DagBag from /Users/afsaruddinmohammed/state_analysis/.venv/lib/python3.11/site-packages/airflow/example_dags/example_params_trigger_ui.py
[2025-05-25T19:41:46.540-0500] {processor.py:836} INFO - DAG(s) dict_keys(['example_params_trigger_ui']) retrieved from /Users/afsaruddinmohammed/state_analysis/.venv/lib/python3.11/site-packages/airflow/example_dags/example_params_trigger_ui.py
[2025-05-25T19:41:46.791-0500] {logging_mixin.py:150} INFO - [2025-05-25T19:41:46.790-0500] {dag.py:2742} INFO - Sync 1 DAGs
[2025-05-25T19:41:46.795-0500] {logging_mixin.py:150} INFO - [2025-05-25T19:41:46.795-0500] {dag.py:3504} INFO - Setting next_dagrun for example_params_trigger_ui to None, run_after=None
[2025-05-25T19:41:46.801-0500] {processor.py:179} INFO - Processing /Users/afsaruddinmohammed/state_analysis/.venv/lib/python3.11/site-packages/airflow/example_dags/example_params_trigger_ui.py took 0.312 seconds
