[2025-05-25T19:33:55.419-0500] {processor.py:157} INFO - Started process (PID=85355) to work on /Users/afsaruddinmohammed/state_analysis/.venv/lib/python3.11/site-packages/airflow/example_dags/example_skip_dag.py
[2025-05-25T19:33:55.420-0500] {processor.py:826} INFO - Processing file /Users/afsaruddinmohammed/state_analysis/.venv/lib/python3.11/site-packages/airflow/example_dags/example_skip_dag.py for tasks to queue
[2025-05-25T19:33:55.420-0500] {logging_mixin.py:150} INFO - [2025-05-25T19:33:55.420-0500] {dagbag.py:541} INFO - Filling up the DagBag from /Users/afsaruddinmohammed/state_analysis/.venv/lib/python3.11/site-packages/airflow/example_dags/example_skip_dag.py
[2025-05-25T19:33:55.427-0500] {processor.py:836} INFO - DAG(s) dict_keys(['example_skip_dag']) retrieved from /Users/afsaruddinmohammed/state_analysis/.venv/lib/python3.11/site-packages/airflow/example_dags/example_skip_dag.py
[2025-05-25T19:33:55.722-0500] {logging_mixin.py:150} INFO - [2025-05-25T19:33:55.722-0500] {manager.py:504} INFO - Created Permission View: can delete on DAG:example_skip_dag
[2025-05-25T19:33:55.724-0500] {logging_mixin.py:150} INFO - [2025-05-25T19:33:55.724-0500] {manager.py:504} INFO - Created Permission View: can read on DAG:example_skip_dag
[2025-05-25T19:33:55.726-0500] {logging_mixin.py:150} INFO - [2025-05-25T19:33:55.726-0500] {manager.py:504} INFO - Created Permission View: can edit on DAG:example_skip_dag
[2025-05-25T19:33:55.729-0500] {logging_mixin.py:150} INFO - [2025-05-25T19:33:55.729-0500] {dag.py:2742} INFO - Sync 1 DAGs
[2025-05-25T19:33:55.732-0500] {logging_mixin.py:150} INFO - [2025-05-25T19:33:55.732-0500] {dag.py:2763} INFO - Creating ORM DAG for example_skip_dag
[2025-05-25T19:33:55.734-0500] {logging_mixin.py:150} INFO - [2025-05-25T19:33:55.734-0500] {dag.py:3504} INFO - Setting next_dagrun for example_skip_dag to 2025-05-25T00:33:55.734440+00:00, run_after=2025-05-26T00:33:55.734440+00:00
[2025-05-25T19:33:55.739-0500] {processor.py:179} INFO - Processing /Users/afsaruddinmohammed/state_analysis/.venv/lib/python3.11/site-packages/airflow/example_dags/example_skip_dag.py took 0.320 seconds
[2025-05-25T19:35:16.864-0500] {processor.py:157} INFO - Started process (PID=85422) to work on /Users/afsaruddinmohammed/state_analysis/.venv/lib/python3.11/site-packages/airflow/example_dags/example_skip_dag.py
[2025-05-25T19:35:16.866-0500] {processor.py:826} INFO - Processing file /Users/afsaruddinmohammed/state_analysis/.venv/lib/python3.11/site-packages/airflow/example_dags/example_skip_dag.py for tasks to queue
[2025-05-25T19:35:16.867-0500] {logging_mixin.py:150} INFO - [2025-05-25T19:35:16.867-0500] {dagbag.py:541} INFO - Filling up the DagBag from /Users/afsaruddinmohammed/state_analysis/.venv/lib/python3.11/site-packages/airflow/example_dags/example_skip_dag.py
[2025-05-25T19:35:16.873-0500] {processor.py:836} INFO - DAG(s) dict_keys(['example_skip_dag']) retrieved from /Users/afsaruddinmohammed/state_analysis/.venv/lib/python3.11/site-packages/airflow/example_dags/example_skip_dag.py
[2025-05-25T19:35:17.136-0500] {logging_mixin.py:150} INFO - [2025-05-25T19:35:17.136-0500] {dag.py:2742} INFO - Sync 1 DAGs
[2025-05-25T19:35:17.141-0500] {logging_mixin.py:150} INFO - [2025-05-25T19:35:17.141-0500] {dag.py:3504} INFO - Setting next_dagrun for example_skip_dag to 2025-05-25T00:35:17.141513+00:00, run_after=2025-05-26T00:35:17.141513+00:00
[2025-05-25T19:35:17.147-0500] {processor.py:179} INFO - Processing /Users/afsaruddinmohammed/state_analysis/.venv/lib/python3.11/site-packages/airflow/example_dags/example_skip_dag.py took 0.284 seconds
[2025-05-25T19:36:47.157-0500] {processor.py:157} INFO - Started process (PID=85487) to work on /Users/afsaruddinmohammed/state_analysis/.venv/lib/python3.11/site-packages/airflow/example_dags/example_skip_dag.py
[2025-05-25T19:36:47.159-0500] {processor.py:826} INFO - Processing file /Users/afsaruddinmohammed/state_analysis/.venv/lib/python3.11/site-packages/airflow/example_dags/example_skip_dag.py for tasks to queue
[2025-05-25T19:36:47.159-0500] {logging_mixin.py:150} INFO - [2025-05-25T19:36:47.159-0500] {dagbag.py:541} INFO - Filling up the DagBag from /Users/afsaruddinmohammed/state_analysis/.venv/lib/python3.11/site-packages/airflow/example_dags/example_skip_dag.py
[2025-05-25T19:36:47.166-0500] {processor.py:836} INFO - DAG(s) dict_keys(['example_skip_dag']) retrieved from /Users/afsaruddinmohammed/state_analysis/.venv/lib/python3.11/site-packages/airflow/example_dags/example_skip_dag.py
[2025-05-25T19:36:47.435-0500] {logging_mixin.py:150} INFO - [2025-05-25T19:36:47.435-0500] {dag.py:2742} INFO - Sync 1 DAGs
[2025-05-25T19:36:47.440-0500] {logging_mixin.py:150} INFO - [2025-05-25T19:36:47.439-0500] {dag.py:3504} INFO - Setting next_dagrun for example_skip_dag to 2025-05-25T00:36:47.439911+00:00, run_after=2025-05-26T00:36:47.439911+00:00
[2025-05-25T19:36:47.446-0500] {processor.py:179} INFO - Processing /Users/afsaruddinmohammed/state_analysis/.venv/lib/python3.11/site-packages/airflow/example_dags/example_skip_dag.py took 0.289 seconds
[2025-05-25T19:38:17.408-0500] {processor.py:157} INFO - Started process (PID=85568) to work on /Users/afsaruddinmohammed/state_analysis/.venv/lib/python3.11/site-packages/airflow/example_dags/example_skip_dag.py
[2025-05-25T19:38:17.410-0500] {processor.py:826} INFO - Processing file /Users/afsaruddinmohammed/state_analysis/.venv/lib/python3.11/site-packages/airflow/example_dags/example_skip_dag.py for tasks to queue
[2025-05-25T19:38:17.410-0500] {logging_mixin.py:150} INFO - [2025-05-25T19:38:17.410-0500] {dagbag.py:541} INFO - Filling up the DagBag from /Users/afsaruddinmohammed/state_analysis/.venv/lib/python3.11/site-packages/airflow/example_dags/example_skip_dag.py
[2025-05-25T19:38:17.420-0500] {processor.py:836} INFO - DAG(s) dict_keys(['example_skip_dag']) retrieved from /Users/afsaruddinmohammed/state_analysis/.venv/lib/python3.11/site-packages/airflow/example_dags/example_skip_dag.py
[2025-05-25T19:38:17.765-0500] {logging_mixin.py:150} INFO - [2025-05-25T19:38:17.764-0500] {dag.py:2742} INFO - Sync 1 DAGs
[2025-05-25T19:38:17.770-0500] {logging_mixin.py:150} INFO - [2025-05-25T19:38:17.770-0500] {dag.py:3504} INFO - Setting next_dagrun for example_skip_dag to 2025-05-25T00:38:17.770240+00:00, run_after=2025-05-26T00:38:17.770240+00:00
[2025-05-25T19:38:17.777-0500] {processor.py:179} INFO - Processing /Users/afsaruddinmohammed/state_analysis/.venv/lib/python3.11/site-packages/airflow/example_dags/example_skip_dag.py took 0.369 seconds
[2025-05-25T19:39:54.034-0500] {processor.py:157} INFO - Started process (PID=85641) to work on /Users/afsaruddinmohammed/state_analysis/.venv/lib/python3.11/site-packages/airflow/example_dags/example_skip_dag.py
[2025-05-25T19:39:54.036-0500] {processor.py:826} INFO - Processing file /Users/afsaruddinmohammed/state_analysis/.venv/lib/python3.11/site-packages/airflow/example_dags/example_skip_dag.py for tasks to queue
[2025-05-25T19:39:54.036-0500] {logging_mixin.py:150} INFO - [2025-05-25T19:39:54.036-0500] {dagbag.py:541} INFO - Filling up the DagBag from /Users/afsaruddinmohammed/state_analysis/.venv/lib/python3.11/site-packages/airflow/example_dags/example_skip_dag.py
[2025-05-25T19:39:54.042-0500] {processor.py:836} INFO - DAG(s) dict_keys(['example_skip_dag']) retrieved from /Users/afsaruddinmohammed/state_analysis/.venv/lib/python3.11/site-packages/airflow/example_dags/example_skip_dag.py
[2025-05-25T19:39:54.304-0500] {logging_mixin.py:150} INFO - [2025-05-25T19:39:54.304-0500] {dag.py:2742} INFO - Sync 1 DAGs
[2025-05-25T19:39:54.309-0500] {logging_mixin.py:150} INFO - [2025-05-25T19:39:54.309-0500] {dag.py:3504} INFO - Setting next_dagrun for example_skip_dag to 2025-05-25T00:39:54.309220+00:00, run_after=2025-05-26T00:39:54.309220+00:00
[2025-05-25T19:39:54.315-0500] {processor.py:179} INFO - Processing /Users/afsaruddinmohammed/state_analysis/.venv/lib/python3.11/site-packages/airflow/example_dags/example_skip_dag.py took 0.282 seconds
[2025-05-25T19:41:28.963-0500] {processor.py:157} INFO - Started process (PID=85714) to work on /Users/afsaruddinmohammed/state_analysis/.venv/lib/python3.11/site-packages/airflow/example_dags/example_skip_dag.py
[2025-05-25T19:41:28.966-0500] {processor.py:826} INFO - Processing file /Users/afsaruddinmohammed/state_analysis/.venv/lib/python3.11/site-packages/airflow/example_dags/example_skip_dag.py for tasks to queue
[2025-05-25T19:41:28.966-0500] {logging_mixin.py:150} INFO - [2025-05-25T19:41:28.966-0500] {dagbag.py:541} INFO - Filling up the DagBag from /Users/afsaruddinmohammed/state_analysis/.venv/lib/python3.11/site-packages/airflow/example_dags/example_skip_dag.py
[2025-05-25T19:41:28.972-0500] {processor.py:836} INFO - DAG(s) dict_keys(['example_skip_dag']) retrieved from /Users/afsaruddinmohammed/state_analysis/.venv/lib/python3.11/site-packages/airflow/example_dags/example_skip_dag.py
[2025-05-25T19:41:29.234-0500] {logging_mixin.py:150} INFO - [2025-05-25T19:41:29.234-0500] {dag.py:2742} INFO - Sync 1 DAGs
[2025-05-25T19:41:29.239-0500] {logging_mixin.py:150} INFO - [2025-05-25T19:41:29.239-0500] {dag.py:3504} INFO - Setting next_dagrun for example_skip_dag to 2025-05-25T00:41:29.239675+00:00, run_after=2025-05-26T00:41:29.239675+00:00
[2025-05-25T19:41:29.245-0500] {processor.py:179} INFO - Processing /Users/afsaruddinmohammed/state_analysis/.venv/lib/python3.11/site-packages/airflow/example_dags/example_skip_dag.py took 0.282 seconds
