[2025-05-25T19:34:22.160-0500] {processor.py:157} INFO - Started process (PID=85376) to work on /Users/afsaruddinmohammed/state_analysis/.venv/lib/python3.11/site-packages/airflow/example_dags/example_kubernetes_executor.py
[2025-05-25T19:34:22.162-0500] {processor.py:826} INFO - Processing file /Users/afsaruddinmohammed/state_analysis/.venv/lib/python3.11/site-packages/airflow/example_dags/example_kubernetes_executor.py for tasks to queue
[2025-05-25T19:34:22.162-0500] {logging_mixin.py:150} INFO - [2025-05-25T19:34:22.162-0500] {dagbag.py:541} INFO - Filling up the DagBag from /Users/afsaruddinmohammed/state_analysis/.venv/lib/python3.11/site-packages/airflow/example_dags/example_kubernetes_executor.py
[2025-05-25T19:34:22.190-0500] {logging_mixin.py:150} INFO - [2025-05-25T19:34:22.190-0500] {example_kubernetes_executor.py:41} WARNING - The example_kubernetes_executor example DAG requires the kubernetes provider. Please install it with: pip install apache-airflow[cncf.kubernetes]
[2025-05-25T19:34:22.190-0500] {processor.py:838} WARNING - No viable dags retrieved from /Users/afsaruddinmohammed/state_analysis/.venv/lib/python3.11/site-packages/airflow/example_dags/example_kubernetes_executor.py
[2025-05-25T19:34:22.440-0500] {processor.py:179} INFO - Processing /Users/afsaruddinmohammed/state_analysis/.venv/lib/python3.11/site-packages/airflow/example_dags/example_kubernetes_executor.py took 0.280 seconds
[2025-05-25T19:35:58.211-0500] {processor.py:157} INFO - Started process (PID=85454) to work on /Users/afsaruddinmohammed/state_analysis/.venv/lib/python3.11/site-packages/airflow/example_dags/example_kubernetes_executor.py
[2025-05-25T19:35:58.213-0500] {processor.py:826} INFO - Processing file /Users/afsaruddinmohammed/state_analysis/.venv/lib/python3.11/site-packages/airflow/example_dags/example_kubernetes_executor.py for tasks to queue
[2025-05-25T19:35:58.214-0500] {logging_mixin.py:150} INFO - [2025-05-25T19:35:58.214-0500] {dagbag.py:541} INFO - Filling up the DagBag from /Users/afsaruddinmohammed/state_analysis/.venv/lib/python3.11/site-packages/airflow/example_dags/example_kubernetes_executor.py
[2025-05-25T19:35:58.243-0500] {logging_mixin.py:150} INFO - [2025-05-25T19:35:58.243-0500] {example_kubernetes_executor.py:41} WARNING - The example_kubernetes_executor example DAG requires the kubernetes provider. Please install it with: pip install apache-airflow[cncf.kubernetes]
[2025-05-25T19:35:58.243-0500] {processor.py:838} WARNING - No viable dags retrieved from /Users/afsaruddinmohammed/state_analysis/.venv/lib/python3.11/site-packages/airflow/example_dags/example_kubernetes_executor.py
[2025-05-25T19:35:58.483-0500] {processor.py:179} INFO - Processing /Users/afsaruddinmohammed/state_analysis/.venv/lib/python3.11/site-packages/airflow/example_dags/example_kubernetes_executor.py took 0.272 seconds
[2025-05-25T19:37:27.082-0500] {processor.py:157} INFO - Started process (PID=85525) to work on /Users/afsaruddinmohammed/state_analysis/.venv/lib/python3.11/site-packages/airflow/example_dags/example_kubernetes_executor.py
[2025-05-25T19:37:27.083-0500] {processor.py:826} INFO - Processing file /Users/afsaruddinmohammed/state_analysis/.venv/lib/python3.11/site-packages/airflow/example_dags/example_kubernetes_executor.py for tasks to queue
[2025-05-25T19:37:27.083-0500] {logging_mixin.py:150} INFO - [2025-05-25T19:37:27.083-0500] {dagbag.py:541} INFO - Filling up the DagBag from /Users/afsaruddinmohammed/state_analysis/.venv/lib/python3.11/site-packages/airflow/example_dags/example_kubernetes_executor.py
[2025-05-25T19:37:27.110-0500] {logging_mixin.py:150} INFO - [2025-05-25T19:37:27.110-0500] {example_kubernetes_executor.py:41} WARNING - The example_kubernetes_executor example DAG requires the kubernetes provider. Please install it with: pip install apache-airflow[cncf.kubernetes]
[2025-05-25T19:37:27.110-0500] {processor.py:838} WARNING - No viable dags retrieved from /Users/afsaruddinmohammed/state_analysis/.venv/lib/python3.11/site-packages/airflow/example_dags/example_kubernetes_executor.py
[2025-05-25T19:37:27.352-0500] {processor.py:179} INFO - Processing /Users/afsaruddinmohammed/state_analysis/.venv/lib/python3.11/site-packages/airflow/example_dags/example_kubernetes_executor.py took 0.271 seconds
[2025-05-25T19:39:05.496-0500] {processor.py:157} INFO - Started process (PID=85610) to work on /Users/afsaruddinmohammed/state_analysis/.venv/lib/python3.11/site-packages/airflow/example_dags/example_kubernetes_executor.py
[2025-05-25T19:39:05.498-0500] {processor.py:826} INFO - Processing file /Users/afsaruddinmohammed/state_analysis/.venv/lib/python3.11/site-packages/airflow/example_dags/example_kubernetes_executor.py for tasks to queue
[2025-05-25T19:39:05.499-0500] {logging_mixin.py:150} INFO - [2025-05-25T19:39:05.498-0500] {dagbag.py:541} INFO - Filling up the DagBag from /Users/afsaruddinmohammed/state_analysis/.venv/lib/python3.11/site-packages/airflow/example_dags/example_kubernetes_executor.py
[2025-05-25T19:39:05.525-0500] {logging_mixin.py:150} INFO - [2025-05-25T19:39:05.525-0500] {example_kubernetes_executor.py:41} WARNING - The example_kubernetes_executor example DAG requires the kubernetes provider. Please install it with: pip install apache-airflow[cncf.kubernetes]
[2025-05-25T19:39:05.525-0500] {processor.py:838} WARNING - No viable dags retrieved from /Users/afsaruddinmohammed/state_analysis/.venv/lib/python3.11/site-packages/airflow/example_dags/example_kubernetes_executor.py
[2025-05-25T19:39:05.761-0500] {processor.py:179} INFO - Processing /Users/afsaruddinmohammed/state_analysis/.venv/lib/python3.11/site-packages/airflow/example_dags/example_kubernetes_executor.py took 0.265 seconds
[2025-05-25T19:40:36.582-0500] {processor.py:157} INFO - Started process (PID=85670) to work on /Users/afsaruddinmohammed/state_analysis/.venv/lib/python3.11/site-packages/airflow/example_dags/example_kubernetes_executor.py
[2025-05-25T19:40:36.584-0500] {processor.py:826} INFO - Processing file /Users/afsaruddinmohammed/state_analysis/.venv/lib/python3.11/site-packages/airflow/example_dags/example_kubernetes_executor.py for tasks to queue
[2025-05-25T19:40:36.584-0500] {logging_mixin.py:150} INFO - [2025-05-25T19:40:36.584-0500] {dagbag.py:541} INFO - Filling up the DagBag from /Users/afsaruddinmohammed/state_analysis/.venv/lib/python3.11/site-packages/airflow/example_dags/example_kubernetes_executor.py
[2025-05-25T19:40:36.611-0500] {logging_mixin.py:150} INFO - [2025-05-25T19:40:36.611-0500] {example_kubernetes_executor.py:41} WARNING - The example_kubernetes_executor example DAG requires the kubernetes provider. Please install it with: pip install apache-airflow[cncf.kubernetes]
[2025-05-25T19:40:36.611-0500] {processor.py:838} WARNING - No viable dags retrieved from /Users/afsaruddinmohammed/state_analysis/.venv/lib/python3.11/site-packages/airflow/example_dags/example_kubernetes_executor.py
[2025-05-25T19:40:36.851-0500] {processor.py:179} INFO - Processing /Users/afsaruddinmohammed/state_analysis/.venv/lib/python3.11/site-packages/airflow/example_dags/example_kubernetes_executor.py took 0.269 seconds
