[2025-05-25T19:33:34.189-0500] {processor.py:157} INFO - Started process (PID=85338) to work on /Users/afsaruddinmohammed/state_analysis/.venv/lib/python3.11/site-packages/airflow/example_dags/tutorial_taskflow_api.py
[2025-05-25T19:33:34.191-0500] {processor.py:826} INFO - Processing file /Users/afsaruddinmohammed/state_analysis/.venv/lib/python3.11/site-packages/airflow/example_dags/tutorial_taskflow_api.py for tasks to queue
[2025-05-25T19:33:34.191-0500] {logging_mixin.py:150} INFO - [2025-05-25T19:33:34.191-0500] {dagbag.py:541} INFO - Filling up the DagBag from /Users/afsaruddinmohammed/state_analysis/.venv/lib/python3.11/site-packages/airflow/example_dags/tutorial_taskflow_api.py
[2025-05-25T19:33:34.222-0500] {processor.py:836} INFO - DAG(s) dict_keys(['tutorial_taskflow_api']) retrieved from /Users/afsaruddinmohammed/state_analysis/.venv/lib/python3.11/site-packages/airflow/example_dags/tutorial_taskflow_api.py
[2025-05-25T19:33:34.506-0500] {logging_mixin.py:150} INFO - [2025-05-25T19:33:34.506-0500] {manager.py:504} INFO - Created Permission View: can edit on DAG:tutorial_taskflow_api
[2025-05-25T19:33:34.508-0500] {logging_mixin.py:150} INFO - [2025-05-25T19:33:34.508-0500] {manager.py:504} INFO - Created Permission View: can delete on DAG:tutorial_taskflow_api
[2025-05-25T19:33:34.510-0500] {logging_mixin.py:150} INFO - [2025-05-25T19:33:34.510-0500] {manager.py:504} INFO - Created Permission View: can read on DAG:tutorial_taskflow_api
[2025-05-25T19:33:34.513-0500] {logging_mixin.py:150} INFO - [2025-05-25T19:33:34.513-0500] {dag.py:2742} INFO - Sync 1 DAGs
[2025-05-25T19:33:34.515-0500] {logging_mixin.py:150} INFO - [2025-05-25T19:33:34.515-0500] {dag.py:2763} INFO - Creating ORM DAG for tutorial_taskflow_api
[2025-05-25T19:33:34.517-0500] {logging_mixin.py:150} INFO - [2025-05-25T19:33:34.517-0500] {dag.py:3504} INFO - Setting next_dagrun for tutorial_taskflow_api to None, run_after=None
[2025-05-25T19:33:34.522-0500] {processor.py:179} INFO - Processing /Users/afsaruddinmohammed/state_analysis/.venv/lib/python3.11/site-packages/airflow/example_dags/tutorial_taskflow_api.py took 0.334 seconds
[2025-05-25T19:34:55.415-0500] {processor.py:157} INFO - Started process (PID=85410) to work on /Users/afsaruddinmohammed/state_analysis/.venv/lib/python3.11/site-packages/airflow/example_dags/tutorial_taskflow_api.py
[2025-05-25T19:34:55.417-0500] {processor.py:826} INFO - Processing file /Users/afsaruddinmohammed/state_analysis/.venv/lib/python3.11/site-packages/airflow/example_dags/tutorial_taskflow_api.py for tasks to queue
[2025-05-25T19:34:55.417-0500] {logging_mixin.py:150} INFO - [2025-05-25T19:34:55.417-0500] {dagbag.py:541} INFO - Filling up the DagBag from /Users/afsaruddinmohammed/state_analysis/.venv/lib/python3.11/site-packages/airflow/example_dags/tutorial_taskflow_api.py
[2025-05-25T19:34:55.447-0500] {processor.py:836} INFO - DAG(s) dict_keys(['tutorial_taskflow_api']) retrieved from /Users/afsaruddinmohammed/state_analysis/.venv/lib/python3.11/site-packages/airflow/example_dags/tutorial_taskflow_api.py
[2025-05-25T19:34:55.701-0500] {logging_mixin.py:150} INFO - [2025-05-25T19:34:55.700-0500] {dag.py:2742} INFO - Sync 1 DAGs
[2025-05-25T19:34:55.706-0500] {logging_mixin.py:150} INFO - [2025-05-25T19:34:55.705-0500] {dag.py:3504} INFO - Setting next_dagrun for tutorial_taskflow_api to None, run_after=None
[2025-05-25T19:34:55.711-0500] {processor.py:179} INFO - Processing /Users/afsaruddinmohammed/state_analysis/.venv/lib/python3.11/site-packages/airflow/example_dags/tutorial_taskflow_api.py took 0.296 seconds
[2025-05-25T19:35:44.247-0500] {processor.py:157} INFO - Started process (PID=85445) to work on /Users/afsaruddinmohammed/state_analysis/.venv/lib/python3.11/site-packages/airflow/example_dags/tutorial_taskflow_api.py
[2025-05-25T19:35:44.249-0500] {processor.py:826} INFO - Processing file /Users/afsaruddinmohammed/state_analysis/.venv/lib/python3.11/site-packages/airflow/example_dags/tutorial_taskflow_api.py for tasks to queue
[2025-05-25T19:35:44.249-0500] {logging_mixin.py:150} INFO - [2025-05-25T19:35:44.249-0500] {dagbag.py:541} INFO - Filling up the DagBag from /Users/afsaruddinmohammed/state_analysis/.venv/lib/python3.11/site-packages/airflow/example_dags/tutorial_taskflow_api.py
[2025-05-25T19:35:44.280-0500] {processor.py:836} INFO - DAG(s) dict_keys(['tutorial_taskflow_api']) retrieved from /Users/afsaruddinmohammed/state_analysis/.venv/lib/python3.11/site-packages/airflow/example_dags/tutorial_taskflow_api.py
[2025-05-25T19:35:44.536-0500] {logging_mixin.py:150} INFO - [2025-05-25T19:35:44.536-0500] {dag.py:2742} INFO - Sync 1 DAGs
[2025-05-25T19:35:44.541-0500] {logging_mixin.py:150} INFO - [2025-05-25T19:35:44.541-0500] {dag.py:3504} INFO - Setting next_dagrun for tutorial_taskflow_api to None, run_after=None
[2025-05-25T19:35:44.546-0500] {processor.py:179} INFO - Processing /Users/afsaruddinmohammed/state_analysis/.venv/lib/python3.11/site-packages/airflow/example_dags/tutorial_taskflow_api.py took 0.300 seconds
[2025-05-25T19:36:30.164-0500] {processor.py:157} INFO - Started process (PID=85475) to work on /Users/afsaruddinmohammed/state_analysis/.venv/lib/python3.11/site-packages/airflow/example_dags/tutorial_taskflow_api.py
[2025-05-25T19:36:30.165-0500] {processor.py:826} INFO - Processing file /Users/afsaruddinmohammed/state_analysis/.venv/lib/python3.11/site-packages/airflow/example_dags/tutorial_taskflow_api.py for tasks to queue
[2025-05-25T19:36:30.165-0500] {logging_mixin.py:150} INFO - [2025-05-25T19:36:30.165-0500] {dagbag.py:541} INFO - Filling up the DagBag from /Users/afsaruddinmohammed/state_analysis/.venv/lib/python3.11/site-packages/airflow/example_dags/tutorial_taskflow_api.py
[2025-05-25T19:36:30.194-0500] {processor.py:836} INFO - DAG(s) dict_keys(['tutorial_taskflow_api']) retrieved from /Users/afsaruddinmohammed/state_analysis/.venv/lib/python3.11/site-packages/airflow/example_dags/tutorial_taskflow_api.py
[2025-05-25T19:36:30.461-0500] {logging_mixin.py:150} INFO - [2025-05-25T19:36:30.461-0500] {dag.py:2742} INFO - Sync 1 DAGs
[2025-05-25T19:36:30.466-0500] {logging_mixin.py:150} INFO - [2025-05-25T19:36:30.466-0500] {dag.py:3504} INFO - Setting next_dagrun for tutorial_taskflow_api to None, run_after=None
[2025-05-25T19:36:30.472-0500] {processor.py:179} INFO - Processing /Users/afsaruddinmohammed/state_analysis/.venv/lib/python3.11/site-packages/airflow/example_dags/tutorial_taskflow_api.py took 0.308 seconds
[2025-05-25T19:37:14.950-0500] {processor.py:157} INFO - Started process (PID=85514) to work on /Users/afsaruddinmohammed/state_analysis/.venv/lib/python3.11/site-packages/airflow/example_dags/tutorial_taskflow_api.py
[2025-05-25T19:37:14.952-0500] {processor.py:826} INFO - Processing file /Users/afsaruddinmohammed/state_analysis/.venv/lib/python3.11/site-packages/airflow/example_dags/tutorial_taskflow_api.py for tasks to queue
[2025-05-25T19:37:14.953-0500] {logging_mixin.py:150} INFO - [2025-05-25T19:37:14.953-0500] {dagbag.py:541} INFO - Filling up the DagBag from /Users/afsaruddinmohammed/state_analysis/.venv/lib/python3.11/site-packages/airflow/example_dags/tutorial_taskflow_api.py
[2025-05-25T19:37:14.986-0500] {processor.py:836} INFO - DAG(s) dict_keys(['tutorial_taskflow_api']) retrieved from /Users/afsaruddinmohammed/state_analysis/.venv/lib/python3.11/site-packages/airflow/example_dags/tutorial_taskflow_api.py
[2025-05-25T19:37:15.265-0500] {logging_mixin.py:150} INFO - [2025-05-25T19:37:15.265-0500] {dag.py:2742} INFO - Sync 1 DAGs
[2025-05-25T19:37:15.271-0500] {logging_mixin.py:150} INFO - [2025-05-25T19:37:15.271-0500] {dag.py:3504} INFO - Setting next_dagrun for tutorial_taskflow_api to None, run_after=None
[2025-05-25T19:37:15.277-0500] {processor.py:179} INFO - Processing /Users/afsaruddinmohammed/state_analysis/.venv/lib/python3.11/site-packages/airflow/example_dags/tutorial_taskflow_api.py took 0.327 seconds
[2025-05-25T19:37:58.897-0500] {processor.py:157} INFO - Started process (PID=85552) to work on /Users/afsaruddinmohammed/state_analysis/.venv/lib/python3.11/site-packages/airflow/example_dags/tutorial_taskflow_api.py
[2025-05-25T19:37:58.899-0500] {processor.py:826} INFO - Processing file /Users/afsaruddinmohammed/state_analysis/.venv/lib/python3.11/site-packages/airflow/example_dags/tutorial_taskflow_api.py for tasks to queue
[2025-05-25T19:37:58.899-0500] {logging_mixin.py:150} INFO - [2025-05-25T19:37:58.899-0500] {dagbag.py:541} INFO - Filling up the DagBag from /Users/afsaruddinmohammed/state_analysis/.venv/lib/python3.11/site-packages/airflow/example_dags/tutorial_taskflow_api.py
[2025-05-25T19:37:58.929-0500] {processor.py:836} INFO - DAG(s) dict_keys(['tutorial_taskflow_api']) retrieved from /Users/afsaruddinmohammed/state_analysis/.venv/lib/python3.11/site-packages/airflow/example_dags/tutorial_taskflow_api.py
[2025-05-25T19:37:59.194-0500] {logging_mixin.py:150} INFO - [2025-05-25T19:37:59.194-0500] {dag.py:2742} INFO - Sync 1 DAGs
[2025-05-25T19:37:59.199-0500] {logging_mixin.py:150} INFO - [2025-05-25T19:37:59.199-0500] {dag.py:3504} INFO - Setting next_dagrun for tutorial_taskflow_api to None, run_after=None
[2025-05-25T19:37:59.204-0500] {processor.py:179} INFO - Processing /Users/afsaruddinmohammed/state_analysis/.venv/lib/python3.11/site-packages/airflow/example_dags/tutorial_taskflow_api.py took 0.308 seconds
[2025-05-25T19:38:47.943-0500] {processor.py:157} INFO - Started process (PID=85592) to work on /Users/afsaruddinmohammed/state_analysis/.venv/lib/python3.11/site-packages/airflow/example_dags/tutorial_taskflow_api.py
[2025-05-25T19:38:47.945-0500] {processor.py:826} INFO - Processing file /Users/afsaruddinmohammed/state_analysis/.venv/lib/python3.11/site-packages/airflow/example_dags/tutorial_taskflow_api.py for tasks to queue
[2025-05-25T19:38:47.945-0500] {logging_mixin.py:150} INFO - [2025-05-25T19:38:47.945-0500] {dagbag.py:541} INFO - Filling up the DagBag from /Users/afsaruddinmohammed/state_analysis/.venv/lib/python3.11/site-packages/airflow/example_dags/tutorial_taskflow_api.py
[2025-05-25T19:38:47.976-0500] {processor.py:836} INFO - DAG(s) dict_keys(['tutorial_taskflow_api']) retrieved from /Users/afsaruddinmohammed/state_analysis/.venv/lib/python3.11/site-packages/airflow/example_dags/tutorial_taskflow_api.py
[2025-05-25T19:38:48.234-0500] {logging_mixin.py:150} INFO - [2025-05-25T19:38:48.234-0500] {dag.py:2742} INFO - Sync 1 DAGs
[2025-05-25T19:38:48.239-0500] {logging_mixin.py:150} INFO - [2025-05-25T19:38:48.239-0500] {dag.py:3504} INFO - Setting next_dagrun for tutorial_taskflow_api to None, run_after=None
[2025-05-25T19:38:48.245-0500] {processor.py:179} INFO - Processing /Users/afsaruddinmohammed/state_analysis/.venv/lib/python3.11/site-packages/airflow/example_dags/tutorial_taskflow_api.py took 0.302 seconds
[2025-05-25T19:39:37.052-0500] {processor.py:157} INFO - Started process (PID=85630) to work on /Users/afsaruddinmohammed/state_analysis/.venv/lib/python3.11/site-packages/airflow/example_dags/tutorial_taskflow_api.py
[2025-05-25T19:39:37.054-0500] {processor.py:826} INFO - Processing file /Users/afsaruddinmohammed/state_analysis/.venv/lib/python3.11/site-packages/airflow/example_dags/tutorial_taskflow_api.py for tasks to queue
[2025-05-25T19:39:37.054-0500] {logging_mixin.py:150} INFO - [2025-05-25T19:39:37.054-0500] {dagbag.py:541} INFO - Filling up the DagBag from /Users/afsaruddinmohammed/state_analysis/.venv/lib/python3.11/site-packages/airflow/example_dags/tutorial_taskflow_api.py
[2025-05-25T19:39:37.085-0500] {processor.py:836} INFO - DAG(s) dict_keys(['tutorial_taskflow_api']) retrieved from /Users/afsaruddinmohammed/state_analysis/.venv/lib/python3.11/site-packages/airflow/example_dags/tutorial_taskflow_api.py
[2025-05-25T19:39:37.342-0500] {logging_mixin.py:150} INFO - [2025-05-25T19:39:37.342-0500] {dag.py:2742} INFO - Sync 1 DAGs
[2025-05-25T19:39:37.347-0500] {logging_mixin.py:150} INFO - [2025-05-25T19:39:37.346-0500] {dag.py:3504} INFO - Setting next_dagrun for tutorial_taskflow_api to None, run_after=None
[2025-05-25T19:39:37.352-0500] {processor.py:179} INFO - Processing /Users/afsaruddinmohammed/state_analysis/.venv/lib/python3.11/site-packages/airflow/example_dags/tutorial_taskflow_api.py took 0.301 seconds
[2025-05-25T19:40:22.487-0500] {processor.py:157} INFO - Started process (PID=85660) to work on /Users/afsaruddinmohammed/state_analysis/.venv/lib/python3.11/site-packages/airflow/example_dags/tutorial_taskflow_api.py
[2025-05-25T19:40:22.489-0500] {processor.py:826} INFO - Processing file /Users/afsaruddinmohammed/state_analysis/.venv/lib/python3.11/site-packages/airflow/example_dags/tutorial_taskflow_api.py for tasks to queue
[2025-05-25T19:40:22.490-0500] {logging_mixin.py:150} INFO - [2025-05-25T19:40:22.489-0500] {dagbag.py:541} INFO - Filling up the DagBag from /Users/afsaruddinmohammed/state_analysis/.venv/lib/python3.11/site-packages/airflow/example_dags/tutorial_taskflow_api.py
[2025-05-25T19:40:22.518-0500] {processor.py:836} INFO - DAG(s) dict_keys(['tutorial_taskflow_api']) retrieved from /Users/afsaruddinmohammed/state_analysis/.venv/lib/python3.11/site-packages/airflow/example_dags/tutorial_taskflow_api.py
[2025-05-25T19:40:22.765-0500] {logging_mixin.py:150} INFO - [2025-05-25T19:40:22.765-0500] {dag.py:2742} INFO - Sync 1 DAGs
[2025-05-25T19:40:22.770-0500] {logging_mixin.py:150} INFO - [2025-05-25T19:40:22.770-0500] {dag.py:3504} INFO - Setting next_dagrun for tutorial_taskflow_api to None, run_after=None
[2025-05-25T19:40:22.776-0500] {processor.py:179} INFO - Processing /Users/afsaruddinmohammed/state_analysis/.venv/lib/python3.11/site-packages/airflow/example_dags/tutorial_taskflow_api.py took 0.289 seconds
[2025-05-25T19:41:09.588-0500] {processor.py:157} INFO - Started process (PID=85692) to work on /Users/afsaruddinmohammed/state_analysis/.venv/lib/python3.11/site-packages/airflow/example_dags/tutorial_taskflow_api.py
[2025-05-25T19:41:09.590-0500] {processor.py:826} INFO - Processing file /Users/afsaruddinmohammed/state_analysis/.venv/lib/python3.11/site-packages/airflow/example_dags/tutorial_taskflow_api.py for tasks to queue
[2025-05-25T19:41:09.590-0500] {logging_mixin.py:150} INFO - [2025-05-25T19:41:09.590-0500] {dagbag.py:541} INFO - Filling up the DagBag from /Users/afsaruddinmohammed/state_analysis/.venv/lib/python3.11/site-packages/airflow/example_dags/tutorial_taskflow_api.py
[2025-05-25T19:41:09.621-0500] {processor.py:836} INFO - DAG(s) dict_keys(['tutorial_taskflow_api']) retrieved from /Users/afsaruddinmohammed/state_analysis/.venv/lib/python3.11/site-packages/airflow/example_dags/tutorial_taskflow_api.py
[2025-05-25T19:41:09.882-0500] {logging_mixin.py:150} INFO - [2025-05-25T19:41:09.882-0500] {dag.py:2742} INFO - Sync 1 DAGs
[2025-05-25T19:41:09.887-0500] {logging_mixin.py:150} INFO - [2025-05-25T19:41:09.887-0500] {dag.py:3504} INFO - Setting next_dagrun for tutorial_taskflow_api to None, run_after=None
[2025-05-25T19:41:09.892-0500] {processor.py:179} INFO - Processing /Users/afsaruddinmohammed/state_analysis/.venv/lib/python3.11/site-packages/airflow/example_dags/tutorial_taskflow_api.py took 0.305 seconds
